22:33:06.497 [main                     ] DEBUG Logger               - Configured Logger
22:33:06.531 [main                     ] DEBUG GameApplication      - Logging settings
Title: BOMBERMAN
Version: 1.0
Width: 1488
Height: 624
Fullscreen: true
Intro: false
Profiling: false
Single step:false
App Mode: DEVELOPER
Menu Key: ESCAPE
Stage Style: DECORATED
Scene Factory: class com.example.demo.BombermanApp$1

22:33:07.082 [JavaFX Application Thread] DEBUG FXGLApplication      - Initializing FXGL
22:33:07.088 [JavaFX Application Thread] INFO  Engine               - FXGL-17.1 (24.03.2022 17.34) on WINDOWS (J:18.0.2.1 FX:18.0.1)
22:33:07.088 [JavaFX Application Thread] DEBUG Engine               - JRE Vendor Name: Oracle Corporation
22:33:07.089 [JavaFX Application Thread] DEBUG Engine               - Running on OS: Windows 11 version 10.0
22:33:07.089 [JavaFX Application Thread] DEBUG Engine               - Architecture: amd64
22:33:07.089 [JavaFX Application Thread] INFO  Engine               - Source code and latest versions at: https://github.com/AlmasB/FXGL
22:33:07.089 [JavaFX Application Thread] INFO  Engine               -       Ask questions and discuss at: https://github.com/AlmasB/FXGL/discussions
22:33:07.089 [JavaFX Application Thread] INFO  Engine               -              Join the FXGL chat at: https://gitter.im/AlmasB/FXGL
22:33:07.188 [JavaFX Application Thread] DEBUG PrimaryStageWindow   - Creating a JavaFX scene
22:33:07.237 [JavaFX Application Thread] DEBUG PrimaryStageWindow   - Target settings size: 1488.0 x 624.0
22:33:07.237 [JavaFX Application Thread] DEBUG PrimaryStageWindow   - Scaled scene size:    1488.0 x 624.0
22:33:07.238 [JavaFX Application Thread] DEBUG PrimaryStageWindow   - Scaled ratio: (1.0, 1.0)
22:33:07.239 [JavaFX Application Thread] DEBUG PrimaryStageWindow   - Set initial scene to FXGLStartupScene
22:33:07.249 [JavaFX Application Thread] DEBUG PrimaryStageWindow   - Opening main window
22:33:07.333 [JavaFX Application Thread] DEBUG PrimaryStageWindow   - Window border size: (16.0, 39.0)
22:33:07.334 [JavaFX Application Thread] DEBUG PrimaryStageWindow   - Scaled size: 1488.0 x 624.0
22:33:07.334 [JavaFX Application Thread] DEBUG PrimaryStageWindow   - Scaled ratio: (1.0, 1.0)
22:33:07.334 [JavaFX Application Thread] DEBUG PrimaryStageWindow   - Scene size: 1488.0 x 624.0
22:33:07.334 [JavaFX Application Thread] DEBUG PrimaryStageWindow   - Stage size: 1504.0 x 663.0
22:33:07.390 [JavaFX Application Thread] DEBUG PrimaryStageWindow   - Going fullscreen
22:33:07.400 [FXGL Background Thread 1 ] DEBUG Engine               - Initializing environment variables
22:33:07.455 [FXGL Background Thread 1 ] DEBUG FXGLAssetLoaderServi - User app class for loading assets: class com.example.demo.BombermanApp
22:33:07.456 [FXGL Background Thread 1 ] DEBUG GameApplicationServi - Applying CSS: fxgl_dark.css
22:33:07.456 [FXGL Background Thread 1 ] DEBUG FXGLAssetLoaderServi - Loading from file system: jar:file:///C:/Users/phamt/.m2/repository/com/github/almasb/fxgl/17.1/fxgl-17.1.jar!/fxglassets/ui/css/fxgl_dark.css
22:33:07.509 [FXGL Background Thread 1 ] DEBUG GameApplicationServi - Initializing application scenes
22:33:07.580 [FXGL Background Thread 1 ] DEBUG GameWorld            - Game world initialized
22:33:07.651 [FXGL Background Thread 1 ] DEBUG PhysicsWorld         - Physics world initialized: appHeight=624, physics.ppm=50.0
22:33:07.651 [FXGL Background Thread 1 ] DEBUG PhysicsWorld         - Using strategy: BRUTE_FORCE
22:33:07.656 [FXGL Background Thread 1 ] DEBUG GameScene            - Game scene initialized: 1488x624
22:33:07.669 [FXGL Background Thread 1 ] DEBUG FXGL.DefaultMenu     - createMenuBodyMainMenu()
22:33:07.683 [FXGL Background Thread 1 ] DEBUG FXGL.DefaultMenu     - createOptionsMenu()
22:33:07.697 [FXGL Background Thread 1 ] DEBUG FXGLAssetLoaderServi - Loading from file system: jar:file:///C:/Users/phamt/.m2/repository/com/github/almasb/fxgl/17.1/fxgl-17.1.jar!/fxglassets/textures/particles/smoke.png
22:33:07.814 [FXGL Background Thread 1 ] DEBUG FXGLAssetLoaderServi - Loading from file system: jar:file:///C:/Users/phamt/.m2/repository/com/github/almasb/fxgl/17.1/fxgl-17.1.jar!/fxglassets/textures/particles/trace_horizontal.png
22:33:07.852 [FXGL Background Thread 1 ] DEBUG GameApplicationServi - Application scenes initialized
22:33:07.867 [FXGL Background Thread 1 ] DEBUG SystemBundleService  - Loading FXGL system data
22:33:07.877 [FXGL Background Thread 1 ] DEBUG FileSystemAccess     - Reading from: C:\java_new\bombermanGame\system\fxgl.bundle
22:33:07.889 [FXGL Background Thread 1 ] DEBUG SystemBundleService  - Bundle FXGL: {}
22:33:07.889 [FXGL Background Thread 1 ] DEBUG UpdaterService       - Checking for updates
22:33:07.895 [FXGL Background Thread 4 ] DEBUG FXGLApplication      - Loading fonts
22:33:07.895 [FXGL Background Thread 1 ] DEBUG FXGLApplication      - Loading default localization
22:33:07.896 [FXGL Background Thread 1 ] DEBUG FXGLAssetLoaderServi - Loading from file system: jar:file:///C:/Users/phamt/.m2/repository/com/github/almasb/fxgl/17.1/fxgl-17.1.jar!/fxglassets/languages/english.lang
22:33:07.896 [FXGL Background Thread 4 ] WARN  FXGLAssetLoaderServi - Failed to load FONT
22:33:07.897 [FXGL Background Thread 4 ] DEBUG FXGLAssetLoaderServi - Loading from file system: jar:file:///C:/Users/phamt/.m2/repository/com/github/almasb/fxgl/17.1/fxgl-17.1.jar!/fxglassets/ui/fonts/Abel-Regular.ttf
22:33:07.920 [FXGL Background Thread 1 ] INFO  FXGLApplication      - FXGL initialization took: 0.520 sec
22:33:07.931 [JavaFX Application Thread] DEBUG Input                - Registered new binding: Move Up - W
22:33:07.931 [JavaFX Application Thread] DEBUG Input                - Registered new binding: Move Down - S
22:33:07.931 [JavaFX Application Thread] DEBUG Input                - Registered new binding: Move Left - A
22:33:07.931 [JavaFX Application Thread] DEBUG Input                - Registered new binding: Move Right - D
22:33:07.932 [JavaFX Application Thread] DEBUG Input                - Registered new binding: Place Bomb - Space
22:33:07.933 [JavaFX Application Thread] DEBUG FXGLAssetLoaderServi - Loading from file system: jar:file:///C:/Users/phamt/.m2/repository/com/github/almasb/fxgl/17.1/fxgl-17.1.jar!/fxglassets/textures/fxgl_icon.png
22:33:07.969 [FXGL Background Thread 4 ] DEBUG FXGLAssetLoaderServi - Loading from file system: jar:file:///C:/Users/phamt/.m2/repository/com/github/almasb/fxgl/17.1/fxgl-17.1.jar!/fxglassets/ui/fonts/TerminalLandMono-Regular.otf
22:33:07.970 [JavaFX Application Thread] DEBUG FXGLAssetLoaderServi - Loading from file system: jar:file:///C:/Users/phamt/.m2/repository/com/github/almasb/fxgl/17.1/fxgl-17.1.jar!/fxglassets/textures/fxgl_default_cursor.png
22:33:07.976 [FXGL Background Thread 4 ] DEBUG FXGLAssetLoaderServi - Loading from file system: jar:file:///C:/Users/phamt/.m2/repository/com/github/almasb/fxgl/17.1/fxgl-17.1.jar!/fxglassets/ui/fonts/Courier-Prime.ttf
22:33:07.977 [JavaFX Application Thread] DEBUG Input                - Registered new binding: Screenshot - CTRL+8
22:33:07.979 [JavaFX Application Thread] DEBUG Input                - Registered new binding: System info dump - CTRL+9
22:33:07.981 [JavaFX Application Thread] DEBUG Input                - Registered new binding: Restart - CTRL+R
22:33:07.984 [JavaFX Application Thread] DEBUG Input                - Registered new binding: Toggle Debug Camera - CTRL+7
22:33:07.994 [JavaFX Application Thread] DEBUG LoopRunner           - Starting loop
22:33:07.995 [JavaFX Application Thread] DEBUG LoopRunner           - Initializing JavaFX AnimationTimerLoop
22:33:08.004 [JavaFX Application Thread] DEBUG Input                - Clearing active input actions
22:33:08.013 [JavaFX Application Thread] DEBUG GameApplicationServi - Removing overlay from FXGLStartupScene and adding to FXGLMainMenuDummyScene
22:33:08.014 [JavaFX Application Thread] DEBUG PrimaryStageWindow   - FXGLStartupScene -> FXGLMainMenuDummyScene
22:33:08.014 [JavaFX Application Thread] DEBUG PrimaryStageWindow   - Push state: FXGLDefaultMenu
22:33:08.032 [JavaFX Application Thread] DEBUG Input                - Clearing active input actions
22:33:08.045 [JavaFX Application Thread] DEBUG GameApplicationServi - Removing overlay from FXGLMainMenuDummyScene and adding to FXGLDefaultMenu
22:33:08.046 [JavaFX Application Thread] DEBUG PrimaryStageWindow   - FXGLMainMenuDummyScene -> FXGLDefaultMenu
22:33:08.047 [JavaFX Application Thread] DEBUG FXGLApplication      - Registering font factories with UI factory
22:33:08.982 [JavaFX Application Thread] DEBUG Menu                 - fireNewGame()
22:33:08.984 [JavaFX Application Thread] DEBUG GameApplicationServi - Starting new game
22:33:08.990 [JavaFX Application Thread] DEBUG PrimaryStageWindow   - Pop state: FXGLDefaultMenu
22:33:08.990 [JavaFX Application Thread] DEBUG Input                - Clearing active input actions
22:33:08.991 [JavaFX Application Thread] DEBUG GameApplicationServi - Removing overlay from FXGLDefaultMenu and adding to FXGLMainMenuDummyScene
22:33:08.992 [JavaFX Application Thread] DEBUG PrimaryStageWindow   - FXGLMainMenuDummyScene <- FXGLDefaultMenu
22:33:08.992 [JavaFX Application Thread] DEBUG Input                - Clearing active input actions
22:33:09.002 [JavaFX Application Thread] DEBUG GameApplicationServi - Removing overlay from FXGLMainMenuDummyScene and adding to FXGLLoadingScene
22:33:09.002 [JavaFX Application Thread] DEBUG PrimaryStageWindow   - FXGLMainMenuDummyScene -> FXGLLoadingScene
22:33:09.003 [JavaFX Application Thread] DEBUG GameApplicationServi - Clearing previous game
22:33:09.003 [JavaFX Application Thread] DEBUG GameScene            - Clearing game scene
22:33:09.003 [JavaFX Application Thread] DEBUG GameWorld            - Clearing game world
22:33:09.003 [JavaFX Application Thread] DEBUG PhysicsWorld         - Clearing physics world
22:33:09.008 [FXGL Background Thread 4 ] DEBUG FXGLApplication      - Initializing game
22:33:09.105 [FXGL Background Thread 4 ] WARN  TMXLevelLoader       - TiledMap generated from 1.9.2. Supported version: 1.4.2. Some features may not be parsed fully.
22:33:09.127 [FXGL Background Thread 4 ] DEBUG TMXLevelLoader       - Parsed TiledMap: file:/C:/java_new/bombermanGame/target/classes/assets/levels/map1.tmx
22:33:09.130 [FXGL Background Thread 4 ] DEBUG TMXLevelLoader       - Creating tile layer entities
22:33:09.135 [FXGL Background Thread 4 ] DEBUG TilesetLoader        - Loading view for layer Tile Layer 1
22:33:09.136 [FXGL Background Thread 4 ] DEBUG TilesetLoader        - Created buffer with size 1488.0x624.0
22:33:09.154 [FXGL Background Thread 4 ] DEBUG TMXLevelLoader       - Creating object layer entities
22:33:09.175 [FXGL Background Thread 4 ] DEBUG FXGLAssetLoaderServi - Loading from file system: file:/C:/java_new/bombermanGame/target/classes/assets/textures/player_down.png
22:33:09.179 [FXGL Background Thread 4 ] DEBUG FXGLAssetLoaderServi - Loading from file system: file:/C:/java_new/bombermanGame/target/classes/assets/textures/player_right.png
22:33:09.181 [FXGL Background Thread 4 ] DEBUG FXGLAssetLoaderServi - Loading from file system: file:/C:/java_new/bombermanGame/target/classes/assets/textures/player_up.png
22:33:09.182 [FXGL Background Thread 4 ] DEBUG FXGLAssetLoaderServi - Loading from file system: file:/C:/java_new/bombermanGame/target/classes/assets/textures/player_left.png
22:33:09.195 [FXGL Background Thread 2 ] INFO  UpdaterService       - Your current version:  17.1
22:33:09.196 [FXGL Background Thread 2 ] INFO  UpdaterService       - Latest stable version: 17.2
22:33:09.230 [FXGL Background Thread 4 ] DEBUG FXGLAssetLoaderServi - Loading from file system: file:/C:/java_new/bombermanGame/target/classes/assets/textures/brick.png
22:33:09.279 [FXGL Background Thread 4 ] DEBUG FXGLAssetLoaderServi - Loading from file system: file:/C:/java_new/bombermanGame/target/classes/assets/textures/enemy1.png
22:33:09.294 [FXGL Background Thread 4 ] DEBUG FXGLAssetLoaderServi - Loading from file system: file:/C:/java_new/bombermanGame/target/classes/assets/textures/enemy2.png
22:33:09.302 [FXGL Background Thread 4 ] DEBUG GameWorld            - Clearing removable entities
22:33:09.303 [FXGL Background Thread 4 ] DEBUG GameWorld            - Setting level: com.almasb.fxgl.entity.level.Level@5b308dc1
22:33:09.327 [FXGL Background Thread 4 ] INFO  FXGLApplication      - Game initialization took: 0.319 sec
22:33:09.328 [JavaFX Application Thread] DEBUG Input                - Clearing active input actions
22:33:09.336 [JavaFX Application Thread] DEBUG GameApplicationServi - Removing overlay from FXGLLoadingScene and adding to GameScene
22:33:09.336 [JavaFX Application Thread] DEBUG PrimaryStageWindow   - FXGLLoadingScene -> GameScene
22:33:10.894 [FXGL Background Thread 3 ] DEBUG Engine               - Logging environment variables
22:33:10.894 [FXGL Background Thread 3 ] DEBUG Engine               - achievements: []
22:33:10.894 [FXGL Background Thread 3 ] DEBUG Engine               - actualHeight: 1080.0
22:33:10.894 [FXGL Background Thread 3 ] DEBUG Engine               - actualHeightProperty: ReadOnlyDoubleProperty [value: 1080.0]
22:33:10.894 [FXGL Background Thread 3 ] DEBUG Engine               - actualWidth: 1920.0
22:33:10.894 [FXGL Background Thread 3 ] DEBUG Engine               - actualWidthProperty: ReadOnlyDoubleProperty [value: 1920.0]
22:33:10.895 [FXGL Background Thread 3 ] DEBUG Engine               - appIcon: fxgl_icon.png
22:33:10.895 [FXGL Background Thread 3 ] DEBUG Engine               - applicationMode: DEVELOPER
22:33:10.895 [FXGL Background Thread 3 ] DEBUG Engine               - cSSList: [fxgl_dark.css]
22:33:10.895 [FXGL Background Thread 3 ] DEBUG Engine               - collisionDetectionStrategy: BRUTE_FORCE
22:33:10.895 [FXGL Background Thread 3 ] DEBUG Engine               - configClass: Optional.empty
22:33:10.895 [FXGL Background Thread 3 ] DEBUG Engine               - credits: []
22:33:10.895 [FXGL Background Thread 3 ] DEBUG Engine               - defaultCursor: CursorInfo(imageName=fxgl_default_cursor.png, hotspotX=7.0, hotspotY=6.0)
22:33:10.895 [FXGL Background Thread 3 ] DEBUG Engine               - devBBoxColorProperty: ObjectProperty [value: 0xff0000ff]
22:33:10.895 [FXGL Background Thread 3 ] DEBUG Engine               - devEnableDebugCameraProperty: BooleanProperty [value: false]
22:33:10.896 [FXGL Background Thread 3 ] DEBUG Engine               - devSensorColorProperty: ObjectProperty [value: 0xffff00ff]
22:33:10.896 [FXGL Background Thread 3 ] DEBUG Engine               - devShowBBoxProperty: BooleanProperty [value: false]
22:33:10.896 [FXGL Background Thread 3 ] DEBUG Engine               - devShowPositionProperty: BooleanProperty [value: false]
22:33:10.896 [FXGL Background Thread 3 ] DEBUG Engine               - enabledMenuItems: []
22:33:10.896 [FXGL Background Thread 3 ] DEBUG Engine               - engineServices: [class com.almasb.fxgl.app.services.FXGLAssetLoaderService, class com.almasb.fxgl.app.FXGLApplication$GameApplicationService, class com.almasb.fxgl.app.services.FXGLDialogService, class com.almasb.fxgl.app.services.IOTaskExecutorService, class com.almasb.fxgl.io.FileSystemService, class com.almasb.fxgl.localization.LocalizationService, class com.almasb.fxgl.app.services.SystemBundleService, class com.almasb.fxgl.profile.SaveLoadService, class com.almasb.fxgl.ui.FXGLUIFactoryServiceProvider, class com.almasb.fxgl.ui.FXGLDialogFactoryServiceProvider, class com.almasb.fxgl.audio.AudioPlayer, class com.almasb.fxgl.notification.impl.NotificationServiceProvider, class com.almasb.fxgl.achievement.AchievementService, class com.almasb.fxgl.cutscene.CutsceneService, class com.almasb.fxgl.minigames.MiniGameService, class com.almasb.fxgl.net.NetService, class com.almasb.fxgl.app.services.UpdaterService, class com.almasb.fxgl.dev.DevService]
22:33:10.896 [FXGL Background Thread 3 ] DEBUG Engine               - fontGame: Abel-Regular.ttf
22:33:10.896 [FXGL Background Thread 3 ] DEBUG Engine               - fontMono: TerminalLandMono-Regular.otf
22:33:10.896 [FXGL Background Thread 3 ] DEBUG Engine               - fontText: Courier-Prime.ttf
22:33:10.896 [FXGL Background Thread 3 ] DEBUG Engine               - fontUI: game_font.ttf
22:33:10.896 [FXGL Background Thread 3 ] DEBUG Engine               - fullScreen: BooleanProperty [value: true]
22:33:10.896 [FXGL Background Thread 3 ] DEBUG Engine               - gameDifficulty: MEDIUM
22:33:10.896 [FXGL Background Thread 3 ] DEBUG Engine               - gameDifficultyProperty: ObjectProperty [value: MEDIUM]
22:33:10.896 [FXGL Background Thread 3 ] DEBUG Engine               - globalMusicVolume: 0.5
22:33:10.896 [FXGL Background Thread 3 ] DEBUG Engine               - globalMusicVolumeProperty: DoubleProperty [value: 0.5]
22:33:10.896 [FXGL Background Thread 3 ] DEBUG Engine               - globalSoundVolume: 0.5
22:33:10.896 [FXGL Background Thread 3 ] DEBUG Engine               - globalSoundVolumeProperty: DoubleProperty [value: 0.5]
22:33:10.896 [FXGL Background Thread 3 ] DEBUG Engine               - height: 624
22:33:10.896 [FXGL Background Thread 3 ] DEBUG Engine               - is3D: false
22:33:10.896 [FXGL Background Thread 3 ] DEBUG Engine               - isAndroid: false
22:33:10.896 [FXGL Background Thread 3 ] DEBUG Engine               - isBrowser: false
22:33:10.896 [FXGL Background Thread 3 ] DEBUG Engine               - isClickFeedbackEnabled: false
22:33:10.896 [FXGL Background Thread 3 ] DEBUG Engine               - isCloseConfirmation: false
22:33:10.896 [FXGL Background Thread 3 ] DEBUG Engine               - isDesktop: true
22:33:10.896 [FXGL Background Thread 3 ] DEBUG Engine               - isDeveloperMenuEnabled: false
22:33:10.896 [FXGL Background Thread 3 ] DEBUG Engine               - isEmbedded: false
22:33:10.897 [FXGL Background Thread 3 ] DEBUG Engine               - isEntityPreloadEnabled: true
22:33:10.897 [FXGL Background Thread 3 ] DEBUG Engine               - isExperimentalTiledLargeMap: false
22:33:10.897 [FXGL Background Thread 3 ] DEBUG Engine               - isFileSystemWriteAllowed: true
22:33:10.897 [FXGL Background Thread 3 ] DEBUG Engine               - isFullScreenAllowed: true
22:33:10.897 [FXGL Background Thread 3 ] DEBUG Engine               - isFullScreenFromStart: true
22:33:10.897 [FXGL Background Thread 3 ] DEBUG Engine               - isGameMenuEnabled: true
22:33:10.897 [FXGL Background Thread 3 ] DEBUG Engine               - isIOS: false
22:33:10.897 [FXGL Background Thread 3 ] DEBUG Engine               - isIntroEnabled: false
22:33:10.897 [FXGL Background Thread 3 ] DEBUG Engine               - isLinux: false
22:33:10.897 [FXGL Background Thread 3 ] DEBUG Engine               - isMac: false
22:33:10.897 [FXGL Background Thread 3 ] DEBUG Engine               - isMainMenuEnabled: true
22:33:10.897 [FXGL Background Thread 3 ] DEBUG Engine               - isManualResizeEnabled: false
22:33:10.897 [FXGL Background Thread 3 ] DEBUG Engine               - isMobile: false
22:33:10.897 [FXGL Background Thread 3 ] DEBUG Engine               - isNative: false
22:33:10.897 [FXGL Background Thread 3 ] DEBUG Engine               - isPauseMusicWhenMinimized: true
22:33:10.897 [FXGL Background Thread 3 ] DEBUG Engine               - isPreserveResizeRatio: false
22:33:10.897 [FXGL Background Thread 3 ] DEBUG Engine               - isProfilingEnabled: false
22:33:10.897 [FXGL Background Thread 3 ] DEBUG Engine               - isScaleAffectedOnResize: true
22:33:10.897 [FXGL Background Thread 3 ] DEBUG Engine               - isSingleStep: false
22:33:10.897 [FXGL Background Thread 3 ] DEBUG Engine               - isUserProfileEnabled: false
22:33:10.897 [FXGL Background Thread 3 ] DEBUG Engine               - isWindows: true
22:33:10.897 [FXGL Background Thread 3 ] DEBUG Engine               - language: ObjectProperty [value: ENGLISH]
22:33:10.897 [FXGL Background Thread 3 ] DEBUG Engine               - menuKey: ESCAPE
22:33:10.897 [FXGL Background Thread 3 ] DEBUG Engine               - mouseSensitivity: 0.2
22:33:10.897 [FXGL Background Thread 3 ] DEBUG Engine               - notificationViewClass: class com.almasb.fxgl.notification.view.XboxNotificationView
22:33:10.897 [FXGL Background Thread 3 ] DEBUG Engine               - pixelsPerMeter: 50.0
22:33:10.897 [FXGL Background Thread 3 ] DEBUG Engine               - platform: WINDOWS
22:33:10.897 [FXGL Background Thread 3 ] DEBUG Engine               - prefHeightProperty: ReadOnlyDoubleProperty [value: 624.0]
22:33:10.897 [FXGL Background Thread 3 ] DEBUG Engine               - prefWidthProperty: ReadOnlyDoubleProperty [value: 1488.0]
22:33:10.897 [FXGL Background Thread 3 ] DEBUG Engine               - profileDir: profiles/
22:33:10.897 [FXGL Background Thread 3 ] DEBUG Engine               - profileName: StringProperty [value: DEFAULT]
22:33:10.898 [FXGL Background Thread 3 ] DEBUG Engine               - randomSeed: -1
22:33:10.899 [FXGL Background Thread 3 ] DEBUG Engine               - runtimeInfo: RuntimeInfo(platform=WINDOWS, version=17.1, build=24.03.2022 17.34)
22:33:10.899 [FXGL Background Thread 3 ] DEBUG Engine               - saveFileExt: sav
22:33:10.899 [FXGL Background Thread 3 ] DEBUG Engine               - scaledHeightProp$fxgl: DoubleProperty [bound, value: 1080.0]
22:33:10.899 [FXGL Background Thread 3 ] DEBUG Engine               - scaledWidthProp$fxgl: DoubleProperty [bound, value: 1920.0]
22:33:10.899 [FXGL Background Thread 3 ] DEBUG Engine               - sceneFactory: com.example.demo.BombermanApp$1@69d795b7
22:33:10.899 [FXGL Background Thread 3 ] DEBUG Engine               - secondsIn24h: 60
22:33:10.899 [FXGL Background Thread 3 ] DEBUG Engine               - soundMenuBack: menu/back.wav
22:33:10.899 [FXGL Background Thread 3 ] DEBUG Engine               - soundMenuPress: menu/press.wav
22:33:10.899 [FXGL Background Thread 3 ] DEBUG Engine               - soundMenuSelect: menu/select.wav
22:33:10.899 [FXGL Background Thread 3 ] DEBUG Engine               - soundNotification: core/notification.wav
22:33:10.899 [FXGL Background Thread 3 ] DEBUG Engine               - stageStyle: DECORATED
22:33:10.899 [FXGL Background Thread 3 ] DEBUG Engine               - supportedLanguages: [ENGLISH, FRENCH, GERMAN, HUNGARIAN, RUSSIAN]
22:33:10.899 [FXGL Background Thread 3 ] DEBUG Engine               - ticksPerSecond: -1
22:33:10.899 [FXGL Background Thread 3 ] DEBUG Engine               - title: BOMBERMAN
22:33:10.899 [FXGL Background Thread 3 ] DEBUG Engine               - urlGithub: https://github.com/AlmasB/FXGL
22:33:10.899 [FXGL Background Thread 3 ] DEBUG Engine               - urlLeaderboard: http://fxgl-top.herokuapp.com/
22:33:10.899 [FXGL Background Thread 3 ] DEBUG Engine               - urlPOM: https://raw.githubusercontent.com/AlmasB/FXGL/release/README.md
22:33:10.899 [FXGL Background Thread 3 ] DEBUG Engine               - userAppClass: class com.example.demo.BombermanApp
22:33:10.899 [FXGL Background Thread 3 ] DEBUG Engine               - version: 1.0
22:33:10.899 [FXGL Background Thread 3 ] DEBUG Engine               - versionCheckDays: 7
22:33:10.899 [FXGL Background Thread 3 ] DEBUG Engine               - width: 1488
22:33:10.899 [FXGL Background Thread 3 ] DEBUG Engine               - Logging services
22:33:10.899 [FXGL Background Thread 3 ] DEBUG Engine               - class com.almasb.fxgl.app.services.FXGLAssetLoaderService
22:33:10.900 [FXGL Background Thread 3 ] DEBUG Engine               - class com.almasb.fxgl.app.FXGLApplication$GameApplicationService
22:33:10.900 [FXGL Background Thread 3 ] DEBUG Engine               - class com.almasb.fxgl.app.services.FXGLDialogService
22:33:10.900 [FXGL Background Thread 3 ] DEBUG Engine               - class com.almasb.fxgl.app.services.IOTaskExecutorService
22:33:10.900 [FXGL Background Thread 3 ] DEBUG Engine               - class com.almasb.fxgl.io.FileSystemService
22:33:10.900 [FXGL Background Thread 3 ] DEBUG Engine               - class com.almasb.fxgl.localization.LocalizationService
22:33:10.900 [FXGL Background Thread 3 ] DEBUG Engine               - class com.almasb.fxgl.app.services.SystemBundleService
22:33:10.900 [FXGL Background Thread 3 ] DEBUG Engine               - class com.almasb.fxgl.profile.SaveLoadService
22:33:10.900 [FXGL Background Thread 3 ] DEBUG Engine               - class com.almasb.fxgl.ui.FXGLUIFactoryServiceProvider
22:33:10.900 [FXGL Background Thread 3 ] DEBUG Engine               - class com.almasb.fxgl.ui.FXGLDialogFactoryServiceProvider
22:33:10.900 [FXGL Background Thread 3 ] DEBUG Engine               - class com.almasb.fxgl.audio.AudioPlayer
22:33:10.900 [FXGL Background Thread 3 ] DEBUG Engine               - class com.almasb.fxgl.notification.impl.NotificationServiceProvider
22:33:10.900 [FXGL Background Thread 3 ] DEBUG Engine               - class com.almasb.fxgl.achievement.AchievementService
22:33:10.900 [FXGL Background Thread 3 ] DEBUG Engine               - class com.almasb.fxgl.cutscene.CutsceneService
22:33:10.900 [FXGL Background Thread 3 ] DEBUG Engine               - class com.almasb.fxgl.minigames.MiniGameService
22:33:10.900 [FXGL Background Thread 3 ] DEBUG Engine               - class com.almasb.fxgl.net.NetService
22:33:10.900 [FXGL Background Thread 3 ] DEBUG Engine               - class com.almasb.fxgl.app.services.UpdaterService
22:33:10.900 [FXGL Background Thread 3 ] DEBUG Engine               - class com.almasb.fxgl.dev.DevService
22:33:14.450 [JavaFX Application Thread] DEBUG FXGLAssetLoaderServi - Loading from file system: file:/C:/java_new/bombermanGame/target/classes/assets/textures/bomb.png
22:33:16.553 [JavaFX Application Thread] DEBUG FXGLAssetLoaderServi - Loading from file system: file:/C:/java_new/bombermanGame/target/classes/assets/textures/top_right_flame.png
22:33:16.554 [JavaFX Application Thread] DEBUG FXGLAssetLoaderServi - Loading from file system: file:/C:/java_new/bombermanGame/target/classes/assets/textures/top_left_flame.png
22:33:16.555 [JavaFX Application Thread] DEBUG FXGLAssetLoaderServi - Loading from file system: file:/C:/java_new/bombermanGame/target/classes/assets/textures/top_down_flame.png
22:33:16.557 [JavaFX Application Thread] DEBUG FXGLAssetLoaderServi - Loading from file system: file:/C:/java_new/bombermanGame/target/classes/assets/textures/top_up_flame.png
22:33:16.559 [JavaFX Application Thread] DEBUG FXGLAssetLoaderServi - Loading from file system: file:/C:/java_new/bombermanGame/target/classes/assets/textures/central_flame.png
22:33:16.564 [JavaFX Application Thread] DEBUG FXGLAssetLoaderServi - Loading from file system: file:/C:/java_new/bombermanGame/target/classes/assets/textures/brick_break.png
22:33:43.732 [JavaFX Application Thread] DEBUG PrimaryStageWindow   - Push state: GameMenu
22:33:43.732 [JavaFX Application Thread] DEBUG Input                - Clearing active input actions
22:33:43.732 [JavaFX Application Thread] DEBUG GameApplicationServi - Removing overlay from GameScene and adding to GameMenu
22:33:43.733 [JavaFX Application Thread] DEBUG PrimaryStageWindow   - GameScene -> GameMenu
22:33:43.937 [JavaFX Application Thread] DEBUG PrimaryStageWindow   - Pop state: GameMenu
22:33:43.937 [JavaFX Application Thread] DEBUG Input                - Clearing active input actions
22:33:43.937 [JavaFX Application Thread] DEBUG GameApplicationServi - Removing overlay from GameMenu and adding to GameScene
22:33:43.937 [JavaFX Application Thread] DEBUG PrimaryStageWindow   - GameScene <- GameMenu
22:33:44.159 [JavaFX Application Thread] DEBUG PrimaryStageWindow   - Push state: GameMenu
22:33:44.159 [JavaFX Application Thread] DEBUG Input                - Clearing active input actions
22:33:44.159 [JavaFX Application Thread] DEBUG GameApplicationServi - Removing overlay from GameScene and adding to GameMenu
22:33:44.159 [JavaFX Application Thread] DEBUG PrimaryStageWindow   - GameScene -> GameMenu
22:33:44.347 [JavaFX Application Thread] DEBUG PrimaryStageWindow   - Pop state: GameMenu
22:33:44.347 [JavaFX Application Thread] DEBUG Input                - Clearing active input actions
22:33:44.347 [JavaFX Application Thread] DEBUG GameApplicationServi - Removing overlay from GameMenu and adding to GameScene
22:33:44.347 [JavaFX Application Thread] DEBUG PrimaryStageWindow   - GameScene <- GameMenu
22:34:16.500 [JavaFX Application Thread] DEBUG PrimaryStageWindow   - Push state: GameMenu
22:34:16.500 [JavaFX Application Thread] DEBUG Input                - Clearing active input actions
22:34:16.500 [JavaFX Application Thread] DEBUG GameApplicationServi - Removing overlay from GameScene and adding to GameMenu
22:34:16.500 [JavaFX Application Thread] DEBUG PrimaryStageWindow   - GameScene -> GameMenu
22:34:17.563 [JavaFX Application Thread] DEBUG Menu                 - fireExit()
22:34:17.565 [JavaFX Application Thread] DEBUG PrimaryStageWindow   - Push state: DialogSubScene
22:34:17.565 [JavaFX Application Thread] DEBUG Input                - Clearing active input actions
22:34:17.565 [JavaFX Application Thread] DEBUG GameApplicationServi - Removing overlay from GameMenu and adding to DialogSubScene
22:34:17.566 [JavaFX Application Thread] DEBUG PrimaryStageWindow   - GameMenu -> DialogSubScene
22:34:18.227 [JavaFX Application Thread] DEBUG PrimaryStageWindow   - Pop state: DialogSubScene
22:34:18.227 [JavaFX Application Thread] DEBUG Input                - Clearing active input actions
22:34:18.228 [JavaFX Application Thread] DEBUG GameApplicationServi - Removing overlay from DialogSubScene and adding to GameMenu
22:34:18.228 [JavaFX Application Thread] DEBUG PrimaryStageWindow   - GameMenu <- DialogSubScene
22:34:18.228 [JavaFX Application Thread] DEBUG FXGLApplication      - Exiting FXGL
22:34:18.228 [JavaFX Application Thread] DEBUG LoopRunner           - Stopping loop
22:34:18.228 [JavaFX Application Thread] DEBUG SystemBundleService  - Saving FXGL system data
22:34:18.231 [JavaFX Application Thread] DEBUG FileSystemAccess     - Writing to: C:\java_new\bombermanGame\system\fxgl.bundle
22:34:18.233 [JavaFX Application Thread] DEBUG Async                - Shutting down background threads
22:34:18.234 [JavaFX Application Thread] DEBUG PrimaryStageWindow   - Closing main window
22:34:18.264 [JavaFX Application Thread] DEBUG Logger               - Closing Logger
