09:20:58.405 [main                     ] DEBUG Logger               - Configured Logger
09:20:58.440 [main                     ] DEBUG GameApplication      - Logging settings
Title: BOMBERMAN
Version: 1.0
Width: 1488
Height: 624
Fullscreen: false
Intro: false
Profiling: false
Single step:false
App Mode: DEVELOPER
Menu Key: ESCAPE
Stage Style: DECORATED
Scene Factory: class com.example.demo.BombermanApp$1

09:20:58.827 [JavaFX Application Thread] DEBUG FXGLApplication      - Initializing FXGL
09:20:58.833 [JavaFX Application Thread] INFO  Engine               - FXGL-17.1 (24.03.2022 17.34) on WINDOWS (J:18.0.2.1 FX:18.0.1)
09:20:58.833 [JavaFX Application Thread] DEBUG Engine               - JRE Vendor Name: Oracle Corporation
09:20:58.834 [JavaFX Application Thread] DEBUG Engine               - Running on OS: Windows 11 version 10.0
09:20:58.834 [JavaFX Application Thread] DEBUG Engine               - Architecture: amd64
09:20:58.834 [JavaFX Application Thread] INFO  Engine               - Source code and latest versions at: https://github.com/AlmasB/FXGL
09:20:58.834 [JavaFX Application Thread] INFO  Engine               -       Ask questions and discuss at: https://github.com/AlmasB/FXGL/discussions
09:20:58.834 [JavaFX Application Thread] INFO  Engine               -              Join the FXGL chat at: https://gitter.im/AlmasB/FXGL
09:20:58.914 [JavaFX Application Thread] DEBUG PrimaryStageWindow   - Creating a JavaFX scene
09:20:58.959 [JavaFX Application Thread] DEBUG PrimaryStageWindow   - Target settings size: 1488.0 x 624.0
09:20:58.959 [JavaFX Application Thread] DEBUG PrimaryStageWindow   - Scaled scene size:    1488.0 x 624.0
09:20:58.960 [JavaFX Application Thread] DEBUG PrimaryStageWindow   - Scaled ratio: (1.0, 1.0)
09:20:58.962 [JavaFX Application Thread] DEBUG PrimaryStageWindow   - Set initial scene to FXGLStartupScene
09:20:58.971 [JavaFX Application Thread] DEBUG PrimaryStageWindow   - Opening main window
09:20:59.052 [JavaFX Application Thread] DEBUG PrimaryStageWindow   - Window border size: (16.0, 39.0)
09:20:59.053 [JavaFX Application Thread] DEBUG PrimaryStageWindow   - Scaled size: 1488.0 x 624.0
09:20:59.053 [JavaFX Application Thread] DEBUG PrimaryStageWindow   - Scaled ratio: (1.0, 1.0)
09:20:59.053 [JavaFX Application Thread] DEBUG PrimaryStageWindow   - Scene size: 1488.0 x 624.0
09:20:59.054 [JavaFX Application Thread] DEBUG PrimaryStageWindow   - Stage size: 1504.0 x 663.0
09:20:59.062 [FXGL Background Thread 1 ] DEBUG Engine               - Initializing environment variables
09:20:59.118 [FXGL Background Thread 1 ] DEBUG FXGLAssetLoaderServi - User app class for loading assets: class com.example.demo.BombermanApp
09:20:59.118 [FXGL Background Thread 1 ] DEBUG GameApplicationServi - Applying CSS: fxgl_dark.css
09:20:59.119 [FXGL Background Thread 1 ] DEBUG FXGLAssetLoaderServi - Loading from file system: jar:file:///C:/Users/phamt/.m2/repository/com/github/almasb/fxgl/17.1/fxgl-17.1.jar!/fxglassets/ui/css/fxgl_dark.css
09:20:59.172 [FXGL Background Thread 1 ] DEBUG GameApplicationServi - Initializing application scenes
09:20:59.243 [FXGL Background Thread 1 ] DEBUG GameWorld            - Game world initialized
09:20:59.299 [FXGL Background Thread 1 ] DEBUG PhysicsWorld         - Physics world initialized: appHeight=624, physics.ppm=50.0
09:20:59.299 [FXGL Background Thread 1 ] DEBUG PhysicsWorld         - Using strategy: BRUTE_FORCE
09:20:59.304 [FXGL Background Thread 1 ] DEBUG GameScene            - Game scene initialized: 1488x624
09:20:59.314 [FXGL Background Thread 1 ] DEBUG FXGL.DefaultMenu     - createMenuBodyMainMenu()
09:20:59.325 [FXGL Background Thread 1 ] DEBUG FXGL.DefaultMenu     - createOptionsMenu()
09:20:59.341 [FXGL Background Thread 1 ] DEBUG FXGLAssetLoaderServi - Loading from file system: jar:file:///C:/Users/phamt/.m2/repository/com/github/almasb/fxgl/17.1/fxgl-17.1.jar!/fxglassets/textures/particles/smoke.png
09:20:59.447 [FXGL Background Thread 1 ] DEBUG FXGLAssetLoaderServi - Loading from file system: jar:file:///C:/Users/phamt/.m2/repository/com/github/almasb/fxgl/17.1/fxgl-17.1.jar!/fxglassets/textures/particles/trace_horizontal.png
09:20:59.486 [FXGL Background Thread 1 ] DEBUG GameApplicationServi - Application scenes initialized
09:20:59.499 [FXGL Background Thread 1 ] DEBUG SystemBundleService  - Loading FXGL system data
09:20:59.504 [FXGL Background Thread 1 ] DEBUG FileSystemAccess     - Reading from: C:\java_new\bombermanGame\system\fxgl.bundle
09:20:59.513 [FXGL Background Thread 1 ] DEBUG SystemBundleService  - Bundle FXGL: {}
09:20:59.513 [FXGL Background Thread 1 ] DEBUG UpdaterService       - Checking for updates
09:20:59.518 [FXGL Background Thread 4 ] DEBUG FXGLApplication      - Loading fonts
09:20:59.518 [FXGL Background Thread 1 ] DEBUG FXGLApplication      - Loading default localization
09:20:59.519 [FXGL Background Thread 4 ] WARN  FXGLAssetLoaderServi - Failed to load FONT
09:20:59.519 [FXGL Background Thread 1 ] DEBUG FXGLAssetLoaderServi - Loading from file system: jar:file:///C:/Users/phamt/.m2/repository/com/github/almasb/fxgl/17.1/fxgl-17.1.jar!/fxglassets/languages/english.lang
09:20:59.519 [FXGL Background Thread 4 ] DEBUG FXGLAssetLoaderServi - Loading from file system: jar:file:///C:/Users/phamt/.m2/repository/com/github/almasb/fxgl/17.1/fxgl-17.1.jar!/fxglassets/ui/fonts/Abel-Regular.ttf
09:20:59.542 [FXGL Background Thread 1 ] INFO  FXGLApplication      - FXGL initialization took: 0.480 sec
09:20:59.552 [JavaFX Application Thread] DEBUG Input                - Registered new binding: Move Up - W
09:20:59.552 [JavaFX Application Thread] DEBUG Input                - Registered new binding: Move Down - S
09:20:59.552 [JavaFX Application Thread] DEBUG Input                - Registered new binding: Move Left - A
09:20:59.553 [JavaFX Application Thread] DEBUG Input                - Registered new binding: Move Right - D
09:20:59.553 [JavaFX Application Thread] DEBUG Input                - Registered new binding: Place Bomb - Space
09:20:59.554 [JavaFX Application Thread] DEBUG FXGLAssetLoaderServi - Loading from file system: jar:file:///C:/Users/phamt/.m2/repository/com/github/almasb/fxgl/17.1/fxgl-17.1.jar!/fxglassets/textures/fxgl_icon.png
09:20:59.579 [FXGL Background Thread 4 ] DEBUG FXGLAssetLoaderServi - Loading from file system: jar:file:///C:/Users/phamt/.m2/repository/com/github/almasb/fxgl/17.1/fxgl-17.1.jar!/fxglassets/ui/fonts/TerminalLandMono-Regular.otf
09:20:59.583 [FXGL Background Thread 4 ] DEBUG FXGLAssetLoaderServi - Loading from file system: jar:file:///C:/Users/phamt/.m2/repository/com/github/almasb/fxgl/17.1/fxgl-17.1.jar!/fxglassets/ui/fonts/Courier-Prime.ttf
09:20:59.590 [JavaFX Application Thread] DEBUG FXGLAssetLoaderServi - Loading from file system: jar:file:///C:/Users/phamt/.m2/repository/com/github/almasb/fxgl/17.1/fxgl-17.1.jar!/fxglassets/textures/fxgl_default_cursor.png
09:20:59.597 [JavaFX Application Thread] DEBUG Input                - Registered new binding: Screenshot - CTRL+8
09:20:59.599 [JavaFX Application Thread] DEBUG Input                - Registered new binding: System info dump - CTRL+9
09:20:59.600 [JavaFX Application Thread] DEBUG Input                - Registered new binding: Restart - CTRL+R
09:20:59.604 [JavaFX Application Thread] DEBUG Input                - Registered new binding: Toggle Debug Camera - CTRL+7
09:20:59.613 [JavaFX Application Thread] DEBUG LoopRunner           - Starting loop
09:20:59.613 [JavaFX Application Thread] DEBUG LoopRunner           - Initializing JavaFX AnimationTimerLoop
09:20:59.619 [JavaFX Application Thread] DEBUG Input                - Clearing active input actions
09:20:59.625 [JavaFX Application Thread] DEBUG GameApplicationServi - Removing overlay from FXGLStartupScene and adding to FXGLMainMenuDummyScene
09:20:59.625 [JavaFX Application Thread] DEBUG PrimaryStageWindow   - FXGLStartupScene -> FXGLMainMenuDummyScene
09:20:59.625 [JavaFX Application Thread] DEBUG PrimaryStageWindow   - Push state: FXGLDefaultMenu
09:20:59.640 [JavaFX Application Thread] DEBUG Input                - Clearing active input actions
09:20:59.655 [JavaFX Application Thread] DEBUG GameApplicationServi - Removing overlay from FXGLMainMenuDummyScene and adding to FXGLDefaultMenu
09:20:59.656 [JavaFX Application Thread] DEBUG PrimaryStageWindow   - FXGLMainMenuDummyScene -> FXGLDefaultMenu
09:20:59.656 [JavaFX Application Thread] DEBUG FXGLApplication      - Registering font factories with UI factory
09:21:00.687 [FXGL Background Thread 2 ] INFO  UpdaterService       - Your current version:  17.1
09:21:00.688 [FXGL Background Thread 2 ] INFO  UpdaterService       - Latest stable version: 17.2
09:21:00.812 [JavaFX Application Thread] DEBUG Menu                 - fireNewGame()
09:21:00.812 [JavaFX Application Thread] DEBUG GameApplicationServi - Starting new game
09:21:00.816 [JavaFX Application Thread] DEBUG PrimaryStageWindow   - Pop state: FXGLDefaultMenu
09:21:00.816 [JavaFX Application Thread] DEBUG Input                - Clearing active input actions
09:21:00.817 [JavaFX Application Thread] DEBUG GameApplicationServi - Removing overlay from FXGLDefaultMenu and adding to FXGLMainMenuDummyScene
09:21:00.818 [JavaFX Application Thread] DEBUG PrimaryStageWindow   - FXGLMainMenuDummyScene <- FXGLDefaultMenu
09:21:00.819 [JavaFX Application Thread] DEBUG Input                - Clearing active input actions
09:21:00.827 [JavaFX Application Thread] DEBUG GameApplicationServi - Removing overlay from FXGLMainMenuDummyScene and adding to FXGLLoadingScene
09:21:00.828 [JavaFX Application Thread] DEBUG PrimaryStageWindow   - FXGLMainMenuDummyScene -> FXGLLoadingScene
09:21:00.828 [JavaFX Application Thread] DEBUG GameApplicationServi - Clearing previous game
09:21:00.828 [JavaFX Application Thread] DEBUG GameScene            - Clearing game scene
09:21:00.828 [JavaFX Application Thread] DEBUG GameWorld            - Clearing game world
09:21:00.828 [JavaFX Application Thread] DEBUG PhysicsWorld         - Clearing physics world
09:21:00.833 [FXGL Background Thread 2 ] DEBUG FXGLApplication      - Initializing game
09:21:00.916 [FXGL Background Thread 2 ] WARN  TMXLevelLoader       - TiledMap generated from 1.9.2. Supported version: 1.4.2. Some features may not be parsed fully.
09:21:00.938 [FXGL Background Thread 2 ] DEBUG TMXLevelLoader       - Parsed TiledMap: file:/C:/java_new/bombermanGame/target/classes/assets/levels/map1.tmx
09:21:00.940 [FXGL Background Thread 2 ] DEBUG TMXLevelLoader       - Creating tile layer entities
09:21:00.944 [FXGL Background Thread 2 ] DEBUG TilesetLoader        - Loading view for layer Tile Layer 1
09:21:00.946 [FXGL Background Thread 2 ] DEBUG TilesetLoader        - Created buffer with size 1488.0x624.0
09:21:00.961 [FXGL Background Thread 2 ] DEBUG TMXLevelLoader       - Creating object layer entities
09:21:00.979 [FXGL Background Thread 2 ] DEBUG FXGLAssetLoaderServi - Loading from file system: file:/C:/java_new/bombermanGame/target/classes/assets/textures/player_down.png
09:21:00.982 [FXGL Background Thread 2 ] DEBUG FXGLAssetLoaderServi - Loading from file system: file:/C:/java_new/bombermanGame/target/classes/assets/textures/player_right.png
09:21:00.983 [FXGL Background Thread 2 ] DEBUG FXGLAssetLoaderServi - Loading from file system: file:/C:/java_new/bombermanGame/target/classes/assets/textures/player_up.png
09:21:00.985 [FXGL Background Thread 2 ] DEBUG FXGLAssetLoaderServi - Loading from file system: file:/C:/java_new/bombermanGame/target/classes/assets/textures/player_left.png
09:21:01.027 [FXGL Background Thread 2 ] DEBUG FXGLAssetLoaderServi - Loading from file system: file:/C:/java_new/bombermanGame/target/classes/assets/textures/brick.png
09:21:01.076 [FXGL Background Thread 2 ] DEBUG FXGLAssetLoaderServi - Loading from file system: file:/C:/java_new/bombermanGame/target/classes/assets/textures/enemy1.png
09:21:01.091 [FXGL Background Thread 2 ] DEBUG FXGLAssetLoaderServi - Loading from file system: file:/C:/java_new/bombermanGame/target/classes/assets/textures/enemy2.png
09:21:01.100 [FXGL Background Thread 2 ] DEBUG GameWorld            - Clearing removable entities
09:21:01.100 [FXGL Background Thread 2 ] DEBUG GameWorld            - Setting level: com.almasb.fxgl.entity.level.Level@5a0845ac
09:21:01.117 [FXGL Background Thread 2 ] INFO  FXGLApplication      - Game initialization took: 0.284 sec
09:21:01.118 [JavaFX Application Thread] DEBUG Input                - Clearing active input actions
09:21:01.126 [JavaFX Application Thread] DEBUG GameApplicationServi - Removing overlay from FXGLLoadingScene and adding to GameScene
09:21:01.126 [JavaFX Application Thread] DEBUG PrimaryStageWindow   - FXGLLoadingScene -> GameScene
09:21:02.517 [FXGL Background Thread 3 ] DEBUG Engine               - Logging environment variables
09:21:02.517 [FXGL Background Thread 3 ] DEBUG Engine               - achievements: []
09:21:02.517 [FXGL Background Thread 3 ] DEBUG Engine               - actualHeight: 624.0
09:21:02.518 [FXGL Background Thread 3 ] DEBUG Engine               - actualHeightProperty: ReadOnlyDoubleProperty [value: 624.0]
09:21:02.518 [FXGL Background Thread 3 ] DEBUG Engine               - actualWidth: 1488.0
09:21:02.518 [FXGL Background Thread 3 ] DEBUG Engine               - actualWidthProperty: ReadOnlyDoubleProperty [value: 1488.0]
09:21:02.518 [FXGL Background Thread 3 ] DEBUG Engine               - appIcon: fxgl_icon.png
09:21:02.518 [FXGL Background Thread 3 ] DEBUG Engine               - applicationMode: DEVELOPER
09:21:02.518 [FXGL Background Thread 3 ] DEBUG Engine               - cSSList: [fxgl_dark.css]
09:21:02.518 [FXGL Background Thread 3 ] DEBUG Engine               - collisionDetectionStrategy: BRUTE_FORCE
09:21:02.518 [FXGL Background Thread 3 ] DEBUG Engine               - configClass: Optional.empty
09:21:02.518 [FXGL Background Thread 3 ] DEBUG Engine               - credits: []
09:21:02.518 [FXGL Background Thread 3 ] DEBUG Engine               - defaultCursor: CursorInfo(imageName=fxgl_default_cursor.png, hotspotX=7.0, hotspotY=6.0)
09:21:02.518 [FXGL Background Thread 3 ] DEBUG Engine               - devBBoxColorProperty: ObjectProperty [value: 0xff0000ff]
09:21:02.519 [FXGL Background Thread 3 ] DEBUG Engine               - devEnableDebugCameraProperty: BooleanProperty [value: false]
09:21:02.519 [FXGL Background Thread 3 ] DEBUG Engine               - devSensorColorProperty: ObjectProperty [value: 0xffff00ff]
09:21:02.519 [FXGL Background Thread 3 ] DEBUG Engine               - devShowBBoxProperty: BooleanProperty [value: false]
09:21:02.519 [FXGL Background Thread 3 ] DEBUG Engine               - devShowPositionProperty: BooleanProperty [value: false]
09:21:02.519 [FXGL Background Thread 3 ] DEBUG Engine               - enabledMenuItems: []
09:21:02.519 [FXGL Background Thread 3 ] DEBUG Engine               - engineServices: [class com.almasb.fxgl.app.services.FXGLAssetLoaderService, class com.almasb.fxgl.app.FXGLApplication$GameApplicationService, class com.almasb.fxgl.app.services.FXGLDialogService, class com.almasb.fxgl.app.services.IOTaskExecutorService, class com.almasb.fxgl.io.FileSystemService, class com.almasb.fxgl.localization.LocalizationService, class com.almasb.fxgl.app.services.SystemBundleService, class com.almasb.fxgl.profile.SaveLoadService, class com.almasb.fxgl.ui.FXGLUIFactoryServiceProvider, class com.almasb.fxgl.ui.FXGLDialogFactoryServiceProvider, class com.almasb.fxgl.audio.AudioPlayer, class com.almasb.fxgl.notification.impl.NotificationServiceProvider, class com.almasb.fxgl.achievement.AchievementService, class com.almasb.fxgl.cutscene.CutsceneService, class com.almasb.fxgl.minigames.MiniGameService, class com.almasb.fxgl.net.NetService, class com.almasb.fxgl.app.services.UpdaterService, class com.almasb.fxgl.dev.DevService]
09:21:02.519 [FXGL Background Thread 3 ] DEBUG Engine               - fontGame: Abel-Regular.ttf
09:21:02.519 [FXGL Background Thread 3 ] DEBUG Engine               - fontMono: TerminalLandMono-Regular.otf
09:21:02.519 [FXGL Background Thread 3 ] DEBUG Engine               - fontText: Courier-Prime.ttf
09:21:02.519 [FXGL Background Thread 3 ] DEBUG Engine               - fontUI: game_font.ttf
09:21:02.519 [FXGL Background Thread 3 ] DEBUG Engine               - fullScreen: BooleanProperty [value: false]
09:21:02.519 [FXGL Background Thread 3 ] DEBUG Engine               - gameDifficulty: MEDIUM
09:21:02.519 [FXGL Background Thread 3 ] DEBUG Engine               - gameDifficultyProperty: ObjectProperty [value: MEDIUM]
09:21:02.519 [FXGL Background Thread 3 ] DEBUG Engine               - globalMusicVolume: 0.5
09:21:02.519 [FXGL Background Thread 3 ] DEBUG Engine               - globalMusicVolumeProperty: DoubleProperty [value: 0.5]
09:21:02.519 [FXGL Background Thread 3 ] DEBUG Engine               - globalSoundVolume: 0.5
09:21:02.519 [FXGL Background Thread 3 ] DEBUG Engine               - globalSoundVolumeProperty: DoubleProperty [value: 0.5]
09:21:02.519 [FXGL Background Thread 3 ] DEBUG Engine               - height: 624
09:21:02.519 [FXGL Background Thread 3 ] DEBUG Engine               - is3D: false
09:21:02.519 [FXGL Background Thread 3 ] DEBUG Engine               - isAndroid: false
09:21:02.519 [FXGL Background Thread 3 ] DEBUG Engine               - isBrowser: false
09:21:02.519 [FXGL Background Thread 3 ] DEBUG Engine               - isClickFeedbackEnabled: false
09:21:02.519 [FXGL Background Thread 3 ] DEBUG Engine               - isCloseConfirmation: false
09:21:02.519 [FXGL Background Thread 3 ] DEBUG Engine               - isDesktop: true
09:21:02.519 [FXGL Background Thread 3 ] DEBUG Engine               - isDeveloperMenuEnabled: false
09:21:02.519 [FXGL Background Thread 3 ] DEBUG Engine               - isEmbedded: false
09:21:02.519 [FXGL Background Thread 3 ] DEBUG Engine               - isEntityPreloadEnabled: true
09:21:02.519 [FXGL Background Thread 3 ] DEBUG Engine               - isExperimentalTiledLargeMap: false
09:21:02.520 [FXGL Background Thread 3 ] DEBUG Engine               - isFileSystemWriteAllowed: true
09:21:02.520 [FXGL Background Thread 3 ] DEBUG Engine               - isFullScreenAllowed: false
09:21:02.520 [FXGL Background Thread 3 ] DEBUG Engine               - isFullScreenFromStart: false
09:21:02.520 [FXGL Background Thread 3 ] DEBUG Engine               - isGameMenuEnabled: true
09:21:02.520 [FXGL Background Thread 3 ] DEBUG Engine               - isIOS: false
09:21:02.520 [FXGL Background Thread 3 ] DEBUG Engine               - isIntroEnabled: false
09:21:02.520 [FXGL Background Thread 3 ] DEBUG Engine               - isLinux: false
09:21:02.520 [FXGL Background Thread 3 ] DEBUG Engine               - isMac: false
09:21:02.520 [FXGL Background Thread 3 ] DEBUG Engine               - isMainMenuEnabled: true
09:21:02.520 [FXGL Background Thread 3 ] DEBUG Engine               - isManualResizeEnabled: false
09:21:02.520 [FXGL Background Thread 3 ] DEBUG Engine               - isMobile: false
09:21:02.520 [FXGL Background Thread 3 ] DEBUG Engine               - isNative: false
09:21:02.520 [FXGL Background Thread 3 ] DEBUG Engine               - isPauseMusicWhenMinimized: true
09:21:02.520 [FXGL Background Thread 3 ] DEBUG Engine               - isPreserveResizeRatio: false
09:21:02.520 [FXGL Background Thread 3 ] DEBUG Engine               - isProfilingEnabled: false
09:21:02.520 [FXGL Background Thread 3 ] DEBUG Engine               - isScaleAffectedOnResize: true
09:21:02.520 [FXGL Background Thread 3 ] DEBUG Engine               - isSingleStep: false
09:21:02.520 [FXGL Background Thread 3 ] DEBUG Engine               - isUserProfileEnabled: false
09:21:02.520 [FXGL Background Thread 3 ] DEBUG Engine               - isWindows: true
09:21:02.520 [FXGL Background Thread 3 ] DEBUG Engine               - language: ObjectProperty [value: ENGLISH]
09:21:02.520 [FXGL Background Thread 3 ] DEBUG Engine               - menuKey: ESCAPE
09:21:02.520 [FXGL Background Thread 3 ] DEBUG Engine               - mouseSensitivity: 0.2
09:21:02.520 [FXGL Background Thread 3 ] DEBUG Engine               - notificationViewClass: class com.almasb.fxgl.notification.view.XboxNotificationView
09:21:02.520 [FXGL Background Thread 3 ] DEBUG Engine               - pixelsPerMeter: 50.0
09:21:02.520 [FXGL Background Thread 3 ] DEBUG Engine               - platform: WINDOWS
09:21:02.520 [FXGL Background Thread 3 ] DEBUG Engine               - prefHeightProperty: ReadOnlyDoubleProperty [value: 624.0]
09:21:02.520 [FXGL Background Thread 3 ] DEBUG Engine               - prefWidthProperty: ReadOnlyDoubleProperty [value: 1488.0]
09:21:02.520 [FXGL Background Thread 3 ] DEBUG Engine               - profileDir: profiles/
09:21:02.520 [FXGL Background Thread 3 ] DEBUG Engine               - profileName: StringProperty [value: DEFAULT]
09:21:02.520 [FXGL Background Thread 3 ] DEBUG Engine               - randomSeed: -1
09:21:02.521 [FXGL Background Thread 3 ] DEBUG Engine               - runtimeInfo: RuntimeInfo(platform=WINDOWS, version=17.1, build=24.03.2022 17.34)
09:21:02.521 [FXGL Background Thread 3 ] DEBUG Engine               - saveFileExt: sav
09:21:02.521 [FXGL Background Thread 3 ] DEBUG Engine               - scaledHeightProp$fxgl: DoubleProperty [bound, value: 624.0]
09:21:02.521 [FXGL Background Thread 3 ] DEBUG Engine               - scaledWidthProp$fxgl: DoubleProperty [bound, value: 1488.0]
09:21:02.521 [FXGL Background Thread 3 ] DEBUG Engine               - sceneFactory: com.example.demo.BombermanApp$1@1f97e824
09:21:02.521 [FXGL Background Thread 3 ] DEBUG Engine               - secondsIn24h: 60
09:21:02.521 [FXGL Background Thread 3 ] DEBUG Engine               - soundMenuBack: menu/back.wav
09:21:02.521 [FXGL Background Thread 3 ] DEBUG Engine               - soundMenuPress: menu/press.wav
09:21:02.521 [FXGL Background Thread 3 ] DEBUG Engine               - soundMenuSelect: menu/select.wav
09:21:02.521 [FXGL Background Thread 3 ] DEBUG Engine               - soundNotification: core/notification.wav
09:21:02.522 [FXGL Background Thread 3 ] DEBUG Engine               - stageStyle: DECORATED
09:21:02.522 [FXGL Background Thread 3 ] DEBUG Engine               - supportedLanguages: [ENGLISH, FRENCH, GERMAN, HUNGARIAN, RUSSIAN]
09:21:02.522 [FXGL Background Thread 3 ] DEBUG Engine               - ticksPerSecond: -1
09:21:02.522 [FXGL Background Thread 3 ] DEBUG Engine               - title: BOMBERMAN
09:21:02.522 [FXGL Background Thread 3 ] DEBUG Engine               - urlGithub: https://github.com/AlmasB/FXGL
09:21:02.522 [FXGL Background Thread 3 ] DEBUG Engine               - urlLeaderboard: http://fxgl-top.herokuapp.com/
09:21:02.522 [FXGL Background Thread 3 ] DEBUG Engine               - urlPOM: https://raw.githubusercontent.com/AlmasB/FXGL/release/README.md
09:21:02.522 [FXGL Background Thread 3 ] DEBUG Engine               - userAppClass: class com.example.demo.BombermanApp
09:21:02.522 [FXGL Background Thread 3 ] DEBUG Engine               - version: 1.0
09:21:02.522 [FXGL Background Thread 3 ] DEBUG Engine               - versionCheckDays: 7
09:21:02.522 [FXGL Background Thread 3 ] DEBUG Engine               - width: 1488
09:21:02.522 [FXGL Background Thread 3 ] DEBUG Engine               - Logging services
09:21:02.522 [FXGL Background Thread 3 ] DEBUG Engine               - class com.almasb.fxgl.app.services.FXGLAssetLoaderService
09:21:02.522 [FXGL Background Thread 3 ] DEBUG Engine               - class com.almasb.fxgl.app.FXGLApplication$GameApplicationService
09:21:02.522 [FXGL Background Thread 3 ] DEBUG Engine               - class com.almasb.fxgl.app.services.FXGLDialogService
09:21:02.522 [FXGL Background Thread 3 ] DEBUG Engine               - class com.almasb.fxgl.app.services.IOTaskExecutorService
09:21:02.522 [FXGL Background Thread 3 ] DEBUG Engine               - class com.almasb.fxgl.io.FileSystemService
09:21:02.522 [FXGL Background Thread 3 ] DEBUG Engine               - class com.almasb.fxgl.localization.LocalizationService
09:21:02.522 [FXGL Background Thread 3 ] DEBUG Engine               - class com.almasb.fxgl.app.services.SystemBundleService
09:21:02.522 [FXGL Background Thread 3 ] DEBUG Engine               - class com.almasb.fxgl.profile.SaveLoadService
09:21:02.522 [FXGL Background Thread 3 ] DEBUG Engine               - class com.almasb.fxgl.ui.FXGLUIFactoryServiceProvider
09:21:02.522 [FXGL Background Thread 3 ] DEBUG Engine               - class com.almasb.fxgl.ui.FXGLDialogFactoryServiceProvider
09:21:02.522 [FXGL Background Thread 3 ] DEBUG Engine               - class com.almasb.fxgl.audio.AudioPlayer
09:21:02.522 [FXGL Background Thread 3 ] DEBUG Engine               - class com.almasb.fxgl.notification.impl.NotificationServiceProvider
09:21:02.522 [FXGL Background Thread 3 ] DEBUG Engine               - class com.almasb.fxgl.achievement.AchievementService
09:21:02.522 [FXGL Background Thread 3 ] DEBUG Engine               - class com.almasb.fxgl.cutscene.CutsceneService
09:21:02.522 [FXGL Background Thread 3 ] DEBUG Engine               - class com.almasb.fxgl.minigames.MiniGameService
09:21:02.522 [FXGL Background Thread 3 ] DEBUG Engine               - class com.almasb.fxgl.net.NetService
09:21:02.522 [FXGL Background Thread 3 ] DEBUG Engine               - class com.almasb.fxgl.app.services.UpdaterService
09:21:02.522 [FXGL Background Thread 3 ] DEBUG Engine               - class com.almasb.fxgl.dev.DevService
09:21:26.725 [JavaFX Application Thread] DEBUG FXGLApplication      - Exiting FXGL
09:21:26.725 [JavaFX Application Thread] DEBUG LoopRunner           - Stopping loop
09:21:26.725 [JavaFX Application Thread] DEBUG SystemBundleService  - Saving FXGL system data
09:21:26.727 [JavaFX Application Thread] DEBUG FileSystemAccess     - Writing to: C:\java_new\bombermanGame\system\fxgl.bundle
09:21:26.730 [JavaFX Application Thread] DEBUG Async                - Shutting down background threads
09:21:26.730 [JavaFX Application Thread] DEBUG PrimaryStageWindow   - Closing main window
09:21:26.747 [JavaFX Application Thread] DEBUG Logger               - Closing Logger
