22:51:03.620 [main                     ] DEBUG Logger               - Configured Logger
22:51:03.651 [main                     ] DEBUG GameApplication      - Logging settings
Title: BOMBER MAN
Version: 1.0
Width: 1488
Height: 624
Fullscreen: false
Intro: false
Profiling: false
Single step:false
App Mode: DEVELOPER
Menu Key: ESCAPE
Stage Style: DECORATED
Scene Factory: class com.example.demo.BombermanApp$1

22:51:04.042 [JavaFX Application Thread] DEBUG FXGLApplication      - Initializing FXGL
22:51:04.050 [JavaFX Application Thread] INFO  Engine               - FXGL-17.1 (24.03.2022 17.34) on WINDOWS (J:18.0.2.1 FX:18.0.1)
22:51:04.050 [JavaFX Application Thread] DEBUG Engine               - JRE Vendor Name: Oracle Corporation
22:51:04.050 [JavaFX Application Thread] DEBUG Engine               - Running on OS: Windows 11 version 10.0
22:51:04.051 [JavaFX Application Thread] DEBUG Engine               - Architecture: amd64
22:51:04.051 [JavaFX Application Thread] INFO  Engine               - Source code and latest versions at: https://github.com/AlmasB/FXGL
22:51:04.051 [JavaFX Application Thread] INFO  Engine               -       Ask questions and discuss at: https://github.com/AlmasB/FXGL/discussions
22:51:04.051 [JavaFX Application Thread] INFO  Engine               -              Join the FXGL chat at: https://gitter.im/AlmasB/FXGL
22:51:04.132 [JavaFX Application Thread] DEBUG PrimaryStageWindow   - Creating a JavaFX scene
22:51:04.174 [JavaFX Application Thread] DEBUG PrimaryStageWindow   - Target settings size: 1488.0 x 624.0
22:51:04.175 [JavaFX Application Thread] DEBUG PrimaryStageWindow   - Scaled scene size:    1488.0 x 624.0
22:51:04.175 [JavaFX Application Thread] DEBUG PrimaryStageWindow   - Scaled ratio: (1.0, 1.0)
22:51:04.177 [JavaFX Application Thread] DEBUG PrimaryStageWindow   - Set initial scene to FXGLStartupScene
22:51:04.185 [JavaFX Application Thread] DEBUG PrimaryStageWindow   - Opening main window
22:51:04.266 [JavaFX Application Thread] DEBUG PrimaryStageWindow   - Window border size: (14.4000244140625, 37.5999755859375)
22:51:04.266 [JavaFX Application Thread] DEBUG PrimaryStageWindow   - Scaled size: 1488.0 x 624.0
22:51:04.267 [JavaFX Application Thread] DEBUG PrimaryStageWindow   - Scaled ratio: (1.0, 1.0)
22:51:04.267 [JavaFX Application Thread] DEBUG PrimaryStageWindow   - Scene size: 1488.0 x 624.0
22:51:04.267 [JavaFX Application Thread] DEBUG PrimaryStageWindow   - Stage size: 1502.4000244140625 x 661.5999755859375
22:51:04.276 [FXGL Background Thread 1 ] DEBUG Engine               - Initializing environment variables
22:51:04.332 [FXGL Background Thread 1 ] DEBUG FXGLAssetLoaderServi - User app class for loading assets: class com.example.demo.BombermanApp
22:51:04.333 [FXGL Background Thread 1 ] DEBUG GameApplicationServi - Applying CSS: fxgl_dark.css
22:51:04.333 [FXGL Background Thread 1 ] DEBUG FXGLAssetLoaderServi - Loading from file system: jar:file:///C:/Users/phamt/.m2/repository/com/github/almasb/fxgl/17.1/fxgl-17.1.jar!/fxglassets/ui/css/fxgl_dark.css
22:51:04.375 [FXGL Background Thread 1 ] DEBUG GameApplicationServi - Initializing application scenes
22:51:04.442 [FXGL Background Thread 1 ] DEBUG GameWorld            - Game world initialized
22:51:04.495 [FXGL Background Thread 1 ] DEBUG PhysicsWorld         - Physics world initialized: appHeight=624, physics.ppm=50.0
22:51:04.495 [FXGL Background Thread 1 ] DEBUG PhysicsWorld         - Using strategy: BRUTE_FORCE
22:51:04.501 [FXGL Background Thread 1 ] DEBUG GameScene            - Game scene initialized: 1488x624
22:51:04.563 [FXGL Background Thread 1 ] DEBUG GameApplicationServi - Application scenes initialized
22:51:04.579 [FXGL Background Thread 1 ] DEBUG SystemBundleService  - Loading FXGL system data
22:51:04.584 [FXGL Background Thread 1 ] DEBUG FileSystemAccess     - Reading from: C:\java_new\bombermanGame\system\fxgl.bundle
22:51:04.595 [FXGL Background Thread 1 ] DEBUG SystemBundleService  - Bundle FXGL: {}
22:51:04.595 [FXGL Background Thread 1 ] DEBUG UpdaterService       - Checking for updates
22:51:04.602 [FXGL Background Thread 4 ] DEBUG FXGLApplication      - Loading fonts
22:51:04.602 [FXGL Background Thread 1 ] DEBUG FXGLApplication      - Loading default localization
22:51:04.603 [FXGL Background Thread 4 ] WARN  FXGLAssetLoaderServi - Asset "/assets/ui/fonts/game_font.ttf" was not found!
22:51:04.603 [FXGL Background Thread 4 ] WARN  FXGLAssetLoaderServi - Failed to load FONT
22:51:04.603 [FXGL Background Thread 1 ] DEBUG FXGLAssetLoaderServi - Loading from file system: jar:file:///C:/Users/phamt/.m2/repository/com/github/almasb/fxgl/17.1/fxgl-17.1.jar!/fxglassets/languages/english.lang
22:51:04.604 [FXGL Background Thread 4 ] DEBUG FXGLAssetLoaderServi - Loading from file system: jar:file:///C:/Users/phamt/.m2/repository/com/github/almasb/fxgl/17.1/fxgl-17.1.jar!/fxglassets/ui/fonts/Abel-Regular.ttf
22:51:04.637 [FXGL Background Thread 1 ] INFO  FXGLApplication      - FXGL initialization took: 0.360 sec
22:51:04.660 [JavaFX Application Thread] DEBUG Input                - Registered new binding: Move Up - W
22:51:04.660 [JavaFX Application Thread] DEBUG Input                - Registered new binding: Move Down - S
22:51:04.661 [JavaFX Application Thread] DEBUG Input                - Registered new binding: Move Left - A
22:51:04.661 [JavaFX Application Thread] DEBUG Input                - Registered new binding: Move Right - D
22:51:04.662 [JavaFX Application Thread] DEBUG Input                - Registered new binding: Place Bomb - Space
22:51:04.663 [JavaFX Application Thread] DEBUG FXGLAssetLoaderServi - Loading from file system: jar:file:///C:/Users/phamt/.m2/repository/com/github/almasb/fxgl/17.1/fxgl-17.1.jar!/fxglassets/textures/fxgl_icon.png
22:51:04.676 [FXGL Background Thread 4 ] DEBUG FXGLAssetLoaderServi - Loading from file system: jar:file:///C:/Users/phamt/.m2/repository/com/github/almasb/fxgl/17.1/fxgl-17.1.jar!/fxglassets/ui/fonts/TerminalLandMono-Regular.otf
22:51:04.681 [FXGL Background Thread 4 ] DEBUG FXGLAssetLoaderServi - Loading from file system: jar:file:///C:/Users/phamt/.m2/repository/com/github/almasb/fxgl/17.1/fxgl-17.1.jar!/fxglassets/ui/fonts/Courier-Prime.ttf
22:51:04.718 [JavaFX Application Thread] DEBUG FXGLAssetLoaderServi - Loading from file system: jar:file:///C:/Users/phamt/.m2/repository/com/github/almasb/fxgl/17.1/fxgl-17.1.jar!/fxglassets/textures/fxgl_default_cursor.png
22:51:04.722 [JavaFX Application Thread] DEBUG Input                - Registered new binding: Screenshot - CTRL+8
22:51:04.723 [JavaFX Application Thread] DEBUG Input                - Registered new binding: System info dump - CTRL+9
22:51:04.724 [JavaFX Application Thread] DEBUG Input                - Registered new binding: Restart - CTRL+R
22:51:04.726 [JavaFX Application Thread] DEBUG Input                - Registered new binding: Toggle Debug Camera - CTRL+7
22:51:04.734 [JavaFX Application Thread] DEBUG LoopRunner           - Starting loop
22:51:04.734 [JavaFX Application Thread] DEBUG LoopRunner           - Initializing JavaFX AnimationTimerLoop
22:51:04.744 [JavaFX Application Thread] DEBUG Input                - Clearing active input actions
22:51:04.751 [JavaFX Application Thread] DEBUG GameApplicationServi - Removing overlay from FXGLStartupScene and adding to FXGLMainMenuDummyScene
22:51:04.752 [JavaFX Application Thread] DEBUG PrimaryStageWindow   - FXGLStartupScene -> FXGLMainMenuDummyScene
22:51:04.752 [JavaFX Application Thread] DEBUG PrimaryStageWindow   - Push state: MainMenu
22:51:04.752 [JavaFX Application Thread] DEBUG Input                - Clearing active input actions
22:51:04.766 [JavaFX Application Thread] DEBUG GameApplicationServi - Removing overlay from FXGLMainMenuDummyScene and adding to MainMenu
22:51:04.766 [JavaFX Application Thread] DEBUG PrimaryStageWindow   - FXGLMainMenuDummyScene -> MainMenu
22:51:04.787 [JavaFX Application Thread] DEBUG FXGLApplication      - Registering font factories with UI factory
22:51:05.551 [FXGL Background Thread 2 ] INFO  UpdaterService       - Your current version:  17.1
22:51:05.552 [FXGL Background Thread 2 ] INFO  UpdaterService       - Latest stable version: 17.2
22:51:05.733 [JavaFX Application Thread] DEBUG Menu                 - fireNewGame()
22:51:05.733 [JavaFX Application Thread] DEBUG GameApplicationServi - Starting new game
22:51:05.734 [JavaFX Application Thread] DEBUG PrimaryStageWindow   - Pop state: MainMenu
22:51:05.734 [JavaFX Application Thread] DEBUG Input                - Clearing active input actions
22:51:05.734 [JavaFX Application Thread] DEBUG GameApplicationServi - Removing overlay from MainMenu and adding to FXGLMainMenuDummyScene
22:51:05.734 [JavaFX Application Thread] DEBUG PrimaryStageWindow   - FXGLMainMenuDummyScene <- MainMenu
22:51:05.735 [JavaFX Application Thread] DEBUG Input                - Clearing active input actions
22:51:05.741 [JavaFX Application Thread] DEBUG GameApplicationServi - Removing overlay from FXGLMainMenuDummyScene and adding to FXGLLoadingScene
22:51:05.742 [JavaFX Application Thread] DEBUG PrimaryStageWindow   - FXGLMainMenuDummyScene -> FXGLLoadingScene
22:51:05.742 [JavaFX Application Thread] DEBUG GameApplicationServi - Clearing previous game
22:51:05.742 [JavaFX Application Thread] DEBUG GameScene            - Clearing game scene
22:51:05.742 [JavaFX Application Thread] DEBUG GameWorld            - Clearing game world
22:51:05.742 [JavaFX Application Thread] DEBUG PhysicsWorld         - Clearing physics world
22:51:05.746 [FXGL Background Thread 2 ] DEBUG FXGLApplication      - Initializing game
22:51:05.791 [FXGL Background Thread 2 ] WARN  TMXLevelLoader       - TiledMap generated from 1.9.2. Supported version: 1.4.2. Some features may not be parsed fully.
22:51:05.809 [FXGL Background Thread 2 ] DEBUG TMXLevelLoader       - Parsed TiledMap: file:/C:/java_new/bombermanGame/target/classes/assets/levels/map1.tmx
22:51:05.812 [FXGL Background Thread 2 ] DEBUG TMXLevelLoader       - Creating tile layer entities
22:51:05.813 [FXGL Background Thread 2 ] DEBUG TilesetLoader        - Loading view for layer Tile Layer 1
22:51:05.818 [FXGL Background Thread 2 ] DEBUG TilesetLoader        - Created buffer with size 1488.0x624.0
22:51:05.840 [FXGL Background Thread 2 ] DEBUG TMXLevelLoader       - Creating object layer entities
22:51:05.861 [FXGL Background Thread 2 ] DEBUG FXGLAssetLoaderServi - Loading from file system: file:/C:/java_new/bombermanGame/target/classes/assets/textures/player_down.png
22:51:05.863 [FXGL Background Thread 2 ] DEBUG FXGLAssetLoaderServi - Loading from file system: file:/C:/java_new/bombermanGame/target/classes/assets/textures/player_right.png
22:51:05.865 [FXGL Background Thread 2 ] DEBUG FXGLAssetLoaderServi - Loading from file system: file:/C:/java_new/bombermanGame/target/classes/assets/textures/player_up.png
22:51:05.866 [FXGL Background Thread 2 ] DEBUG FXGLAssetLoaderServi - Loading from file system: file:/C:/java_new/bombermanGame/target/classes/assets/textures/player_left.png
22:51:05.917 [FXGL Background Thread 2 ] WARN  FXGLAssetLoaderServi - Asset "/assets/textures/brick.png" was not found!
22:51:05.917 [FXGL Background Thread 2 ] WARN  FXGLAssetLoaderServi - Failed to load IMAGE
22:51:05.944 [FXGL Background Thread 2 ] WARN  FXGLAssetLoaderServi - Asset "/assets/textures/brick.png" was not found!
22:51:05.944 [FXGL Background Thread 2 ] WARN  FXGLAssetLoaderServi - Failed to load IMAGE
22:51:05.946 [FXGL Background Thread 2 ] WARN  FXGLAssetLoaderServi - Asset "/assets/textures/brick.png" was not found!
22:51:05.946 [FXGL Background Thread 2 ] WARN  FXGLAssetLoaderServi - Failed to load IMAGE
22:51:05.947 [FXGL Background Thread 2 ] WARN  FXGLAssetLoaderServi - Asset "/assets/textures/brick.png" was not found!
22:51:05.947 [FXGL Background Thread 2 ] WARN  FXGLAssetLoaderServi - Failed to load IMAGE
22:51:05.948 [FXGL Background Thread 2 ] WARN  FXGLAssetLoaderServi - Asset "/assets/textures/brick.png" was not found!
22:51:05.949 [FXGL Background Thread 2 ] WARN  FXGLAssetLoaderServi - Failed to load IMAGE
22:51:05.950 [FXGL Background Thread 2 ] WARN  FXGLAssetLoaderServi - Asset "/assets/textures/brick.png" was not found!
22:51:05.950 [FXGL Background Thread 2 ] WARN  FXGLAssetLoaderServi - Failed to load IMAGE
22:51:05.952 [FXGL Background Thread 2 ] WARN  FXGLAssetLoaderServi - Asset "/assets/textures/brick.png" was not found!
22:51:05.952 [FXGL Background Thread 2 ] WARN  FXGLAssetLoaderServi - Failed to load IMAGE
22:51:05.953 [FXGL Background Thread 2 ] WARN  FXGLAssetLoaderServi - Asset "/assets/textures/brick.png" was not found!
22:51:05.954 [FXGL Background Thread 2 ] WARN  FXGLAssetLoaderServi - Failed to load IMAGE
22:51:05.954 [FXGL Background Thread 2 ] WARN  FXGLAssetLoaderServi - Asset "/assets/textures/brick.png" was not found!
22:51:05.954 [FXGL Background Thread 2 ] WARN  FXGLAssetLoaderServi - Failed to load IMAGE
22:51:05.957 [FXGL Background Thread 2 ] WARN  FXGLAssetLoaderServi - Asset "/assets/textures/brick.png" was not found!
22:51:05.957 [FXGL Background Thread 2 ] WARN  FXGLAssetLoaderServi - Failed to load IMAGE
22:51:05.959 [FXGL Background Thread 2 ] WARN  FXGLAssetLoaderServi - Asset "/assets/textures/brick.png" was not found!
22:51:05.960 [FXGL Background Thread 2 ] WARN  FXGLAssetLoaderServi - Failed to load IMAGE
22:51:05.961 [FXGL Background Thread 2 ] WARN  FXGLAssetLoaderServi - Asset "/assets/textures/brick.png" was not found!
22:51:05.961 [FXGL Background Thread 2 ] WARN  FXGLAssetLoaderServi - Failed to load IMAGE
22:51:05.963 [FXGL Background Thread 2 ] WARN  FXGLAssetLoaderServi - Asset "/assets/textures/brick.png" was not found!
22:51:05.963 [FXGL Background Thread 2 ] WARN  FXGLAssetLoaderServi - Failed to load IMAGE
22:51:05.964 [FXGL Background Thread 2 ] WARN  FXGLAssetLoaderServi - Asset "/assets/textures/brick.png" was not found!
22:51:05.965 [FXGL Background Thread 2 ] WARN  FXGLAssetLoaderServi - Failed to load IMAGE
22:51:05.966 [FXGL Background Thread 2 ] WARN  FXGLAssetLoaderServi - Asset "/assets/textures/brick.png" was not found!
22:51:05.966 [FXGL Background Thread 2 ] WARN  FXGLAssetLoaderServi - Failed to load IMAGE
22:51:05.967 [FXGL Background Thread 2 ] WARN  FXGLAssetLoaderServi - Asset "/assets/textures/brick.png" was not found!
22:51:05.968 [FXGL Background Thread 2 ] WARN  FXGLAssetLoaderServi - Failed to load IMAGE
22:51:05.969 [FXGL Background Thread 2 ] WARN  FXGLAssetLoaderServi - Asset "/assets/textures/brick.png" was not found!
22:51:05.969 [FXGL Background Thread 2 ] WARN  FXGLAssetLoaderServi - Failed to load IMAGE
22:51:05.971 [FXGL Background Thread 2 ] WARN  FXGLAssetLoaderServi - Asset "/assets/textures/brick.png" was not found!
22:51:05.971 [FXGL Background Thread 2 ] WARN  FXGLAssetLoaderServi - Failed to load IMAGE
22:51:05.972 [FXGL Background Thread 2 ] WARN  FXGLAssetLoaderServi - Asset "/assets/textures/brick.png" was not found!
22:51:05.973 [FXGL Background Thread 2 ] WARN  FXGLAssetLoaderServi - Failed to load IMAGE
22:51:05.974 [FXGL Background Thread 2 ] WARN  FXGLAssetLoaderServi - Asset "/assets/textures/brick.png" was not found!
22:51:05.974 [FXGL Background Thread 2 ] WARN  FXGLAssetLoaderServi - Failed to load IMAGE
22:51:05.975 [FXGL Background Thread 2 ] WARN  FXGLAssetLoaderServi - Asset "/assets/textures/brick.png" was not found!
22:51:05.976 [FXGL Background Thread 2 ] WARN  FXGLAssetLoaderServi - Failed to load IMAGE
22:51:05.977 [FXGL Background Thread 2 ] WARN  FXGLAssetLoaderServi - Asset "/assets/textures/brick.png" was not found!
22:51:05.977 [FXGL Background Thread 2 ] WARN  FXGLAssetLoaderServi - Failed to load IMAGE
22:51:05.978 [FXGL Background Thread 2 ] WARN  FXGLAssetLoaderServi - Asset "/assets/textures/brick.png" was not found!
22:51:05.978 [FXGL Background Thread 2 ] WARN  FXGLAssetLoaderServi - Failed to load IMAGE
22:51:05.979 [FXGL Background Thread 2 ] WARN  FXGLAssetLoaderServi - Asset "/assets/textures/brick.png" was not found!
22:51:05.980 [FXGL Background Thread 2 ] WARN  FXGLAssetLoaderServi - Failed to load IMAGE
22:51:05.981 [FXGL Background Thread 2 ] WARN  FXGLAssetLoaderServi - Asset "/assets/textures/brick.png" was not found!
22:51:05.981 [FXGL Background Thread 2 ] WARN  FXGLAssetLoaderServi - Failed to load IMAGE
22:51:05.982 [FXGL Background Thread 2 ] WARN  FXGLAssetLoaderServi - Asset "/assets/textures/brick.png" was not found!
22:51:05.982 [FXGL Background Thread 2 ] WARN  FXGLAssetLoaderServi - Failed to load IMAGE
22:51:05.983 [FXGL Background Thread 2 ] WARN  FXGLAssetLoaderServi - Asset "/assets/textures/brick.png" was not found!
22:51:05.983 [FXGL Background Thread 2 ] WARN  FXGLAssetLoaderServi - Failed to load IMAGE
22:51:05.985 [FXGL Background Thread 2 ] WARN  FXGLAssetLoaderServi - Asset "/assets/textures/brick.png" was not found!
22:51:05.985 [FXGL Background Thread 2 ] WARN  FXGLAssetLoaderServi - Failed to load IMAGE
22:51:05.986 [FXGL Background Thread 2 ] WARN  FXGLAssetLoaderServi - Asset "/assets/textures/brick.png" was not found!
22:51:05.986 [FXGL Background Thread 2 ] WARN  FXGLAssetLoaderServi - Failed to load IMAGE
22:51:05.987 [FXGL Background Thread 2 ] WARN  FXGLAssetLoaderServi - Asset "/assets/textures/brick.png" was not found!
22:51:05.987 [FXGL Background Thread 2 ] WARN  FXGLAssetLoaderServi - Failed to load IMAGE
22:51:05.988 [FXGL Background Thread 2 ] WARN  FXGLAssetLoaderServi - Asset "/assets/textures/brick.png" was not found!
22:51:05.989 [FXGL Background Thread 2 ] WARN  FXGLAssetLoaderServi - Failed to load IMAGE
22:51:05.989 [FXGL Background Thread 2 ] WARN  FXGLAssetLoaderServi - Asset "/assets/textures/brick.png" was not found!
22:51:05.990 [FXGL Background Thread 2 ] WARN  FXGLAssetLoaderServi - Failed to load IMAGE
22:51:05.991 [FXGL Background Thread 2 ] WARN  FXGLAssetLoaderServi - Asset "/assets/textures/brick.png" was not found!
22:51:05.991 [FXGL Background Thread 2 ] WARN  FXGLAssetLoaderServi - Failed to load IMAGE
22:51:05.992 [FXGL Background Thread 2 ] WARN  FXGLAssetLoaderServi - Asset "/assets/textures/brick.png" was not found!
22:51:05.992 [FXGL Background Thread 2 ] WARN  FXGLAssetLoaderServi - Failed to load IMAGE
22:51:05.993 [FXGL Background Thread 2 ] WARN  FXGLAssetLoaderServi - Asset "/assets/textures/brick.png" was not found!
22:51:05.994 [FXGL Background Thread 2 ] WARN  FXGLAssetLoaderServi - Failed to load IMAGE
22:51:05.994 [FXGL Background Thread 2 ] WARN  FXGLAssetLoaderServi - Asset "/assets/textures/brick.png" was not found!
22:51:05.994 [FXGL Background Thread 2 ] WARN  FXGLAssetLoaderServi - Failed to load IMAGE
22:51:05.996 [FXGL Background Thread 2 ] WARN  FXGLAssetLoaderServi - Asset "/assets/textures/brick.png" was not found!
22:51:05.996 [FXGL Background Thread 2 ] WARN  FXGLAssetLoaderServi - Failed to load IMAGE
22:51:05.997 [FXGL Background Thread 2 ] WARN  FXGLAssetLoaderServi - Asset "/assets/textures/brick.png" was not found!
22:51:05.997 [FXGL Background Thread 2 ] WARN  FXGLAssetLoaderServi - Failed to load IMAGE
22:51:05.998 [FXGL Background Thread 2 ] WARN  FXGLAssetLoaderServi - Asset "/assets/textures/brick.png" was not found!
22:51:05.998 [FXGL Background Thread 2 ] WARN  FXGLAssetLoaderServi - Failed to load IMAGE
22:51:05.999 [FXGL Background Thread 2 ] WARN  FXGLAssetLoaderServi - Asset "/assets/textures/brick.png" was not found!
22:51:05.999 [FXGL Background Thread 2 ] WARN  FXGLAssetLoaderServi - Failed to load IMAGE
22:51:06.000 [FXGL Background Thread 2 ] WARN  FXGLAssetLoaderServi - Asset "/assets/textures/brick.png" was not found!
22:51:06.000 [FXGL Background Thread 2 ] WARN  FXGLAssetLoaderServi - Failed to load IMAGE
22:51:06.001 [FXGL Background Thread 2 ] WARN  FXGLAssetLoaderServi - Asset "/assets/textures/brick.png" was not found!
22:51:06.001 [FXGL Background Thread 2 ] WARN  FXGLAssetLoaderServi - Failed to load IMAGE
22:51:06.002 [FXGL Background Thread 2 ] WARN  FXGLAssetLoaderServi - Asset "/assets/textures/brick.png" was not found!
22:51:06.002 [FXGL Background Thread 2 ] WARN  FXGLAssetLoaderServi - Failed to load IMAGE
22:51:06.003 [FXGL Background Thread 2 ] WARN  FXGLAssetLoaderServi - Asset "/assets/textures/brick.png" was not found!
22:51:06.003 [FXGL Background Thread 2 ] WARN  FXGLAssetLoaderServi - Failed to load IMAGE
22:51:06.004 [FXGL Background Thread 2 ] WARN  FXGLAssetLoaderServi - Asset "/assets/textures/brick.png" was not found!
22:51:06.004 [FXGL Background Thread 2 ] WARN  FXGLAssetLoaderServi - Failed to load IMAGE
22:51:06.005 [FXGL Background Thread 2 ] WARN  FXGLAssetLoaderServi - Asset "/assets/textures/brick.png" was not found!
22:51:06.005 [FXGL Background Thread 2 ] WARN  FXGLAssetLoaderServi - Failed to load IMAGE
22:51:06.006 [FXGL Background Thread 2 ] WARN  FXGLAssetLoaderServi - Asset "/assets/textures/brick.png" was not found!
22:51:06.006 [FXGL Background Thread 2 ] WARN  FXGLAssetLoaderServi - Failed to load IMAGE
22:51:06.008 [FXGL Background Thread 2 ] WARN  FXGLAssetLoaderServi - Asset "/assets/textures/brick.png" was not found!
22:51:06.008 [FXGL Background Thread 2 ] WARN  FXGLAssetLoaderServi - Failed to load IMAGE
22:51:06.009 [FXGL Background Thread 2 ] WARN  FXGLAssetLoaderServi - Asset "/assets/textures/brick.png" was not found!
22:51:06.009 [FXGL Background Thread 2 ] WARN  FXGLAssetLoaderServi - Failed to load IMAGE
22:51:06.010 [FXGL Background Thread 2 ] WARN  FXGLAssetLoaderServi - Asset "/assets/textures/brick.png" was not found!
22:51:06.010 [FXGL Background Thread 2 ] WARN  FXGLAssetLoaderServi - Failed to load IMAGE
22:51:06.011 [FXGL Background Thread 2 ] DEBUG GameWorld            - Clearing removable entities
22:51:06.012 [FXGL Background Thread 2 ] DEBUG GameWorld            - Setting level: com.almasb.fxgl.entity.level.Level@51f5f8f
22:51:06.038 [FXGL Background Thread 2 ] INFO  FXGLApplication      - Game initialization took: 0.292 sec
22:51:06.039 [JavaFX Application Thread] DEBUG Input                - Clearing active input actions
22:51:06.048 [JavaFX Application Thread] DEBUG GameApplicationServi - Removing overlay from FXGLLoadingScene and adding to GameScene
22:51:06.048 [JavaFX Application Thread] DEBUG PrimaryStageWindow   - FXGLLoadingScene -> GameScene
22:51:06.051 [JavaFX Application Thread] DEBUG LoopRunner           - Stopping loop
22:51:06.053 [JavaFX Application Thread] FATAL FXGLApplication      - Uncaught Exception:
java.lang.NullPointerException: Cannot invoke "java.lang.Runnable.run()" because "this.action" is null
	at com.example.demo/com.example.demo.Menu.MainMenu.lambda$newGame$3(MainMenu.java:65)
	at com.almasb.fxgl.core@17.1/com.almasb.fxgl.time.TimerAction.update(TimerAction.kt:69)
	at com.almasb.fxgl.core@17.1/com.almasb.fxgl.time.Timer.update(Timer.kt:38)
	at com.almasb.fxgl.scene@17.1/com.almasb.fxgl.scene.Scene.update(Scene.kt:104)
	at com.almasb.fxgl.all@17.1/com.almasb.fxgl.app.MainWindow$update$1.invoke(MainWindow.kt:115)
	at com.almasb.fxgl.all@17.1/com.almasb.fxgl.app.MainWindow$update$1.invoke(MainWindow.kt:115)
	at com.almasb.fxgl.core@17.1/com.almasb.fxgl.core.fsm.StateMachine.runOnActiveStates(StateMachine.kt:69)
	at com.almasb.fxgl.all@17.1/com.almasb.fxgl.app.MainWindow.update(MainWindow.kt:115)
	at com.almasb.fxgl.all@17.1/com.almasb.fxgl.app.FXGLApplication$GameApplicationService.onUpdate(FXGLApplication.kt:426)
	at com.almasb.fxgl.all@17.1/com.almasb.fxgl.app.Engine.loop(Engine.kt:134)
	at com.almasb.fxgl.all@17.1/com.almasb.fxgl.app.Engine.access$loop(Engine.kt:24)
	at com.almasb.fxgl.all@17.1/com.almasb.fxgl.app.Engine$loop$1.invoke(Engine.kt:28)
	at com.almasb.fxgl.all@17.1/com.almasb.fxgl.app.Engine$loop$1.invoke(Engine.kt:28)
	at com.almasb.fxgl.all@17.1/com.almasb.fxgl.app.LoopRunner.frame(LoopRunner.kt:103)
	at com.almasb.fxgl.all@17.1/com.almasb.fxgl.app.LoopRunner.access$frame(LoopRunner.kt:23)
	at com.almasb.fxgl.all@17.1/com.almasb.fxgl.app.LoopRunner$impl$2$1.onTick(LoopRunner.kt:57)
	at com.almasb.fxgl.all@17.1/com.almasb.fxgl.app.AnimationTimerLoop$timer$1.handle(LoopRunner.kt:137)
	at javafx.graphics@18.0.1/javafx.animation.AnimationTimer$AnimationTimerReceiver.lambda$handle$0(AnimationTimer.java:58)
	at java.base/java.security.AccessController.doPrivileged(AccessController.java:399)
	at javafx.graphics@18.0.1/javafx.animation.AnimationTimer$AnimationTimerReceiver.handle(AnimationTimer.java:57)
	at javafx.graphics@18.0.1/com.sun.scenario.animation.AbstractPrimaryTimer.timePulseImpl(AbstractPrimaryTimer.java:356)
	at javafx.graphics@18.0.1/com.sun.scenario.animation.AbstractPrimaryTimer$MainLoop.run(AbstractPrimaryTimer.java:266)
	at javafx.graphics@18.0.1/com.sun.javafx.tk.quantum.QuantumToolkit.pulse(QuantumToolkit.java:571)
	at javafx.graphics@18.0.1/com.sun.javafx.tk.quantum.QuantumToolkit.pulse(QuantumToolkit.java:555)
	at javafx.graphics@18.0.1/com.sun.javafx.tk.quantum.QuantumToolkit.pulseFromQueue(QuantumToolkit.java:548)
	at javafx.graphics@18.0.1/com.sun.javafx.tk.quantum.QuantumToolkit.lambda$runToolkit$11(QuantumToolkit.java:352)
	at javafx.graphics@18.0.1/com.sun.glass.ui.InvokeLaterDispatcher$Future.run$$$capture(InvokeLaterDispatcher.java:96)
	at javafx.graphics@18.0.1/com.sun.glass.ui.InvokeLaterDispatcher$Future.run(InvokeLaterDispatcher.java)
	at javafx.graphics@18.0.1/com.sun.glass.ui.win.WinApplication._runLoop(Native Method)
	at javafx.graphics@18.0.1/com.sun.glass.ui.win.WinApplication.lambda$runLoop$3(WinApplication.java:184)
	at java.base/java.lang.Thread.run(Thread.java:833)

22:51:06.053 [JavaFX Application Thread] FATAL FXGLApplication      - Application will now exit
22:51:06.078 [JavaFX Application Thread] DEBUG PrimaryStageWindow   - Push state: ErrorSubScene
22:51:06.079 [JavaFX Application Thread] DEBUG Input                - Clearing active input actions
22:51:06.083 [JavaFX Application Thread] DEBUG GameApplicationServi - Removing overlay from GameScene and adding to ErrorSubScene
22:51:06.083 [JavaFX Application Thread] DEBUG PrimaryStageWindow   - GameScene -> ErrorSubScene
22:51:07.601 [FXGL Background Thread 3 ] DEBUG Engine               - Logging environment variables
22:51:07.601 [FXGL Background Thread 3 ] DEBUG Engine               - achievements: []
22:51:07.601 [FXGL Background Thread 3 ] DEBUG Engine               - actualHeight: 624.0
22:51:07.602 [FXGL Background Thread 3 ] DEBUG Engine               - actualHeightProperty: ReadOnlyDoubleProperty [value: 624.0]
22:51:07.602 [FXGL Background Thread 3 ] DEBUG Engine               - actualWidth: 1488.0
22:51:07.602 [FXGL Background Thread 3 ] DEBUG Engine               - actualWidthProperty: ReadOnlyDoubleProperty [value: 1488.0]
22:51:07.602 [FXGL Background Thread 3 ] DEBUG Engine               - appIcon: fxgl_icon.png
22:51:07.602 [FXGL Background Thread 3 ] DEBUG Engine               - applicationMode: DEVELOPER
22:51:07.602 [FXGL Background Thread 3 ] DEBUG Engine               - cSSList: [fxgl_dark.css]
22:51:07.602 [FXGL Background Thread 3 ] DEBUG Engine               - collisionDetectionStrategy: BRUTE_FORCE
22:51:07.602 [FXGL Background Thread 3 ] DEBUG Engine               - configClass: Optional.empty
22:51:07.602 [FXGL Background Thread 3 ] DEBUG Engine               - credits: []
22:51:07.603 [FXGL Background Thread 3 ] DEBUG Engine               - defaultCursor: CursorInfo(imageName=fxgl_default_cursor.png, hotspotX=7.0, hotspotY=6.0)
22:51:07.603 [FXGL Background Thread 3 ] DEBUG Engine               - devBBoxColorProperty: ObjectProperty [value: 0xff0000ff]
22:51:07.603 [FXGL Background Thread 3 ] DEBUG Engine               - devEnableDebugCameraProperty: BooleanProperty [value: false]
22:51:07.603 [FXGL Background Thread 3 ] DEBUG Engine               - devSensorColorProperty: ObjectProperty [value: 0xffff00ff]
22:51:07.603 [FXGL Background Thread 3 ] DEBUG Engine               - devShowBBoxProperty: BooleanProperty [value: false]
22:51:07.603 [FXGL Background Thread 3 ] DEBUG Engine               - devShowPositionProperty: BooleanProperty [value: false]
22:51:07.603 [FXGL Background Thread 3 ] DEBUG Engine               - enabledMenuItems: []
22:51:07.603 [FXGL Background Thread 3 ] DEBUG Engine               - engineServices: [class com.almasb.fxgl.app.services.FXGLAssetLoaderService, class com.almasb.fxgl.app.FXGLApplication$GameApplicationService, class com.almasb.fxgl.app.services.FXGLDialogService, class com.almasb.fxgl.app.services.IOTaskExecutorService, class com.almasb.fxgl.io.FileSystemService, class com.almasb.fxgl.localization.LocalizationService, class com.almasb.fxgl.app.services.SystemBundleService, class com.almasb.fxgl.profile.SaveLoadService, class com.almasb.fxgl.ui.FXGLUIFactoryServiceProvider, class com.almasb.fxgl.ui.FXGLDialogFactoryServiceProvider, class com.almasb.fxgl.audio.AudioPlayer, class com.almasb.fxgl.notification.impl.NotificationServiceProvider, class com.almasb.fxgl.achievement.AchievementService, class com.almasb.fxgl.cutscene.CutsceneService, class com.almasb.fxgl.minigames.MiniGameService, class com.almasb.fxgl.net.NetService, class com.almasb.fxgl.app.services.UpdaterService, class com.almasb.fxgl.dev.DevService]
22:51:07.603 [FXGL Background Thread 3 ] DEBUG Engine               - fontGame: Abel-Regular.ttf
22:51:07.603 [FXGL Background Thread 3 ] DEBUG Engine               - fontMono: TerminalLandMono-Regular.otf
22:51:07.604 [FXGL Background Thread 3 ] DEBUG Engine               - fontText: Courier-Prime.ttf
22:51:07.604 [FXGL Background Thread 3 ] DEBUG Engine               - fontUI: game_font.ttf
22:51:07.604 [FXGL Background Thread 3 ] DEBUG Engine               - fullScreen: BooleanProperty [value: false]
22:51:07.604 [FXGL Background Thread 3 ] DEBUG Engine               - gameDifficulty: MEDIUM
22:51:07.604 [FXGL Background Thread 3 ] DEBUG Engine               - gameDifficultyProperty: ObjectProperty [value: MEDIUM]
22:51:07.604 [FXGL Background Thread 3 ] DEBUG Engine               - globalMusicVolume: 0.5
22:51:07.604 [FXGL Background Thread 3 ] DEBUG Engine               - globalMusicVolumeProperty: DoubleProperty [value: 0.5]
22:51:07.604 [FXGL Background Thread 3 ] DEBUG Engine               - globalSoundVolume: 0.5
22:51:07.604 [FXGL Background Thread 3 ] DEBUG Engine               - globalSoundVolumeProperty: DoubleProperty [value: 0.5]
22:51:07.604 [FXGL Background Thread 3 ] DEBUG Engine               - height: 624
22:51:07.604 [FXGL Background Thread 3 ] DEBUG Engine               - is3D: false
22:51:07.604 [FXGL Background Thread 3 ] DEBUG Engine               - isAndroid: false
22:51:07.604 [FXGL Background Thread 3 ] DEBUG Engine               - isBrowser: false
22:51:07.604 [FXGL Background Thread 3 ] DEBUG Engine               - isClickFeedbackEnabled: false
22:51:07.604 [FXGL Background Thread 3 ] DEBUG Engine               - isCloseConfirmation: false
22:51:07.604 [FXGL Background Thread 3 ] DEBUG Engine               - isDesktop: true
22:51:07.604 [FXGL Background Thread 3 ] DEBUG Engine               - isDeveloperMenuEnabled: false
22:51:07.604 [FXGL Background Thread 3 ] DEBUG Engine               - isEmbedded: false
22:51:07.604 [FXGL Background Thread 3 ] DEBUG Engine               - isEntityPreloadEnabled: true
22:51:07.604 [FXGL Background Thread 3 ] DEBUG Engine               - isExperimentalTiledLargeMap: false
22:51:07.604 [FXGL Background Thread 3 ] DEBUG Engine               - isFileSystemWriteAllowed: true
22:51:07.604 [FXGL Background Thread 3 ] DEBUG Engine               - isFullScreenAllowed: false
22:51:07.604 [FXGL Background Thread 3 ] DEBUG Engine               - isFullScreenFromStart: false
22:51:07.604 [FXGL Background Thread 3 ] DEBUG Engine               - isGameMenuEnabled: true
22:51:07.604 [FXGL Background Thread 3 ] DEBUG Engine               - isIOS: false
22:51:07.604 [FXGL Background Thread 3 ] DEBUG Engine               - isIntroEnabled: false
22:51:07.604 [FXGL Background Thread 3 ] DEBUG Engine               - isLinux: false
22:51:07.604 [FXGL Background Thread 3 ] DEBUG Engine               - isMac: false
22:51:07.604 [FXGL Background Thread 3 ] DEBUG Engine               - isMainMenuEnabled: true
22:51:07.604 [FXGL Background Thread 3 ] DEBUG Engine               - isManualResizeEnabled: false
22:51:07.604 [FXGL Background Thread 3 ] DEBUG Engine               - isMobile: false
22:51:07.604 [FXGL Background Thread 3 ] DEBUG Engine               - isNative: false
22:51:07.604 [FXGL Background Thread 3 ] DEBUG Engine               - isPauseMusicWhenMinimized: true
22:51:07.604 [FXGL Background Thread 3 ] DEBUG Engine               - isPreserveResizeRatio: false
22:51:07.604 [FXGL Background Thread 3 ] DEBUG Engine               - isProfilingEnabled: false
22:51:07.605 [FXGL Background Thread 3 ] DEBUG Engine               - isScaleAffectedOnResize: true
22:51:07.605 [FXGL Background Thread 3 ] DEBUG Engine               - isSingleStep: false
22:51:07.605 [FXGL Background Thread 3 ] DEBUG Engine               - isUserProfileEnabled: false
22:51:07.605 [FXGL Background Thread 3 ] DEBUG Engine               - isWindows: true
22:51:07.605 [FXGL Background Thread 3 ] DEBUG Engine               - language: ObjectProperty [value: ENGLISH]
22:51:07.605 [FXGL Background Thread 3 ] DEBUG Engine               - menuKey: ESCAPE
22:51:07.605 [FXGL Background Thread 3 ] DEBUG Engine               - mouseSensitivity: 0.2
22:51:07.605 [FXGL Background Thread 3 ] DEBUG Engine               - notificationViewClass: class com.almasb.fxgl.notification.view.XboxNotificationView
22:51:07.605 [FXGL Background Thread 3 ] DEBUG Engine               - pixelsPerMeter: 50.0
22:51:07.605 [FXGL Background Thread 3 ] DEBUG Engine               - platform: WINDOWS
22:51:07.605 [FXGL Background Thread 3 ] DEBUG Engine               - prefHeightProperty: ReadOnlyDoubleProperty [value: 624.0]
22:51:07.605 [FXGL Background Thread 3 ] DEBUG Engine               - prefWidthProperty: ReadOnlyDoubleProperty [value: 1488.0]
22:51:07.605 [FXGL Background Thread 3 ] DEBUG Engine               - profileDir: profiles/
22:51:07.605 [FXGL Background Thread 3 ] DEBUG Engine               - profileName: StringProperty [value: DEFAULT]
22:51:07.605 [FXGL Background Thread 3 ] DEBUG Engine               - randomSeed: -1
22:51:07.606 [FXGL Background Thread 3 ] DEBUG Engine               - runtimeInfo: RuntimeInfo(platform=WINDOWS, version=17.1, build=24.03.2022 17.34)
22:51:07.606 [FXGL Background Thread 3 ] DEBUG Engine               - saveFileExt: sav
22:51:07.606 [FXGL Background Thread 3 ] DEBUG Engine               - scaledHeightProp$fxgl: DoubleProperty [bound, value: 624.0]
22:51:07.606 [FXGL Background Thread 3 ] DEBUG Engine               - scaledWidthProp$fxgl: DoubleProperty [bound, value: 1488.0]
22:51:07.606 [FXGL Background Thread 3 ] DEBUG Engine               - sceneFactory: com.example.demo.BombermanApp$1@2fab1d35
22:51:07.606 [FXGL Background Thread 3 ] DEBUG Engine               - secondsIn24h: 60
22:51:07.606 [FXGL Background Thread 3 ] DEBUG Engine               - soundMenuBack: menu/back.wav
22:51:07.606 [FXGL Background Thread 3 ] DEBUG Engine               - soundMenuPress: menu/press.wav
22:51:07.606 [FXGL Background Thread 3 ] DEBUG Engine               - soundMenuSelect: menu/select.wav
22:51:07.606 [FXGL Background Thread 3 ] DEBUG Engine               - soundNotification: core/notification.wav
22:51:07.606 [FXGL Background Thread 3 ] DEBUG Engine               - stageStyle: DECORATED
22:51:07.606 [FXGL Background Thread 3 ] DEBUG Engine               - supportedLanguages: [ENGLISH, FRENCH, GERMAN, HUNGARIAN, RUSSIAN]
22:51:07.606 [FXGL Background Thread 3 ] DEBUG Engine               - ticksPerSecond: -1
22:51:07.606 [FXGL Background Thread 3 ] DEBUG Engine               - title: BOMBER MAN
22:51:07.606 [FXGL Background Thread 3 ] DEBUG Engine               - urlGithub: https://github.com/AlmasB/FXGL
22:51:07.606 [FXGL Background Thread 3 ] DEBUG Engine               - urlLeaderboard: http://fxgl-top.herokuapp.com/
22:51:07.606 [FXGL Background Thread 3 ] DEBUG Engine               - urlPOM: https://raw.githubusercontent.com/AlmasB/FXGL/release/README.md
22:51:07.606 [FXGL Background Thread 3 ] DEBUG Engine               - userAppClass: class com.example.demo.BombermanApp
22:51:07.606 [FXGL Background Thread 3 ] DEBUG Engine               - version: 1.0
22:51:07.606 [FXGL Background Thread 3 ] DEBUG Engine               - versionCheckDays: 7
22:51:07.606 [FXGL Background Thread 3 ] DEBUG Engine               - width: 1488
22:51:07.606 [FXGL Background Thread 3 ] DEBUG Engine               - Logging services
22:51:07.606 [FXGL Background Thread 3 ] DEBUG Engine               - class com.almasb.fxgl.app.services.FXGLAssetLoaderService
22:51:07.607 [FXGL Background Thread 3 ] DEBUG Engine               - class com.almasb.fxgl.app.FXGLApplication$GameApplicationService
22:51:07.607 [FXGL Background Thread 3 ] DEBUG Engine               - class com.almasb.fxgl.app.services.FXGLDialogService
22:51:07.607 [FXGL Background Thread 3 ] DEBUG Engine               - class com.almasb.fxgl.app.services.IOTaskExecutorService
22:51:07.607 [FXGL Background Thread 3 ] DEBUG Engine               - class com.almasb.fxgl.io.FileSystemService
22:51:07.607 [FXGL Background Thread 3 ] DEBUG Engine               - class com.almasb.fxgl.localization.LocalizationService
22:51:07.607 [FXGL Background Thread 3 ] DEBUG Engine               - class com.almasb.fxgl.app.services.SystemBundleService
22:51:07.607 [FXGL Background Thread 3 ] DEBUG Engine               - class com.almasb.fxgl.profile.SaveLoadService
22:51:07.607 [FXGL Background Thread 3 ] DEBUG Engine               - class com.almasb.fxgl.ui.FXGLUIFactoryServiceProvider
22:51:07.607 [FXGL Background Thread 3 ] DEBUG Engine               - class com.almasb.fxgl.ui.FXGLDialogFactoryServiceProvider
22:51:07.607 [FXGL Background Thread 3 ] DEBUG Engine               - class com.almasb.fxgl.audio.AudioPlayer
22:51:07.607 [FXGL Background Thread 3 ] DEBUG Engine               - class com.almasb.fxgl.notification.impl.NotificationServiceProvider
22:51:07.607 [FXGL Background Thread 3 ] DEBUG Engine               - class com.almasb.fxgl.achievement.AchievementService
22:51:07.607 [FXGL Background Thread 3 ] DEBUG Engine               - class com.almasb.fxgl.cutscene.CutsceneService
22:51:07.607 [FXGL Background Thread 3 ] DEBUG Engine               - class com.almasb.fxgl.minigames.MiniGameService
22:51:07.607 [FXGL Background Thread 3 ] DEBUG Engine               - class com.almasb.fxgl.net.NetService
22:51:07.607 [FXGL Background Thread 3 ] DEBUG Engine               - class com.almasb.fxgl.app.services.UpdaterService
22:51:07.607 [FXGL Background Thread 3 ] DEBUG Engine               - class com.almasb.fxgl.dev.DevService
22:51:07.777 [JavaFX Application Thread] DEBUG FXGLApplication      - Exiting FXGL
22:51:07.777 [JavaFX Application Thread] DEBUG Async                - Shutting down background threads
22:51:07.777 [JavaFX Application Thread] DEBUG PrimaryStageWindow   - Closing main window
22:51:07.798 [JavaFX Application Thread] DEBUG Logger               - Closing Logger
