21:39:46.400 [main                     ] DEBUG Logger               - Configured Logger
21:39:46.437 [main                     ] DEBUG GameApplication      - Logging settings
Title: Untitled
Version: 0.0
Width: 1488
Height: 624
Fullscreen: false
Intro: false
Profiling: false
Single step:false
App Mode: DEVELOPER
Menu Key: ESCAPE
Stage Style: DECORATED
Scene Factory: class com.almasb.fxgl.app.scene.SceneFactory

21:39:46.835 [JavaFX Application Thread] DEBUG FXGLApplication      - Initializing FXGL
21:39:46.843 [JavaFX Application Thread] INFO  Engine               - FXGL-17.1 (24.03.2022 17.34) on WINDOWS (J:18.0.2.1 FX:18.0.1)
21:39:46.844 [JavaFX Application Thread] DEBUG Engine               - JRE Vendor Name: Oracle Corporation
21:39:46.844 [JavaFX Application Thread] DEBUG Engine               - Running on OS: Windows 10 version 10.0
21:39:46.844 [JavaFX Application Thread] DEBUG Engine               - Architecture: amd64
21:39:46.844 [JavaFX Application Thread] INFO  Engine               - Source code and latest versions at: https://github.com/AlmasB/FXGL
21:39:46.844 [JavaFX Application Thread] INFO  Engine               -       Ask questions and discuss at: https://github.com/AlmasB/FXGL/discussions
21:39:46.845 [JavaFX Application Thread] INFO  Engine               -              Join the FXGL chat at: https://gitter.im/AlmasB/FXGL
21:39:46.929 [JavaFX Application Thread] DEBUG PrimaryStageWindow   - Creating a JavaFX scene
21:39:46.972 [JavaFX Application Thread] DEBUG PrimaryStageWindow   - Target settings size: 1488.0 x 624.0
21:39:46.972 [JavaFX Application Thread] DEBUG PrimaryStageWindow   - Scaled scene size:    1488.0 x 624.0
21:39:46.972 [JavaFX Application Thread] DEBUG PrimaryStageWindow   - Scaled ratio: (1.0, 1.0)
21:39:46.973 [JavaFX Application Thread] DEBUG PrimaryStageWindow   - Set initial scene to FXGLStartupScene
21:39:46.978 [JavaFX Application Thread] DEBUG PrimaryStageWindow   - Opening main window
21:39:47.059 [JavaFX Application Thread] DEBUG PrimaryStageWindow   - Window border size: (14.4000244140625, 37.5999755859375)
21:39:47.060 [JavaFX Application Thread] DEBUG PrimaryStageWindow   - Scaled size: 1488.0 x 624.0
21:39:47.061 [JavaFX Application Thread] DEBUG PrimaryStageWindow   - Scaled ratio: (1.0, 1.0)
21:39:47.061 [JavaFX Application Thread] DEBUG PrimaryStageWindow   - Scene size: 1488.0 x 624.0
21:39:47.061 [JavaFX Application Thread] DEBUG PrimaryStageWindow   - Stage size: 1502.4000244140625 x 661.5999755859375
21:39:47.077 [FXGL Background Thread 1 ] DEBUG Engine               - Initializing environment variables
21:39:47.146 [FXGL Background Thread 1 ] DEBUG FXGLAssetLoaderServi - User app class for loading assets: class com.example.demo.BombermanApp
21:39:47.146 [FXGL Background Thread 1 ] DEBUG GameApplicationServi - Applying CSS: fxgl_dark.css
21:39:47.150 [FXGL Background Thread 1 ] DEBUG FXGLAssetLoaderServi - Loading from file system: jar:file:///C:/Users/DELL/.m2/repository/com/github/almasb/fxgl/17.1/fxgl-17.1.jar!/fxglassets/ui/css/fxgl_dark.css
21:39:47.209 [FXGL Background Thread 1 ] DEBUG GameApplicationServi - Initializing application scenes
21:39:47.267 [FXGL Background Thread 1 ] DEBUG GameWorld            - Game world initialized
21:39:47.346 [FXGL Background Thread 1 ] DEBUG PhysicsWorld         - Physics world initialized: appHeight=624, physics.ppm=50.0
21:39:47.346 [FXGL Background Thread 1 ] DEBUG PhysicsWorld         - Using strategy: BRUTE_FORCE
21:39:47.355 [FXGL Background Thread 1 ] DEBUG GameScene            - Game scene initialized: 1488x624
21:39:47.371 [FXGL Background Thread 1 ] DEBUG FXGL.DefaultMenu     - createMenuBodyGameMenu()
21:39:47.383 [FXGL Background Thread 1 ] DEBUG FXGL.DefaultMenu     - createOptionsMenu()
21:39:47.395 [FXGL Background Thread 1 ] DEBUG FXGLAssetLoaderServi - Loading from file system: jar:file:///C:/Users/DELL/.m2/repository/com/github/almasb/fxgl/17.1/fxgl-17.1.jar!/fxglassets/textures/particles/smoke.png
21:39:47.475 [FXGL Background Thread 1 ] DEBUG FXGLAssetLoaderServi - Loading from file system: jar:file:///C:/Users/DELL/.m2/repository/com/github/almasb/fxgl/17.1/fxgl-17.1.jar!/fxglassets/textures/particles/trace_horizontal.png
21:39:47.507 [FXGL Background Thread 1 ] DEBUG GameApplicationServi - Application scenes initialized
21:39:47.514 [FXGL Background Thread 1 ] DEBUG SystemBundleService  - Loading FXGL system data
21:39:47.522 [FXGL Background Thread 1 ] DEBUG FileSystemAccess     - Reading from: D:\Fun\demo\system\fxgl.bundle
21:39:47.530 [FXGL Background Thread 1 ] DEBUG SystemBundleService  - Bundle FXGL: {}
21:39:47.530 [FXGL Background Thread 1 ] DEBUG UpdaterService       - Checking for updates
21:39:47.533 [FXGL Background Thread 4 ] DEBUG FXGLApplication      - Loading fonts
21:39:47.534 [FXGL Background Thread 1 ] DEBUG FXGLApplication      - Loading default localization
21:39:47.536 [FXGL Background Thread 4 ] DEBUG FXGLAssetLoaderServi - Loading from file system: jar:file:///C:/Users/DELL/.m2/repository/com/github/almasb/fxgl/17.1/fxgl-17.1.jar!/fxglassets/ui/fonts/VarelaRound-Regular.ttf
21:39:47.536 [FXGL Background Thread 1 ] DEBUG FXGLAssetLoaderServi - Loading from file system: jar:file:///C:/Users/DELL/.m2/repository/com/github/almasb/fxgl/17.1/fxgl-17.1.jar!/fxglassets/languages/english.lang
21:39:47.560 [FXGL Background Thread 1 ] INFO  FXGLApplication      - FXGL initialization took: 0.483 sec
21:39:47.573 [JavaFX Application Thread] DEBUG Input                - Registered new binding: Move Up - W
21:39:47.573 [JavaFX Application Thread] DEBUG Input                - Registered new binding: Move Down - S
21:39:47.573 [JavaFX Application Thread] DEBUG Input                - Registered new binding: Move Left - A
21:39:47.573 [JavaFX Application Thread] DEBUG Input                - Registered new binding: Move Right - D
21:39:47.574 [JavaFX Application Thread] DEBUG FXGLAssetLoaderServi - Loading from file system: jar:file:///C:/Users/DELL/.m2/repository/com/github/almasb/fxgl/17.1/fxgl-17.1.jar!/fxglassets/textures/fxgl_icon.png
21:39:47.598 [JavaFX Application Thread] DEBUG FXGLAssetLoaderServi - Loading from file system: jar:file:///C:/Users/DELL/.m2/repository/com/github/almasb/fxgl/17.1/fxgl-17.1.jar!/fxglassets/textures/fxgl_default_cursor.png
21:39:47.603 [JavaFX Application Thread] DEBUG Input                - Registered new binding: Screenshot - CTRL+8
21:39:47.604 [JavaFX Application Thread] DEBUG Input                - Registered new binding: System info dump - CTRL+9
21:39:47.605 [JavaFX Application Thread] DEBUG Input                - Registered new binding: Restart - CTRL+R
21:39:47.605 [JavaFX Application Thread] DEBUG Input                - Registered new binding: Toggle Debug Camera - CTRL+7
21:39:47.607 [JavaFX Application Thread] DEBUG LoopRunner           - Starting loop
21:39:47.608 [JavaFX Application Thread] DEBUG LoopRunner           - Initializing JavaFX AnimationTimerLoop
21:39:47.609 [JavaFX Application Thread] DEBUG GameApplicationServi - Starting new game
21:39:47.610 [JavaFX Application Thread] DEBUG Input                - Clearing active input actions
21:39:47.625 [JavaFX Application Thread] DEBUG GameApplicationServi - Removing overlay from FXGLStartupScene and adding to FXGLLoadingScene
21:39:47.626 [JavaFX Application Thread] DEBUG PrimaryStageWindow   - FXGLStartupScene -> FXGLLoadingScene
21:39:47.626 [JavaFX Application Thread] DEBUG GameApplicationServi - Clearing previous game
21:39:47.626 [JavaFX Application Thread] DEBUG GameScene            - Clearing game scene
21:39:47.626 [JavaFX Application Thread] DEBUG GameWorld            - Clearing game world
21:39:47.626 [JavaFX Application Thread] DEBUG PhysicsWorld         - Clearing physics world
21:39:47.628 [FXGL Background Thread 1 ] DEBUG FXGLApplication      - Initializing game
21:39:47.632 [FXGL Background Thread 4 ] DEBUG FXGLAssetLoaderServi - Loading from file system: jar:file:///C:/Users/DELL/.m2/repository/com/github/almasb/fxgl/17.1/fxgl-17.1.jar!/fxglassets/ui/fonts/Abel-Regular.ttf
21:39:47.647 [FXGL Background Thread 4 ] DEBUG FXGLAssetLoaderServi - Loading from file system: jar:file:///C:/Users/DELL/.m2/repository/com/github/almasb/fxgl/17.1/fxgl-17.1.jar!/fxglassets/ui/fonts/TerminalLandMono-Regular.otf
21:39:47.662 [FXGL Background Thread 4 ] DEBUG FXGLAssetLoaderServi - Loading from file system: jar:file:///C:/Users/DELL/.m2/repository/com/github/almasb/fxgl/17.1/fxgl-17.1.jar!/fxglassets/ui/fonts/Courier-Prime.ttf
21:39:47.682 [JavaFX Application Thread] DEBUG FXGLApplication      - Registering font factories with UI factory
21:39:47.699 [FXGL Background Thread 1 ] WARN  TMXLevelLoader       - TiledMap generated from 1.9.2. Supported version: 1.4.2. Some features may not be parsed fully.
21:39:47.721 [FXGL Background Thread 1 ] DEBUG TMXLevelLoader       - Parsed TiledMap: file:/D:/Fun/demo/target/classes/assets/levels/map1.tmx
21:39:47.723 [FXGL Background Thread 1 ] DEBUG TMXLevelLoader       - Creating tile layer entities
21:39:47.725 [FXGL Background Thread 1 ] DEBUG TilesetLoader        - Loading view for layer Tile Layer 1
21:39:47.727 [FXGL Background Thread 1 ] DEBUG TilesetLoader        - Created buffer with size 1488.0x624.0
21:39:47.747 [FXGL Background Thread 1 ] DEBUG TMXLevelLoader       - Creating object layer entities
21:39:47.791 [FXGL Background Thread 1 ] DEBUG FXGLAssetLoaderServi - Loading from file system: file:/D:/Fun/demo/target/classes/assets/textures/player_down.png
21:39:47.794 [FXGL Background Thread 1 ] DEBUG FXGLAssetLoaderServi - Loading from file system: file:/D:/Fun/demo/target/classes/assets/textures/player_right.png
21:39:47.795 [FXGL Background Thread 1 ] DEBUG FXGLAssetLoaderServi - Loading from file system: file:/D:/Fun/demo/target/classes/assets/textures/player_up.png
21:39:47.796 [FXGL Background Thread 1 ] DEBUG FXGLAssetLoaderServi - Loading from file system: file:/D:/Fun/demo/target/classes/assets/textures/player_left.png
21:39:47.844 [FXGL Background Thread 1 ] DEBUG GameWorld            - Clearing removable entities
21:39:47.844 [FXGL Background Thread 1 ] DEBUG GameWorld            - Setting level: com.almasb.fxgl.entity.level.Level@285fb674
21:39:47.862 [FXGL Background Thread 1 ] INFO  FXGLApplication      - Game initialization took: 0.234 sec
21:39:47.862 [JavaFX Application Thread] DEBUG Input                - Clearing active input actions
21:39:47.875 [JavaFX Application Thread] DEBUG GameApplicationServi - Removing overlay from FXGLLoadingScene and adding to GameScene
21:39:47.875 [JavaFX Application Thread] DEBUG PrimaryStageWindow   - FXGLLoadingScene -> GameScene
21:39:48.136 [FXGL Background Thread 2 ] INFO  UpdaterService       - Your current version:  17.1
21:39:48.137 [FXGL Background Thread 2 ] INFO  UpdaterService       - Latest stable version: 17.2
21:39:50.533 [FXGL Background Thread 3 ] DEBUG Engine               - Logging environment variables
21:39:50.534 [FXGL Background Thread 3 ] DEBUG Engine               - achievements: []
21:39:50.534 [FXGL Background Thread 3 ] DEBUG Engine               - actualHeight: 624.0
21:39:50.535 [FXGL Background Thread 3 ] DEBUG Engine               - actualHeightProperty: ReadOnlyDoubleProperty [value: 624.0]
21:39:50.535 [FXGL Background Thread 3 ] DEBUG Engine               - actualWidth: 1488.0
21:39:50.535 [FXGL Background Thread 3 ] DEBUG Engine               - actualWidthProperty: ReadOnlyDoubleProperty [value: 1488.0]
21:39:50.535 [FXGL Background Thread 3 ] DEBUG Engine               - appIcon: fxgl_icon.png
21:39:50.535 [FXGL Background Thread 3 ] DEBUG Engine               - applicationMode: DEVELOPER
21:39:50.535 [FXGL Background Thread 3 ] DEBUG Engine               - cSSList: [fxgl_dark.css]
21:39:50.535 [FXGL Background Thread 3 ] DEBUG Engine               - collisionDetectionStrategy: BRUTE_FORCE
21:39:50.535 [FXGL Background Thread 3 ] DEBUG Engine               - configClass: Optional.empty
21:39:50.535 [FXGL Background Thread 3 ] DEBUG Engine               - credits: []
21:39:50.537 [FXGL Background Thread 3 ] DEBUG Engine               - defaultCursor: CursorInfo(imageName=fxgl_default_cursor.png, hotspotX=7.0, hotspotY=6.0)
21:39:50.538 [FXGL Background Thread 3 ] DEBUG Engine               - devBBoxColorProperty: ObjectProperty [value: 0xff0000ff]
21:39:50.538 [FXGL Background Thread 3 ] DEBUG Engine               - devEnableDebugCameraProperty: BooleanProperty [value: false]
21:39:50.538 [FXGL Background Thread 3 ] DEBUG Engine               - devSensorColorProperty: ObjectProperty [value: 0xffff00ff]
21:39:50.538 [FXGL Background Thread 3 ] DEBUG Engine               - devShowBBoxProperty: BooleanProperty [value: false]
21:39:50.538 [FXGL Background Thread 3 ] DEBUG Engine               - devShowPositionProperty: BooleanProperty [value: false]
21:39:50.538 [FXGL Background Thread 3 ] DEBUG Engine               - enabledMenuItems: []
21:39:50.538 [FXGL Background Thread 3 ] DEBUG Engine               - engineServices: [class com.almasb.fxgl.app.services.FXGLAssetLoaderService, class com.almasb.fxgl.app.FXGLApplication$GameApplicationService, class com.almasb.fxgl.app.services.FXGLDialogService, class com.almasb.fxgl.app.services.IOTaskExecutorService, class com.almasb.fxgl.io.FileSystemService, class com.almasb.fxgl.localization.LocalizationService, class com.almasb.fxgl.app.services.SystemBundleService, class com.almasb.fxgl.profile.SaveLoadService, class com.almasb.fxgl.ui.FXGLUIFactoryServiceProvider, class com.almasb.fxgl.ui.FXGLDialogFactoryServiceProvider, class com.almasb.fxgl.audio.AudioPlayer, class com.almasb.fxgl.notification.impl.NotificationServiceProvider, class com.almasb.fxgl.achievement.AchievementService, class com.almasb.fxgl.cutscene.CutsceneService, class com.almasb.fxgl.minigames.MiniGameService, class com.almasb.fxgl.net.NetService, class com.almasb.fxgl.app.services.UpdaterService, class com.almasb.fxgl.dev.DevService]
21:39:50.538 [FXGL Background Thread 3 ] DEBUG Engine               - fontGame: Abel-Regular.ttf
21:39:50.538 [FXGL Background Thread 3 ] DEBUG Engine               - fontMono: TerminalLandMono-Regular.otf
21:39:50.538 [FXGL Background Thread 3 ] DEBUG Engine               - fontText: Courier-Prime.ttf
21:39:50.538 [FXGL Background Thread 3 ] DEBUG Engine               - fontUI: VarelaRound-Regular.ttf
21:39:50.538 [FXGL Background Thread 3 ] DEBUG Engine               - fullScreen: BooleanProperty [value: false]
21:39:50.538 [FXGL Background Thread 3 ] DEBUG Engine               - gameDifficulty: MEDIUM
21:39:50.538 [FXGL Background Thread 3 ] DEBUG Engine               - gameDifficultyProperty: ObjectProperty [value: MEDIUM]
21:39:50.538 [FXGL Background Thread 3 ] DEBUG Engine               - globalMusicVolume: 0.5
21:39:50.538 [FXGL Background Thread 3 ] DEBUG Engine               - globalMusicVolumeProperty: DoubleProperty [value: 0.5]
21:39:50.538 [FXGL Background Thread 3 ] DEBUG Engine               - globalSoundVolume: 0.5
21:39:50.538 [FXGL Background Thread 3 ] DEBUG Engine               - globalSoundVolumeProperty: DoubleProperty [value: 0.5]
21:39:50.538 [FXGL Background Thread 3 ] DEBUG Engine               - height: 624
21:39:50.538 [FXGL Background Thread 3 ] DEBUG Engine               - is3D: false
21:39:50.539 [FXGL Background Thread 3 ] DEBUG Engine               - isAndroid: false
21:39:50.539 [FXGL Background Thread 3 ] DEBUG Engine               - isBrowser: false
21:39:50.539 [FXGL Background Thread 3 ] DEBUG Engine               - isClickFeedbackEnabled: false
21:39:50.539 [FXGL Background Thread 3 ] DEBUG Engine               - isCloseConfirmation: false
21:39:50.539 [FXGL Background Thread 3 ] DEBUG Engine               - isDesktop: true
21:39:50.539 [FXGL Background Thread 3 ] DEBUG Engine               - isDeveloperMenuEnabled: false
21:39:50.539 [FXGL Background Thread 3 ] DEBUG Engine               - isEmbedded: false
21:39:50.539 [FXGL Background Thread 3 ] DEBUG Engine               - isEntityPreloadEnabled: true
21:39:50.539 [FXGL Background Thread 3 ] DEBUG Engine               - isExperimentalTiledLargeMap: false
21:39:50.539 [FXGL Background Thread 3 ] DEBUG Engine               - isFileSystemWriteAllowed: true
21:39:50.539 [FXGL Background Thread 3 ] DEBUG Engine               - isFullScreenAllowed: false
21:39:50.539 [FXGL Background Thread 3 ] DEBUG Engine               - isFullScreenFromStart: false
21:39:50.539 [FXGL Background Thread 3 ] DEBUG Engine               - isGameMenuEnabled: true
21:39:50.539 [FXGL Background Thread 3 ] DEBUG Engine               - isIOS: false
21:39:50.539 [FXGL Background Thread 3 ] DEBUG Engine               - isIntroEnabled: false
21:39:50.539 [FXGL Background Thread 3 ] DEBUG Engine               - isLinux: false
21:39:50.539 [FXGL Background Thread 3 ] DEBUG Engine               - isMac: false
21:39:50.539 [FXGL Background Thread 3 ] DEBUG Engine               - isMainMenuEnabled: false
21:39:50.539 [FXGL Background Thread 3 ] DEBUG Engine               - isManualResizeEnabled: false
21:39:50.539 [FXGL Background Thread 3 ] DEBUG Engine               - isMobile: false
21:39:50.539 [FXGL Background Thread 3 ] DEBUG Engine               - isNative: false
21:39:50.539 [FXGL Background Thread 3 ] DEBUG Engine               - isPauseMusicWhenMinimized: true
21:39:50.539 [FXGL Background Thread 3 ] DEBUG Engine               - isPreserveResizeRatio: false
21:39:50.539 [FXGL Background Thread 3 ] DEBUG Engine               - isProfilingEnabled: false
21:39:50.539 [FXGL Background Thread 3 ] DEBUG Engine               - isScaleAffectedOnResize: true
21:39:50.539 [FXGL Background Thread 3 ] DEBUG Engine               - isSingleStep: false
21:39:50.539 [FXGL Background Thread 3 ] DEBUG Engine               - isUserProfileEnabled: false
21:39:50.539 [FXGL Background Thread 3 ] DEBUG Engine               - isWindows: true
21:39:50.539 [FXGL Background Thread 3 ] DEBUG Engine               - language: ObjectProperty [value: ENGLISH]
21:39:50.539 [FXGL Background Thread 3 ] DEBUG Engine               - menuKey: ESCAPE
21:39:50.539 [FXGL Background Thread 3 ] DEBUG Engine               - mouseSensitivity: 0.2
21:39:50.539 [FXGL Background Thread 3 ] DEBUG Engine               - notificationViewClass: class com.almasb.fxgl.notification.view.XboxNotificationView
21:39:50.540 [FXGL Background Thread 3 ] DEBUG Engine               - pixelsPerMeter: 50.0
21:39:50.540 [FXGL Background Thread 3 ] DEBUG Engine               - platform: WINDOWS
21:39:50.540 [FXGL Background Thread 3 ] DEBUG Engine               - prefHeightProperty: ReadOnlyDoubleProperty [value: 624.0]
21:39:50.540 [FXGL Background Thread 3 ] DEBUG Engine               - prefWidthProperty: ReadOnlyDoubleProperty [value: 1488.0]
21:39:50.540 [FXGL Background Thread 3 ] DEBUG Engine               - profileDir: profiles/
21:39:50.540 [FXGL Background Thread 3 ] DEBUG Engine               - profileName: StringProperty [value: DEFAULT]
21:39:50.540 [FXGL Background Thread 3 ] DEBUG Engine               - randomSeed: -1
21:39:50.540 [FXGL Background Thread 3 ] DEBUG Engine               - runtimeInfo: RuntimeInfo(platform=WINDOWS, version=17.1, build=24.03.2022 17.34)
21:39:50.540 [FXGL Background Thread 3 ] DEBUG Engine               - saveFileExt: sav
21:39:50.540 [FXGL Background Thread 3 ] DEBUG Engine               - scaledHeightProp$fxgl: DoubleProperty [bound, value: 624.0]
21:39:50.540 [FXGL Background Thread 3 ] DEBUG Engine               - scaledWidthProp$fxgl: DoubleProperty [bound, value: 1488.0]
21:39:50.540 [FXGL Background Thread 3 ] DEBUG Engine               - sceneFactory: com.almasb.fxgl.app.scene.SceneFactory@8f7ba44
21:39:50.540 [FXGL Background Thread 3 ] DEBUG Engine               - secondsIn24h: 60
21:39:50.540 [FXGL Background Thread 3 ] DEBUG Engine               - soundMenuBack: menu/back.wav
21:39:50.541 [FXGL Background Thread 3 ] DEBUG Engine               - soundMenuPress: menu/press.wav
21:39:50.541 [FXGL Background Thread 3 ] DEBUG Engine               - soundMenuSelect: menu/select.wav
21:39:50.541 [FXGL Background Thread 3 ] DEBUG Engine               - soundNotification: core/notification.wav
21:39:50.541 [FXGL Background Thread 3 ] DEBUG Engine               - stageStyle: DECORATED
21:39:50.541 [FXGL Background Thread 3 ] DEBUG Engine               - supportedLanguages: [ENGLISH, FRENCH, GERMAN, HUNGARIAN, RUSSIAN]
21:39:50.541 [FXGL Background Thread 3 ] DEBUG Engine               - ticksPerSecond: -1
21:39:50.541 [FXGL Background Thread 3 ] DEBUG Engine               - title: Untitled
21:39:50.541 [FXGL Background Thread 3 ] DEBUG Engine               - urlGithub: https://github.com/AlmasB/FXGL
21:39:50.541 [FXGL Background Thread 3 ] DEBUG Engine               - urlLeaderboard: http://fxgl-top.herokuapp.com/
21:39:50.541 [FXGL Background Thread 3 ] DEBUG Engine               - urlPOM: https://raw.githubusercontent.com/AlmasB/FXGL/release/README.md
21:39:50.541 [FXGL Background Thread 3 ] DEBUG Engine               - userAppClass: class com.example.demo.BombermanApp
21:39:50.541 [FXGL Background Thread 3 ] DEBUG Engine               - version: 0.0
21:39:50.541 [FXGL Background Thread 3 ] DEBUG Engine               - versionCheckDays: 7
21:39:50.541 [FXGL Background Thread 3 ] DEBUG Engine               - width: 1488
21:39:50.541 [FXGL Background Thread 3 ] DEBUG Engine               - Logging services
21:39:50.541 [FXGL Background Thread 3 ] DEBUG Engine               - class com.almasb.fxgl.app.services.FXGLAssetLoaderService
21:39:50.541 [FXGL Background Thread 3 ] DEBUG Engine               - class com.almasb.fxgl.app.FXGLApplication$GameApplicationService
21:39:50.541 [FXGL Background Thread 3 ] DEBUG Engine               - class com.almasb.fxgl.app.services.FXGLDialogService
21:39:50.541 [FXGL Background Thread 3 ] DEBUG Engine               - class com.almasb.fxgl.app.services.IOTaskExecutorService
21:39:50.541 [FXGL Background Thread 3 ] DEBUG Engine               - class com.almasb.fxgl.io.FileSystemService
21:39:50.541 [FXGL Background Thread 3 ] DEBUG Engine               - class com.almasb.fxgl.localization.LocalizationService
21:39:50.541 [FXGL Background Thread 3 ] DEBUG Engine               - class com.almasb.fxgl.app.services.SystemBundleService
21:39:50.541 [FXGL Background Thread 3 ] DEBUG Engine               - class com.almasb.fxgl.profile.SaveLoadService
21:39:50.541 [FXGL Background Thread 3 ] DEBUG Engine               - class com.almasb.fxgl.ui.FXGLUIFactoryServiceProvider
21:39:50.541 [FXGL Background Thread 3 ] DEBUG Engine               - class com.almasb.fxgl.ui.FXGLDialogFactoryServiceProvider
21:39:50.541 [FXGL Background Thread 3 ] DEBUG Engine               - class com.almasb.fxgl.audio.AudioPlayer
21:39:50.541 [FXGL Background Thread 3 ] DEBUG Engine               - class com.almasb.fxgl.notification.impl.NotificationServiceProvider
21:39:50.541 [FXGL Background Thread 3 ] DEBUG Engine               - class com.almasb.fxgl.achievement.AchievementService
21:39:50.541 [FXGL Background Thread 3 ] DEBUG Engine               - class com.almasb.fxgl.cutscene.CutsceneService
21:39:50.541 [FXGL Background Thread 3 ] DEBUG Engine               - class com.almasb.fxgl.minigames.MiniGameService
21:39:50.541 [FXGL Background Thread 3 ] DEBUG Engine               - class com.almasb.fxgl.net.NetService
21:39:50.541 [FXGL Background Thread 3 ] DEBUG Engine               - class com.almasb.fxgl.app.services.UpdaterService
21:39:50.541 [FXGL Background Thread 3 ] DEBUG Engine               - class com.almasb.fxgl.dev.DevService
21:39:53.562 [JavaFX Application Thread] DEBUG FXGLApplication      - Exiting FXGL
21:39:53.562 [JavaFX Application Thread] DEBUG LoopRunner           - Stopping loop
21:39:53.563 [JavaFX Application Thread] DEBUG SystemBundleService  - Saving FXGL system data
21:39:53.565 [JavaFX Application Thread] DEBUG FileSystemAccess     - Writing to: D:\Fun\demo\system\fxgl.bundle
21:39:53.567 [JavaFX Application Thread] DEBUG Async                - Shutting down background threads
21:39:53.567 [JavaFX Application Thread] DEBUG PrimaryStageWindow   - Closing main window
21:39:53.573 [JavaFX Application Thread] DEBUG Logger               - Closing Logger
