22:57:54.507 [main                     ] DEBUG Logger               - Configured Logger
22:57:54.548 [main                     ] DEBUG GameApplication      - Logging settings
Title: BOMBER MAN
Version: 1.0
Width: 1488
Height: 624
Fullscreen: false
Intro: false
Profiling: false
Single step:false
App Mode: DEVELOPER
Menu Key: ESCAPE
Stage Style: DECORATED
Scene Factory: class com.example.demo.BombermanApp$1

22:57:54.969 [JavaFX Application Thread] DEBUG FXGLApplication      - Initializing FXGL
22:57:54.976 [JavaFX Application Thread] INFO  Engine               - FXGL-17.1 (24.03.2022 17.34) on WINDOWS (J:18.0.2.1 FX:18.0.1)
22:57:54.976 [JavaFX Application Thread] DEBUG Engine               - JRE Vendor Name: Oracle Corporation
22:57:54.976 [JavaFX Application Thread] DEBUG Engine               - Running on OS: Windows 11 version 10.0
22:57:54.976 [JavaFX Application Thread] DEBUG Engine               - Architecture: amd64
22:57:54.976 [JavaFX Application Thread] INFO  Engine               - Source code and latest versions at: https://github.com/AlmasB/FXGL
22:57:54.977 [JavaFX Application Thread] INFO  Engine               -       Ask questions and discuss at: https://github.com/AlmasB/FXGL/discussions
22:57:54.977 [JavaFX Application Thread] INFO  Engine               -              Join the FXGL chat at: https://gitter.im/AlmasB/FXGL
22:57:55.067 [JavaFX Application Thread] DEBUG PrimaryStageWindow   - Creating a JavaFX scene
22:57:55.112 [JavaFX Application Thread] DEBUG PrimaryStageWindow   - Target settings size: 1488.0 x 624.0
22:57:55.112 [JavaFX Application Thread] DEBUG PrimaryStageWindow   - Scaled scene size:    1488.0 x 624.0
22:57:55.112 [JavaFX Application Thread] DEBUG PrimaryStageWindow   - Scaled ratio: (1.0, 1.0)
22:57:55.113 [JavaFX Application Thread] DEBUG PrimaryStageWindow   - Set initial scene to FXGLStartupScene
22:57:55.122 [JavaFX Application Thread] DEBUG PrimaryStageWindow   - Opening main window
22:57:55.214 [JavaFX Application Thread] DEBUG PrimaryStageWindow   - Window border size: (14.4000244140625, 37.5999755859375)
22:57:55.214 [JavaFX Application Thread] DEBUG PrimaryStageWindow   - Scaled size: 1488.0 x 624.0
22:57:55.215 [JavaFX Application Thread] DEBUG PrimaryStageWindow   - Scaled ratio: (1.0, 1.0)
22:57:55.215 [JavaFX Application Thread] DEBUG PrimaryStageWindow   - Scene size: 1488.0 x 624.0
22:57:55.215 [JavaFX Application Thread] DEBUG PrimaryStageWindow   - Stage size: 1502.4000244140625 x 661.5999755859375
22:57:55.224 [FXGL Background Thread 1 ] DEBUG Engine               - Initializing environment variables
22:57:55.288 [FXGL Background Thread 1 ] DEBUG FXGLAssetLoaderServi - User app class for loading assets: class com.example.demo.BombermanApp
22:57:55.288 [FXGL Background Thread 1 ] DEBUG GameApplicationServi - Applying CSS: fxgl_dark.css
22:57:55.289 [FXGL Background Thread 1 ] DEBUG FXGLAssetLoaderServi - Loading from file system: jar:file:///C:/Users/phamt/.m2/repository/com/github/almasb/fxgl/17.1/fxgl-17.1.jar!/fxglassets/ui/css/fxgl_dark.css
22:57:55.349 [FXGL Background Thread 1 ] DEBUG GameApplicationServi - Initializing application scenes
22:57:55.426 [FXGL Background Thread 1 ] DEBUG GameWorld            - Game world initialized
22:57:55.502 [FXGL Background Thread 1 ] DEBUG PhysicsWorld         - Physics world initialized: appHeight=624, physics.ppm=50.0
22:57:55.503 [FXGL Background Thread 1 ] DEBUG PhysicsWorld         - Using strategy: BRUTE_FORCE
22:57:55.511 [FXGL Background Thread 1 ] DEBUG GameScene            - Game scene initialized: 1488x624
22:57:55.537 [FXGL Background Thread 1 ] DEBUG FXGL.DefaultMenu     - createMenuBodyMainMenu()
22:57:55.556 [FXGL Background Thread 1 ] DEBUG FXGL.DefaultMenu     - createOptionsMenu()
22:57:55.574 [FXGL Background Thread 1 ] DEBUG FXGLAssetLoaderServi - Loading from file system: jar:file:///C:/Users/phamt/.m2/repository/com/github/almasb/fxgl/17.1/fxgl-17.1.jar!/fxglassets/textures/particles/smoke.png
22:57:55.699 [FXGL Background Thread 1 ] DEBUG FXGLAssetLoaderServi - Loading from file system: jar:file:///C:/Users/phamt/.m2/repository/com/github/almasb/fxgl/17.1/fxgl-17.1.jar!/fxglassets/textures/particles/trace_horizontal.png
22:57:55.742 [FXGL Background Thread 1 ] DEBUG GameApplicationServi - Application scenes initialized
22:57:55.755 [FXGL Background Thread 1 ] DEBUG SystemBundleService  - Loading FXGL system data
22:57:55.761 [FXGL Background Thread 1 ] DEBUG FileSystemAccess     - Reading from: C:\java_new\bombermanGame\system\fxgl.bundle
22:57:55.770 [FXGL Background Thread 1 ] DEBUG SystemBundleService  - Bundle FXGL: {}
22:57:55.770 [FXGL Background Thread 1 ] DEBUG UpdaterService       - Checking for updates
22:57:55.774 [FXGL Background Thread 4 ] DEBUG FXGLApplication      - Loading fonts
22:57:55.775 [FXGL Background Thread 4 ] WARN  FXGLAssetLoaderServi - Asset "/assets/ui/fonts/game_font.ttf" was not found!
22:57:55.775 [FXGL Background Thread 4 ] WARN  FXGLAssetLoaderServi - Failed to load FONT
22:57:55.775 [FXGL Background Thread 1 ] DEBUG FXGLApplication      - Loading default localization
22:57:55.776 [FXGL Background Thread 4 ] DEBUG FXGLAssetLoaderServi - Loading from file system: jar:file:///C:/Users/phamt/.m2/repository/com/github/almasb/fxgl/17.1/fxgl-17.1.jar!/fxglassets/ui/fonts/Abel-Regular.ttf
22:57:55.776 [FXGL Background Thread 1 ] DEBUG FXGLAssetLoaderServi - Loading from file system: jar:file:///C:/Users/phamt/.m2/repository/com/github/almasb/fxgl/17.1/fxgl-17.1.jar!/fxglassets/languages/english.lang
22:57:55.800 [FXGL Background Thread 1 ] INFO  FXGLApplication      - FXGL initialization took: 0.576 sec
22:57:55.816 [JavaFX Application Thread] DEBUG Input                - Registered new binding: Move Up - W
22:57:55.816 [JavaFX Application Thread] DEBUG Input                - Registered new binding: Move Down - S
22:57:55.817 [JavaFX Application Thread] DEBUG Input                - Registered new binding: Move Left - A
22:57:55.817 [JavaFX Application Thread] DEBUG Input                - Registered new binding: Move Right - D
22:57:55.817 [JavaFX Application Thread] DEBUG Input                - Registered new binding: Place Bomb - Space
22:57:55.819 [JavaFX Application Thread] DEBUG FXGLAssetLoaderServi - Loading from file system: jar:file:///C:/Users/phamt/.m2/repository/com/github/almasb/fxgl/17.1/fxgl-17.1.jar!/fxglassets/textures/fxgl_icon.png
22:57:55.857 [JavaFX Application Thread] DEBUG FXGLAssetLoaderServi - Loading from file system: jar:file:///C:/Users/phamt/.m2/repository/com/github/almasb/fxgl/17.1/fxgl-17.1.jar!/fxglassets/textures/fxgl_default_cursor.png
22:57:55.863 [JavaFX Application Thread] DEBUG Input                - Registered new binding: Screenshot - CTRL+8
22:57:55.865 [JavaFX Application Thread] DEBUG Input                - Registered new binding: System info dump - CTRL+9
22:57:55.867 [JavaFX Application Thread] DEBUG Input                - Registered new binding: Restart - CTRL+R
22:57:55.871 [JavaFX Application Thread] DEBUG Input                - Registered new binding: Toggle Debug Camera - CTRL+7
22:57:55.882 [JavaFX Application Thread] DEBUG LoopRunner           - Starting loop
22:57:55.882 [JavaFX Application Thread] DEBUG LoopRunner           - Initializing JavaFX AnimationTimerLoop
22:57:55.893 [FXGL Background Thread 4 ] DEBUG FXGLAssetLoaderServi - Loading from file system: jar:file:///C:/Users/phamt/.m2/repository/com/github/almasb/fxgl/17.1/fxgl-17.1.jar!/fxglassets/ui/fonts/TerminalLandMono-Regular.otf
22:57:55.894 [JavaFX Application Thread] DEBUG Input                - Clearing active input actions
22:57:55.901 [FXGL Background Thread 4 ] DEBUG FXGLAssetLoaderServi - Loading from file system: jar:file:///C:/Users/phamt/.m2/repository/com/github/almasb/fxgl/17.1/fxgl-17.1.jar!/fxglassets/ui/fonts/Courier-Prime.ttf
22:57:55.905 [JavaFX Application Thread] DEBUG GameApplicationServi - Removing overlay from FXGLStartupScene and adding to FXGLMainMenuDummyScene
22:57:55.906 [JavaFX Application Thread] DEBUG PrimaryStageWindow   - FXGLStartupScene -> FXGLMainMenuDummyScene
22:57:55.906 [JavaFX Application Thread] DEBUG PrimaryStageWindow   - Push state: FXGLDefaultMenu
22:57:55.936 [JavaFX Application Thread] DEBUG Input                - Clearing active input actions
22:57:55.951 [JavaFX Application Thread] DEBUG GameApplicationServi - Removing overlay from FXGLMainMenuDummyScene and adding to FXGLDefaultMenu
22:57:55.952 [JavaFX Application Thread] DEBUG PrimaryStageWindow   - FXGLMainMenuDummyScene -> FXGLDefaultMenu
22:57:56.083 [JavaFX Application Thread] DEBUG FXGLApplication      - Registering font factories with UI factory
22:57:56.423 [JavaFX Application Thread] DEBUG FXGLApplication      - Exiting FXGL
22:57:56.423 [JavaFX Application Thread] DEBUG LoopRunner           - Stopping loop
22:57:56.423 [JavaFX Application Thread] DEBUG SystemBundleService  - Saving FXGL system data
22:57:56.426 [JavaFX Application Thread] DEBUG FileSystemAccess     - Writing to: C:\java_new\bombermanGame\system\fxgl.bundle
22:57:56.429 [JavaFX Application Thread] DEBUG Async                - Shutting down background threads
22:57:56.429 [JavaFX Application Thread] DEBUG PrimaryStageWindow   - Closing main window
22:57:56.455 [JavaFX Application Thread] DEBUG Logger               - Closing Logger
