23:05:09.997 [main                     ] DEBUG Logger               - Configured Logger
23:05:10.030 [main                     ] DEBUG GameApplication      - Logging settings
Title: BOMBERMAN
Version: 1.0
Width: 1488
Height: 624
Fullscreen: false
Intro: false
Profiling: false
Single step:false
App Mode: DEVELOPER
Menu Key: ESCAPE
Stage Style: DECORATED
Scene Factory: class com.example.demo.BombermanApp$1

23:05:10.457 [JavaFX Application Thread] DEBUG FXGLApplication      - Initializing FXGL
23:05:10.465 [JavaFX Application Thread] INFO  Engine               - FXGL-17.1 (24.03.2022 17.34) on WINDOWS (J:18.0.2.1 FX:18.0.1)
23:05:10.466 [JavaFX Application Thread] DEBUG Engine               - JRE Vendor Name: Oracle Corporation
23:05:10.466 [JavaFX Application Thread] DEBUG Engine               - Running on OS: Windows 11 version 10.0
23:05:10.467 [JavaFX Application Thread] DEBUG Engine               - Architecture: amd64
23:05:10.467 [JavaFX Application Thread] INFO  Engine               - Source code and latest versions at: https://github.com/AlmasB/FXGL
23:05:10.467 [JavaFX Application Thread] INFO  Engine               -       Ask questions and discuss at: https://github.com/AlmasB/FXGL/discussions
23:05:10.467 [JavaFX Application Thread] INFO  Engine               -              Join the FXGL chat at: https://gitter.im/AlmasB/FXGL
23:05:10.556 [JavaFX Application Thread] DEBUG PrimaryStageWindow   - Creating a JavaFX scene
23:05:10.606 [JavaFX Application Thread] DEBUG PrimaryStageWindow   - Target settings size: 1488.0 x 624.0
23:05:10.606 [JavaFX Application Thread] DEBUG PrimaryStageWindow   - Scaled scene size:    1488.0 x 624.0
23:05:10.607 [JavaFX Application Thread] DEBUG PrimaryStageWindow   - Scaled ratio: (1.0, 1.0)
23:05:10.608 [JavaFX Application Thread] DEBUG PrimaryStageWindow   - Set initial scene to FXGLStartupScene
23:05:10.616 [JavaFX Application Thread] DEBUG PrimaryStageWindow   - Opening main window
23:05:10.707 [JavaFX Application Thread] DEBUG PrimaryStageWindow   - Window border size: (14.4000244140625, 37.5999755859375)
23:05:10.708 [JavaFX Application Thread] DEBUG PrimaryStageWindow   - Scaled size: 1488.0 x 624.0
23:05:10.708 [JavaFX Application Thread] DEBUG PrimaryStageWindow   - Scaled ratio: (1.0, 1.0)
23:05:10.708 [JavaFX Application Thread] DEBUG PrimaryStageWindow   - Scene size: 1488.0 x 624.0
23:05:10.709 [JavaFX Application Thread] DEBUG PrimaryStageWindow   - Stage size: 1502.4000244140625 x 661.5999755859375
23:05:10.718 [FXGL Background Thread 1 ] DEBUG Engine               - Initializing environment variables
23:05:10.781 [FXGL Background Thread 1 ] DEBUG FXGLAssetLoaderServi - User app class for loading assets: class com.example.demo.BombermanApp
23:05:10.781 [FXGL Background Thread 1 ] DEBUG GameApplicationServi - Applying CSS: fxgl_dark.css
23:05:10.782 [FXGL Background Thread 1 ] DEBUG FXGLAssetLoaderServi - Loading from file system: jar:file:///C:/Users/phamt/.m2/repository/com/github/almasb/fxgl/17.1/fxgl-17.1.jar!/fxglassets/ui/css/fxgl_dark.css
23:05:10.838 [FXGL Background Thread 1 ] DEBUG GameApplicationServi - Initializing application scenes
23:05:10.912 [FXGL Background Thread 1 ] DEBUG GameWorld            - Game world initialized
23:05:10.969 [FXGL Background Thread 1 ] DEBUG PhysicsWorld         - Physics world initialized: appHeight=624, physics.ppm=50.0
23:05:10.970 [FXGL Background Thread 1 ] DEBUG PhysicsWorld         - Using strategy: BRUTE_FORCE
23:05:10.974 [FXGL Background Thread 1 ] DEBUG GameScene            - Game scene initialized: 1488x624
23:05:10.989 [FXGL Background Thread 1 ] DEBUG FXGL.DefaultMenu     - createMenuBodyMainMenu()
23:05:11.009 [FXGL Background Thread 1 ] DEBUG FXGL.DefaultMenu     - createOptionsMenu()
23:05:11.021 [FXGL Background Thread 1 ] DEBUG FXGLAssetLoaderServi - Loading from file system: jar:file:///C:/Users/phamt/.m2/repository/com/github/almasb/fxgl/17.1/fxgl-17.1.jar!/fxglassets/textures/particles/smoke.png
23:05:11.147 [FXGL Background Thread 1 ] DEBUG FXGLAssetLoaderServi - Loading from file system: jar:file:///C:/Users/phamt/.m2/repository/com/github/almasb/fxgl/17.1/fxgl-17.1.jar!/fxglassets/textures/particles/trace_horizontal.png
23:05:11.192 [FXGL Background Thread 1 ] DEBUG GameApplicationServi - Application scenes initialized
23:05:11.204 [FXGL Background Thread 1 ] DEBUG SystemBundleService  - Loading FXGL system data
23:05:11.210 [FXGL Background Thread 1 ] DEBUG FileSystemAccess     - Reading from: C:\java_new\bombermanGame\system\fxgl.bundle
23:05:11.220 [FXGL Background Thread 1 ] DEBUG SystemBundleService  - Bundle FXGL: {}
23:05:11.220 [FXGL Background Thread 1 ] DEBUG UpdaterService       - Checking for updates
23:05:11.225 [FXGL Background Thread 4 ] DEBUG FXGLApplication      - Loading fonts
23:05:11.226 [FXGL Background Thread 4 ] WARN  FXGLAssetLoaderServi - Asset "/assets/ui/fonts/game_font.ttf" was not found!
23:05:11.226 [FXGL Background Thread 1 ] DEBUG FXGLApplication      - Loading default localization
23:05:11.227 [FXGL Background Thread 4 ] WARN  FXGLAssetLoaderServi - Failed to load FONT
23:05:11.227 [FXGL Background Thread 4 ] DEBUG FXGLAssetLoaderServi - Loading from file system: jar:file:///C:/Users/phamt/.m2/repository/com/github/almasb/fxgl/17.1/fxgl-17.1.jar!/fxglassets/ui/fonts/Abel-Regular.ttf
23:05:11.227 [FXGL Background Thread 1 ] DEBUG FXGLAssetLoaderServi - Loading from file system: jar:file:///C:/Users/phamt/.m2/repository/com/github/almasb/fxgl/17.1/fxgl-17.1.jar!/fxglassets/languages/english.lang
23:05:11.249 [FXGL Background Thread 1 ] INFO  FXGLApplication      - FXGL initialization took: 0.530 sec
23:05:11.263 [JavaFX Application Thread] DEBUG Input                - Registered new binding: Move Up - W
23:05:11.264 [JavaFX Application Thread] DEBUG Input                - Registered new binding: Move Down - S
23:05:11.264 [JavaFX Application Thread] DEBUG Input                - Registered new binding: Move Left - A
23:05:11.265 [JavaFX Application Thread] DEBUG Input                - Registered new binding: Move Right - D
23:05:11.265 [JavaFX Application Thread] DEBUG Input                - Registered new binding: Place Bomb - Space
23:05:11.266 [JavaFX Application Thread] DEBUG FXGLAssetLoaderServi - Loading from file system: jar:file:///C:/Users/phamt/.m2/repository/com/github/almasb/fxgl/17.1/fxgl-17.1.jar!/fxglassets/textures/fxgl_icon.png
23:05:11.297 [FXGL Background Thread 4 ] DEBUG FXGLAssetLoaderServi - Loading from file system: jar:file:///C:/Users/phamt/.m2/repository/com/github/almasb/fxgl/17.1/fxgl-17.1.jar!/fxglassets/ui/fonts/TerminalLandMono-Regular.otf
23:05:11.304 [FXGL Background Thread 4 ] DEBUG FXGLAssetLoaderServi - Loading from file system: jar:file:///C:/Users/phamt/.m2/repository/com/github/almasb/fxgl/17.1/fxgl-17.1.jar!/fxglassets/ui/fonts/Courier-Prime.ttf
23:05:11.308 [JavaFX Application Thread] DEBUG FXGLAssetLoaderServi - Loading from file system: jar:file:///C:/Users/phamt/.m2/repository/com/github/almasb/fxgl/17.1/fxgl-17.1.jar!/fxglassets/textures/fxgl_default_cursor.png
23:05:11.316 [JavaFX Application Thread] DEBUG Input                - Registered new binding: Screenshot - CTRL+8
23:05:11.318 [JavaFX Application Thread] DEBUG Input                - Registered new binding: System info dump - CTRL+9
23:05:11.319 [JavaFX Application Thread] DEBUG Input                - Registered new binding: Restart - CTRL+R
23:05:11.322 [JavaFX Application Thread] DEBUG Input                - Registered new binding: Toggle Debug Camera - CTRL+7
23:05:11.333 [JavaFX Application Thread] DEBUG LoopRunner           - Starting loop
23:05:11.333 [JavaFX Application Thread] DEBUG LoopRunner           - Initializing JavaFX AnimationTimerLoop
23:05:11.340 [JavaFX Application Thread] DEBUG Input                - Clearing active input actions
23:05:11.350 [JavaFX Application Thread] DEBUG GameApplicationServi - Removing overlay from FXGLStartupScene and adding to FXGLMainMenuDummyScene
23:05:11.351 [JavaFX Application Thread] DEBUG PrimaryStageWindow   - FXGLStartupScene -> FXGLMainMenuDummyScene
23:05:11.351 [JavaFX Application Thread] DEBUG PrimaryStageWindow   - Push state: FXGLDefaultMenu
23:05:11.366 [JavaFX Application Thread] DEBUG Input                - Clearing active input actions
23:05:11.378 [JavaFX Application Thread] DEBUG GameApplicationServi - Removing overlay from FXGLMainMenuDummyScene and adding to FXGLDefaultMenu
23:05:11.379 [JavaFX Application Thread] DEBUG PrimaryStageWindow   - FXGLMainMenuDummyScene -> FXGLDefaultMenu
23:05:11.388 [JavaFX Application Thread] DEBUG FXGLApplication      - Registering font factories with UI factory
23:05:12.204 [FXGL Background Thread 2 ] INFO  UpdaterService       - Your current version:  17.1
23:05:12.205 [FXGL Background Thread 2 ] INFO  UpdaterService       - Latest stable version: 17.2
23:05:12.625 [JavaFX Application Thread] DEBUG Menu                 - fireNewGame()
23:05:12.625 [JavaFX Application Thread] DEBUG GameApplicationServi - Starting new game
23:05:12.627 [JavaFX Application Thread] DEBUG PrimaryStageWindow   - Pop state: FXGLDefaultMenu
23:05:12.627 [JavaFX Application Thread] DEBUG Input                - Clearing active input actions
23:05:12.628 [JavaFX Application Thread] DEBUG GameApplicationServi - Removing overlay from FXGLDefaultMenu and adding to FXGLMainMenuDummyScene
23:05:12.629 [JavaFX Application Thread] DEBUG PrimaryStageWindow   - FXGLMainMenuDummyScene <- FXGLDefaultMenu
23:05:12.630 [JavaFX Application Thread] DEBUG Input                - Clearing active input actions
23:05:12.641 [JavaFX Application Thread] DEBUG GameApplicationServi - Removing overlay from FXGLMainMenuDummyScene and adding to FXGLLoadingScene
23:05:12.641 [JavaFX Application Thread] DEBUG PrimaryStageWindow   - FXGLMainMenuDummyScene -> FXGLLoadingScene
23:05:12.641 [JavaFX Application Thread] DEBUG GameApplicationServi - Clearing previous game
23:05:12.641 [JavaFX Application Thread] DEBUG GameScene            - Clearing game scene
23:05:12.641 [JavaFX Application Thread] DEBUG GameWorld            - Clearing game world
23:05:12.641 [JavaFX Application Thread] DEBUG PhysicsWorld         - Clearing physics world
23:05:12.646 [FXGL Background Thread 2 ] DEBUG FXGLApplication      - Initializing game
23:05:12.730 [FXGL Background Thread 2 ] WARN  TMXLevelLoader       - TiledMap generated from 1.9.2. Supported version: 1.4.2. Some features may not be parsed fully.
23:05:12.762 [FXGL Background Thread 2 ] DEBUG TMXLevelLoader       - Parsed TiledMap: file:/C:/java_new/bombermanGame/target/classes/assets/levels/map1.tmx
23:05:12.766 [FXGL Background Thread 2 ] DEBUG TMXLevelLoader       - Creating tile layer entities
23:05:12.770 [FXGL Background Thread 2 ] DEBUG TilesetLoader        - Loading view for layer Tile Layer 1
23:05:12.772 [FXGL Background Thread 2 ] DEBUG TilesetLoader        - Created buffer with size 1488.0x624.0
23:05:12.786 [FXGL Background Thread 2 ] DEBUG TMXLevelLoader       - Creating object layer entities
23:05:12.804 [FXGL Background Thread 2 ] DEBUG FXGLAssetLoaderServi - Loading from file system: file:/C:/java_new/bombermanGame/target/classes/assets/textures/player_down.png
23:05:12.806 [FXGL Background Thread 2 ] DEBUG FXGLAssetLoaderServi - Loading from file system: file:/C:/java_new/bombermanGame/target/classes/assets/textures/player_right.png
23:05:12.808 [FXGL Background Thread 2 ] DEBUG FXGLAssetLoaderServi - Loading from file system: file:/C:/java_new/bombermanGame/target/classes/assets/textures/player_up.png
23:05:12.809 [FXGL Background Thread 2 ] DEBUG FXGLAssetLoaderServi - Loading from file system: file:/C:/java_new/bombermanGame/target/classes/assets/textures/player_left.png
23:05:12.859 [FXGL Background Thread 2 ] DEBUG FXGLAssetLoaderServi - Loading from file system: file:/C:/java_new/bombermanGame/target/classes/assets/textures/brick.png
23:05:12.903 [FXGL Background Thread 2 ] DEBUG GameWorld            - Clearing removable entities
23:05:12.905 [FXGL Background Thread 2 ] DEBUG GameWorld            - Setting level: com.almasb.fxgl.entity.level.Level@2f05b0f6
23:05:12.927 [FXGL Background Thread 2 ] INFO  FXGLApplication      - Game initialization took: 0.280 sec
23:05:12.927 [JavaFX Application Thread] DEBUG Input                - Clearing active input actions
23:05:12.935 [JavaFX Application Thread] DEBUG GameApplicationServi - Removing overlay from FXGLLoadingScene and adding to GameScene
23:05:12.936 [JavaFX Application Thread] DEBUG PrimaryStageWindow   - FXGLLoadingScene -> GameScene
23:05:14.225 [FXGL Background Thread 3 ] DEBUG Engine               - Logging environment variables
23:05:14.225 [FXGL Background Thread 3 ] DEBUG Engine               - achievements: []
23:05:14.225 [FXGL Background Thread 3 ] DEBUG Engine               - actualHeight: 624.0
23:05:14.225 [FXGL Background Thread 3 ] DEBUG Engine               - actualHeightProperty: ReadOnlyDoubleProperty [value: 624.0]
23:05:14.225 [FXGL Background Thread 3 ] DEBUG Engine               - actualWidth: 1488.0
23:05:14.225 [FXGL Background Thread 3 ] DEBUG Engine               - actualWidthProperty: ReadOnlyDoubleProperty [value: 1488.0]
23:05:14.225 [FXGL Background Thread 3 ] DEBUG Engine               - appIcon: fxgl_icon.png
23:05:14.225 [FXGL Background Thread 3 ] DEBUG Engine               - applicationMode: DEVELOPER
23:05:14.225 [FXGL Background Thread 3 ] DEBUG Engine               - cSSList: [fxgl_dark.css]
23:05:14.225 [FXGL Background Thread 3 ] DEBUG Engine               - collisionDetectionStrategy: BRUTE_FORCE
23:05:14.225 [FXGL Background Thread 3 ] DEBUG Engine               - configClass: Optional.empty
23:05:14.225 [FXGL Background Thread 3 ] DEBUG Engine               - credits: []
23:05:14.226 [FXGL Background Thread 3 ] DEBUG Engine               - defaultCursor: CursorInfo(imageName=fxgl_default_cursor.png, hotspotX=7.0, hotspotY=6.0)
23:05:14.226 [FXGL Background Thread 3 ] DEBUG Engine               - devBBoxColorProperty: ObjectProperty [value: 0xff0000ff]
23:05:14.226 [FXGL Background Thread 3 ] DEBUG Engine               - devEnableDebugCameraProperty: BooleanProperty [value: false]
23:05:14.226 [FXGL Background Thread 3 ] DEBUG Engine               - devSensorColorProperty: ObjectProperty [value: 0xffff00ff]
23:05:14.226 [FXGL Background Thread 3 ] DEBUG Engine               - devShowBBoxProperty: BooleanProperty [value: false]
23:05:14.226 [FXGL Background Thread 3 ] DEBUG Engine               - devShowPositionProperty: BooleanProperty [value: false]
23:05:14.226 [FXGL Background Thread 3 ] DEBUG Engine               - enabledMenuItems: []
23:05:14.226 [FXGL Background Thread 3 ] DEBUG Engine               - engineServices: [class com.almasb.fxgl.app.services.FXGLAssetLoaderService, class com.almasb.fxgl.app.FXGLApplication$GameApplicationService, class com.almasb.fxgl.app.services.FXGLDialogService, class com.almasb.fxgl.app.services.IOTaskExecutorService, class com.almasb.fxgl.io.FileSystemService, class com.almasb.fxgl.localization.LocalizationService, class com.almasb.fxgl.app.services.SystemBundleService, class com.almasb.fxgl.profile.SaveLoadService, class com.almasb.fxgl.ui.FXGLUIFactoryServiceProvider, class com.almasb.fxgl.ui.FXGLDialogFactoryServiceProvider, class com.almasb.fxgl.audio.AudioPlayer, class com.almasb.fxgl.notification.impl.NotificationServiceProvider, class com.almasb.fxgl.achievement.AchievementService, class com.almasb.fxgl.cutscene.CutsceneService, class com.almasb.fxgl.minigames.MiniGameService, class com.almasb.fxgl.net.NetService, class com.almasb.fxgl.app.services.UpdaterService, class com.almasb.fxgl.dev.DevService]
23:05:14.227 [FXGL Background Thread 3 ] DEBUG Engine               - fontGame: Abel-Regular.ttf
23:05:14.227 [FXGL Background Thread 3 ] DEBUG Engine               - fontMono: TerminalLandMono-Regular.otf
23:05:14.227 [FXGL Background Thread 3 ] DEBUG Engine               - fontText: Courier-Prime.ttf
23:05:14.227 [FXGL Background Thread 3 ] DEBUG Engine               - fontUI: game_font.ttf
23:05:14.227 [FXGL Background Thread 3 ] DEBUG Engine               - fullScreen: BooleanProperty [value: false]
23:05:14.227 [FXGL Background Thread 3 ] DEBUG Engine               - gameDifficulty: MEDIUM
23:05:14.227 [FXGL Background Thread 3 ] DEBUG Engine               - gameDifficultyProperty: ObjectProperty [value: MEDIUM]
23:05:14.227 [FXGL Background Thread 3 ] DEBUG Engine               - globalMusicVolume: 0.5
23:05:14.227 [FXGL Background Thread 3 ] DEBUG Engine               - globalMusicVolumeProperty: DoubleProperty [value: 0.5]
23:05:14.227 [FXGL Background Thread 3 ] DEBUG Engine               - globalSoundVolume: 0.5
23:05:14.227 [FXGL Background Thread 3 ] DEBUG Engine               - globalSoundVolumeProperty: DoubleProperty [value: 0.5]
23:05:14.227 [FXGL Background Thread 3 ] DEBUG Engine               - height: 624
23:05:14.227 [FXGL Background Thread 3 ] DEBUG Engine               - is3D: false
23:05:14.227 [FXGL Background Thread 3 ] DEBUG Engine               - isAndroid: false
23:05:14.227 [FXGL Background Thread 3 ] DEBUG Engine               - isBrowser: false
23:05:14.227 [FXGL Background Thread 3 ] DEBUG Engine               - isClickFeedbackEnabled: false
23:05:14.227 [FXGL Background Thread 3 ] DEBUG Engine               - isCloseConfirmation: false
23:05:14.227 [FXGL Background Thread 3 ] DEBUG Engine               - isDesktop: true
23:05:14.227 [FXGL Background Thread 3 ] DEBUG Engine               - isDeveloperMenuEnabled: false
23:05:14.227 [FXGL Background Thread 3 ] DEBUG Engine               - isEmbedded: false
23:05:14.227 [FXGL Background Thread 3 ] DEBUG Engine               - isEntityPreloadEnabled: true
23:05:14.227 [FXGL Background Thread 3 ] DEBUG Engine               - isExperimentalTiledLargeMap: false
23:05:14.227 [FXGL Background Thread 3 ] DEBUG Engine               - isFileSystemWriteAllowed: true
23:05:14.227 [FXGL Background Thread 3 ] DEBUG Engine               - isFullScreenAllowed: false
23:05:14.227 [FXGL Background Thread 3 ] DEBUG Engine               - isFullScreenFromStart: false
23:05:14.227 [FXGL Background Thread 3 ] DEBUG Engine               - isGameMenuEnabled: true
23:05:14.227 [FXGL Background Thread 3 ] DEBUG Engine               - isIOS: false
23:05:14.228 [FXGL Background Thread 3 ] DEBUG Engine               - isIntroEnabled: false
23:05:14.228 [FXGL Background Thread 3 ] DEBUG Engine               - isLinux: false
23:05:14.228 [FXGL Background Thread 3 ] DEBUG Engine               - isMac: false
23:05:14.228 [FXGL Background Thread 3 ] DEBUG Engine               - isMainMenuEnabled: true
23:05:14.228 [FXGL Background Thread 3 ] DEBUG Engine               - isManualResizeEnabled: false
23:05:14.228 [FXGL Background Thread 3 ] DEBUG Engine               - isMobile: false
23:05:14.228 [FXGL Background Thread 3 ] DEBUG Engine               - isNative: false
23:05:14.228 [FXGL Background Thread 3 ] DEBUG Engine               - isPauseMusicWhenMinimized: true
23:05:14.228 [FXGL Background Thread 3 ] DEBUG Engine               - isPreserveResizeRatio: false
23:05:14.228 [FXGL Background Thread 3 ] DEBUG Engine               - isProfilingEnabled: false
23:05:14.228 [FXGL Background Thread 3 ] DEBUG Engine               - isScaleAffectedOnResize: true
23:05:14.228 [FXGL Background Thread 3 ] DEBUG Engine               - isSingleStep: false
23:05:14.228 [FXGL Background Thread 3 ] DEBUG Engine               - isUserProfileEnabled: false
23:05:14.228 [FXGL Background Thread 3 ] DEBUG Engine               - isWindows: true
23:05:14.228 [FXGL Background Thread 3 ] DEBUG Engine               - language: ObjectProperty [value: ENGLISH]
23:05:14.228 [FXGL Background Thread 3 ] DEBUG Engine               - menuKey: ESCAPE
23:05:14.228 [FXGL Background Thread 3 ] DEBUG Engine               - mouseSensitivity: 0.2
23:05:14.228 [FXGL Background Thread 3 ] DEBUG Engine               - notificationViewClass: class com.almasb.fxgl.notification.view.XboxNotificationView
23:05:14.228 [FXGL Background Thread 3 ] DEBUG Engine               - pixelsPerMeter: 50.0
23:05:14.228 [FXGL Background Thread 3 ] DEBUG Engine               - platform: WINDOWS
23:05:14.228 [FXGL Background Thread 3 ] DEBUG Engine               - prefHeightProperty: ReadOnlyDoubleProperty [value: 624.0]
23:05:14.228 [FXGL Background Thread 3 ] DEBUG Engine               - prefWidthProperty: ReadOnlyDoubleProperty [value: 1488.0]
23:05:14.228 [FXGL Background Thread 3 ] DEBUG Engine               - profileDir: profiles/
23:05:14.228 [FXGL Background Thread 3 ] DEBUG Engine               - profileName: StringProperty [value: DEFAULT]
23:05:14.228 [FXGL Background Thread 3 ] DEBUG Engine               - randomSeed: -1
23:05:14.229 [FXGL Background Thread 3 ] DEBUG Engine               - runtimeInfo: RuntimeInfo(platform=WINDOWS, version=17.1, build=24.03.2022 17.34)
23:05:14.229 [FXGL Background Thread 3 ] DEBUG Engine               - saveFileExt: sav
23:05:14.229 [FXGL Background Thread 3 ] DEBUG Engine               - scaledHeightProp$fxgl: DoubleProperty [bound, value: 624.0]
23:05:14.229 [FXGL Background Thread 3 ] DEBUG Engine               - scaledWidthProp$fxgl: DoubleProperty [bound, value: 1488.0]
23:05:14.229 [FXGL Background Thread 3 ] DEBUG Engine               - sceneFactory: com.example.demo.BombermanApp$1@4db4ffe7
23:05:14.229 [FXGL Background Thread 3 ] DEBUG Engine               - secondsIn24h: 60
23:05:14.229 [FXGL Background Thread 3 ] DEBUG Engine               - soundMenuBack: menu/back.wav
23:05:14.229 [FXGL Background Thread 3 ] DEBUG Engine               - soundMenuPress: menu/press.wav
23:05:14.229 [FXGL Background Thread 3 ] DEBUG Engine               - soundMenuSelect: menu/select.wav
23:05:14.229 [FXGL Background Thread 3 ] DEBUG Engine               - soundNotification: core/notification.wav
23:05:14.229 [FXGL Background Thread 3 ] DEBUG Engine               - stageStyle: DECORATED
23:05:14.229 [FXGL Background Thread 3 ] DEBUG Engine               - supportedLanguages: [ENGLISH, FRENCH, GERMAN, HUNGARIAN, RUSSIAN]
23:05:14.229 [FXGL Background Thread 3 ] DEBUG Engine               - ticksPerSecond: -1
23:05:14.229 [FXGL Background Thread 3 ] DEBUG Engine               - title: BOMBERMAN
23:05:14.229 [FXGL Background Thread 3 ] DEBUG Engine               - urlGithub: https://github.com/AlmasB/FXGL
23:05:14.229 [FXGL Background Thread 3 ] DEBUG Engine               - urlLeaderboard: http://fxgl-top.herokuapp.com/
23:05:14.229 [FXGL Background Thread 3 ] DEBUG Engine               - urlPOM: https://raw.githubusercontent.com/AlmasB/FXGL/release/README.md
23:05:14.229 [FXGL Background Thread 3 ] DEBUG Engine               - userAppClass: class com.example.demo.BombermanApp
23:05:14.229 [FXGL Background Thread 3 ] DEBUG Engine               - version: 1.0
23:05:14.230 [FXGL Background Thread 3 ] DEBUG Engine               - versionCheckDays: 7
23:05:14.230 [FXGL Background Thread 3 ] DEBUG Engine               - width: 1488
23:05:14.230 [FXGL Background Thread 3 ] DEBUG Engine               - Logging services
23:05:14.230 [FXGL Background Thread 3 ] DEBUG Engine               - class com.almasb.fxgl.app.services.FXGLAssetLoaderService
23:05:14.230 [FXGL Background Thread 3 ] DEBUG Engine               - class com.almasb.fxgl.app.FXGLApplication$GameApplicationService
23:05:14.230 [FXGL Background Thread 3 ] DEBUG Engine               - class com.almasb.fxgl.app.services.FXGLDialogService
23:05:14.230 [FXGL Background Thread 3 ] DEBUG Engine               - class com.almasb.fxgl.app.services.IOTaskExecutorService
23:05:14.230 [FXGL Background Thread 3 ] DEBUG Engine               - class com.almasb.fxgl.io.FileSystemService
23:05:14.230 [FXGL Background Thread 3 ] DEBUG Engine               - class com.almasb.fxgl.localization.LocalizationService
23:05:14.230 [FXGL Background Thread 3 ] DEBUG Engine               - class com.almasb.fxgl.app.services.SystemBundleService
23:05:14.230 [FXGL Background Thread 3 ] DEBUG Engine               - class com.almasb.fxgl.profile.SaveLoadService
23:05:14.230 [FXGL Background Thread 3 ] DEBUG Engine               - class com.almasb.fxgl.ui.FXGLUIFactoryServiceProvider
23:05:14.230 [FXGL Background Thread 3 ] DEBUG Engine               - class com.almasb.fxgl.ui.FXGLDialogFactoryServiceProvider
23:05:14.230 [FXGL Background Thread 3 ] DEBUG Engine               - class com.almasb.fxgl.audio.AudioPlayer
23:05:14.230 [FXGL Background Thread 3 ] DEBUG Engine               - class com.almasb.fxgl.notification.impl.NotificationServiceProvider
23:05:14.230 [FXGL Background Thread 3 ] DEBUG Engine               - class com.almasb.fxgl.achievement.AchievementService
23:05:14.230 [FXGL Background Thread 3 ] DEBUG Engine               - class com.almasb.fxgl.cutscene.CutsceneService
23:05:14.230 [FXGL Background Thread 3 ] DEBUG Engine               - class com.almasb.fxgl.minigames.MiniGameService
23:05:14.230 [FXGL Background Thread 3 ] DEBUG Engine               - class com.almasb.fxgl.net.NetService
23:05:14.230 [FXGL Background Thread 3 ] DEBUG Engine               - class com.almasb.fxgl.app.services.UpdaterService
23:05:14.230 [FXGL Background Thread 3 ] DEBUG Engine               - class com.almasb.fxgl.dev.DevService
23:05:14.366 [JavaFX Application Thread] DEBUG PrimaryStageWindow   - Push state: GameMenu
23:05:14.366 [JavaFX Application Thread] DEBUG Input                - Clearing active input actions
23:05:14.366 [JavaFX Application Thread] DEBUG GameApplicationServi - Removing overlay from GameScene and adding to GameMenu
23:05:14.367 [JavaFX Application Thread] DEBUG PrimaryStageWindow   - GameScene -> GameMenu
23:05:16.639 [JavaFX Application Thread] DEBUG Menu                 - fireExitToMainMenu()
23:05:16.641 [JavaFX Application Thread] DEBUG PrimaryStageWindow   - Push state: DialogSubScene
23:05:16.641 [JavaFX Application Thread] DEBUG Input                - Clearing active input actions
23:05:16.642 [JavaFX Application Thread] DEBUG GameApplicationServi - Removing overlay from GameMenu and adding to DialogSubScene
23:05:16.642 [JavaFX Application Thread] DEBUG PrimaryStageWindow   - GameMenu -> DialogSubScene
23:05:19.228 [JavaFX Application Thread] DEBUG PrimaryStageWindow   - Pop state: DialogSubScene
23:05:19.228 [JavaFX Application Thread] DEBUG Input                - Clearing active input actions
23:05:19.229 [JavaFX Application Thread] DEBUG GameApplicationServi - Removing overlay from DialogSubScene and adding to GameMenu
23:05:19.229 [JavaFX Application Thread] DEBUG PrimaryStageWindow   - GameMenu <- DialogSubScene
23:05:23.434 [JavaFX Application Thread] DEBUG Menu                 - fireExit()
23:05:23.435 [JavaFX Application Thread] DEBUG PrimaryStageWindow   - Push state: DialogSubScene
23:05:23.435 [JavaFX Application Thread] DEBUG Input                - Clearing active input actions
23:05:23.435 [JavaFX Application Thread] DEBUG GameApplicationServi - Removing overlay from GameMenu and adding to DialogSubScene
23:05:23.435 [JavaFX Application Thread] DEBUG PrimaryStageWindow   - GameMenu -> DialogSubScene
23:05:24.370 [JavaFX Application Thread] DEBUG PrimaryStageWindow   - Pop state: DialogSubScene
23:05:24.370 [JavaFX Application Thread] DEBUG Input                - Clearing active input actions
23:05:24.370 [JavaFX Application Thread] DEBUG GameApplicationServi - Removing overlay from DialogSubScene and adding to GameMenu
23:05:24.370 [JavaFX Application Thread] DEBUG PrimaryStageWindow   - GameMenu <- DialogSubScene
23:05:26.018 [JavaFX Application Thread] DEBUG Menu                 - fireExit()
23:05:26.019 [JavaFX Application Thread] DEBUG PrimaryStageWindow   - Push state: DialogSubScene
23:05:26.019 [JavaFX Application Thread] DEBUG Input                - Clearing active input actions
23:05:26.019 [JavaFX Application Thread] DEBUG GameApplicationServi - Removing overlay from GameMenu and adding to DialogSubScene
23:05:26.019 [JavaFX Application Thread] DEBUG PrimaryStageWindow   - GameMenu -> DialogSubScene
23:05:26.927 [JavaFX Application Thread] DEBUG PrimaryStageWindow   - Pop state: DialogSubScene
23:05:26.927 [JavaFX Application Thread] DEBUG Input                - Clearing active input actions
23:05:26.927 [JavaFX Application Thread] DEBUG GameApplicationServi - Removing overlay from DialogSubScene and adding to GameMenu
23:05:26.927 [JavaFX Application Thread] DEBUG PrimaryStageWindow   - GameMenu <- DialogSubScene
23:05:27.818 [JavaFX Application Thread] DEBUG Menu                 - fireResume()
23:05:27.818 [JavaFX Application Thread] DEBUG PrimaryStageWindow   - Pop state: GameMenu
23:05:27.818 [JavaFX Application Thread] DEBUG Input                - Clearing active input actions
23:05:27.818 [JavaFX Application Thread] DEBUG GameApplicationServi - Removing overlay from GameMenu and adding to GameScene
23:05:27.819 [JavaFX Application Thread] DEBUG PrimaryStageWindow   - GameScene <- GameMenu
23:05:29.687 [JavaFX Application Thread] DEBUG PrimaryStageWindow   - Push state: GameMenu
23:05:29.687 [JavaFX Application Thread] DEBUG Input                - Clearing active input actions
23:05:29.688 [JavaFX Application Thread] DEBUG GameApplicationServi - Removing overlay from GameScene and adding to GameMenu
23:05:29.688 [JavaFX Application Thread] DEBUG PrimaryStageWindow   - GameScene -> GameMenu
23:05:30.240 [JavaFX Application Thread] DEBUG Menu                 - fireExitToMainMenu()
23:05:30.241 [JavaFX Application Thread] DEBUG PrimaryStageWindow   - Push state: DialogSubScene
23:05:30.241 [JavaFX Application Thread] DEBUG Input                - Clearing active input actions
23:05:30.241 [JavaFX Application Thread] DEBUG GameApplicationServi - Removing overlay from GameMenu and adding to DialogSubScene
23:05:30.241 [JavaFX Application Thread] DEBUG PrimaryStageWindow   - GameMenu -> DialogSubScene
23:05:30.832 [JavaFX Application Thread] DEBUG PrimaryStageWindow   - Pop state: DialogSubScene
23:05:30.832 [JavaFX Application Thread] DEBUG Input                - Clearing active input actions
23:05:30.832 [JavaFX Application Thread] DEBUG GameApplicationServi - Removing overlay from DialogSubScene and adding to GameMenu
23:05:30.832 [JavaFX Application Thread] DEBUG PrimaryStageWindow   - GameMenu <- DialogSubScene
23:05:30.832 [JavaFX Application Thread] DEBUG PrimaryStageWindow   - Pop state: GameMenu
23:05:30.832 [JavaFX Application Thread] DEBUG Input                - Clearing active input actions
23:05:30.832 [JavaFX Application Thread] DEBUG GameApplicationServi - Removing overlay from GameMenu and adding to GameScene
23:05:30.832 [JavaFX Application Thread] DEBUG PrimaryStageWindow   - GameScene <- GameMenu
23:05:30.832 [JavaFX Application Thread] DEBUG Input                - Clearing active input actions
23:05:30.836 [JavaFX Application Thread] DEBUG GameApplicationServi - Removing overlay from GameScene and adding to FXGLMainMenuDummyScene
23:05:30.836 [JavaFX Application Thread] DEBUG PrimaryStageWindow   - GameScene -> FXGLMainMenuDummyScene
23:05:30.836 [JavaFX Application Thread] DEBUG PrimaryStageWindow   - Push state: FXGLDefaultMenu
23:05:30.836 [JavaFX Application Thread] DEBUG Input                - Clearing active input actions
23:05:30.838 [JavaFX Application Thread] DEBUG GameApplicationServi - Removing overlay from FXGLMainMenuDummyScene and adding to FXGLDefaultMenu
23:05:30.838 [JavaFX Application Thread] DEBUG PrimaryStageWindow   - FXGLMainMenuDummyScene -> FXGLDefaultMenu
23:05:34.040 [JavaFX Application Thread] DEBUG FXGL.DefaultMenu     - createContentGameplay()
23:05:35.575 [JavaFX Application Thread] DEBUG FXGL.DefaultMenu     - createContentControls()
23:05:37.702 [JavaFX Application Thread] DEBUG FXGL.DefaultMenu     - createContentVideo()
23:05:39.734 [JavaFX Application Thread] DEBUG FXGLAssetLoaderServi - Loading from file system: jar:file:///C:/Users/phamt/.m2/repository/com/github/almasb/fxgl/17.1/fxgl-17.1.jar!/fxglassets/languages/french.lang
23:05:45.277 [JavaFX Application Thread] DEBUG FXGLAssetLoaderServi - Loading from file system: jar:file:///C:/Users/phamt/.m2/repository/com/github/almasb/fxgl/17.1/fxgl-17.1.jar!/fxglassets/languages/hungarian.lang
23:05:49.308 [JavaFX Application Thread] DEBUG FXGL.DefaultMenu     - createContentAudio()
23:06:01.178 [JavaFX Application Thread] DEBUG PrimaryStageWindow   - Push state: DialogSubScene
23:06:01.178 [JavaFX Application Thread] DEBUG Input                - Clearing active input actions
23:06:01.179 [JavaFX Application Thread] DEBUG GameApplicationServi - Removing overlay from FXGLDefaultMenu and adding to DialogSubScene
23:06:01.179 [JavaFX Application Thread] DEBUG PrimaryStageWindow   - FXGLDefaultMenu -> DialogSubScene
23:06:02.788 [JavaFX Application Thread] DEBUG PrimaryStageWindow   - Pop state: DialogSubScene
23:06:02.788 [JavaFX Application Thread] DEBUG Input                - Clearing active input actions
23:06:02.788 [JavaFX Application Thread] DEBUG GameApplicationServi - Removing overlay from DialogSubScene and adding to FXGLDefaultMenu
23:06:02.788 [JavaFX Application Thread] DEBUG PrimaryStageWindow   - FXGLDefaultMenu <- DialogSubScene
23:06:02.788 [JavaFX Application Thread] DEBUG Menu                 - restoreDefaultSettings()
23:06:05.205 [JavaFX Application Thread] DEBUG Menu                 - fireNewGame()
23:06:05.205 [JavaFX Application Thread] DEBUG GameApplicationServi - Starting new game
23:06:05.205 [JavaFX Application Thread] DEBUG PrimaryStageWindow   - Pop state: FXGLDefaultMenu
23:06:05.205 [JavaFX Application Thread] DEBUG Input                - Clearing active input actions
23:06:05.206 [JavaFX Application Thread] DEBUG GameApplicationServi - Removing overlay from FXGLDefaultMenu and adding to FXGLMainMenuDummyScene
23:06:05.206 [JavaFX Application Thread] DEBUG PrimaryStageWindow   - FXGLMainMenuDummyScene <- FXGLDefaultMenu
23:06:05.206 [JavaFX Application Thread] DEBUG Input                - Clearing active input actions
23:06:05.209 [JavaFX Application Thread] DEBUG GameApplicationServi - Removing overlay from FXGLMainMenuDummyScene and adding to FXGLLoadingScene
23:06:05.209 [JavaFX Application Thread] DEBUG PrimaryStageWindow   - FXGLMainMenuDummyScene -> FXGLLoadingScene
23:06:05.209 [JavaFX Application Thread] DEBUG GameApplicationServi - Clearing previous game
23:06:05.209 [JavaFX Application Thread] DEBUG GameScene            - Clearing game scene
23:06:05.209 [JavaFX Application Thread] DEBUG GameWorld            - Clearing game world
23:06:05.215 [JavaFX Application Thread] DEBUG PhysicsWorld         - Clearing physics world
23:06:05.215 [FXGL Background Thread 2 ] DEBUG FXGLApplication      - Initializing game
23:06:05.217 [FXGL Background Thread 2 ] WARN  TMXLevelLoader       - TiledMap generated from 1.9.2. Supported version: 1.4.2. Some features may not be parsed fully.
23:06:05.223 [FXGL Background Thread 2 ] DEBUG TMXLevelLoader       - Parsed TiledMap: file:/C:/java_new/bombermanGame/target/classes/assets/levels/map1.tmx
23:06:05.223 [FXGL Background Thread 2 ] DEBUG TMXLevelLoader       - Creating tile layer entities
23:06:05.224 [FXGL Background Thread 2 ] DEBUG TilesetLoader        - Loading view for layer Tile Layer 1
23:06:05.224 [FXGL Background Thread 2 ] DEBUG TilesetLoader        - Created buffer with size 1488.0x624.0
23:06:05.237 [FXGL Background Thread 2 ] DEBUG TMXLevelLoader       - Creating object layer entities
23:06:05.270 [FXGL Background Thread 2 ] DEBUG GameWorld            - Clearing removable entities
23:06:05.270 [FXGL Background Thread 2 ] DEBUG GameWorld            - Setting level: com.almasb.fxgl.entity.level.Level@796e0716
23:06:05.276 [FXGL Background Thread 2 ] INFO  FXGLApplication      - Game initialization took: 0.061 sec
23:06:05.277 [JavaFX Application Thread] DEBUG Input                - Clearing active input actions
23:06:05.280 [JavaFX Application Thread] DEBUG GameApplicationServi - Removing overlay from FXGLLoadingScene and adding to GameScene
23:06:05.280 [JavaFX Application Thread] DEBUG PrimaryStageWindow   - FXGLLoadingScene -> GameScene
23:06:07.044 [JavaFX Application Thread] DEBUG FXGLAssetLoaderServi - Loading from file system: file:/C:/java_new/bombermanGame/target/classes/assets/textures/bomb.png
23:06:08.728 [JavaFX Application Thread] DEBUG FXGLAssetLoaderServi - Loading from file system: file:/C:/java_new/bombermanGame/target/classes/assets/textures/top_right_flame.png
23:06:08.730 [JavaFX Application Thread] DEBUG FXGLAssetLoaderServi - Loading from file system: file:/C:/java_new/bombermanGame/target/classes/assets/textures/top_left_flame.png
23:06:08.732 [JavaFX Application Thread] DEBUG FXGLAssetLoaderServi - Loading from file system: file:/C:/java_new/bombermanGame/target/classes/assets/textures/top_down_flame.png
23:06:08.733 [JavaFX Application Thread] DEBUG FXGLAssetLoaderServi - Loading from file system: file:/C:/java_new/bombermanGame/target/classes/assets/textures/top_up_flame.png
23:06:08.735 [JavaFX Application Thread] DEBUG FXGLAssetLoaderServi - Loading from file system: file:/C:/java_new/bombermanGame/target/classes/assets/textures/central_flame.png
23:06:11.568 [JavaFX Application Thread] DEBUG FXGLAssetLoaderServi - Loading from file system: file:/C:/java_new/bombermanGame/target/classes/assets/textures/brick_break.png
23:06:13.615 [JavaFX Application Thread] DEBUG FXGLApplication      - Exiting FXGL
23:06:13.615 [JavaFX Application Thread] DEBUG LoopRunner           - Stopping loop
23:06:13.615 [JavaFX Application Thread] DEBUG SystemBundleService  - Saving FXGL system data
23:06:13.618 [JavaFX Application Thread] DEBUG FileSystemAccess     - Writing to: C:\java_new\bombermanGame\system\fxgl.bundle
23:06:13.620 [JavaFX Application Thread] DEBUG Async                - Shutting down background threads
23:06:13.620 [JavaFX Application Thread] DEBUG PrimaryStageWindow   - Closing main window
23:06:13.641 [JavaFX Application Thread] DEBUG Logger               - Closing Logger
