22:58:24.419 [main                     ] DEBUG Logger               - Configured Logger
22:58:24.452 [main                     ] DEBUG GameApplication      - Logging settings
Title: BOMBERMAN
Version: 1.0
Width: 1488
Height: 624
Fullscreen: true
Intro: false
Profiling: false
Single step:false
App Mode: DEVELOPER
Menu Key: ESCAPE
Stage Style: DECORATED
Scene Factory: class com.example.demo.BombermanApp$1

22:58:24.895 [JavaFX Application Thread] DEBUG FXGLApplication      - Initializing FXGL
22:58:24.903 [JavaFX Application Thread] INFO  Engine               - FXGL-17.1 (24.03.2022 17.34) on WINDOWS (J:18.0.2.1 FX:18.0.1)
22:58:24.903 [JavaFX Application Thread] DEBUG Engine               - JRE Vendor Name: Oracle Corporation
22:58:24.903 [JavaFX Application Thread] DEBUG Engine               - Running on OS: Windows 11 version 10.0
22:58:24.904 [JavaFX Application Thread] DEBUG Engine               - Architecture: amd64
22:58:24.904 [JavaFX Application Thread] INFO  Engine               - Source code and latest versions at: https://github.com/AlmasB/FXGL
22:58:24.904 [JavaFX Application Thread] INFO  Engine               -       Ask questions and discuss at: https://github.com/AlmasB/FXGL/discussions
22:58:24.904 [JavaFX Application Thread] INFO  Engine               -              Join the FXGL chat at: https://gitter.im/AlmasB/FXGL
22:58:25.010 [JavaFX Application Thread] DEBUG PrimaryStageWindow   - Creating a JavaFX scene
22:58:25.062 [JavaFX Application Thread] DEBUG PrimaryStageWindow   - Target settings size: 1488.0 x 624.0
22:58:25.062 [JavaFX Application Thread] DEBUG PrimaryStageWindow   - Scaled scene size:    1488.0 x 624.0
22:58:25.063 [JavaFX Application Thread] DEBUG PrimaryStageWindow   - Scaled ratio: (1.0, 1.0)
22:58:25.064 [JavaFX Application Thread] DEBUG PrimaryStageWindow   - Set initial scene to FXGLStartupScene
22:58:25.075 [JavaFX Application Thread] DEBUG PrimaryStageWindow   - Opening main window
22:58:25.163 [JavaFX Application Thread] DEBUG PrimaryStageWindow   - Window border size: (14.4000244140625, 37.5999755859375)
22:58:25.163 [JavaFX Application Thread] DEBUG PrimaryStageWindow   - Scaled size: 1488.0 x 624.0
22:58:25.163 [JavaFX Application Thread] DEBUG PrimaryStageWindow   - Scaled ratio: (1.0, 1.0)
22:58:25.163 [JavaFX Application Thread] DEBUG PrimaryStageWindow   - Scene size: 1488.0 x 624.0
22:58:25.164 [JavaFX Application Thread] DEBUG PrimaryStageWindow   - Stage size: 1502.4000244140625 x 661.5999755859375
22:58:25.215 [JavaFX Application Thread] DEBUG PrimaryStageWindow   - Going fullscreen
22:58:25.225 [FXGL Background Thread 1 ] DEBUG Engine               - Initializing environment variables
22:58:25.277 [FXGL Background Thread 1 ] DEBUG FXGLAssetLoaderServi - User app class for loading assets: class com.example.demo.BombermanApp
22:58:25.277 [FXGL Background Thread 1 ] DEBUG GameApplicationServi - Applying CSS: fxgl_dark.css
22:58:25.278 [FXGL Background Thread 1 ] DEBUG FXGLAssetLoaderServi - Loading from file system: jar:file:///C:/Users/phamt/.m2/repository/com/github/almasb/fxgl/17.1/fxgl-17.1.jar!/fxglassets/ui/css/fxgl_dark.css
22:58:25.339 [FXGL Background Thread 1 ] DEBUG GameApplicationServi - Initializing application scenes
22:58:25.416 [FXGL Background Thread 1 ] DEBUG GameWorld            - Game world initialized
22:58:25.497 [FXGL Background Thread 1 ] DEBUG PhysicsWorld         - Physics world initialized: appHeight=624, physics.ppm=50.0
22:58:25.497 [FXGL Background Thread 1 ] DEBUG PhysicsWorld         - Using strategy: BRUTE_FORCE
22:58:25.503 [FXGL Background Thread 1 ] DEBUG GameScene            - Game scene initialized: 1488x624
22:58:25.524 [FXGL Background Thread 1 ] DEBUG FXGL.DefaultMenu     - createMenuBodyMainMenu()
22:58:25.540 [FXGL Background Thread 1 ] DEBUG FXGL.DefaultMenu     - createOptionsMenu()
22:58:25.554 [FXGL Background Thread 1 ] DEBUG FXGLAssetLoaderServi - Loading from file system: jar:file:///C:/Users/phamt/.m2/repository/com/github/almasb/fxgl/17.1/fxgl-17.1.jar!/fxglassets/textures/particles/smoke.png
22:58:25.678 [FXGL Background Thread 1 ] DEBUG FXGLAssetLoaderServi - Loading from file system: jar:file:///C:/Users/phamt/.m2/repository/com/github/almasb/fxgl/17.1/fxgl-17.1.jar!/fxglassets/textures/particles/trace_horizontal.png
22:58:25.721 [FXGL Background Thread 1 ] DEBUG GameApplicationServi - Application scenes initialized
22:58:25.736 [FXGL Background Thread 1 ] DEBUG SystemBundleService  - Loading FXGL system data
22:58:25.747 [FXGL Background Thread 1 ] DEBUG FileSystemAccess     - Reading from: C:\java_new\bombermanGame\system\fxgl.bundle
22:58:25.767 [FXGL Background Thread 1 ] DEBUG SystemBundleService  - Bundle FXGL: {}
22:58:25.767 [FXGL Background Thread 1 ] DEBUG UpdaterService       - Checking for updates
22:58:25.777 [FXGL Background Thread 4 ] DEBUG FXGLApplication      - Loading fonts
22:58:25.778 [FXGL Background Thread 1 ] DEBUG FXGLApplication      - Loading default localization
22:58:25.778 [FXGL Background Thread 4 ] WARN  FXGLAssetLoaderServi - Asset "/assets/ui/fonts/game_font.ttf" was not found!
22:58:25.778 [FXGL Background Thread 4 ] WARN  FXGLAssetLoaderServi - Failed to load FONT
22:58:25.779 [FXGL Background Thread 1 ] DEBUG FXGLAssetLoaderServi - Loading from file system: jar:file:///C:/Users/phamt/.m2/repository/com/github/almasb/fxgl/17.1/fxgl-17.1.jar!/fxglassets/languages/english.lang
22:58:25.780 [FXGL Background Thread 4 ] DEBUG FXGLAssetLoaderServi - Loading from file system: jar:file:///C:/Users/phamt/.m2/repository/com/github/almasb/fxgl/17.1/fxgl-17.1.jar!/fxglassets/ui/fonts/Abel-Regular.ttf
22:58:25.811 [FXGL Background Thread 1 ] INFO  FXGLApplication      - FXGL initialization took: 0.585 sec
22:58:25.822 [JavaFX Application Thread] DEBUG Input                - Registered new binding: Move Up - W
22:58:25.823 [JavaFX Application Thread] DEBUG Input                - Registered new binding: Move Down - S
22:58:25.823 [JavaFX Application Thread] DEBUG Input                - Registered new binding: Move Left - A
22:58:25.823 [JavaFX Application Thread] DEBUG Input                - Registered new binding: Move Right - D
22:58:25.824 [JavaFX Application Thread] DEBUG Input                - Registered new binding: Place Bomb - Space
22:58:25.825 [JavaFX Application Thread] DEBUG FXGLAssetLoaderServi - Loading from file system: jar:file:///C:/Users/phamt/.m2/repository/com/github/almasb/fxgl/17.1/fxgl-17.1.jar!/fxglassets/textures/fxgl_icon.png
22:58:25.861 [FXGL Background Thread 4 ] DEBUG FXGLAssetLoaderServi - Loading from file system: jar:file:///C:/Users/phamt/.m2/repository/com/github/almasb/fxgl/17.1/fxgl-17.1.jar!/fxglassets/ui/fonts/TerminalLandMono-Regular.otf
22:58:25.867 [FXGL Background Thread 4 ] DEBUG FXGLAssetLoaderServi - Loading from file system: jar:file:///C:/Users/phamt/.m2/repository/com/github/almasb/fxgl/17.1/fxgl-17.1.jar!/fxglassets/ui/fonts/Courier-Prime.ttf
22:58:25.868 [JavaFX Application Thread] DEBUG FXGLAssetLoaderServi - Loading from file system: jar:file:///C:/Users/phamt/.m2/repository/com/github/almasb/fxgl/17.1/fxgl-17.1.jar!/fxglassets/textures/fxgl_default_cursor.png
22:58:25.876 [JavaFX Application Thread] DEBUG Input                - Registered new binding: Screenshot - CTRL+8
22:58:25.878 [JavaFX Application Thread] DEBUG Input                - Registered new binding: System info dump - CTRL+9
22:58:25.879 [JavaFX Application Thread] DEBUG Input                - Registered new binding: Restart - CTRL+R
22:58:25.882 [JavaFX Application Thread] DEBUG Input                - Registered new binding: Toggle Debug Camera - CTRL+7
22:58:25.888 [JavaFX Application Thread] DEBUG LoopRunner           - Starting loop
22:58:25.888 [JavaFX Application Thread] DEBUG LoopRunner           - Initializing JavaFX AnimationTimerLoop
22:58:25.891 [JavaFX Application Thread] DEBUG Input                - Clearing active input actions
22:58:25.899 [JavaFX Application Thread] DEBUG GameApplicationServi - Removing overlay from FXGLStartupScene and adding to FXGLMainMenuDummyScene
22:58:25.900 [JavaFX Application Thread] DEBUG PrimaryStageWindow   - FXGLStartupScene -> FXGLMainMenuDummyScene
22:58:25.901 [JavaFX Application Thread] DEBUG PrimaryStageWindow   - Push state: FXGLDefaultMenu
22:58:25.927 [JavaFX Application Thread] DEBUG Input                - Clearing active input actions
22:58:25.945 [JavaFX Application Thread] DEBUG GameApplicationServi - Removing overlay from FXGLMainMenuDummyScene and adding to FXGLDefaultMenu
22:58:25.946 [JavaFX Application Thread] DEBUG PrimaryStageWindow   - FXGLMainMenuDummyScene -> FXGLDefaultMenu
22:58:25.965 [JavaFX Application Thread] DEBUG FXGLApplication      - Registering font factories with UI factory
22:58:26.801 [FXGL Background Thread 2 ] INFO  UpdaterService       - Your current version:  17.1
22:58:26.803 [FXGL Background Thread 2 ] INFO  UpdaterService       - Latest stable version: 17.2
22:58:27.383 [JavaFX Application Thread] DEBUG Menu                 - fireNewGame()
22:58:27.383 [JavaFX Application Thread] DEBUG GameApplicationServi - Starting new game
22:58:27.385 [JavaFX Application Thread] DEBUG PrimaryStageWindow   - Pop state: FXGLDefaultMenu
22:58:27.386 [JavaFX Application Thread] DEBUG Input                - Clearing active input actions
22:58:27.386 [JavaFX Application Thread] DEBUG GameApplicationServi - Removing overlay from FXGLDefaultMenu and adding to FXGLMainMenuDummyScene
22:58:27.387 [JavaFX Application Thread] DEBUG PrimaryStageWindow   - FXGLMainMenuDummyScene <- FXGLDefaultMenu
22:58:27.388 [JavaFX Application Thread] DEBUG Input                - Clearing active input actions
22:58:27.401 [JavaFX Application Thread] DEBUG GameApplicationServi - Removing overlay from FXGLMainMenuDummyScene and adding to FXGLLoadingScene
22:58:27.401 [JavaFX Application Thread] DEBUG PrimaryStageWindow   - FXGLMainMenuDummyScene -> FXGLLoadingScene
22:58:27.401 [JavaFX Application Thread] DEBUG GameApplicationServi - Clearing previous game
22:58:27.401 [JavaFX Application Thread] DEBUG GameScene            - Clearing game scene
22:58:27.402 [JavaFX Application Thread] DEBUG GameWorld            - Clearing game world
22:58:27.402 [JavaFX Application Thread] DEBUG PhysicsWorld         - Clearing physics world
22:58:27.406 [FXGL Background Thread 2 ] DEBUG FXGLApplication      - Initializing game
22:58:27.506 [FXGL Background Thread 2 ] WARN  TMXLevelLoader       - TiledMap generated from 1.9.2. Supported version: 1.4.2. Some features may not be parsed fully.
22:58:27.541 [FXGL Background Thread 2 ] DEBUG TMXLevelLoader       - Parsed TiledMap: file:/C:/java_new/bombermanGame/target/classes/assets/levels/map1.tmx
22:58:27.545 [FXGL Background Thread 2 ] DEBUG TMXLevelLoader       - Creating tile layer entities
22:58:27.550 [FXGL Background Thread 2 ] DEBUG TilesetLoader        - Loading view for layer Tile Layer 1
22:58:27.552 [FXGL Background Thread 2 ] DEBUG TilesetLoader        - Created buffer with size 1488.0x624.0
22:58:27.571 [FXGL Background Thread 2 ] DEBUG TMXLevelLoader       - Creating object layer entities
22:58:27.615 [FXGL Background Thread 2 ] DEBUG FXGLAssetLoaderServi - Loading from file system: file:/C:/java_new/bombermanGame/target/classes/assets/textures/player_down.png
22:58:27.618 [FXGL Background Thread 2 ] DEBUG FXGLAssetLoaderServi - Loading from file system: file:/C:/java_new/bombermanGame/target/classes/assets/textures/player_right.png
22:58:27.620 [FXGL Background Thread 2 ] DEBUG FXGLAssetLoaderServi - Loading from file system: file:/C:/java_new/bombermanGame/target/classes/assets/textures/player_up.png
22:58:27.621 [FXGL Background Thread 2 ] DEBUG FXGLAssetLoaderServi - Loading from file system: file:/C:/java_new/bombermanGame/target/classes/assets/textures/player_left.png
22:58:27.674 [FXGL Background Thread 2 ] WARN  FXGLAssetLoaderServi - Asset "/assets/textures/brick.png" was not found!
22:58:27.674 [FXGL Background Thread 2 ] WARN  FXGLAssetLoaderServi - Failed to load IMAGE
22:58:27.686 [FXGL Background Thread 2 ] WARN  FXGLAssetLoaderServi - Asset "/assets/textures/brick.png" was not found!
22:58:27.686 [FXGL Background Thread 2 ] WARN  FXGLAssetLoaderServi - Failed to load IMAGE
22:58:27.687 [FXGL Background Thread 2 ] WARN  FXGLAssetLoaderServi - Asset "/assets/textures/brick.png" was not found!
22:58:27.688 [FXGL Background Thread 2 ] WARN  FXGLAssetLoaderServi - Failed to load IMAGE
22:58:27.689 [FXGL Background Thread 2 ] WARN  FXGLAssetLoaderServi - Asset "/assets/textures/brick.png" was not found!
22:58:27.689 [FXGL Background Thread 2 ] WARN  FXGLAssetLoaderServi - Failed to load IMAGE
22:58:27.690 [FXGL Background Thread 2 ] WARN  FXGLAssetLoaderServi - Asset "/assets/textures/brick.png" was not found!
22:58:27.690 [FXGL Background Thread 2 ] WARN  FXGLAssetLoaderServi - Failed to load IMAGE
22:58:27.692 [FXGL Background Thread 2 ] WARN  FXGLAssetLoaderServi - Asset "/assets/textures/brick.png" was not found!
22:58:27.692 [FXGL Background Thread 2 ] WARN  FXGLAssetLoaderServi - Failed to load IMAGE
22:58:27.694 [FXGL Background Thread 2 ] WARN  FXGLAssetLoaderServi - Asset "/assets/textures/brick.png" was not found!
22:58:27.694 [FXGL Background Thread 2 ] WARN  FXGLAssetLoaderServi - Failed to load IMAGE
22:58:27.695 [FXGL Background Thread 2 ] WARN  FXGLAssetLoaderServi - Asset "/assets/textures/brick.png" was not found!
22:58:27.695 [FXGL Background Thread 2 ] WARN  FXGLAssetLoaderServi - Failed to load IMAGE
22:58:27.696 [FXGL Background Thread 2 ] WARN  FXGLAssetLoaderServi - Asset "/assets/textures/brick.png" was not found!
22:58:27.696 [FXGL Background Thread 2 ] WARN  FXGLAssetLoaderServi - Failed to load IMAGE
22:58:27.697 [FXGL Background Thread 2 ] WARN  FXGLAssetLoaderServi - Asset "/assets/textures/brick.png" was not found!
22:58:27.697 [FXGL Background Thread 2 ] WARN  FXGLAssetLoaderServi - Failed to load IMAGE
22:58:27.698 [FXGL Background Thread 2 ] WARN  FXGLAssetLoaderServi - Asset "/assets/textures/brick.png" was not found!
22:58:27.699 [FXGL Background Thread 2 ] WARN  FXGLAssetLoaderServi - Failed to load IMAGE
22:58:27.700 [FXGL Background Thread 2 ] WARN  FXGLAssetLoaderServi - Asset "/assets/textures/brick.png" was not found!
22:58:27.700 [FXGL Background Thread 2 ] WARN  FXGLAssetLoaderServi - Failed to load IMAGE
22:58:27.701 [FXGL Background Thread 2 ] WARN  FXGLAssetLoaderServi - Asset "/assets/textures/brick.png" was not found!
22:58:27.701 [FXGL Background Thread 2 ] WARN  FXGLAssetLoaderServi - Failed to load IMAGE
22:58:27.703 [FXGL Background Thread 2 ] WARN  FXGLAssetLoaderServi - Asset "/assets/textures/brick.png" was not found!
22:58:27.704 [FXGL Background Thread 2 ] WARN  FXGLAssetLoaderServi - Failed to load IMAGE
22:58:27.705 [FXGL Background Thread 2 ] WARN  FXGLAssetLoaderServi - Asset "/assets/textures/brick.png" was not found!
22:58:27.705 [FXGL Background Thread 2 ] WARN  FXGLAssetLoaderServi - Failed to load IMAGE
22:58:27.706 [FXGL Background Thread 2 ] WARN  FXGLAssetLoaderServi - Asset "/assets/textures/brick.png" was not found!
22:58:27.706 [FXGL Background Thread 2 ] WARN  FXGLAssetLoaderServi - Failed to load IMAGE
22:58:27.706 [FXGL Background Thread 2 ] WARN  FXGLAssetLoaderServi - Asset "/assets/textures/brick.png" was not found!
22:58:27.708 [FXGL Background Thread 2 ] WARN  FXGLAssetLoaderServi - Failed to load IMAGE
22:58:27.709 [FXGL Background Thread 2 ] WARN  FXGLAssetLoaderServi - Asset "/assets/textures/brick.png" was not found!
22:58:27.709 [FXGL Background Thread 2 ] WARN  FXGLAssetLoaderServi - Failed to load IMAGE
22:58:27.711 [FXGL Background Thread 2 ] WARN  FXGLAssetLoaderServi - Asset "/assets/textures/brick.png" was not found!
22:58:27.711 [FXGL Background Thread 2 ] WARN  FXGLAssetLoaderServi - Failed to load IMAGE
22:58:27.712 [FXGL Background Thread 2 ] WARN  FXGLAssetLoaderServi - Asset "/assets/textures/brick.png" was not found!
22:58:27.712 [FXGL Background Thread 2 ] WARN  FXGLAssetLoaderServi - Failed to load IMAGE
22:58:27.713 [FXGL Background Thread 2 ] WARN  FXGLAssetLoaderServi - Asset "/assets/textures/brick.png" was not found!
22:58:27.713 [FXGL Background Thread 2 ] WARN  FXGLAssetLoaderServi - Failed to load IMAGE
22:58:27.715 [FXGL Background Thread 2 ] WARN  FXGLAssetLoaderServi - Asset "/assets/textures/brick.png" was not found!
22:58:27.715 [FXGL Background Thread 2 ] WARN  FXGLAssetLoaderServi - Failed to load IMAGE
22:58:27.716 [FXGL Background Thread 2 ] WARN  FXGLAssetLoaderServi - Asset "/assets/textures/brick.png" was not found!
22:58:27.716 [FXGL Background Thread 2 ] WARN  FXGLAssetLoaderServi - Failed to load IMAGE
22:58:27.718 [FXGL Background Thread 2 ] WARN  FXGLAssetLoaderServi - Asset "/assets/textures/brick.png" was not found!
22:58:27.718 [FXGL Background Thread 2 ] WARN  FXGLAssetLoaderServi - Failed to load IMAGE
22:58:27.719 [FXGL Background Thread 2 ] WARN  FXGLAssetLoaderServi - Asset "/assets/textures/brick.png" was not found!
22:58:27.719 [FXGL Background Thread 2 ] WARN  FXGLAssetLoaderServi - Failed to load IMAGE
22:58:27.720 [FXGL Background Thread 2 ] WARN  FXGLAssetLoaderServi - Asset "/assets/textures/brick.png" was not found!
22:58:27.720 [FXGL Background Thread 2 ] WARN  FXGLAssetLoaderServi - Failed to load IMAGE
22:58:27.721 [FXGL Background Thread 2 ] WARN  FXGLAssetLoaderServi - Asset "/assets/textures/brick.png" was not found!
22:58:27.722 [FXGL Background Thread 2 ] WARN  FXGLAssetLoaderServi - Failed to load IMAGE
22:58:27.723 [FXGL Background Thread 2 ] WARN  FXGLAssetLoaderServi - Asset "/assets/textures/brick.png" was not found!
22:58:27.723 [FXGL Background Thread 2 ] WARN  FXGLAssetLoaderServi - Failed to load IMAGE
22:58:27.725 [FXGL Background Thread 2 ] WARN  FXGLAssetLoaderServi - Asset "/assets/textures/brick.png" was not found!
22:58:27.725 [FXGL Background Thread 2 ] WARN  FXGLAssetLoaderServi - Failed to load IMAGE
22:58:27.726 [FXGL Background Thread 2 ] WARN  FXGLAssetLoaderServi - Asset "/assets/textures/brick.png" was not found!
22:58:27.726 [FXGL Background Thread 2 ] WARN  FXGLAssetLoaderServi - Failed to load IMAGE
22:58:27.727 [FXGL Background Thread 2 ] WARN  FXGLAssetLoaderServi - Asset "/assets/textures/brick.png" was not found!
22:58:27.727 [FXGL Background Thread 2 ] WARN  FXGLAssetLoaderServi - Failed to load IMAGE
22:58:27.728 [FXGL Background Thread 2 ] WARN  FXGLAssetLoaderServi - Asset "/assets/textures/brick.png" was not found!
22:58:27.728 [FXGL Background Thread 2 ] WARN  FXGLAssetLoaderServi - Failed to load IMAGE
22:58:27.729 [FXGL Background Thread 2 ] WARN  FXGLAssetLoaderServi - Asset "/assets/textures/brick.png" was not found!
22:58:27.730 [FXGL Background Thread 2 ] WARN  FXGLAssetLoaderServi - Failed to load IMAGE
22:58:27.731 [FXGL Background Thread 2 ] WARN  FXGLAssetLoaderServi - Asset "/assets/textures/brick.png" was not found!
22:58:27.731 [FXGL Background Thread 2 ] WARN  FXGLAssetLoaderServi - Failed to load IMAGE
22:58:27.733 [FXGL Background Thread 2 ] WARN  FXGLAssetLoaderServi - Asset "/assets/textures/brick.png" was not found!
22:58:27.733 [FXGL Background Thread 2 ] WARN  FXGLAssetLoaderServi - Failed to load IMAGE
22:58:27.733 [FXGL Background Thread 2 ] WARN  FXGLAssetLoaderServi - Asset "/assets/textures/brick.png" was not found!
22:58:27.734 [FXGL Background Thread 2 ] WARN  FXGLAssetLoaderServi - Failed to load IMAGE
22:58:27.734 [FXGL Background Thread 2 ] WARN  FXGLAssetLoaderServi - Asset "/assets/textures/brick.png" was not found!
22:58:27.735 [FXGL Background Thread 2 ] WARN  FXGLAssetLoaderServi - Failed to load IMAGE
22:58:27.735 [FXGL Background Thread 2 ] WARN  FXGLAssetLoaderServi - Asset "/assets/textures/brick.png" was not found!
22:58:27.735 [FXGL Background Thread 2 ] WARN  FXGLAssetLoaderServi - Failed to load IMAGE
22:58:27.736 [FXGL Background Thread 2 ] WARN  FXGLAssetLoaderServi - Asset "/assets/textures/brick.png" was not found!
22:58:27.736 [FXGL Background Thread 2 ] WARN  FXGLAssetLoaderServi - Failed to load IMAGE
22:58:27.737 [FXGL Background Thread 2 ] WARN  FXGLAssetLoaderServi - Asset "/assets/textures/brick.png" was not found!
22:58:27.737 [FXGL Background Thread 2 ] WARN  FXGLAssetLoaderServi - Failed to load IMAGE
22:58:27.738 [FXGL Background Thread 2 ] WARN  FXGLAssetLoaderServi - Asset "/assets/textures/brick.png" was not found!
22:58:27.738 [FXGL Background Thread 2 ] WARN  FXGLAssetLoaderServi - Failed to load IMAGE
22:58:27.739 [FXGL Background Thread 2 ] WARN  FXGLAssetLoaderServi - Asset "/assets/textures/brick.png" was not found!
22:58:27.739 [FXGL Background Thread 2 ] WARN  FXGLAssetLoaderServi - Failed to load IMAGE
22:58:27.740 [FXGL Background Thread 2 ] WARN  FXGLAssetLoaderServi - Asset "/assets/textures/brick.png" was not found!
22:58:27.741 [FXGL Background Thread 2 ] WARN  FXGLAssetLoaderServi - Failed to load IMAGE
22:58:27.742 [FXGL Background Thread 2 ] WARN  FXGLAssetLoaderServi - Asset "/assets/textures/brick.png" was not found!
22:58:27.742 [FXGL Background Thread 2 ] WARN  FXGLAssetLoaderServi - Failed to load IMAGE
22:58:27.743 [FXGL Background Thread 2 ] WARN  FXGLAssetLoaderServi - Asset "/assets/textures/brick.png" was not found!
22:58:27.743 [FXGL Background Thread 2 ] WARN  FXGLAssetLoaderServi - Failed to load IMAGE
22:58:27.744 [FXGL Background Thread 2 ] WARN  FXGLAssetLoaderServi - Asset "/assets/textures/brick.png" was not found!
22:58:27.745 [FXGL Background Thread 2 ] WARN  FXGLAssetLoaderServi - Failed to load IMAGE
22:58:27.746 [FXGL Background Thread 2 ] WARN  FXGLAssetLoaderServi - Asset "/assets/textures/brick.png" was not found!
22:58:27.746 [FXGL Background Thread 2 ] WARN  FXGLAssetLoaderServi - Failed to load IMAGE
22:58:27.747 [FXGL Background Thread 2 ] WARN  FXGLAssetLoaderServi - Asset "/assets/textures/brick.png" was not found!
22:58:27.747 [FXGL Background Thread 2 ] WARN  FXGLAssetLoaderServi - Failed to load IMAGE
22:58:27.748 [FXGL Background Thread 2 ] WARN  FXGLAssetLoaderServi - Asset "/assets/textures/brick.png" was not found!
22:58:27.749 [FXGL Background Thread 2 ] WARN  FXGLAssetLoaderServi - Failed to load IMAGE
22:58:27.749 [FXGL Background Thread 2 ] WARN  FXGLAssetLoaderServi - Asset "/assets/textures/brick.png" was not found!
22:58:27.750 [FXGL Background Thread 2 ] WARN  FXGLAssetLoaderServi - Failed to load IMAGE
22:58:27.750 [FXGL Background Thread 2 ] DEBUG GameWorld            - Clearing removable entities
22:58:27.751 [FXGL Background Thread 2 ] DEBUG GameWorld            - Setting level: com.almasb.fxgl.entity.level.Level@c022b4e
22:58:27.771 [FXGL Background Thread 2 ] INFO  FXGLApplication      - Game initialization took: 0.364 sec
22:58:27.772 [JavaFX Application Thread] DEBUG Input                - Clearing active input actions
22:58:27.779 [JavaFX Application Thread] DEBUG GameApplicationServi - Removing overlay from FXGLLoadingScene and adding to GameScene
22:58:27.779 [JavaFX Application Thread] DEBUG PrimaryStageWindow   - FXGLLoadingScene -> GameScene
22:58:28.774 [FXGL Background Thread 3 ] DEBUG Engine               - Logging environment variables
22:58:28.775 [FXGL Background Thread 3 ] DEBUG Engine               - achievements: []
22:58:28.775 [FXGL Background Thread 3 ] DEBUG Engine               - actualHeight: 864.0
22:58:28.775 [FXGL Background Thread 3 ] DEBUG Engine               - actualHeightProperty: ReadOnlyDoubleProperty [value: 864.0]
22:58:28.775 [FXGL Background Thread 3 ] DEBUG Engine               - actualWidth: 1536.0
22:58:28.775 [FXGL Background Thread 3 ] DEBUG Engine               - actualWidthProperty: ReadOnlyDoubleProperty [value: 1536.0]
22:58:28.775 [FXGL Background Thread 3 ] DEBUG Engine               - appIcon: fxgl_icon.png
22:58:28.775 [FXGL Background Thread 3 ] DEBUG Engine               - applicationMode: DEVELOPER
22:58:28.775 [FXGL Background Thread 3 ] DEBUG Engine               - cSSList: [fxgl_dark.css]
22:58:28.775 [FXGL Background Thread 3 ] DEBUG Engine               - collisionDetectionStrategy: BRUTE_FORCE
22:58:28.775 [FXGL Background Thread 3 ] DEBUG Engine               - configClass: Optional.empty
22:58:28.775 [FXGL Background Thread 3 ] DEBUG Engine               - credits: []
22:58:28.775 [FXGL Background Thread 3 ] DEBUG Engine               - defaultCursor: CursorInfo(imageName=fxgl_default_cursor.png, hotspotX=7.0, hotspotY=6.0)
22:58:28.775 [FXGL Background Thread 3 ] DEBUG Engine               - devBBoxColorProperty: ObjectProperty [value: 0xff0000ff]
22:58:28.775 [FXGL Background Thread 3 ] DEBUG Engine               - devEnableDebugCameraProperty: BooleanProperty [value: false]
22:58:28.775 [FXGL Background Thread 3 ] DEBUG Engine               - devSensorColorProperty: ObjectProperty [value: 0xffff00ff]
22:58:28.775 [FXGL Background Thread 3 ] DEBUG Engine               - devShowBBoxProperty: BooleanProperty [value: false]
22:58:28.775 [FXGL Background Thread 3 ] DEBUG Engine               - devShowPositionProperty: BooleanProperty [value: false]
22:58:28.775 [FXGL Background Thread 3 ] DEBUG Engine               - enabledMenuItems: []
22:58:28.776 [FXGL Background Thread 3 ] DEBUG Engine               - engineServices: [class com.almasb.fxgl.app.services.FXGLAssetLoaderService, class com.almasb.fxgl.app.FXGLApplication$GameApplicationService, class com.almasb.fxgl.app.services.FXGLDialogService, class com.almasb.fxgl.app.services.IOTaskExecutorService, class com.almasb.fxgl.io.FileSystemService, class com.almasb.fxgl.localization.LocalizationService, class com.almasb.fxgl.app.services.SystemBundleService, class com.almasb.fxgl.profile.SaveLoadService, class com.almasb.fxgl.ui.FXGLUIFactoryServiceProvider, class com.almasb.fxgl.ui.FXGLDialogFactoryServiceProvider, class com.almasb.fxgl.audio.AudioPlayer, class com.almasb.fxgl.notification.impl.NotificationServiceProvider, class com.almasb.fxgl.achievement.AchievementService, class com.almasb.fxgl.cutscene.CutsceneService, class com.almasb.fxgl.minigames.MiniGameService, class com.almasb.fxgl.net.NetService, class com.almasb.fxgl.app.services.UpdaterService, class com.almasb.fxgl.dev.DevService]
22:58:28.776 [FXGL Background Thread 3 ] DEBUG Engine               - fontGame: Abel-Regular.ttf
22:58:28.776 [FXGL Background Thread 3 ] DEBUG Engine               - fontMono: TerminalLandMono-Regular.otf
22:58:28.776 [FXGL Background Thread 3 ] DEBUG Engine               - fontText: Courier-Prime.ttf
22:58:28.776 [FXGL Background Thread 3 ] DEBUG Engine               - fontUI: game_font.ttf
22:58:28.776 [FXGL Background Thread 3 ] DEBUG Engine               - fullScreen: BooleanProperty [value: true]
22:58:28.776 [FXGL Background Thread 3 ] DEBUG Engine               - gameDifficulty: MEDIUM
22:58:28.776 [FXGL Background Thread 3 ] DEBUG Engine               - gameDifficultyProperty: ObjectProperty [value: MEDIUM]
22:58:28.776 [FXGL Background Thread 3 ] DEBUG Engine               - globalMusicVolume: 0.5
22:58:28.776 [FXGL Background Thread 3 ] DEBUG Engine               - globalMusicVolumeProperty: DoubleProperty [value: 0.5]
22:58:28.776 [FXGL Background Thread 3 ] DEBUG Engine               - globalSoundVolume: 0.5
22:58:28.776 [FXGL Background Thread 3 ] DEBUG Engine               - globalSoundVolumeProperty: DoubleProperty [value: 0.5]
22:58:28.776 [FXGL Background Thread 3 ] DEBUG Engine               - height: 624
22:58:28.776 [FXGL Background Thread 3 ] DEBUG Engine               - is3D: false
22:58:28.776 [FXGL Background Thread 3 ] DEBUG Engine               - isAndroid: false
22:58:28.776 [FXGL Background Thread 3 ] DEBUG Engine               - isBrowser: false
22:58:28.776 [FXGL Background Thread 3 ] DEBUG Engine               - isClickFeedbackEnabled: false
22:58:28.776 [FXGL Background Thread 3 ] DEBUG Engine               - isCloseConfirmation: false
22:58:28.776 [FXGL Background Thread 3 ] DEBUG Engine               - isDesktop: true
22:58:28.776 [FXGL Background Thread 3 ] DEBUG Engine               - isDeveloperMenuEnabled: false
22:58:28.776 [FXGL Background Thread 3 ] DEBUG Engine               - isEmbedded: false
22:58:28.776 [FXGL Background Thread 3 ] DEBUG Engine               - isEntityPreloadEnabled: true
22:58:28.776 [FXGL Background Thread 3 ] DEBUG Engine               - isExperimentalTiledLargeMap: false
22:58:28.776 [FXGL Background Thread 3 ] DEBUG Engine               - isFileSystemWriteAllowed: true
22:58:28.776 [FXGL Background Thread 3 ] DEBUG Engine               - isFullScreenAllowed: true
22:58:28.776 [FXGL Background Thread 3 ] DEBUG Engine               - isFullScreenFromStart: true
22:58:28.777 [FXGL Background Thread 3 ] DEBUG Engine               - isGameMenuEnabled: true
22:58:28.777 [FXGL Background Thread 3 ] DEBUG Engine               - isIOS: false
22:58:28.777 [FXGL Background Thread 3 ] DEBUG Engine               - isIntroEnabled: false
22:58:28.777 [FXGL Background Thread 3 ] DEBUG Engine               - isLinux: false
22:58:28.777 [FXGL Background Thread 3 ] DEBUG Engine               - isMac: false
22:58:28.777 [FXGL Background Thread 3 ] DEBUG Engine               - isMainMenuEnabled: true
22:58:28.777 [FXGL Background Thread 3 ] DEBUG Engine               - isManualResizeEnabled: false
22:58:28.777 [FXGL Background Thread 3 ] DEBUG Engine               - isMobile: false
22:58:28.777 [FXGL Background Thread 3 ] DEBUG Engine               - isNative: false
22:58:28.777 [FXGL Background Thread 3 ] DEBUG Engine               - isPauseMusicWhenMinimized: true
22:58:28.777 [FXGL Background Thread 3 ] DEBUG Engine               - isPreserveResizeRatio: false
22:58:28.777 [FXGL Background Thread 3 ] DEBUG Engine               - isProfilingEnabled: false
22:58:28.777 [FXGL Background Thread 3 ] DEBUG Engine               - isScaleAffectedOnResize: true
22:58:28.777 [FXGL Background Thread 3 ] DEBUG Engine               - isSingleStep: false
22:58:28.777 [FXGL Background Thread 3 ] DEBUG Engine               - isUserProfileEnabled: false
22:58:28.777 [FXGL Background Thread 3 ] DEBUG Engine               - isWindows: true
22:58:28.777 [FXGL Background Thread 3 ] DEBUG Engine               - language: ObjectProperty [value: ENGLISH]
22:58:28.777 [FXGL Background Thread 3 ] DEBUG Engine               - menuKey: ESCAPE
22:58:28.777 [FXGL Background Thread 3 ] DEBUG Engine               - mouseSensitivity: 0.2
22:58:28.777 [FXGL Background Thread 3 ] DEBUG Engine               - notificationViewClass: class com.almasb.fxgl.notification.view.XboxNotificationView
22:58:28.777 [FXGL Background Thread 3 ] DEBUG Engine               - pixelsPerMeter: 50.0
22:58:28.777 [FXGL Background Thread 3 ] DEBUG Engine               - platform: WINDOWS
22:58:28.777 [FXGL Background Thread 3 ] DEBUG Engine               - prefHeightProperty: ReadOnlyDoubleProperty [value: 624.0]
22:58:28.777 [FXGL Background Thread 3 ] DEBUG Engine               - prefWidthProperty: ReadOnlyDoubleProperty [value: 1488.0]
22:58:28.777 [FXGL Background Thread 3 ] DEBUG Engine               - profileDir: profiles/
22:58:28.777 [FXGL Background Thread 3 ] DEBUG Engine               - profileName: StringProperty [value: DEFAULT]
22:58:28.777 [FXGL Background Thread 3 ] DEBUG Engine               - randomSeed: -1
22:58:28.777 [FXGL Background Thread 3 ] DEBUG Engine               - runtimeInfo: RuntimeInfo(platform=WINDOWS, version=17.1, build=24.03.2022 17.34)
22:58:28.777 [FXGL Background Thread 3 ] DEBUG Engine               - saveFileExt: sav
22:58:28.777 [FXGL Background Thread 3 ] DEBUG Engine               - scaledHeightProp$fxgl: DoubleProperty [bound, value: 864.0]
22:58:28.778 [FXGL Background Thread 3 ] DEBUG Engine               - scaledWidthProp$fxgl: DoubleProperty [bound, value: 1536.0]
22:58:28.778 [FXGL Background Thread 3 ] DEBUG Engine               - sceneFactory: com.example.demo.BombermanApp$1@5cccaeb
22:58:28.778 [FXGL Background Thread 3 ] DEBUG Engine               - secondsIn24h: 60
22:58:28.778 [FXGL Background Thread 3 ] DEBUG Engine               - soundMenuBack: menu/back.wav
22:58:28.778 [FXGL Background Thread 3 ] DEBUG Engine               - soundMenuPress: menu/press.wav
22:58:28.778 [FXGL Background Thread 3 ] DEBUG Engine               - soundMenuSelect: menu/select.wav
22:58:28.778 [FXGL Background Thread 3 ] DEBUG Engine               - soundNotification: core/notification.wav
22:58:28.778 [FXGL Background Thread 3 ] DEBUG Engine               - stageStyle: DECORATED
22:58:28.778 [FXGL Background Thread 3 ] DEBUG Engine               - supportedLanguages: [ENGLISH, FRENCH, GERMAN, HUNGARIAN, RUSSIAN]
22:58:28.778 [FXGL Background Thread 3 ] DEBUG Engine               - ticksPerSecond: -1
22:58:28.778 [FXGL Background Thread 3 ] DEBUG Engine               - title: BOMBERMAN
22:58:28.778 [FXGL Background Thread 3 ] DEBUG Engine               - urlGithub: https://github.com/AlmasB/FXGL
22:58:28.778 [FXGL Background Thread 3 ] DEBUG Engine               - urlLeaderboard: http://fxgl-top.herokuapp.com/
22:58:28.778 [FXGL Background Thread 3 ] DEBUG Engine               - urlPOM: https://raw.githubusercontent.com/AlmasB/FXGL/release/README.md
22:58:28.778 [FXGL Background Thread 3 ] DEBUG Engine               - userAppClass: class com.example.demo.BombermanApp
22:58:28.778 [FXGL Background Thread 3 ] DEBUG Engine               - version: 1.0
22:58:28.778 [FXGL Background Thread 3 ] DEBUG Engine               - versionCheckDays: 7
22:58:28.778 [FXGL Background Thread 3 ] DEBUG Engine               - width: 1488
22:58:28.778 [FXGL Background Thread 3 ] DEBUG Engine               - Logging services
22:58:28.778 [FXGL Background Thread 3 ] DEBUG Engine               - class com.almasb.fxgl.app.services.FXGLAssetLoaderService
22:58:28.778 [FXGL Background Thread 3 ] DEBUG Engine               - class com.almasb.fxgl.app.FXGLApplication$GameApplicationService
22:58:28.778 [FXGL Background Thread 3 ] DEBUG Engine               - class com.almasb.fxgl.app.services.FXGLDialogService
22:58:28.778 [FXGL Background Thread 3 ] DEBUG Engine               - class com.almasb.fxgl.app.services.IOTaskExecutorService
22:58:28.778 [FXGL Background Thread 3 ] DEBUG Engine               - class com.almasb.fxgl.io.FileSystemService
22:58:28.778 [FXGL Background Thread 3 ] DEBUG Engine               - class com.almasb.fxgl.localization.LocalizationService
22:58:28.778 [FXGL Background Thread 3 ] DEBUG Engine               - class com.almasb.fxgl.app.services.SystemBundleService
22:58:28.778 [FXGL Background Thread 3 ] DEBUG Engine               - class com.almasb.fxgl.profile.SaveLoadService
22:58:28.778 [FXGL Background Thread 3 ] DEBUG Engine               - class com.almasb.fxgl.ui.FXGLUIFactoryServiceProvider
22:58:28.778 [FXGL Background Thread 3 ] DEBUG Engine               - class com.almasb.fxgl.ui.FXGLDialogFactoryServiceProvider
22:58:28.778 [FXGL Background Thread 3 ] DEBUG Engine               - class com.almasb.fxgl.audio.AudioPlayer
22:58:28.778 [FXGL Background Thread 3 ] DEBUG Engine               - class com.almasb.fxgl.notification.impl.NotificationServiceProvider
22:58:28.778 [FXGL Background Thread 3 ] DEBUG Engine               - class com.almasb.fxgl.achievement.AchievementService
22:58:28.778 [FXGL Background Thread 3 ] DEBUG Engine               - class com.almasb.fxgl.cutscene.CutsceneService
22:58:28.778 [FXGL Background Thread 3 ] DEBUG Engine               - class com.almasb.fxgl.minigames.MiniGameService
22:58:28.778 [FXGL Background Thread 3 ] DEBUG Engine               - class com.almasb.fxgl.net.NetService
22:58:28.778 [FXGL Background Thread 3 ] DEBUG Engine               - class com.almasb.fxgl.app.services.UpdaterService
22:58:28.778 [FXGL Background Thread 3 ] DEBUG Engine               - class com.almasb.fxgl.dev.DevService
22:58:30.519 [JavaFX Application Thread] DEBUG FXGLAssetLoaderServi - Loading from file system: file:/C:/java_new/bombermanGame/target/classes/assets/textures/bomb.png
22:58:31.716 [JavaFX Application Thread] DEBUG FXGLAssetLoaderServi - Loading from file system: file:/C:/java_new/bombermanGame/target/classes/assets/textures/top_right_flame.png
22:58:31.718 [JavaFX Application Thread] DEBUG FXGLAssetLoaderServi - Loading from file system: file:/C:/java_new/bombermanGame/target/classes/assets/textures/top_left_flame.png
22:58:31.720 [JavaFX Application Thread] DEBUG FXGLAssetLoaderServi - Loading from file system: file:/C:/java_new/bombermanGame/target/classes/assets/textures/top_down_flame.png
22:58:31.722 [JavaFX Application Thread] DEBUG FXGLAssetLoaderServi - Loading from file system: file:/C:/java_new/bombermanGame/target/classes/assets/textures/top_up_flame.png
22:58:31.723 [JavaFX Application Thread] DEBUG FXGLAssetLoaderServi - Loading from file system: file:/C:/java_new/bombermanGame/target/classes/assets/textures/central_flame.png
22:58:31.735 [JavaFX Application Thread] WARN  FXGLAssetLoaderServi - Asset "/assets/textures/brick_break.png" was not found!
22:58:31.735 [JavaFX Application Thread] WARN  FXGLAssetLoaderServi - Failed to load IMAGE
22:58:49.957 [JavaFX Application Thread] WARN  FXGLAssetLoaderServi - Asset "/assets/textures/brick_break.png" was not found!
22:58:49.957 [JavaFX Application Thread] WARN  FXGLAssetLoaderServi - Failed to load IMAGE
22:58:53.188 [JavaFX Application Thread] WARN  FXGLAssetLoaderServi - Asset "/assets/textures/brick_break.png" was not found!
22:58:53.188 [JavaFX Application Thread] WARN  FXGLAssetLoaderServi - Failed to load IMAGE
22:58:55.882 [JavaFX Application Thread] WARN  FXGLAssetLoaderServi - Asset "/assets/textures/brick_break.png" was not found!
22:58:55.882 [JavaFX Application Thread] WARN  FXGLAssetLoaderServi - Failed to load IMAGE
22:58:58.277 [JavaFX Application Thread] WARN  FXGLAssetLoaderServi - Asset "/assets/textures/brick_break.png" was not found!
22:58:58.277 [JavaFX Application Thread] WARN  FXGLAssetLoaderServi - Failed to load IMAGE
22:58:58.278 [JavaFX Application Thread] WARN  FXGLAssetLoaderServi - Asset "/assets/textures/brick_break.png" was not found!
22:58:58.278 [JavaFX Application Thread] WARN  FXGLAssetLoaderServi - Failed to load IMAGE
22:59:03.278 [JavaFX Application Thread] WARN  FXGLAssetLoaderServi - Asset "/assets/textures/brick_break.png" was not found!
22:59:03.278 [JavaFX Application Thread] WARN  FXGLAssetLoaderServi - Failed to load IMAGE
22:59:06.521 [JavaFX Application Thread] WARN  FXGLAssetLoaderServi - Asset "/assets/textures/brick_break.png" was not found!
22:59:06.521 [JavaFX Application Thread] WARN  FXGLAssetLoaderServi - Failed to load IMAGE
22:59:10.454 [JavaFX Application Thread] WARN  FXGLAssetLoaderServi - Asset "/assets/textures/brick_break.png" was not found!
22:59:10.454 [JavaFX Application Thread] WARN  FXGLAssetLoaderServi - Failed to load IMAGE
22:59:13.152 [JavaFX Application Thread] DEBUG PrimaryStageWindow   - Push state: GameMenu
22:59:13.152 [JavaFX Application Thread] DEBUG Input                - Clearing active input actions
22:59:13.152 [JavaFX Application Thread] DEBUG GameApplicationServi - Removing overlay from GameScene and adding to GameMenu
22:59:13.153 [JavaFX Application Thread] DEBUG PrimaryStageWindow   - GameScene -> GameMenu
22:59:14.141 [JavaFX Application Thread] DEBUG Menu                 - fireExit()
22:59:14.144 [JavaFX Application Thread] DEBUG PrimaryStageWindow   - Push state: DialogSubScene
22:59:14.144 [JavaFX Application Thread] DEBUG Input                - Clearing active input actions
22:59:14.144 [JavaFX Application Thread] DEBUG GameApplicationServi - Removing overlay from GameMenu and adding to DialogSubScene
22:59:14.144 [JavaFX Application Thread] DEBUG PrimaryStageWindow   - GameMenu -> DialogSubScene
22:59:14.862 [JavaFX Application Thread] DEBUG PrimaryStageWindow   - Pop state: DialogSubScene
22:59:14.862 [JavaFX Application Thread] DEBUG Input                - Clearing active input actions
22:59:14.863 [JavaFX Application Thread] DEBUG GameApplicationServi - Removing overlay from DialogSubScene and adding to GameMenu
22:59:14.863 [JavaFX Application Thread] DEBUG PrimaryStageWindow   - GameMenu <- DialogSubScene
22:59:14.863 [JavaFX Application Thread] DEBUG FXGLApplication      - Exiting FXGL
22:59:14.863 [JavaFX Application Thread] DEBUG LoopRunner           - Stopping loop
22:59:14.863 [JavaFX Application Thread] DEBUG SystemBundleService  - Saving FXGL system data
22:59:14.865 [JavaFX Application Thread] DEBUG FileSystemAccess     - Writing to: C:\java_new\bombermanGame\system\fxgl.bundle
22:59:14.866 [JavaFX Application Thread] DEBUG Async                - Shutting down background threads
22:59:14.866 [JavaFX Application Thread] DEBUG PrimaryStageWindow   - Closing main window
22:59:14.906 [JavaFX Application Thread] DEBUG Logger               - Closing Logger
