10:45:01.100 [main                     ] DEBUG Logger               - Configured Logger
10:45:01.135 [main                     ] DEBUG GameApplication      - Logging settings
Title: Untitled
Version: 0.0
Width: 1488
Height: 624
Fullscreen: false
Intro: false
Profiling: false
Single step:false
App Mode: DEVELOPER
Menu Key: ESCAPE
Stage Style: DECORATED
Scene Factory: class com.almasb.fxgl.app.scene.SceneFactory

10:45:01.604 [JavaFX Application Thread] DEBUG FXGLApplication      - Initializing FXGL
10:45:01.614 [JavaFX Application Thread] INFO  Engine               - FXGL-17.1 (24.03.2022 17.34) on WINDOWS (J:18.0.2.1 FX:18.0.1)
10:45:01.615 [JavaFX Application Thread] DEBUG Engine               - JRE Vendor Name: Oracle Corporation
10:45:01.616 [JavaFX Application Thread] DEBUG Engine               - Running on OS: Windows 10 version 10.0
10:45:01.616 [JavaFX Application Thread] DEBUG Engine               - Architecture: amd64
10:45:01.616 [JavaFX Application Thread] INFO  Engine               - Source code and latest versions at: https://github.com/AlmasB/FXGL
10:45:01.617 [JavaFX Application Thread] INFO  Engine               -       Ask questions and discuss at: https://github.com/AlmasB/FXGL/discussions
10:45:01.617 [JavaFX Application Thread] INFO  Engine               -              Join the FXGL chat at: https://gitter.im/AlmasB/FXGL
10:45:01.784 [JavaFX Application Thread] DEBUG PrimaryStageWindow   - Creating a JavaFX scene
10:45:01.849 [JavaFX Application Thread] DEBUG PrimaryStageWindow   - Target settings size: 1488.0 x 624.0
10:45:01.850 [JavaFX Application Thread] DEBUG PrimaryStageWindow   - Scaled scene size:    1488.0 x 624.0
10:45:01.850 [JavaFX Application Thread] DEBUG PrimaryStageWindow   - Scaled ratio: (1.0, 1.0)
10:45:01.852 [JavaFX Application Thread] DEBUG PrimaryStageWindow   - Set initial scene to FXGLStartupScene
10:45:01.860 [JavaFX Application Thread] DEBUG PrimaryStageWindow   - Opening main window
10:45:01.945 [JavaFX Application Thread] DEBUG PrimaryStageWindow   - Window border size: (14.4000244140625, 37.5999755859375)
10:45:01.946 [JavaFX Application Thread] DEBUG PrimaryStageWindow   - Scaled size: 1488.0 x 624.0
10:45:01.946 [JavaFX Application Thread] DEBUG PrimaryStageWindow   - Scaled ratio: (1.0, 1.0)
10:45:01.946 [JavaFX Application Thread] DEBUG PrimaryStageWindow   - Scene size: 1488.0 x 624.0
10:45:01.947 [JavaFX Application Thread] DEBUG PrimaryStageWindow   - Stage size: 1502.4000244140625 x 661.5999755859375
10:45:01.958 [FXGL Background Thread 1 ] DEBUG Engine               - Initializing environment variables
10:45:02.042 [FXGL Background Thread 1 ] DEBUG FXGLAssetLoaderServi - User app class for loading assets: class com.example.demo.BombermanApp
10:45:02.043 [FXGL Background Thread 1 ] DEBUG GameApplicationServi - Applying CSS: fxgl_dark.css
10:45:02.044 [FXGL Background Thread 1 ] DEBUG FXGLAssetLoaderServi - Loading from file system: jar:file:///C:/Users/DELL/.m2/repository/com/github/almasb/fxgl/17.1/fxgl-17.1.jar!/fxglassets/ui/css/fxgl_dark.css
10:45:02.115 [FXGL Background Thread 1 ] DEBUG GameApplicationServi - Initializing application scenes
10:45:02.169 [FXGL Background Thread 1 ] DEBUG GameWorld            - Game world initialized
10:45:02.241 [FXGL Background Thread 1 ] DEBUG PhysicsWorld         - Physics world initialized: appHeight=624, physics.ppm=50.0
10:45:02.242 [FXGL Background Thread 1 ] DEBUG PhysicsWorld         - Using strategy: BRUTE_FORCE
10:45:02.251 [FXGL Background Thread 1 ] DEBUG GameScene            - Game scene initialized: 1488x624
10:45:02.276 [FXGL Background Thread 1 ] DEBUG FXGL.DefaultMenu     - createMenuBodyGameMenu()
10:45:02.300 [FXGL Background Thread 1 ] DEBUG FXGL.DefaultMenu     - createOptionsMenu()
10:45:02.315 [FXGL Background Thread 1 ] DEBUG FXGLAssetLoaderServi - Loading from file system: jar:file:///C:/Users/DELL/.m2/repository/com/github/almasb/fxgl/17.1/fxgl-17.1.jar!/fxglassets/textures/particles/smoke.png
10:45:02.420 [FXGL Background Thread 1 ] DEBUG FXGLAssetLoaderServi - Loading from file system: jar:file:///C:/Users/DELL/.m2/repository/com/github/almasb/fxgl/17.1/fxgl-17.1.jar!/fxglassets/textures/particles/trace_horizontal.png
10:45:02.444 [FXGL Background Thread 1 ] DEBUG GameApplicationServi - Application scenes initialized
10:45:02.454 [FXGL Background Thread 1 ] DEBUG SystemBundleService  - Loading FXGL system data
10:45:02.459 [FXGL Background Thread 1 ] DEBUG FileSystemAccess     - Reading from: D:\Fun\demo\system\fxgl.bundle
10:45:02.471 [FXGL Background Thread 1 ] DEBUG SystemBundleService  - Bundle FXGL: {}
10:45:02.471 [FXGL Background Thread 1 ] DEBUG UpdaterService       - Checking for updates
10:45:02.475 [FXGL Background Thread 4 ] DEBUG FXGLApplication      - Loading fonts
10:45:02.476 [FXGL Background Thread 1 ] DEBUG FXGLApplication      - Loading default localization
10:45:02.476 [FXGL Background Thread 4 ] DEBUG FXGLAssetLoaderServi - Loading from file system: jar:file:///C:/Users/DELL/.m2/repository/com/github/almasb/fxgl/17.1/fxgl-17.1.jar!/fxglassets/ui/fonts/VarelaRound-Regular.ttf
10:45:02.476 [FXGL Background Thread 1 ] DEBUG FXGLAssetLoaderServi - Loading from file system: jar:file:///C:/Users/DELL/.m2/repository/com/github/almasb/fxgl/17.1/fxgl-17.1.jar!/fxglassets/languages/english.lang
10:45:02.500 [FXGL Background Thread 1 ] INFO  FXGLApplication      - FXGL initialization took: 0.542 sec
10:45:02.511 [JavaFX Application Thread] DEBUG Input                - Registered new binding: Move Up - W
10:45:02.511 [JavaFX Application Thread] DEBUG Input                - Registered new binding: Move Down - S
10:45:02.512 [JavaFX Application Thread] DEBUG Input                - Registered new binding: Move Left - A
10:45:02.512 [JavaFX Application Thread] DEBUG Input                - Registered new binding: Move Right - D
10:45:02.512 [JavaFX Application Thread] DEBUG FXGLAssetLoaderServi - Loading from file system: jar:file:///C:/Users/DELL/.m2/repository/com/github/almasb/fxgl/17.1/fxgl-17.1.jar!/fxglassets/textures/fxgl_icon.png
10:45:02.539 [JavaFX Application Thread] DEBUG FXGLAssetLoaderServi - Loading from file system: jar:file:///C:/Users/DELL/.m2/repository/com/github/almasb/fxgl/17.1/fxgl-17.1.jar!/fxglassets/textures/fxgl_default_cursor.png
10:45:02.541 [JavaFX Application Thread] DEBUG Input                - Registered new binding: Screenshot - CTRL+8
10:45:02.542 [JavaFX Application Thread] DEBUG Input                - Registered new binding: System info dump - CTRL+9
10:45:02.542 [JavaFX Application Thread] DEBUG Input                - Registered new binding: Restart - CTRL+R
10:45:02.543 [JavaFX Application Thread] DEBUG Input                - Registered new binding: Toggle Debug Camera - CTRL+7
10:45:02.545 [JavaFX Application Thread] DEBUG LoopRunner           - Starting loop
10:45:02.546 [JavaFX Application Thread] DEBUG LoopRunner           - Initializing JavaFX AnimationTimerLoop
10:45:02.547 [JavaFX Application Thread] DEBUG GameApplicationServi - Starting new game
10:45:02.548 [JavaFX Application Thread] DEBUG Input                - Clearing active input actions
10:45:02.560 [JavaFX Application Thread] DEBUG GameApplicationServi - Removing overlay from FXGLStartupScene and adding to FXGLLoadingScene
10:45:02.560 [JavaFX Application Thread] DEBUG PrimaryStageWindow   - FXGLStartupScene -> FXGLLoadingScene
10:45:02.560 [JavaFX Application Thread] DEBUG GameApplicationServi - Clearing previous game
10:45:02.560 [JavaFX Application Thread] DEBUG GameScene            - Clearing game scene
10:45:02.560 [JavaFX Application Thread] DEBUG GameWorld            - Clearing game world
10:45:02.561 [JavaFX Application Thread] DEBUG PhysicsWorld         - Clearing physics world
10:45:02.563 [FXGL Background Thread 1 ] DEBUG FXGLApplication      - Initializing game
10:45:02.602 [FXGL Background Thread 1 ] WARN  TMXLevelLoader       - TiledMap generated from 1.9.2. Supported version: 1.4.2. Some features may not be parsed fully.
10:45:02.617 [FXGL Background Thread 4 ] DEBUG FXGLAssetLoaderServi - Loading from file system: jar:file:///C:/Users/DELL/.m2/repository/com/github/almasb/fxgl/17.1/fxgl-17.1.jar!/fxglassets/ui/fonts/Abel-Regular.ttf
10:45:02.625 [FXGL Background Thread 1 ] DEBUG TMXLevelLoader       - Parsed TiledMap: file:/D:/Fun/demo/target/classes/assets/levels/map1.tmx
10:45:02.627 [FXGL Background Thread 1 ] DEBUG TMXLevelLoader       - Creating tile layer entities
10:45:02.628 [FXGL Background Thread 1 ] DEBUG TilesetLoader        - Loading view for layer Tile Layer 1
10:45:02.630 [FXGL Background Thread 1 ] DEBUG TilesetLoader        - Created buffer with size 1488.0x624.0
10:45:02.653 [FXGL Background Thread 1 ] DEBUG TMXLevelLoader       - Creating object layer entities
10:45:02.702 [FXGL Background Thread 4 ] DEBUG FXGLAssetLoaderServi - Loading from file system: jar:file:///C:/Users/DELL/.m2/repository/com/github/almasb/fxgl/17.1/fxgl-17.1.jar!/fxglassets/ui/fonts/TerminalLandMono-Regular.otf
10:45:02.719 [FXGL Background Thread 4 ] DEBUG FXGLAssetLoaderServi - Loading from file system: jar:file:///C:/Users/DELL/.m2/repository/com/github/almasb/fxgl/17.1/fxgl-17.1.jar!/fxglassets/ui/fonts/Courier-Prime.ttf
10:45:02.769 [FXGL Background Thread 1 ] DEBUG FXGLAssetLoaderServi - Loading from file system: file:/D:/Fun/demo/target/classes/assets/textures/player_down.png
10:45:02.772 [JavaFX Application Thread] DEBUG FXGLApplication      - Registering font factories with UI factory
10:45:02.774 [FXGL Background Thread 1 ] DEBUG FXGLAssetLoaderServi - Loading from file system: file:/D:/Fun/demo/target/classes/assets/textures/player_right.png
10:45:02.776 [FXGL Background Thread 1 ] DEBUG FXGLAssetLoaderServi - Loading from file system: file:/D:/Fun/demo/target/classes/assets/textures/player_up.png
10:45:02.777 [FXGL Background Thread 1 ] DEBUG FXGLAssetLoaderServi - Loading from file system: file:/D:/Fun/demo/target/classes/assets/textures/player_left.png
10:45:02.847 [FXGL Background Thread 1 ] DEBUG GameWorld            - Clearing removable entities
10:45:02.848 [FXGL Background Thread 1 ] DEBUG GameWorld            - Setting level: com.almasb.fxgl.entity.level.Level@3b2548b1
10:45:02.879 [FXGL Background Thread 1 ] INFO  FXGLApplication      - Game initialization took: 0.316 sec
10:45:02.885 [JavaFX Application Thread] DEBUG Input                - Clearing active input actions
10:45:02.896 [JavaFX Application Thread] DEBUG GameApplicationServi - Removing overlay from FXGLLoadingScene and adding to GameScene
10:45:02.897 [JavaFX Application Thread] DEBUG PrimaryStageWindow   - FXGLLoadingScene -> GameScene
10:45:03.357 [FXGL Background Thread 2 ] INFO  UpdaterService       - Your current version:  17.1
10:45:03.358 [FXGL Background Thread 2 ] INFO  UpdaterService       - Latest stable version: 17.2
10:45:05.475 [FXGL Background Thread 3 ] DEBUG Engine               - Logging environment variables
10:45:05.476 [FXGL Background Thread 3 ] DEBUG Engine               - achievements: []
10:45:05.476 [FXGL Background Thread 3 ] DEBUG Engine               - actualHeight: 624.0
10:45:05.476 [FXGL Background Thread 3 ] DEBUG Engine               - actualHeightProperty: ReadOnlyDoubleProperty [value: 624.0]
10:45:05.477 [FXGL Background Thread 3 ] DEBUG Engine               - actualWidth: 1488.0
10:45:05.477 [FXGL Background Thread 3 ] DEBUG Engine               - actualWidthProperty: ReadOnlyDoubleProperty [value: 1488.0]
10:45:05.477 [FXGL Background Thread 3 ] DEBUG Engine               - appIcon: fxgl_icon.png
10:45:05.477 [FXGL Background Thread 3 ] DEBUG Engine               - applicationMode: DEVELOPER
10:45:05.477 [FXGL Background Thread 3 ] DEBUG Engine               - cSSList: [fxgl_dark.css]
10:45:05.477 [FXGL Background Thread 3 ] DEBUG Engine               - collisionDetectionStrategy: BRUTE_FORCE
10:45:05.477 [FXGL Background Thread 3 ] DEBUG Engine               - configClass: Optional.empty
10:45:05.477 [FXGL Background Thread 3 ] DEBUG Engine               - credits: []
10:45:05.478 [FXGL Background Thread 3 ] DEBUG Engine               - defaultCursor: CursorInfo(imageName=fxgl_default_cursor.png, hotspotX=7.0, hotspotY=6.0)
10:45:05.479 [FXGL Background Thread 3 ] DEBUG Engine               - devBBoxColorProperty: ObjectProperty [value: 0xff0000ff]
10:45:05.479 [FXGL Background Thread 3 ] DEBUG Engine               - devEnableDebugCameraProperty: BooleanProperty [value: false]
10:45:05.479 [FXGL Background Thread 3 ] DEBUG Engine               - devSensorColorProperty: ObjectProperty [value: 0xffff00ff]
10:45:05.479 [FXGL Background Thread 3 ] DEBUG Engine               - devShowBBoxProperty: BooleanProperty [value: false]
10:45:05.479 [FXGL Background Thread 3 ] DEBUG Engine               - devShowPositionProperty: BooleanProperty [value: false]
10:45:05.480 [FXGL Background Thread 3 ] DEBUG Engine               - enabledMenuItems: []
10:45:05.480 [FXGL Background Thread 3 ] DEBUG Engine               - engineServices: [class com.almasb.fxgl.app.services.FXGLAssetLoaderService, class com.almasb.fxgl.app.FXGLApplication$GameApplicationService, class com.almasb.fxgl.app.services.FXGLDialogService, class com.almasb.fxgl.app.services.IOTaskExecutorService, class com.almasb.fxgl.io.FileSystemService, class com.almasb.fxgl.localization.LocalizationService, class com.almasb.fxgl.app.services.SystemBundleService, class com.almasb.fxgl.profile.SaveLoadService, class com.almasb.fxgl.ui.FXGLUIFactoryServiceProvider, class com.almasb.fxgl.ui.FXGLDialogFactoryServiceProvider, class com.almasb.fxgl.audio.AudioPlayer, class com.almasb.fxgl.notification.impl.NotificationServiceProvider, class com.almasb.fxgl.achievement.AchievementService, class com.almasb.fxgl.cutscene.CutsceneService, class com.almasb.fxgl.minigames.MiniGameService, class com.almasb.fxgl.net.NetService, class com.almasb.fxgl.app.services.UpdaterService, class com.almasb.fxgl.dev.DevService]
10:45:05.480 [FXGL Background Thread 3 ] DEBUG Engine               - fontGame: Abel-Regular.ttf
10:45:05.480 [FXGL Background Thread 3 ] DEBUG Engine               - fontMono: TerminalLandMono-Regular.otf
10:45:05.480 [FXGL Background Thread 3 ] DEBUG Engine               - fontText: Courier-Prime.ttf
10:45:05.480 [FXGL Background Thread 3 ] DEBUG Engine               - fontUI: VarelaRound-Regular.ttf
10:45:05.480 [FXGL Background Thread 3 ] DEBUG Engine               - fullScreen: BooleanProperty [value: false]
10:45:05.481 [FXGL Background Thread 3 ] DEBUG Engine               - gameDifficulty: MEDIUM
10:45:05.481 [FXGL Background Thread 3 ] DEBUG Engine               - gameDifficultyProperty: ObjectProperty [value: MEDIUM]
10:45:05.481 [FXGL Background Thread 3 ] DEBUG Engine               - globalMusicVolume: 0.5
10:45:05.481 [FXGL Background Thread 3 ] DEBUG Engine               - globalMusicVolumeProperty: DoubleProperty [value: 0.5]
10:45:05.481 [FXGL Background Thread 3 ] DEBUG Engine               - globalSoundVolume: 0.5
10:45:05.481 [FXGL Background Thread 3 ] DEBUG Engine               - globalSoundVolumeProperty: DoubleProperty [value: 0.5]
10:45:05.481 [FXGL Background Thread 3 ] DEBUG Engine               - height: 624
10:45:05.482 [FXGL Background Thread 3 ] DEBUG Engine               - is3D: false
10:45:05.482 [FXGL Background Thread 3 ] DEBUG Engine               - isAndroid: false
10:45:05.482 [FXGL Background Thread 3 ] DEBUG Engine               - isBrowser: false
10:45:05.482 [FXGL Background Thread 3 ] DEBUG Engine               - isClickFeedbackEnabled: false
10:45:05.482 [FXGL Background Thread 3 ] DEBUG Engine               - isCloseConfirmation: false
10:45:05.482 [FXGL Background Thread 3 ] DEBUG Engine               - isDesktop: true
10:45:05.482 [FXGL Background Thread 3 ] DEBUG Engine               - isDeveloperMenuEnabled: false
10:45:05.482 [FXGL Background Thread 3 ] DEBUG Engine               - isEmbedded: false
10:45:05.483 [FXGL Background Thread 3 ] DEBUG Engine               - isEntityPreloadEnabled: true
10:45:05.483 [FXGL Background Thread 3 ] DEBUG Engine               - isExperimentalTiledLargeMap: false
10:45:05.483 [FXGL Background Thread 3 ] DEBUG Engine               - isFileSystemWriteAllowed: true
10:45:05.483 [FXGL Background Thread 3 ] DEBUG Engine               - isFullScreenAllowed: false
10:45:05.483 [FXGL Background Thread 3 ] DEBUG Engine               - isFullScreenFromStart: false
10:45:05.483 [FXGL Background Thread 3 ] DEBUG Engine               - isGameMenuEnabled: true
10:45:05.483 [FXGL Background Thread 3 ] DEBUG Engine               - isIOS: false
10:45:05.484 [FXGL Background Thread 3 ] DEBUG Engine               - isIntroEnabled: false
10:45:05.484 [FXGL Background Thread 3 ] DEBUG Engine               - isLinux: false
10:45:05.484 [FXGL Background Thread 3 ] DEBUG Engine               - isMac: false
10:45:05.484 [FXGL Background Thread 3 ] DEBUG Engine               - isMainMenuEnabled: false
10:45:05.484 [FXGL Background Thread 3 ] DEBUG Engine               - isManualResizeEnabled: false
10:45:05.484 [FXGL Background Thread 3 ] DEBUG Engine               - isMobile: false
10:45:05.484 [FXGL Background Thread 3 ] DEBUG Engine               - isNative: false
10:45:05.484 [FXGL Background Thread 3 ] DEBUG Engine               - isPauseMusicWhenMinimized: true
10:45:05.484 [FXGL Background Thread 3 ] DEBUG Engine               - isPreserveResizeRatio: false
10:45:05.484 [FXGL Background Thread 3 ] DEBUG Engine               - isProfilingEnabled: false
10:45:05.484 [FXGL Background Thread 3 ] DEBUG Engine               - isScaleAffectedOnResize: true
10:45:05.485 [FXGL Background Thread 3 ] DEBUG Engine               - isSingleStep: false
10:45:05.485 [FXGL Background Thread 3 ] DEBUG Engine               - isUserProfileEnabled: false
10:45:05.485 [FXGL Background Thread 3 ] DEBUG Engine               - isWindows: true
10:45:05.485 [FXGL Background Thread 3 ] DEBUG Engine               - language: ObjectProperty [value: ENGLISH]
10:45:05.485 [FXGL Background Thread 3 ] DEBUG Engine               - menuKey: ESCAPE
10:45:05.485 [FXGL Background Thread 3 ] DEBUG Engine               - mouseSensitivity: 0.2
10:45:05.486 [FXGL Background Thread 3 ] DEBUG Engine               - notificationViewClass: class com.almasb.fxgl.notification.view.XboxNotificationView
10:45:05.486 [FXGL Background Thread 3 ] DEBUG Engine               - pixelsPerMeter: 50.0
10:45:05.486 [FXGL Background Thread 3 ] DEBUG Engine               - platform: WINDOWS
10:45:05.486 [FXGL Background Thread 3 ] DEBUG Engine               - prefHeightProperty: ReadOnlyDoubleProperty [value: 624.0]
10:45:05.486 [FXGL Background Thread 3 ] DEBUG Engine               - prefWidthProperty: ReadOnlyDoubleProperty [value: 1488.0]
10:45:05.487 [FXGL Background Thread 3 ] DEBUG Engine               - profileDir: profiles/
10:45:05.487 [FXGL Background Thread 3 ] DEBUG Engine               - profileName: StringProperty [value: DEFAULT]
10:45:05.487 [FXGL Background Thread 3 ] DEBUG Engine               - randomSeed: -1
10:45:05.488 [FXGL Background Thread 3 ] DEBUG Engine               - runtimeInfo: RuntimeInfo(platform=WINDOWS, version=17.1, build=24.03.2022 17.34)
10:45:05.488 [FXGL Background Thread 3 ] DEBUG Engine               - saveFileExt: sav
10:45:05.488 [FXGL Background Thread 3 ] DEBUG Engine               - scaledHeightProp$fxgl: DoubleProperty [bound, value: 624.0]
10:45:05.488 [FXGL Background Thread 3 ] DEBUG Engine               - scaledWidthProp$fxgl: DoubleProperty [bound, value: 1488.0]
10:45:05.488 [FXGL Background Thread 3 ] DEBUG Engine               - sceneFactory: com.almasb.fxgl.app.scene.SceneFactory@7de8cec4
10:45:05.489 [FXGL Background Thread 3 ] DEBUG Engine               - secondsIn24h: 60
10:45:05.489 [FXGL Background Thread 3 ] DEBUG Engine               - soundMenuBack: menu/back.wav
10:45:05.489 [FXGL Background Thread 3 ] DEBUG Engine               - soundMenuPress: menu/press.wav
10:45:05.489 [FXGL Background Thread 3 ] DEBUG Engine               - soundMenuSelect: menu/select.wav
10:45:05.489 [FXGL Background Thread 3 ] DEBUG Engine               - soundNotification: core/notification.wav
10:45:05.489 [FXGL Background Thread 3 ] DEBUG Engine               - stageStyle: DECORATED
10:45:05.489 [FXGL Background Thread 3 ] DEBUG Engine               - supportedLanguages: [ENGLISH, FRENCH, GERMAN, HUNGARIAN, RUSSIAN]
10:45:05.490 [FXGL Background Thread 3 ] DEBUG Engine               - ticksPerSecond: -1
10:45:05.490 [FXGL Background Thread 3 ] DEBUG Engine               - title: Untitled
10:45:05.490 [FXGL Background Thread 3 ] DEBUG Engine               - urlGithub: https://github.com/AlmasB/FXGL
10:45:05.490 [FXGL Background Thread 3 ] DEBUG Engine               - urlLeaderboard: http://fxgl-top.herokuapp.com/
10:45:05.490 [FXGL Background Thread 3 ] DEBUG Engine               - urlPOM: https://raw.githubusercontent.com/AlmasB/FXGL/release/README.md
10:45:05.490 [FXGL Background Thread 3 ] DEBUG Engine               - userAppClass: class com.example.demo.BombermanApp
10:45:05.491 [FXGL Background Thread 3 ] DEBUG Engine               - version: 0.0
10:45:05.491 [FXGL Background Thread 3 ] DEBUG Engine               - versionCheckDays: 7
10:45:05.491 [FXGL Background Thread 3 ] DEBUG Engine               - width: 1488
10:45:05.491 [FXGL Background Thread 3 ] DEBUG Engine               - Logging services
10:45:05.492 [FXGL Background Thread 3 ] DEBUG Engine               - class com.almasb.fxgl.app.services.FXGLAssetLoaderService
10:45:05.492 [FXGL Background Thread 3 ] DEBUG Engine               - class com.almasb.fxgl.app.FXGLApplication$GameApplicationService
10:45:05.492 [FXGL Background Thread 3 ] DEBUG Engine               - class com.almasb.fxgl.app.services.FXGLDialogService
10:45:05.492 [FXGL Background Thread 3 ] DEBUG Engine               - class com.almasb.fxgl.app.services.IOTaskExecutorService
10:45:05.492 [FXGL Background Thread 3 ] DEBUG Engine               - class com.almasb.fxgl.io.FileSystemService
10:45:05.492 [FXGL Background Thread 3 ] DEBUG Engine               - class com.almasb.fxgl.localization.LocalizationService
10:45:05.492 [FXGL Background Thread 3 ] DEBUG Engine               - class com.almasb.fxgl.app.services.SystemBundleService
10:45:05.492 [FXGL Background Thread 3 ] DEBUG Engine               - class com.almasb.fxgl.profile.SaveLoadService
10:45:05.492 [FXGL Background Thread 3 ] DEBUG Engine               - class com.almasb.fxgl.ui.FXGLUIFactoryServiceProvider
10:45:05.493 [FXGL Background Thread 3 ] DEBUG Engine               - class com.almasb.fxgl.ui.FXGLDialogFactoryServiceProvider
10:45:05.493 [FXGL Background Thread 3 ] DEBUG Engine               - class com.almasb.fxgl.audio.AudioPlayer
10:45:05.493 [FXGL Background Thread 3 ] DEBUG Engine               - class com.almasb.fxgl.notification.impl.NotificationServiceProvider
10:45:05.493 [FXGL Background Thread 3 ] DEBUG Engine               - class com.almasb.fxgl.achievement.AchievementService
10:45:05.493 [FXGL Background Thread 3 ] DEBUG Engine               - class com.almasb.fxgl.cutscene.CutsceneService
10:45:05.493 [FXGL Background Thread 3 ] DEBUG Engine               - class com.almasb.fxgl.minigames.MiniGameService
10:45:05.493 [FXGL Background Thread 3 ] DEBUG Engine               - class com.almasb.fxgl.net.NetService
10:45:05.493 [FXGL Background Thread 3 ] DEBUG Engine               - class com.almasb.fxgl.app.services.UpdaterService
10:45:05.493 [FXGL Background Thread 3 ] DEBUG Engine               - class com.almasb.fxgl.dev.DevService
10:45:31.466 [JavaFX Application Thread] DEBUG FXGLApplication      - Exiting FXGL
10:45:31.466 [JavaFX Application Thread] DEBUG LoopRunner           - Stopping loop
10:45:31.466 [JavaFX Application Thread] DEBUG SystemBundleService  - Saving FXGL system data
10:45:31.471 [JavaFX Application Thread] DEBUG FileSystemAccess     - Writing to: D:\Fun\demo\system\fxgl.bundle
10:45:31.477 [JavaFX Application Thread] DEBUG Async                - Shutting down background threads
10:45:31.477 [JavaFX Application Thread] DEBUG PrimaryStageWindow   - Closing main window
10:45:31.520 [JavaFX Application Thread] DEBUG Logger               - Closing Logger
