19:18:49.484 [main                     ] DEBUG Logger               - Configured Logger
19:18:49.587 [main                     ] DEBUG GameApplication      - Logging settings
Title: Untitled
Version: 0.0
Width: 1488
Height: 624
Fullscreen: false
Intro: false
Profiling: false
Single step:false
App Mode: DEVELOPER
Menu Key: ESCAPE
Stage Style: DECORATED
Scene Factory: class com.almasb.fxgl.app.scene.SceneFactory

19:18:50.048 [JavaFX Application Thread] DEBUG FXGLApplication      - Initializing FXGL
19:18:50.057 [JavaFX Application Thread] INFO  Engine               - FXGL-17.1 (24.03.2022 17.34) on WINDOWS (J:18.0.2.1 FX:18.0.1)
19:18:50.058 [JavaFX Application Thread] DEBUG Engine               - JRE Vendor Name: Oracle Corporation
19:18:50.058 [JavaFX Application Thread] DEBUG Engine               - Running on OS: Windows 10 version 10.0
19:18:50.058 [JavaFX Application Thread] DEBUG Engine               - Architecture: amd64
19:18:50.058 [JavaFX Application Thread] INFO  Engine               - Source code and latest versions at: https://github.com/AlmasB/FXGL
19:18:50.058 [JavaFX Application Thread] INFO  Engine               -       Ask questions and discuss at: https://github.com/AlmasB/FXGL/discussions
19:18:50.059 [JavaFX Application Thread] INFO  Engine               -              Join the FXGL chat at: https://gitter.im/AlmasB/FXGL
19:18:50.173 [JavaFX Application Thread] DEBUG PrimaryStageWindow   - Creating a JavaFX scene
19:18:50.233 [JavaFX Application Thread] DEBUG PrimaryStageWindow   - Target settings size: 1488.0 x 624.0
19:18:50.234 [JavaFX Application Thread] DEBUG PrimaryStageWindow   - Scaled scene size:    1488.0 x 624.0
19:18:50.234 [JavaFX Application Thread] DEBUG PrimaryStageWindow   - Scaled ratio: (1.0, 1.0)
19:18:50.236 [JavaFX Application Thread] DEBUG PrimaryStageWindow   - Set initial scene to FXGLStartupScene
19:18:50.247 [JavaFX Application Thread] DEBUG PrimaryStageWindow   - Opening main window
19:18:50.364 [JavaFX Application Thread] DEBUG PrimaryStageWindow   - Window border size: (14.4000244140625, 37.5999755859375)
19:18:50.364 [JavaFX Application Thread] DEBUG PrimaryStageWindow   - Scaled size: 1488.0 x 624.0
19:18:50.365 [JavaFX Application Thread] DEBUG PrimaryStageWindow   - Scaled ratio: (1.0, 1.0)
19:18:50.365 [JavaFX Application Thread] DEBUG PrimaryStageWindow   - Scene size: 1488.0 x 624.0
19:18:50.365 [JavaFX Application Thread] DEBUG PrimaryStageWindow   - Stage size: 1502.4000244140625 x 661.5999755859375
19:18:50.377 [FXGL Background Thread 1 ] DEBUG Engine               - Initializing environment variables
19:18:50.448 [FXGL Background Thread 1 ] DEBUG FXGLAssetLoaderServi - User app class for loading assets: class com.example.demo.BombermanApp
19:18:50.448 [FXGL Background Thread 1 ] DEBUG GameApplicationServi - Applying CSS: fxgl_dark.css
19:18:50.449 [FXGL Background Thread 1 ] DEBUG FXGLAssetLoaderServi - Loading from file system: jar:file:///C:/Users/DELL/.m2/repository/com/github/almasb/fxgl/17.1/fxgl-17.1.jar!/fxglassets/ui/css/fxgl_dark.css
19:18:50.501 [FXGL Background Thread 1 ] DEBUG GameApplicationServi - Initializing application scenes
19:18:50.545 [FXGL Background Thread 1 ] DEBUG GameWorld            - Game world initialized
19:18:50.596 [FXGL Background Thread 1 ] DEBUG PhysicsWorld         - Physics world initialized: appHeight=624, physics.ppm=50.0
19:18:50.596 [FXGL Background Thread 1 ] DEBUG PhysicsWorld         - Using strategy: BRUTE_FORCE
19:18:50.602 [FXGL Background Thread 1 ] DEBUG GameScene            - Game scene initialized: 1488x624
19:18:50.618 [FXGL Background Thread 1 ] DEBUG FXGL.DefaultMenu     - createMenuBodyGameMenu()
19:18:50.638 [FXGL Background Thread 1 ] DEBUG FXGL.DefaultMenu     - createOptionsMenu()
19:18:50.654 [FXGL Background Thread 1 ] DEBUG FXGLAssetLoaderServi - Loading from file system: jar:file:///C:/Users/DELL/.m2/repository/com/github/almasb/fxgl/17.1/fxgl-17.1.jar!/fxglassets/textures/particles/smoke.png
19:18:50.798 [FXGL Background Thread 1 ] DEBUG FXGLAssetLoaderServi - Loading from file system: jar:file:///C:/Users/DELL/.m2/repository/com/github/almasb/fxgl/17.1/fxgl-17.1.jar!/fxglassets/textures/particles/trace_horizontal.png
19:18:50.827 [FXGL Background Thread 1 ] DEBUG GameApplicationServi - Application scenes initialized
19:18:50.840 [FXGL Background Thread 1 ] DEBUG SystemBundleService  - Loading FXGL system data
19:18:50.847 [FXGL Background Thread 1 ] DEBUG FileSystemAccess     - Reading from: D:\Fun\demo\system\fxgl.bundle
19:18:50.859 [FXGL Background Thread 1 ] DEBUG SystemBundleService  - Bundle FXGL: {}
19:18:50.859 [FXGL Background Thread 1 ] DEBUG UpdaterService       - Checking for updates
19:18:50.864 [FXGL Background Thread 4 ] DEBUG FXGLApplication      - Loading fonts
19:18:50.864 [FXGL Background Thread 1 ] DEBUG FXGLApplication      - Loading default localization
19:18:50.864 [FXGL Background Thread 4 ] DEBUG FXGLAssetLoaderServi - Loading from file system: jar:file:///C:/Users/DELL/.m2/repository/com/github/almasb/fxgl/17.1/fxgl-17.1.jar!/fxglassets/ui/fonts/VarelaRound-Regular.ttf
19:18:50.865 [FXGL Background Thread 1 ] DEBUG FXGLAssetLoaderServi - Loading from file system: jar:file:///C:/Users/DELL/.m2/repository/com/github/almasb/fxgl/17.1/fxgl-17.1.jar!/fxglassets/languages/english.lang
19:18:50.889 [FXGL Background Thread 1 ] INFO  FXGLApplication      - FXGL initialization took: 0.512 sec
19:18:50.898 [JavaFX Application Thread] DEBUG Input                - Registered new binding: Move Up - W
19:18:50.899 [JavaFX Application Thread] DEBUG Input                - Registered new binding: Move Down - S
19:18:50.899 [JavaFX Application Thread] DEBUG Input                - Registered new binding: Move Left - A
19:18:50.899 [JavaFX Application Thread] DEBUG Input                - Registered new binding: Move Right - D
19:18:50.899 [JavaFX Application Thread] DEBUG FXGLAssetLoaderServi - Loading from file system: jar:file:///C:/Users/DELL/.m2/repository/com/github/almasb/fxgl/17.1/fxgl-17.1.jar!/fxglassets/textures/fxgl_icon.png
19:18:50.921 [JavaFX Application Thread] DEBUG FXGLAssetLoaderServi - Loading from file system: jar:file:///C:/Users/DELL/.m2/repository/com/github/almasb/fxgl/17.1/fxgl-17.1.jar!/fxglassets/textures/fxgl_default_cursor.png
19:18:50.923 [JavaFX Application Thread] DEBUG Input                - Registered new binding: Screenshot - CTRL+8
19:18:50.923 [JavaFX Application Thread] DEBUG Input                - Registered new binding: System info dump - CTRL+9
19:18:50.923 [JavaFX Application Thread] DEBUG Input                - Registered new binding: Restart - CTRL+R
19:18:50.925 [JavaFX Application Thread] DEBUG Input                - Registered new binding: Toggle Debug Camera - CTRL+7
19:18:50.926 [JavaFX Application Thread] DEBUG LoopRunner           - Starting loop
19:18:50.927 [JavaFX Application Thread] DEBUG LoopRunner           - Initializing JavaFX AnimationTimerLoop
19:18:50.928 [JavaFX Application Thread] DEBUG GameApplicationServi - Starting new game
19:18:50.929 [JavaFX Application Thread] DEBUG Input                - Clearing active input actions
19:18:50.933 [FXGL Background Thread 4 ] DEBUG FXGLAssetLoaderServi - Loading from file system: jar:file:///C:/Users/DELL/.m2/repository/com/github/almasb/fxgl/17.1/fxgl-17.1.jar!/fxglassets/ui/fonts/Abel-Regular.ttf
19:18:50.940 [JavaFX Application Thread] DEBUG GameApplicationServi - Removing overlay from FXGLStartupScene and adding to FXGLLoadingScene
19:18:50.940 [JavaFX Application Thread] DEBUG PrimaryStageWindow   - FXGLStartupScene -> FXGLLoadingScene
19:18:50.940 [JavaFX Application Thread] DEBUG GameApplicationServi - Clearing previous game
19:18:50.941 [JavaFX Application Thread] DEBUG GameScene            - Clearing game scene
19:18:50.941 [JavaFX Application Thread] DEBUG GameWorld            - Clearing game world
19:18:50.941 [JavaFX Application Thread] DEBUG PhysicsWorld         - Clearing physics world
19:18:50.943 [FXGL Background Thread 1 ] DEBUG FXGLApplication      - Initializing game
19:18:50.947 [FXGL Background Thread 4 ] DEBUG FXGLAssetLoaderServi - Loading from file system: jar:file:///C:/Users/DELL/.m2/repository/com/github/almasb/fxgl/17.1/fxgl-17.1.jar!/fxglassets/ui/fonts/TerminalLandMono-Regular.otf
19:18:50.989 [FXGL Background Thread 4 ] DEBUG FXGLAssetLoaderServi - Loading from file system: jar:file:///C:/Users/DELL/.m2/repository/com/github/almasb/fxgl/17.1/fxgl-17.1.jar!/fxglassets/ui/fonts/Courier-Prime.ttf
19:18:50.991 [FXGL Background Thread 1 ] WARN  TMXLevelLoader       - TiledMap generated from 1.9.2. Supported version: 1.4.2. Some features may not be parsed fully.
19:18:51.016 [FXGL Background Thread 1 ] DEBUG TMXLevelLoader       - Parsed TiledMap: file:/D:/Fun/demo/target/classes/assets/levels/map1.tmx
19:18:51.017 [FXGL Background Thread 1 ] DEBUG TMXLevelLoader       - Creating tile layer entities
19:18:51.019 [FXGL Background Thread 1 ] DEBUG TilesetLoader        - Loading view for layer Tile Layer 1
19:18:51.022 [FXGL Background Thread 1 ] DEBUG TilesetLoader        - Created buffer with size 1488.0x624.0
19:18:51.061 [FXGL Background Thread 1 ] DEBUG TMXLevelLoader       - Creating object layer entities
19:18:51.080 [FXGL Background Thread 1 ] DEBUG FXGLAssetLoaderServi - Loading from file system: file:/D:/Fun/demo/target/classes/assets/textures/player_down.png
19:18:51.083 [FXGL Background Thread 1 ] DEBUG FXGLAssetLoaderServi - Loading from file system: file:/D:/Fun/demo/target/classes/assets/textures/player_right.png
19:18:51.086 [FXGL Background Thread 1 ] DEBUG FXGLAssetLoaderServi - Loading from file system: file:/D:/Fun/demo/target/classes/assets/textures/player_up.png
19:18:51.088 [FXGL Background Thread 1 ] DEBUG FXGLAssetLoaderServi - Loading from file system: file:/D:/Fun/demo/target/classes/assets/textures/player_left.png
19:18:51.229 [FXGL Background Thread 1 ] DEBUG GameWorld            - Clearing removable entities
19:18:51.230 [FXGL Background Thread 1 ] DEBUG GameWorld            - Setting level: com.almasb.fxgl.entity.level.Level@69165859
19:18:51.256 [FXGL Background Thread 1 ] INFO  FXGLApplication      - Game initialization took: 0.313 sec
19:18:51.258 [JavaFX Application Thread] DEBUG FXGLApplication      - Registering font factories with UI factory
19:18:51.261 [JavaFX Application Thread] DEBUG Input                - Clearing active input actions
19:18:51.272 [JavaFX Application Thread] DEBUG GameApplicationServi - Removing overlay from FXGLLoadingScene and adding to GameScene
19:18:51.273 [JavaFX Application Thread] DEBUG PrimaryStageWindow   - FXGLLoadingScene -> GameScene
19:18:51.647 [FXGL Background Thread 2 ] INFO  UpdaterService       - Your current version:  17.1
19:18:51.647 [FXGL Background Thread 2 ] INFO  UpdaterService       - Latest stable version: 17.2
19:18:53.863 [FXGL Background Thread 3 ] DEBUG Engine               - Logging environment variables
19:18:53.863 [FXGL Background Thread 3 ] DEBUG Engine               - achievements: []
19:18:53.864 [FXGL Background Thread 3 ] DEBUG Engine               - actualHeight: 624.0
19:18:53.864 [FXGL Background Thread 3 ] DEBUG Engine               - actualHeightProperty: ReadOnlyDoubleProperty [value: 624.0]
19:18:53.864 [FXGL Background Thread 3 ] DEBUG Engine               - actualWidth: 1488.0
19:18:53.864 [FXGL Background Thread 3 ] DEBUG Engine               - actualWidthProperty: ReadOnlyDoubleProperty [value: 1488.0]
19:18:53.864 [FXGL Background Thread 3 ] DEBUG Engine               - appIcon: fxgl_icon.png
19:18:53.864 [FXGL Background Thread 3 ] DEBUG Engine               - applicationMode: DEVELOPER
19:18:53.864 [FXGL Background Thread 3 ] DEBUG Engine               - cSSList: [fxgl_dark.css]
19:18:53.864 [FXGL Background Thread 3 ] DEBUG Engine               - collisionDetectionStrategy: BRUTE_FORCE
19:18:53.864 [FXGL Background Thread 3 ] DEBUG Engine               - configClass: Optional.empty
19:18:53.864 [FXGL Background Thread 3 ] DEBUG Engine               - credits: []
19:18:53.865 [FXGL Background Thread 3 ] DEBUG Engine               - defaultCursor: CursorInfo(imageName=fxgl_default_cursor.png, hotspotX=7.0, hotspotY=6.0)
19:18:53.865 [FXGL Background Thread 3 ] DEBUG Engine               - devBBoxColorProperty: ObjectProperty [value: 0xff0000ff]
19:18:53.865 [FXGL Background Thread 3 ] DEBUG Engine               - devEnableDebugCameraProperty: BooleanProperty [value: false]
19:18:53.865 [FXGL Background Thread 3 ] DEBUG Engine               - devSensorColorProperty: ObjectProperty [value: 0xffff00ff]
19:18:53.866 [FXGL Background Thread 3 ] DEBUG Engine               - devShowBBoxProperty: BooleanProperty [value: false]
19:18:53.866 [FXGL Background Thread 3 ] DEBUG Engine               - devShowPositionProperty: BooleanProperty [value: false]
19:18:53.866 [FXGL Background Thread 3 ] DEBUG Engine               - enabledMenuItems: []
19:18:53.866 [FXGL Background Thread 3 ] DEBUG Engine               - engineServices: [class com.almasb.fxgl.app.services.FXGLAssetLoaderService, class com.almasb.fxgl.app.FXGLApplication$GameApplicationService, class com.almasb.fxgl.app.services.FXGLDialogService, class com.almasb.fxgl.app.services.IOTaskExecutorService, class com.almasb.fxgl.io.FileSystemService, class com.almasb.fxgl.localization.LocalizationService, class com.almasb.fxgl.app.services.SystemBundleService, class com.almasb.fxgl.profile.SaveLoadService, class com.almasb.fxgl.ui.FXGLUIFactoryServiceProvider, class com.almasb.fxgl.ui.FXGLDialogFactoryServiceProvider, class com.almasb.fxgl.audio.AudioPlayer, class com.almasb.fxgl.notification.impl.NotificationServiceProvider, class com.almasb.fxgl.achievement.AchievementService, class com.almasb.fxgl.cutscene.CutsceneService, class com.almasb.fxgl.minigames.MiniGameService, class com.almasb.fxgl.net.NetService, class com.almasb.fxgl.app.services.UpdaterService, class com.almasb.fxgl.dev.DevService]
19:18:53.866 [FXGL Background Thread 3 ] DEBUG Engine               - fontGame: Abel-Regular.ttf
19:18:53.866 [FXGL Background Thread 3 ] DEBUG Engine               - fontMono: TerminalLandMono-Regular.otf
19:18:53.866 [FXGL Background Thread 3 ] DEBUG Engine               - fontText: Courier-Prime.ttf
19:18:53.866 [FXGL Background Thread 3 ] DEBUG Engine               - fontUI: VarelaRound-Regular.ttf
19:18:53.866 [FXGL Background Thread 3 ] DEBUG Engine               - fullScreen: BooleanProperty [value: false]
19:18:53.867 [FXGL Background Thread 3 ] DEBUG Engine               - gameDifficulty: MEDIUM
19:18:53.867 [FXGL Background Thread 3 ] DEBUG Engine               - gameDifficultyProperty: ObjectProperty [value: MEDIUM]
19:18:53.867 [FXGL Background Thread 3 ] DEBUG Engine               - globalMusicVolume: 0.5
19:18:53.867 [FXGL Background Thread 3 ] DEBUG Engine               - globalMusicVolumeProperty: DoubleProperty [value: 0.5]
19:18:53.867 [FXGL Background Thread 3 ] DEBUG Engine               - globalSoundVolume: 0.5
19:18:53.867 [FXGL Background Thread 3 ] DEBUG Engine               - globalSoundVolumeProperty: DoubleProperty [value: 0.5]
19:18:53.867 [FXGL Background Thread 3 ] DEBUG Engine               - height: 624
19:18:53.867 [FXGL Background Thread 3 ] DEBUG Engine               - is3D: false
19:18:53.867 [FXGL Background Thread 3 ] DEBUG Engine               - isAndroid: false
19:18:53.867 [FXGL Background Thread 3 ] DEBUG Engine               - isBrowser: false
19:18:53.867 [FXGL Background Thread 3 ] DEBUG Engine               - isClickFeedbackEnabled: false
19:18:53.868 [FXGL Background Thread 3 ] DEBUG Engine               - isCloseConfirmation: false
19:18:53.868 [FXGL Background Thread 3 ] DEBUG Engine               - isDesktop: true
19:18:53.868 [FXGL Background Thread 3 ] DEBUG Engine               - isDeveloperMenuEnabled: false
19:18:53.868 [FXGL Background Thread 3 ] DEBUG Engine               - isEmbedded: false
19:18:53.868 [FXGL Background Thread 3 ] DEBUG Engine               - isEntityPreloadEnabled: true
19:18:53.868 [FXGL Background Thread 3 ] DEBUG Engine               - isExperimentalTiledLargeMap: false
19:18:53.868 [FXGL Background Thread 3 ] DEBUG Engine               - isFileSystemWriteAllowed: true
19:18:53.869 [FXGL Background Thread 3 ] DEBUG Engine               - isFullScreenAllowed: false
19:18:53.869 [FXGL Background Thread 3 ] DEBUG Engine               - isFullScreenFromStart: false
19:18:53.869 [FXGL Background Thread 3 ] DEBUG Engine               - isGameMenuEnabled: true
19:18:53.869 [FXGL Background Thread 3 ] DEBUG Engine               - isIOS: false
19:18:53.869 [FXGL Background Thread 3 ] DEBUG Engine               - isIntroEnabled: false
19:18:53.869 [FXGL Background Thread 3 ] DEBUG Engine               - isLinux: false
19:18:53.869 [FXGL Background Thread 3 ] DEBUG Engine               - isMac: false
19:18:53.869 [FXGL Background Thread 3 ] DEBUG Engine               - isMainMenuEnabled: false
19:18:53.869 [FXGL Background Thread 3 ] DEBUG Engine               - isManualResizeEnabled: false
19:18:53.869 [FXGL Background Thread 3 ] DEBUG Engine               - isMobile: false
19:18:53.869 [FXGL Background Thread 3 ] DEBUG Engine               - isNative: false
19:18:53.869 [FXGL Background Thread 3 ] DEBUG Engine               - isPauseMusicWhenMinimized: true
19:18:53.869 [FXGL Background Thread 3 ] DEBUG Engine               - isPreserveResizeRatio: false
19:18:53.870 [FXGL Background Thread 3 ] DEBUG Engine               - isProfilingEnabled: false
19:18:53.870 [FXGL Background Thread 3 ] DEBUG Engine               - isScaleAffectedOnResize: true
19:18:53.870 [FXGL Background Thread 3 ] DEBUG Engine               - isSingleStep: false
19:18:53.870 [FXGL Background Thread 3 ] DEBUG Engine               - isUserProfileEnabled: false
19:18:53.870 [FXGL Background Thread 3 ] DEBUG Engine               - isWindows: true
19:18:53.870 [FXGL Background Thread 3 ] DEBUG Engine               - language: ObjectProperty [value: ENGLISH]
19:18:53.870 [FXGL Background Thread 3 ] DEBUG Engine               - menuKey: ESCAPE
19:18:53.871 [FXGL Background Thread 3 ] DEBUG Engine               - mouseSensitivity: 0.2
19:18:53.871 [FXGL Background Thread 3 ] DEBUG Engine               - notificationViewClass: class com.almasb.fxgl.notification.view.XboxNotificationView
19:18:53.871 [FXGL Background Thread 3 ] DEBUG Engine               - pixelsPerMeter: 50.0
19:18:53.871 [FXGL Background Thread 3 ] DEBUG Engine               - platform: WINDOWS
19:18:53.871 [FXGL Background Thread 3 ] DEBUG Engine               - prefHeightProperty: ReadOnlyDoubleProperty [value: 624.0]
19:18:53.871 [FXGL Background Thread 3 ] DEBUG Engine               - prefWidthProperty: ReadOnlyDoubleProperty [value: 1488.0]
19:18:53.871 [FXGL Background Thread 3 ] DEBUG Engine               - profileDir: profiles/
19:18:53.871 [FXGL Background Thread 3 ] DEBUG Engine               - profileName: StringProperty [value: DEFAULT]
19:18:53.871 [FXGL Background Thread 3 ] DEBUG Engine               - randomSeed: -1
19:18:53.872 [FXGL Background Thread 3 ] DEBUG Engine               - runtimeInfo: RuntimeInfo(platform=WINDOWS, version=17.1, build=24.03.2022 17.34)
19:18:53.872 [FXGL Background Thread 3 ] DEBUG Engine               - saveFileExt: sav
19:18:53.872 [FXGL Background Thread 3 ] DEBUG Engine               - scaledHeightProp$fxgl: DoubleProperty [bound, value: 624.0]
19:18:53.872 [FXGL Background Thread 3 ] DEBUG Engine               - scaledWidthProp$fxgl: DoubleProperty [bound, value: 1488.0]
19:18:53.872 [FXGL Background Thread 3 ] DEBUG Engine               - sceneFactory: com.almasb.fxgl.app.scene.SceneFactory@15d88b0f
19:18:53.872 [FXGL Background Thread 3 ] DEBUG Engine               - secondsIn24h: 60
19:18:53.872 [FXGL Background Thread 3 ] DEBUG Engine               - soundMenuBack: menu/back.wav
19:18:53.872 [FXGL Background Thread 3 ] DEBUG Engine               - soundMenuPress: menu/press.wav
19:18:53.872 [FXGL Background Thread 3 ] DEBUG Engine               - soundMenuSelect: menu/select.wav
19:18:53.872 [FXGL Background Thread 3 ] DEBUG Engine               - soundNotification: core/notification.wav
19:18:53.873 [FXGL Background Thread 3 ] DEBUG Engine               - stageStyle: DECORATED
19:18:53.873 [FXGL Background Thread 3 ] DEBUG Engine               - supportedLanguages: [ENGLISH, FRENCH, GERMAN, HUNGARIAN, RUSSIAN]
19:18:53.873 [FXGL Background Thread 3 ] DEBUG Engine               - ticksPerSecond: -1
19:18:53.873 [FXGL Background Thread 3 ] DEBUG Engine               - title: Untitled
19:18:53.873 [FXGL Background Thread 3 ] DEBUG Engine               - urlGithub: https://github.com/AlmasB/FXGL
19:18:53.873 [FXGL Background Thread 3 ] DEBUG Engine               - urlLeaderboard: http://fxgl-top.herokuapp.com/
19:18:53.873 [FXGL Background Thread 3 ] DEBUG Engine               - urlPOM: https://raw.githubusercontent.com/AlmasB/FXGL/release/README.md
19:18:53.873 [FXGL Background Thread 3 ] DEBUG Engine               - userAppClass: class com.example.demo.BombermanApp
19:18:53.873 [FXGL Background Thread 3 ] DEBUG Engine               - version: 0.0
19:18:53.873 [FXGL Background Thread 3 ] DEBUG Engine               - versionCheckDays: 7
19:18:53.873 [FXGL Background Thread 3 ] DEBUG Engine               - width: 1488
19:18:53.873 [FXGL Background Thread 3 ] DEBUG Engine               - Logging services
19:18:53.873 [FXGL Background Thread 3 ] DEBUG Engine               - class com.almasb.fxgl.app.services.FXGLAssetLoaderService
19:18:53.873 [FXGL Background Thread 3 ] DEBUG Engine               - class com.almasb.fxgl.app.FXGLApplication$GameApplicationService
19:18:53.874 [FXGL Background Thread 3 ] DEBUG Engine               - class com.almasb.fxgl.app.services.FXGLDialogService
19:18:53.874 [FXGL Background Thread 3 ] DEBUG Engine               - class com.almasb.fxgl.app.services.IOTaskExecutorService
19:18:53.874 [FXGL Background Thread 3 ] DEBUG Engine               - class com.almasb.fxgl.io.FileSystemService
19:18:53.874 [FXGL Background Thread 3 ] DEBUG Engine               - class com.almasb.fxgl.localization.LocalizationService
19:18:53.874 [FXGL Background Thread 3 ] DEBUG Engine               - class com.almasb.fxgl.app.services.SystemBundleService
19:18:53.874 [FXGL Background Thread 3 ] DEBUG Engine               - class com.almasb.fxgl.profile.SaveLoadService
19:18:53.874 [FXGL Background Thread 3 ] DEBUG Engine               - class com.almasb.fxgl.ui.FXGLUIFactoryServiceProvider
19:18:53.874 [FXGL Background Thread 3 ] DEBUG Engine               - class com.almasb.fxgl.ui.FXGLDialogFactoryServiceProvider
19:18:53.874 [FXGL Background Thread 3 ] DEBUG Engine               - class com.almasb.fxgl.audio.AudioPlayer
19:18:53.874 [FXGL Background Thread 3 ] DEBUG Engine               - class com.almasb.fxgl.notification.impl.NotificationServiceProvider
19:18:53.874 [FXGL Background Thread 3 ] DEBUG Engine               - class com.almasb.fxgl.achievement.AchievementService
19:18:53.874 [FXGL Background Thread 3 ] DEBUG Engine               - class com.almasb.fxgl.cutscene.CutsceneService
19:18:53.874 [FXGL Background Thread 3 ] DEBUG Engine               - class com.almasb.fxgl.minigames.MiniGameService
19:18:53.874 [FXGL Background Thread 3 ] DEBUG Engine               - class com.almasb.fxgl.net.NetService
19:18:53.874 [FXGL Background Thread 3 ] DEBUG Engine               - class com.almasb.fxgl.app.services.UpdaterService
19:18:53.874 [FXGL Background Thread 3 ] DEBUG Engine               - class com.almasb.fxgl.dev.DevService
19:19:14.173 [JavaFX Application Thread] DEBUG FXGLApplication      - Exiting FXGL
19:19:14.174 [JavaFX Application Thread] DEBUG LoopRunner           - Stopping loop
19:19:14.174 [JavaFX Application Thread] DEBUG SystemBundleService  - Saving FXGL system data
19:19:14.181 [JavaFX Application Thread] DEBUG FileSystemAccess     - Writing to: D:\Fun\demo\system\fxgl.bundle
19:19:14.188 [JavaFX Application Thread] DEBUG Async                - Shutting down background threads
19:19:14.188 [JavaFX Application Thread] DEBUG PrimaryStageWindow   - Closing main window
19:19:14.225 [JavaFX Application Thread] DEBUG Logger               - Closing Logger
