07:39:11.343 [main                     ] DEBUG Logger               - Configured Logger
07:39:11.384 [main                     ] DEBUG GameApplication      - Logging settings
Title: Untitled
Version: 0.0
Width: 1488
Height: 624
Fullscreen: false
Intro: false
Profiling: false
Single step:false
App Mode: DEVELOPER
Menu Key: ESCAPE
Stage Style: DECORATED
Scene Factory: class com.almasb.fxgl.app.scene.SceneFactory

07:39:11.856 [JavaFX Application Thread] DEBUG FXGLApplication      - Initializing FXGL
07:39:11.863 [JavaFX Application Thread] INFO  Engine               - FXGL-17.1 (24.03.2022 17.34) on WINDOWS (J:18.0.2.1 FX:18.0.1)
07:39:11.864 [JavaFX Application Thread] DEBUG Engine               - JRE Vendor Name: Oracle Corporation
07:39:11.864 [JavaFX Application Thread] DEBUG Engine               - Running on OS: Windows 10 version 10.0
07:39:11.864 [JavaFX Application Thread] DEBUG Engine               - Architecture: amd64
07:39:11.864 [JavaFX Application Thread] INFO  Engine               - Source code and latest versions at: https://github.com/AlmasB/FXGL
07:39:11.864 [JavaFX Application Thread] INFO  Engine               -       Ask questions and discuss at: https://github.com/AlmasB/FXGL/discussions
07:39:11.864 [JavaFX Application Thread] INFO  Engine               -              Join the FXGL chat at: https://gitter.im/AlmasB/FXGL
07:39:11.966 [JavaFX Application Thread] DEBUG PrimaryStageWindow   - Creating a JavaFX scene
07:39:12.029 [JavaFX Application Thread] DEBUG PrimaryStageWindow   - Target settings size: 1488.0 x 624.0
07:39:12.030 [JavaFX Application Thread] DEBUG PrimaryStageWindow   - Scaled scene size:    1488.0 x 624.0
07:39:12.031 [JavaFX Application Thread] DEBUG PrimaryStageWindow   - Scaled ratio: (1.0, 1.0)
07:39:12.033 [JavaFX Application Thread] DEBUG PrimaryStageWindow   - Set initial scene to FXGLStartupScene
07:39:12.050 [JavaFX Application Thread] DEBUG PrimaryStageWindow   - Opening main window
07:39:12.250 [JavaFX Application Thread] DEBUG PrimaryStageWindow   - Window border size: (14.4000244140625, 37.5999755859375)
07:39:12.251 [JavaFX Application Thread] DEBUG PrimaryStageWindow   - Scaled size: 1488.0 x 624.0
07:39:12.251 [JavaFX Application Thread] DEBUG PrimaryStageWindow   - Scaled ratio: (1.0, 1.0)
07:39:12.252 [JavaFX Application Thread] DEBUG PrimaryStageWindow   - Scene size: 1488.0 x 624.0
07:39:12.252 [JavaFX Application Thread] DEBUG PrimaryStageWindow   - Stage size: 1502.4000244140625 x 661.5999755859375
07:39:12.266 [FXGL Background Thread 1 ] DEBUG Engine               - Initializing environment variables
07:39:12.348 [FXGL Background Thread 1 ] DEBUG FXGLAssetLoaderServi - User app class for loading assets: class com.example.demo.BombermanApp
07:39:12.348 [FXGL Background Thread 1 ] DEBUG GameApplicationServi - Applying CSS: fxgl_dark.css
07:39:12.350 [FXGL Background Thread 1 ] DEBUG FXGLAssetLoaderServi - Loading from file system: jar:file:///C:/Users/DELL/.m2/repository/com/github/almasb/fxgl/17.1/fxgl-17.1.jar!/fxglassets/ui/css/fxgl_dark.css
07:39:12.417 [FXGL Background Thread 1 ] DEBUG GameApplicationServi - Initializing application scenes
07:39:12.475 [FXGL Background Thread 1 ] DEBUG GameWorld            - Game world initialized
07:39:12.544 [FXGL Background Thread 1 ] DEBUG PhysicsWorld         - Physics world initialized: appHeight=624, physics.ppm=50.0
07:39:12.545 [FXGL Background Thread 1 ] DEBUG PhysicsWorld         - Using strategy: BRUTE_FORCE
07:39:12.550 [FXGL Background Thread 1 ] DEBUG GameScene            - Game scene initialized: 1488x624
07:39:12.574 [FXGL Background Thread 1 ] DEBUG FXGL.DefaultMenu     - createMenuBodyGameMenu()
07:39:12.597 [FXGL Background Thread 1 ] DEBUG FXGL.DefaultMenu     - createOptionsMenu()
07:39:12.616 [FXGL Background Thread 1 ] DEBUG FXGLAssetLoaderServi - Loading from file system: jar:file:///C:/Users/DELL/.m2/repository/com/github/almasb/fxgl/17.1/fxgl-17.1.jar!/fxglassets/textures/particles/smoke.png
07:39:12.736 [FXGL Background Thread 1 ] DEBUG FXGLAssetLoaderServi - Loading from file system: jar:file:///C:/Users/DELL/.m2/repository/com/github/almasb/fxgl/17.1/fxgl-17.1.jar!/fxglassets/textures/particles/trace_horizontal.png
07:39:12.768 [FXGL Background Thread 1 ] DEBUG GameApplicationServi - Application scenes initialized
07:39:12.784 [FXGL Background Thread 1 ] DEBUG SystemBundleService  - Loading FXGL system data
07:39:12.790 [FXGL Background Thread 1 ] DEBUG FileSystemAccess     - Reading from: D:\Fun\demo\system\fxgl.bundle
07:39:12.803 [FXGL Background Thread 1 ] DEBUG SystemBundleService  - Bundle FXGL: {}
07:39:12.803 [FXGL Background Thread 1 ] DEBUG UpdaterService       - Checking for updates
07:39:12.807 [FXGL Background Thread 4 ] DEBUG FXGLApplication      - Loading fonts
07:39:12.808 [FXGL Background Thread 1 ] DEBUG FXGLApplication      - Loading default localization
07:39:12.808 [FXGL Background Thread 4 ] DEBUG FXGLAssetLoaderServi - Loading from file system: jar:file:///C:/Users/DELL/.m2/repository/com/github/almasb/fxgl/17.1/fxgl-17.1.jar!/fxglassets/ui/fonts/VarelaRound-Regular.ttf
07:39:12.808 [FXGL Background Thread 1 ] DEBUG FXGLAssetLoaderServi - Loading from file system: jar:file:///C:/Users/DELL/.m2/repository/com/github/almasb/fxgl/17.1/fxgl-17.1.jar!/fxglassets/languages/english.lang
07:39:12.834 [FXGL Background Thread 1 ] INFO  FXGLApplication      - FXGL initialization took: 0.569 sec
07:39:12.845 [JavaFX Application Thread] DEBUG Input                - Registered new binding: Move Up - W
07:39:12.846 [JavaFX Application Thread] DEBUG Input                - Registered new binding: Move Down - S
07:39:12.846 [JavaFX Application Thread] DEBUG Input                - Registered new binding: Move Left - A
07:39:12.846 [JavaFX Application Thread] DEBUG Input                - Registered new binding: Move Right - D
07:39:12.846 [JavaFX Application Thread] DEBUG Input                - Registered new binding: Place Bomb - Space
07:39:12.847 [JavaFX Application Thread] DEBUG FXGLAssetLoaderServi - Loading from file system: jar:file:///C:/Users/DELL/.m2/repository/com/github/almasb/fxgl/17.1/fxgl-17.1.jar!/fxglassets/textures/fxgl_icon.png
07:39:12.871 [JavaFX Application Thread] DEBUG FXGLAssetLoaderServi - Loading from file system: jar:file:///C:/Users/DELL/.m2/repository/com/github/almasb/fxgl/17.1/fxgl-17.1.jar!/fxglassets/textures/fxgl_default_cursor.png
07:39:12.874 [JavaFX Application Thread] DEBUG Input                - Registered new binding: Screenshot - CTRL+8
07:39:12.875 [JavaFX Application Thread] DEBUG Input                - Registered new binding: System info dump - CTRL+9
07:39:12.875 [JavaFX Application Thread] DEBUG Input                - Registered new binding: Restart - CTRL+R
07:39:12.875 [JavaFX Application Thread] DEBUG Input                - Registered new binding: Toggle Debug Camera - CTRL+7
07:39:12.878 [JavaFX Application Thread] DEBUG LoopRunner           - Starting loop
07:39:12.878 [JavaFX Application Thread] DEBUG LoopRunner           - Initializing JavaFX AnimationTimerLoop
07:39:12.879 [JavaFX Application Thread] DEBUG GameApplicationServi - Starting new game
07:39:12.880 [JavaFX Application Thread] DEBUG Input                - Clearing active input actions
07:39:12.892 [JavaFX Application Thread] DEBUG GameApplicationServi - Removing overlay from FXGLStartupScene and adding to FXGLLoadingScene
07:39:12.892 [JavaFX Application Thread] DEBUG PrimaryStageWindow   - FXGLStartupScene -> FXGLLoadingScene
07:39:12.893 [JavaFX Application Thread] DEBUG GameApplicationServi - Clearing previous game
07:39:12.893 [JavaFX Application Thread] DEBUG GameScene            - Clearing game scene
07:39:12.893 [JavaFX Application Thread] DEBUG GameWorld            - Clearing game world
07:39:12.893 [JavaFX Application Thread] DEBUG PhysicsWorld         - Clearing physics world
07:39:12.896 [FXGL Background Thread 1 ] DEBUG FXGLApplication      - Initializing game
07:39:12.963 [FXGL Background Thread 4 ] DEBUG FXGLAssetLoaderServi - Loading from file system: jar:file:///C:/Users/DELL/.m2/repository/com/github/almasb/fxgl/17.1/fxgl-17.1.jar!/fxglassets/ui/fonts/Abel-Regular.ttf
07:39:12.990 [FXGL Background Thread 4 ] DEBUG FXGLAssetLoaderServi - Loading from file system: jar:file:///C:/Users/DELL/.m2/repository/com/github/almasb/fxgl/17.1/fxgl-17.1.jar!/fxglassets/ui/fonts/TerminalLandMono-Regular.otf
07:39:13.006 [FXGL Background Thread 4 ] DEBUG FXGLAssetLoaderServi - Loading from file system: jar:file:///C:/Users/DELL/.m2/repository/com/github/almasb/fxgl/17.1/fxgl-17.1.jar!/fxglassets/ui/fonts/Courier-Prime.ttf
07:39:13.010 [FXGL Background Thread 1 ] WARN  TMXLevelLoader       - TiledMap generated from 1.9.2. Supported version: 1.4.2. Some features may not be parsed fully.
07:39:13.034 [FXGL Background Thread 1 ] DEBUG TMXLevelLoader       - Parsed TiledMap: file:/D:/Fun/demo/target/classes/assets/levels/map1.tmx
07:39:13.036 [FXGL Background Thread 1 ] DEBUG TMXLevelLoader       - Creating tile layer entities
07:39:13.038 [FXGL Background Thread 1 ] DEBUG TilesetLoader        - Loading view for layer Tile Layer 1
07:39:13.041 [FXGL Background Thread 1 ] DEBUG TilesetLoader        - Created buffer with size 1488.0x624.0
07:39:13.060 [FXGL Background Thread 1 ] DEBUG TMXLevelLoader       - Creating object layer entities
07:39:13.070 [JavaFX Application Thread] DEBUG FXGLApplication      - Registering font factories with UI factory
07:39:13.166 [FXGL Background Thread 1 ] DEBUG FXGLAssetLoaderServi - Loading from file system: file:/D:/Fun/demo/target/classes/assets/textures/player_down.png
07:39:13.172 [FXGL Background Thread 1 ] DEBUG FXGLAssetLoaderServi - Loading from file system: file:/D:/Fun/demo/target/classes/assets/textures/player_right.png
07:39:13.176 [FXGL Background Thread 1 ] DEBUG FXGLAssetLoaderServi - Loading from file system: file:/D:/Fun/demo/target/classes/assets/textures/player_up.png
07:39:13.178 [FXGL Background Thread 1 ] DEBUG FXGLAssetLoaderServi - Loading from file system: file:/D:/Fun/demo/target/classes/assets/textures/player_left.png
07:39:13.257 [FXGL Background Thread 1 ] DEBUG GameWorld            - Clearing removable entities
07:39:13.258 [FXGL Background Thread 1 ] DEBUG GameWorld            - Setting level: com.almasb.fxgl.entity.level.Level@6d121958
07:39:13.284 [FXGL Background Thread 1 ] INFO  FXGLApplication      - Game initialization took: 0.388 sec
07:39:13.288 [JavaFX Application Thread] DEBUG Input                - Clearing active input actions
07:39:13.300 [JavaFX Application Thread] DEBUG GameApplicationServi - Removing overlay from FXGLLoadingScene and adding to GameScene
07:39:13.301 [JavaFX Application Thread] DEBUG PrimaryStageWindow   - FXGLLoadingScene -> GameScene
07:39:13.889 [FXGL Background Thread 2 ] INFO  UpdaterService       - Your current version:  17.1
07:39:13.890 [FXGL Background Thread 2 ] INFO  UpdaterService       - Latest stable version: 17.2
07:39:15.807 [FXGL Background Thread 3 ] DEBUG Engine               - Logging environment variables
07:39:15.807 [FXGL Background Thread 3 ] DEBUG Engine               - achievements: []
07:39:15.807 [FXGL Background Thread 3 ] DEBUG Engine               - actualHeight: 624.0
07:39:15.807 [FXGL Background Thread 3 ] DEBUG Engine               - actualHeightProperty: ReadOnlyDoubleProperty [value: 624.0]
07:39:15.808 [FXGL Background Thread 3 ] DEBUG Engine               - actualWidth: 1488.0
07:39:15.808 [FXGL Background Thread 3 ] DEBUG Engine               - actualWidthProperty: ReadOnlyDoubleProperty [value: 1488.0]
07:39:15.808 [FXGL Background Thread 3 ] DEBUG Engine               - appIcon: fxgl_icon.png
07:39:15.808 [FXGL Background Thread 3 ] DEBUG Engine               - applicationMode: DEVELOPER
07:39:15.808 [FXGL Background Thread 3 ] DEBUG Engine               - cSSList: [fxgl_dark.css]
07:39:15.808 [FXGL Background Thread 3 ] DEBUG Engine               - collisionDetectionStrategy: BRUTE_FORCE
07:39:15.808 [FXGL Background Thread 3 ] DEBUG Engine               - configClass: Optional.empty
07:39:15.809 [FXGL Background Thread 3 ] DEBUG Engine               - credits: []
07:39:15.809 [FXGL Background Thread 3 ] DEBUG Engine               - defaultCursor: CursorInfo(imageName=fxgl_default_cursor.png, hotspotX=7.0, hotspotY=6.0)
07:39:15.809 [FXGL Background Thread 3 ] DEBUG Engine               - devBBoxColorProperty: ObjectProperty [value: 0xff0000ff]
07:39:15.810 [FXGL Background Thread 3 ] DEBUG Engine               - devEnableDebugCameraProperty: BooleanProperty [value: false]
07:39:15.810 [FXGL Background Thread 3 ] DEBUG Engine               - devSensorColorProperty: ObjectProperty [value: 0xffff00ff]
07:39:15.810 [FXGL Background Thread 3 ] DEBUG Engine               - devShowBBoxProperty: BooleanProperty [value: false]
07:39:15.810 [FXGL Background Thread 3 ] DEBUG Engine               - devShowPositionProperty: BooleanProperty [value: false]
07:39:15.810 [FXGL Background Thread 3 ] DEBUG Engine               - enabledMenuItems: []
07:39:15.810 [FXGL Background Thread 3 ] DEBUG Engine               - engineServices: [class com.almasb.fxgl.app.services.FXGLAssetLoaderService, class com.almasb.fxgl.app.FXGLApplication$GameApplicationService, class com.almasb.fxgl.app.services.FXGLDialogService, class com.almasb.fxgl.app.services.IOTaskExecutorService, class com.almasb.fxgl.io.FileSystemService, class com.almasb.fxgl.localization.LocalizationService, class com.almasb.fxgl.app.services.SystemBundleService, class com.almasb.fxgl.profile.SaveLoadService, class com.almasb.fxgl.ui.FXGLUIFactoryServiceProvider, class com.almasb.fxgl.ui.FXGLDialogFactoryServiceProvider, class com.almasb.fxgl.audio.AudioPlayer, class com.almasb.fxgl.notification.impl.NotificationServiceProvider, class com.almasb.fxgl.achievement.AchievementService, class com.almasb.fxgl.cutscene.CutsceneService, class com.almasb.fxgl.minigames.MiniGameService, class com.almasb.fxgl.net.NetService, class com.almasb.fxgl.app.services.UpdaterService, class com.almasb.fxgl.dev.DevService]
07:39:15.810 [FXGL Background Thread 3 ] DEBUG Engine               - fontGame: Abel-Regular.ttf
07:39:15.811 [FXGL Background Thread 3 ] DEBUG Engine               - fontMono: TerminalLandMono-Regular.otf
07:39:15.811 [FXGL Background Thread 3 ] DEBUG Engine               - fontText: Courier-Prime.ttf
07:39:15.811 [FXGL Background Thread 3 ] DEBUG Engine               - fontUI: VarelaRound-Regular.ttf
07:39:15.811 [FXGL Background Thread 3 ] DEBUG Engine               - fullScreen: BooleanProperty [value: false]
07:39:15.811 [FXGL Background Thread 3 ] DEBUG Engine               - gameDifficulty: MEDIUM
07:39:15.812 [FXGL Background Thread 3 ] DEBUG Engine               - gameDifficultyProperty: ObjectProperty [value: MEDIUM]
07:39:15.812 [FXGL Background Thread 3 ] DEBUG Engine               - globalMusicVolume: 0.5
07:39:15.812 [FXGL Background Thread 3 ] DEBUG Engine               - globalMusicVolumeProperty: DoubleProperty [value: 0.5]
07:39:15.812 [FXGL Background Thread 3 ] DEBUG Engine               - globalSoundVolume: 0.5
07:39:15.812 [FXGL Background Thread 3 ] DEBUG Engine               - globalSoundVolumeProperty: DoubleProperty [value: 0.5]
07:39:15.812 [FXGL Background Thread 3 ] DEBUG Engine               - height: 624
07:39:15.812 [FXGL Background Thread 3 ] DEBUG Engine               - is3D: false
07:39:15.813 [FXGL Background Thread 3 ] DEBUG Engine               - isAndroid: false
07:39:15.813 [FXGL Background Thread 3 ] DEBUG Engine               - isBrowser: false
07:39:15.813 [FXGL Background Thread 3 ] DEBUG Engine               - isClickFeedbackEnabled: false
07:39:15.813 [FXGL Background Thread 3 ] DEBUG Engine               - isCloseConfirmation: false
07:39:15.813 [FXGL Background Thread 3 ] DEBUG Engine               - isDesktop: true
07:39:15.813 [FXGL Background Thread 3 ] DEBUG Engine               - isDeveloperMenuEnabled: false
07:39:15.814 [FXGL Background Thread 3 ] DEBUG Engine               - isEmbedded: false
07:39:15.814 [FXGL Background Thread 3 ] DEBUG Engine               - isEntityPreloadEnabled: true
07:39:15.814 [FXGL Background Thread 3 ] DEBUG Engine               - isExperimentalTiledLargeMap: false
07:39:15.814 [FXGL Background Thread 3 ] DEBUG Engine               - isFileSystemWriteAllowed: true
07:39:15.814 [FXGL Background Thread 3 ] DEBUG Engine               - isFullScreenAllowed: false
07:39:15.814 [FXGL Background Thread 3 ] DEBUG Engine               - isFullScreenFromStart: false
07:39:15.814 [FXGL Background Thread 3 ] DEBUG Engine               - isGameMenuEnabled: true
07:39:15.815 [FXGL Background Thread 3 ] DEBUG Engine               - isIOS: false
07:39:15.815 [FXGL Background Thread 3 ] DEBUG Engine               - isIntroEnabled: false
07:39:15.815 [FXGL Background Thread 3 ] DEBUG Engine               - isLinux: false
07:39:15.815 [FXGL Background Thread 3 ] DEBUG Engine               - isMac: false
07:39:15.815 [FXGL Background Thread 3 ] DEBUG Engine               - isMainMenuEnabled: false
07:39:15.815 [FXGL Background Thread 3 ] DEBUG Engine               - isManualResizeEnabled: false
07:39:15.815 [FXGL Background Thread 3 ] DEBUG Engine               - isMobile: false
07:39:15.815 [FXGL Background Thread 3 ] DEBUG Engine               - isNative: false
07:39:15.815 [FXGL Background Thread 3 ] DEBUG Engine               - isPauseMusicWhenMinimized: true
07:39:15.816 [FXGL Background Thread 3 ] DEBUG Engine               - isPreserveResizeRatio: false
07:39:15.816 [FXGL Background Thread 3 ] DEBUG Engine               - isProfilingEnabled: false
07:39:15.816 [FXGL Background Thread 3 ] DEBUG Engine               - isScaleAffectedOnResize: true
07:39:15.816 [FXGL Background Thread 3 ] DEBUG Engine               - isSingleStep: false
07:39:15.816 [FXGL Background Thread 3 ] DEBUG Engine               - isUserProfileEnabled: false
07:39:15.816 [FXGL Background Thread 3 ] DEBUG Engine               - isWindows: true
07:39:15.817 [FXGL Background Thread 3 ] DEBUG Engine               - language: ObjectProperty [value: ENGLISH]
07:39:15.817 [FXGL Background Thread 3 ] DEBUG Engine               - menuKey: ESCAPE
07:39:15.817 [FXGL Background Thread 3 ] DEBUG Engine               - mouseSensitivity: 0.2
07:39:15.817 [FXGL Background Thread 3 ] DEBUG Engine               - notificationViewClass: class com.almasb.fxgl.notification.view.XboxNotificationView
07:39:15.817 [FXGL Background Thread 3 ] DEBUG Engine               - pixelsPerMeter: 50.0
07:39:15.817 [FXGL Background Thread 3 ] DEBUG Engine               - platform: WINDOWS
07:39:15.818 [FXGL Background Thread 3 ] DEBUG Engine               - prefHeightProperty: ReadOnlyDoubleProperty [value: 624.0]
07:39:15.818 [FXGL Background Thread 3 ] DEBUG Engine               - prefWidthProperty: ReadOnlyDoubleProperty [value: 1488.0]
07:39:15.818 [FXGL Background Thread 3 ] DEBUG Engine               - profileDir: profiles/
07:39:15.819 [FXGL Background Thread 3 ] DEBUG Engine               - profileName: StringProperty [value: DEFAULT]
07:39:15.820 [FXGL Background Thread 3 ] DEBUG Engine               - randomSeed: -1
07:39:15.820 [FXGL Background Thread 3 ] DEBUG Engine               - runtimeInfo: RuntimeInfo(platform=WINDOWS, version=17.1, build=24.03.2022 17.34)
07:39:15.820 [FXGL Background Thread 3 ] DEBUG Engine               - saveFileExt: sav
07:39:15.820 [FXGL Background Thread 3 ] DEBUG Engine               - scaledHeightProp$fxgl: DoubleProperty [bound, value: 624.0]
07:39:15.820 [FXGL Background Thread 3 ] DEBUG Engine               - scaledWidthProp$fxgl: DoubleProperty [bound, value: 1488.0]
07:39:15.820 [FXGL Background Thread 3 ] DEBUG Engine               - sceneFactory: com.almasb.fxgl.app.scene.SceneFactory@1006a3ab
07:39:15.821 [FXGL Background Thread 3 ] DEBUG Engine               - secondsIn24h: 60
07:39:15.821 [FXGL Background Thread 3 ] DEBUG Engine               - soundMenuBack: menu/back.wav
07:39:15.821 [FXGL Background Thread 3 ] DEBUG Engine               - soundMenuPress: menu/press.wav
07:39:15.821 [FXGL Background Thread 3 ] DEBUG Engine               - soundMenuSelect: menu/select.wav
07:39:15.821 [FXGL Background Thread 3 ] DEBUG Engine               - soundNotification: core/notification.wav
07:39:15.821 [FXGL Background Thread 3 ] DEBUG Engine               - stageStyle: DECORATED
07:39:15.821 [FXGL Background Thread 3 ] DEBUG Engine               - supportedLanguages: [ENGLISH, FRENCH, GERMAN, HUNGARIAN, RUSSIAN]
07:39:15.821 [FXGL Background Thread 3 ] DEBUG Engine               - ticksPerSecond: -1
07:39:15.821 [FXGL Background Thread 3 ] DEBUG Engine               - title: Untitled
07:39:15.822 [FXGL Background Thread 3 ] DEBUG Engine               - urlGithub: https://github.com/AlmasB/FXGL
07:39:15.822 [FXGL Background Thread 3 ] DEBUG Engine               - urlLeaderboard: http://fxgl-top.herokuapp.com/
07:39:15.822 [FXGL Background Thread 3 ] DEBUG Engine               - urlPOM: https://raw.githubusercontent.com/AlmasB/FXGL/release/README.md
07:39:15.822 [FXGL Background Thread 3 ] DEBUG Engine               - userAppClass: class com.example.demo.BombermanApp
07:39:15.822 [FXGL Background Thread 3 ] DEBUG Engine               - version: 0.0
07:39:15.822 [FXGL Background Thread 3 ] DEBUG Engine               - versionCheckDays: 7
07:39:15.822 [FXGL Background Thread 3 ] DEBUG Engine               - width: 1488
07:39:15.822 [FXGL Background Thread 3 ] DEBUG Engine               - Logging services
07:39:15.822 [FXGL Background Thread 3 ] DEBUG Engine               - class com.almasb.fxgl.app.services.FXGLAssetLoaderService
07:39:15.823 [FXGL Background Thread 3 ] DEBUG Engine               - class com.almasb.fxgl.app.FXGLApplication$GameApplicationService
07:39:15.823 [FXGL Background Thread 3 ] DEBUG Engine               - class com.almasb.fxgl.app.services.FXGLDialogService
07:39:15.823 [FXGL Background Thread 3 ] DEBUG Engine               - class com.almasb.fxgl.app.services.IOTaskExecutorService
07:39:15.823 [FXGL Background Thread 3 ] DEBUG Engine               - class com.almasb.fxgl.io.FileSystemService
07:39:15.823 [FXGL Background Thread 3 ] DEBUG Engine               - class com.almasb.fxgl.localization.LocalizationService
07:39:15.823 [FXGL Background Thread 3 ] DEBUG Engine               - class com.almasb.fxgl.app.services.SystemBundleService
07:39:15.823 [FXGL Background Thread 3 ] DEBUG Engine               - class com.almasb.fxgl.profile.SaveLoadService
07:39:15.823 [FXGL Background Thread 3 ] DEBUG Engine               - class com.almasb.fxgl.ui.FXGLUIFactoryServiceProvider
07:39:15.823 [FXGL Background Thread 3 ] DEBUG Engine               - class com.almasb.fxgl.ui.FXGLDialogFactoryServiceProvider
07:39:15.823 [FXGL Background Thread 3 ] DEBUG Engine               - class com.almasb.fxgl.audio.AudioPlayer
07:39:15.823 [FXGL Background Thread 3 ] DEBUG Engine               - class com.almasb.fxgl.notification.impl.NotificationServiceProvider
07:39:15.824 [FXGL Background Thread 3 ] DEBUG Engine               - class com.almasb.fxgl.achievement.AchievementService
07:39:15.824 [FXGL Background Thread 3 ] DEBUG Engine               - class com.almasb.fxgl.cutscene.CutsceneService
07:39:15.824 [FXGL Background Thread 3 ] DEBUG Engine               - class com.almasb.fxgl.minigames.MiniGameService
07:39:15.824 [FXGL Background Thread 3 ] DEBUG Engine               - class com.almasb.fxgl.net.NetService
07:39:15.824 [FXGL Background Thread 3 ] DEBUG Engine               - class com.almasb.fxgl.app.services.UpdaterService
07:39:15.824 [FXGL Background Thread 3 ] DEBUG Engine               - class com.almasb.fxgl.dev.DevService
07:39:17.217 [JavaFX Application Thread] DEBUG LoopRunner           - Stopping loop
07:39:17.219 [JavaFX Application Thread] FATAL FXGLApplication      - Uncaught Exception:
java.lang.IllegalArgumentException: Property flame does not exist
	at com.almasb.fxgl.core@17.1/com.almasb.fxgl.core.collection.PropertyMap.get(PropertyMap.kt:251)
	at com.almasb.fxgl.core@17.1/com.almasb.fxgl.core.collection.PropertyMap.intProperty(PropertyMap.kt:162)
	at com.almasb.fxgl.core@17.1/com.almasb.fxgl.core.collection.PropertyMap.getInt(PropertyMap.kt:152)
	at com.almasb.fxgl.all@17.1/com.almasb.fxgl.dsl.FXGL$Companion.geti(FXGL.kt:306)
	at com.almasb.fxgl.all@17.1/com.almasb.fxgl.dsl.FXGL.geti(FXGL.kt)
	at com.example.demo/com.example.demo.BombermanApp$5.onActionBegin(BombermanApp.java:110)
	at com.almasb.fxgl.core@17.1/com.almasb.fxgl.input.UserAction.begin$fxgl_core(UserAction.kt:37)
	at com.almasb.fxgl.core@17.1/com.almasb.fxgl.input.Input.handlePressed(Input.kt:350)
	at com.almasb.fxgl.core@17.1/com.almasb.fxgl.input.Input.onKeyEvent(Input.kt:291)
	at com.almasb.fxgl.all@17.1/com.almasb.fxgl.app.PrimaryStageWindow$1$1.invoke(MainWindow.kt:308)
	at com.almasb.fxgl.all@17.1/com.almasb.fxgl.app.PrimaryStageWindow$1$1.invoke(MainWindow.kt:308)
	at com.almasb.fxgl.core@17.1/com.almasb.fxgl.core.fsm.StateMachine.runOnActiveStates(StateMachine.kt:69)
	at com.almasb.fxgl.all@17.1/com.almasb.fxgl.app.PrimaryStageWindow$1.invoke(MainWindow.kt:308)
	at com.almasb.fxgl.all@17.1/com.almasb.fxgl.app.PrimaryStageWindow$1.invoke(MainWindow.kt:306)
	at com.almasb.fxgl.all@17.1/com.almasb.fxgl.app.MainWindow.addKeyHandler$lambda-1(MainWindow.kt:221)
	at javafx.base@18.0.1/com.sun.javafx.event.CompositeEventHandler$NormalEventHandlerRecord.handleBubblingEvent(CompositeEventHandler.java:247)
	at javafx.base@18.0.1/com.sun.javafx.event.CompositeEventHandler.dispatchBubblingEvent(CompositeEventHandler.java:80)
	at javafx.base@18.0.1/com.sun.javafx.event.EventHandlerManager.dispatchBubblingEvent(EventHandlerManager.java:234)
	at javafx.base@18.0.1/com.sun.javafx.event.EventHandlerManager.dispatchBubblingEvent(EventHandlerManager.java:191)
	at javafx.base@18.0.1/com.sun.javafx.event.CompositeEventDispatcher.dispatchBubblingEvent(CompositeEventDispatcher.java:59)
	at javafx.base@18.0.1/com.sun.javafx.event.BasicEventDispatcher.dispatchEvent(BasicEventDispatcher.java:58)
	at javafx.base@18.0.1/com.sun.javafx.event.EventDispatchChainImpl.dispatchEvent(EventDispatchChainImpl.java:114)
	at javafx.base@18.0.1/com.sun.javafx.event.BasicEventDispatcher.dispatchEvent(BasicEventDispatcher.java:56)
	at javafx.base@18.0.1/com.sun.javafx.event.EventDispatchChainImpl.dispatchEvent(EventDispatchChainImpl.java:114)
	at javafx.base@18.0.1/com.sun.javafx.event.EventUtil.fireEventImpl(EventUtil.java:74)
	at javafx.base@18.0.1/com.sun.javafx.event.EventUtil.fireEvent(EventUtil.java:54)
	at javafx.base@18.0.1/javafx.event.Event.fireEvent(Event.java:198)
	at javafx.graphics@18.0.1/javafx.scene.Scene$KeyHandler.process(Scene.java:4089)
	at javafx.graphics@18.0.1/javafx.scene.Scene.processKeyEvent(Scene.java:2146)
	at javafx.graphics@18.0.1/javafx.scene.Scene$ScenePeerListener.keyEvent(Scene.java:2614)
	at javafx.graphics@18.0.1/com.sun.javafx.tk.quantum.GlassViewEventHandler$KeyEventNotification.run(GlassViewEventHandler.java:218)
	at javafx.graphics@18.0.1/com.sun.javafx.tk.quantum.GlassViewEventHandler$KeyEventNotification.run(GlassViewEventHandler.java:150)
	at java.base/java.security.AccessController.doPrivileged(AccessController.java:399)
	at javafx.graphics@18.0.1/com.sun.javafx.tk.quantum.GlassViewEventHandler.lambda$handleKeyEvent$1(GlassViewEventHandler.java:250)
	at javafx.graphics@18.0.1/com.sun.javafx.tk.quantum.QuantumToolkit.runWithoutRenderLock(QuantumToolkit.java:424)
	at javafx.graphics@18.0.1/com.sun.javafx.tk.quantum.GlassViewEventHandler.handleKeyEvent(GlassViewEventHandler.java:249)
	at javafx.graphics@18.0.1/com.sun.glass.ui.View.handleKeyEvent(View.java:542)
	at javafx.graphics@18.0.1/com.sun.glass.ui.View.notifyKey(View.java:966)
	at javafx.graphics@18.0.1/com.sun.glass.ui.win.WinApplication._runLoop(Native Method)
	at javafx.graphics@18.0.1/com.sun.glass.ui.win.WinApplication.lambda$runLoop$3(WinApplication.java:184)
	at java.base/java.lang.Thread.run(Thread.java:833)

07:39:17.219 [JavaFX Application Thread] FATAL FXGLApplication      - Application will now exit
07:39:17.243 [JavaFX Application Thread] DEBUG PrimaryStageWindow   - Push state: ErrorSubScene
07:39:17.243 [JavaFX Application Thread] DEBUG Input                - Clearing active input actions
07:39:17.247 [JavaFX Application Thread] DEBUG GameApplicationServi - Removing overlay from GameScene and adding to ErrorSubScene
07:39:17.247 [JavaFX Application Thread] DEBUG PrimaryStageWindow   - GameScene -> ErrorSubScene
07:39:22.437 [JavaFX Application Thread] DEBUG FXGLApplication      - Exiting FXGL
07:39:22.437 [JavaFX Application Thread] DEBUG Async                - Shutting down background threads
07:39:22.438 [JavaFX Application Thread] DEBUG PrimaryStageWindow   - Closing main window
07:39:22.470 [JavaFX Application Thread] DEBUG Logger               - Closing Logger
