08:07:09.448 [main                     ] DEBUG Logger               - Configured Logger
08:07:09.488 [main                     ] DEBUG GameApplication      - Logging settings
Title: BOMBERMAN
Version: 1.0
Width: 1488
Height: 624
Fullscreen: false
Intro: false
Profiling: false
Single step:false
App Mode: DEVELOPER
Menu Key: ESCAPE
Stage Style: DECORATED
Scene Factory: class com.example.demo.BombermanApp$1

08:07:10.062 [JavaFX Application Thread] DEBUG FXGLApplication      - Initializing FXGL
08:07:10.068 [JavaFX Application Thread] INFO  Engine               - FXGL-17.1 (24.03.2022 17.34) on WINDOWS (J:18.0.2.1 FX:18.0.1)
08:07:10.069 [JavaFX Application Thread] DEBUG Engine               - JRE Vendor Name: Oracle Corporation
08:07:10.069 [JavaFX Application Thread] DEBUG Engine               - Running on OS: Windows 11 version 10.0
08:07:10.069 [JavaFX Application Thread] DEBUG Engine               - Architecture: amd64
08:07:10.069 [JavaFX Application Thread] INFO  Engine               - Source code and latest versions at: https://github.com/AlmasB/FXGL
08:07:10.069 [JavaFX Application Thread] INFO  Engine               -       Ask questions and discuss at: https://github.com/AlmasB/FXGL/discussions
08:07:10.069 [JavaFX Application Thread] INFO  Engine               -              Join the FXGL chat at: https://gitter.im/AlmasB/FXGL
08:07:10.173 [JavaFX Application Thread] DEBUG PrimaryStageWindow   - Creating a JavaFX scene
08:07:10.226 [JavaFX Application Thread] DEBUG PrimaryStageWindow   - Target settings size: 1488.0 x 624.0
08:07:10.227 [JavaFX Application Thread] DEBUG PrimaryStageWindow   - Scaled scene size:    1488.0 x 624.0
08:07:10.227 [JavaFX Application Thread] DEBUG PrimaryStageWindow   - Scaled ratio: (1.0, 1.0)
08:07:10.228 [JavaFX Application Thread] DEBUG PrimaryStageWindow   - Set initial scene to FXGLStartupScene
08:07:10.236 [JavaFX Application Thread] DEBUG PrimaryStageWindow   - Opening main window
08:07:10.329 [JavaFX Application Thread] DEBUG PrimaryStageWindow   - Window border size: (14.4000244140625, 37.5999755859375)
08:07:10.329 [JavaFX Application Thread] DEBUG PrimaryStageWindow   - Scaled size: 1488.0 x 624.0
08:07:10.329 [JavaFX Application Thread] DEBUG PrimaryStageWindow   - Scaled ratio: (1.0, 1.0)
08:07:10.329 [JavaFX Application Thread] DEBUG PrimaryStageWindow   - Scene size: 1488.0 x 624.0
08:07:10.330 [JavaFX Application Thread] DEBUG PrimaryStageWindow   - Stage size: 1502.4000244140625 x 661.5999755859375
08:07:10.339 [FXGL Background Thread 1 ] DEBUG Engine               - Initializing environment variables
08:07:10.400 [FXGL Background Thread 1 ] DEBUG FXGLAssetLoaderServi - User app class for loading assets: class com.example.demo.BombermanApp
08:07:10.400 [FXGL Background Thread 1 ] DEBUG GameApplicationServi - Applying CSS: fxgl_dark.css
08:07:10.401 [FXGL Background Thread 1 ] DEBUG FXGLAssetLoaderServi - Loading from file system: jar:file:///C:/Users/phamt/.m2/repository/com/github/almasb/fxgl/17.1/fxgl-17.1.jar!/fxglassets/ui/css/fxgl_dark.css
08:07:10.466 [FXGL Background Thread 1 ] DEBUG GameApplicationServi - Initializing application scenes
08:07:10.551 [FXGL Background Thread 1 ] DEBUG GameWorld            - Game world initialized
08:07:10.622 [FXGL Background Thread 1 ] DEBUG PhysicsWorld         - Physics world initialized: appHeight=624, physics.ppm=50.0
08:07:10.623 [FXGL Background Thread 1 ] DEBUG PhysicsWorld         - Using strategy: BRUTE_FORCE
08:07:10.632 [FXGL Background Thread 1 ] DEBUG GameScene            - Game scene initialized: 1488x624
08:07:10.650 [FXGL Background Thread 1 ] DEBUG FXGL.DefaultMenu     - createMenuBodyMainMenu()
08:07:10.672 [FXGL Background Thread 1 ] DEBUG FXGL.DefaultMenu     - createOptionsMenu()
08:07:10.688 [FXGL Background Thread 1 ] DEBUG FXGLAssetLoaderServi - Loading from file system: jar:file:///C:/Users/phamt/.m2/repository/com/github/almasb/fxgl/17.1/fxgl-17.1.jar!/fxglassets/textures/particles/smoke.png
08:07:10.806 [FXGL Background Thread 1 ] DEBUG FXGLAssetLoaderServi - Loading from file system: jar:file:///C:/Users/phamt/.m2/repository/com/github/almasb/fxgl/17.1/fxgl-17.1.jar!/fxglassets/textures/particles/trace_horizontal.png
08:07:10.847 [FXGL Background Thread 1 ] DEBUG GameApplicationServi - Application scenes initialized
08:07:10.861 [FXGL Background Thread 1 ] DEBUG SystemBundleService  - Loading FXGL system data
08:07:10.868 [FXGL Background Thread 1 ] DEBUG FileSystemAccess     - Reading from: C:\java_new\bombermanGame\system\fxgl.bundle
08:07:10.878 [FXGL Background Thread 1 ] DEBUG SystemBundleService  - Bundle FXGL: {}
08:07:10.878 [FXGL Background Thread 1 ] DEBUG UpdaterService       - Checking for updates
08:07:10.882 [FXGL Background Thread 4 ] DEBUG FXGLApplication      - Loading fonts
08:07:10.882 [FXGL Background Thread 1 ] DEBUG FXGLApplication      - Loading default localization
08:07:10.882 [FXGL Background Thread 4 ] WARN  FXGLAssetLoaderServi - Asset "/assets/ui/fonts/game_font.ttf" was not found!
08:07:10.882 [FXGL Background Thread 4 ] WARN  FXGLAssetLoaderServi - Failed to load FONT
08:07:10.882 [FXGL Background Thread 1 ] DEBUG FXGLAssetLoaderServi - Loading from file system: jar:file:///C:/Users/phamt/.m2/repository/com/github/almasb/fxgl/17.1/fxgl-17.1.jar!/fxglassets/languages/english.lang
08:07:10.883 [FXGL Background Thread 4 ] DEBUG FXGLAssetLoaderServi - Loading from file system: jar:file:///C:/Users/phamt/.m2/repository/com/github/almasb/fxgl/17.1/fxgl-17.1.jar!/fxglassets/ui/fonts/Abel-Regular.ttf
08:07:10.918 [FXGL Background Thread 1 ] INFO  FXGLApplication      - FXGL initialization took: 0.579 sec
08:07:10.933 [JavaFX Application Thread] DEBUG Input                - Registered new binding: Move Up - W
08:07:10.934 [JavaFX Application Thread] DEBUG Input                - Registered new binding: Move Down - S
08:07:10.934 [JavaFX Application Thread] DEBUG Input                - Registered new binding: Move Left - A
08:07:10.935 [JavaFX Application Thread] DEBUG Input                - Registered new binding: Move Right - D
08:07:10.936 [JavaFX Application Thread] DEBUG Input                - Registered new binding: Place Bomb - Space
08:07:10.936 [JavaFX Application Thread] DEBUG FXGLAssetLoaderServi - Loading from file system: jar:file:///C:/Users/phamt/.m2/repository/com/github/almasb/fxgl/17.1/fxgl-17.1.jar!/fxglassets/textures/fxgl_icon.png
08:07:10.959 [FXGL Background Thread 4 ] DEBUG FXGLAssetLoaderServi - Loading from file system: jar:file:///C:/Users/phamt/.m2/repository/com/github/almasb/fxgl/17.1/fxgl-17.1.jar!/fxglassets/ui/fonts/TerminalLandMono-Regular.otf
08:07:10.966 [FXGL Background Thread 4 ] DEBUG FXGLAssetLoaderServi - Loading from file system: jar:file:///C:/Users/phamt/.m2/repository/com/github/almasb/fxgl/17.1/fxgl-17.1.jar!/fxglassets/ui/fonts/Courier-Prime.ttf
08:07:10.982 [JavaFX Application Thread] DEBUG FXGLAssetLoaderServi - Loading from file system: jar:file:///C:/Users/phamt/.m2/repository/com/github/almasb/fxgl/17.1/fxgl-17.1.jar!/fxglassets/textures/fxgl_default_cursor.png
08:07:10.987 [JavaFX Application Thread] DEBUG Input                - Registered new binding: Screenshot - CTRL+8
08:07:10.989 [JavaFX Application Thread] DEBUG Input                - Registered new binding: System info dump - CTRL+9
08:07:10.990 [JavaFX Application Thread] DEBUG Input                - Registered new binding: Restart - CTRL+R
08:07:10.993 [JavaFX Application Thread] DEBUG Input                - Registered new binding: Toggle Debug Camera - CTRL+7
08:07:10.998 [JavaFX Application Thread] DEBUG LoopRunner           - Starting loop
08:07:10.998 [JavaFX Application Thread] DEBUG LoopRunner           - Initializing JavaFX AnimationTimerLoop
08:07:11.004 [JavaFX Application Thread] DEBUG Input                - Clearing active input actions
08:07:11.015 [JavaFX Application Thread] DEBUG GameApplicationServi - Removing overlay from FXGLStartupScene and adding to FXGLMainMenuDummyScene
08:07:11.016 [JavaFX Application Thread] DEBUG PrimaryStageWindow   - FXGLStartupScene -> FXGLMainMenuDummyScene
08:07:11.017 [JavaFX Application Thread] DEBUG PrimaryStageWindow   - Push state: FXGLDefaultMenu
08:07:11.029 [JavaFX Application Thread] DEBUG Input                - Clearing active input actions
08:07:11.045 [JavaFX Application Thread] DEBUG GameApplicationServi - Removing overlay from FXGLMainMenuDummyScene and adding to FXGLDefaultMenu
08:07:11.046 [JavaFX Application Thread] DEBUG PrimaryStageWindow   - FXGLMainMenuDummyScene -> FXGLDefaultMenu
08:07:11.047 [JavaFX Application Thread] DEBUG FXGLApplication      - Registering font factories with UI factory
08:07:11.323 [FXGL Background Thread 2 ] WARN  UpdaterService       - Failed to find updates: java.net.UnknownHostException: raw.githubusercontent.com
08:07:13.624 [JavaFX Application Thread] DEBUG Menu                 - fireNewGame()
08:07:13.624 [JavaFX Application Thread] DEBUG GameApplicationServi - Starting new game
08:07:13.626 [JavaFX Application Thread] DEBUG PrimaryStageWindow   - Pop state: FXGLDefaultMenu
08:07:13.626 [JavaFX Application Thread] DEBUG Input                - Clearing active input actions
08:07:13.627 [JavaFX Application Thread] DEBUG GameApplicationServi - Removing overlay from FXGLDefaultMenu and adding to FXGLMainMenuDummyScene
08:07:13.627 [JavaFX Application Thread] DEBUG PrimaryStageWindow   - FXGLMainMenuDummyScene <- FXGLDefaultMenu
08:07:13.627 [JavaFX Application Thread] DEBUG Input                - Clearing active input actions
08:07:13.634 [JavaFX Application Thread] DEBUG GameApplicationServi - Removing overlay from FXGLMainMenuDummyScene and adding to FXGLLoadingScene
08:07:13.634 [JavaFX Application Thread] DEBUG PrimaryStageWindow   - FXGLMainMenuDummyScene -> FXGLLoadingScene
08:07:13.634 [JavaFX Application Thread] DEBUG GameApplicationServi - Clearing previous game
08:07:13.634 [JavaFX Application Thread] DEBUG GameScene            - Clearing game scene
08:07:13.634 [JavaFX Application Thread] DEBUG GameWorld            - Clearing game world
08:07:13.634 [JavaFX Application Thread] DEBUG PhysicsWorld         - Clearing physics world
08:07:13.637 [FXGL Background Thread 2 ] DEBUG FXGLApplication      - Initializing game
08:07:13.692 [FXGL Background Thread 2 ] WARN  TMXLevelLoader       - TiledMap generated from 1.9.2. Supported version: 1.4.2. Some features may not be parsed fully.
08:07:13.720 [FXGL Background Thread 2 ] DEBUG TMXLevelLoader       - Parsed TiledMap: file:/C:/java_new/bombermanGame/target/classes/assets/levels/map1.tmx
08:07:13.723 [FXGL Background Thread 2 ] DEBUG TMXLevelLoader       - Creating tile layer entities
08:07:13.726 [FXGL Background Thread 2 ] DEBUG TilesetLoader        - Loading view for layer Tile Layer 1
08:07:13.728 [FXGL Background Thread 2 ] DEBUG TilesetLoader        - Created buffer with size 1488.0x624.0
08:07:13.742 [FXGL Background Thread 2 ] DEBUG TMXLevelLoader       - Creating object layer entities
08:07:13.775 [FXGL Background Thread 2 ] DEBUG FXGLAssetLoaderServi - Loading from file system: file:/C:/java_new/bombermanGame/target/classes/assets/textures/player_down.png
08:07:13.777 [FXGL Background Thread 2 ] DEBUG FXGLAssetLoaderServi - Loading from file system: file:/C:/java_new/bombermanGame/target/classes/assets/textures/player_right.png
08:07:13.778 [FXGL Background Thread 2 ] DEBUG FXGLAssetLoaderServi - Loading from file system: file:/C:/java_new/bombermanGame/target/classes/assets/textures/player_up.png
08:07:13.779 [FXGL Background Thread 2 ] DEBUG FXGLAssetLoaderServi - Loading from file system: file:/C:/java_new/bombermanGame/target/classes/assets/textures/player_left.png
08:07:13.815 [FXGL Background Thread 2 ] DEBUG FXGLAssetLoaderServi - Loading from file system: file:/C:/java_new/bombermanGame/target/classes/assets/textures/brick.png
08:07:13.852 [FXGL Background Thread 2 ] DEBUG GameWorld            - Clearing removable entities
08:07:13.854 [FXGL Background Thread 2 ] DEBUG GameWorld            - Setting level: com.almasb.fxgl.entity.level.Level@4f3a8181
08:07:13.873 [FXGL Background Thread 2 ] INFO  FXGLApplication      - Game initialization took: 0.237 sec
08:07:13.878 [JavaFX Application Thread] DEBUG Input                - Clearing active input actions
08:07:13.881 [FXGL Background Thread 3 ] DEBUG Engine               - Logging environment variables
08:07:13.881 [FXGL Background Thread 3 ] DEBUG Engine               - achievements: []
08:07:13.881 [FXGL Background Thread 3 ] DEBUG Engine               - actualHeight: 624.0
08:07:13.881 [FXGL Background Thread 3 ] DEBUG Engine               - actualHeightProperty: ReadOnlyDoubleProperty [value: 624.0]
08:07:13.881 [FXGL Background Thread 3 ] DEBUG Engine               - actualWidth: 1488.0
08:07:13.881 [FXGL Background Thread 3 ] DEBUG Engine               - actualWidthProperty: ReadOnlyDoubleProperty [value: 1488.0]
08:07:13.881 [FXGL Background Thread 3 ] DEBUG Engine               - appIcon: fxgl_icon.png
08:07:13.881 [FXGL Background Thread 3 ] DEBUG Engine               - applicationMode: DEVELOPER
08:07:13.881 [FXGL Background Thread 3 ] DEBUG Engine               - cSSList: [fxgl_dark.css]
08:07:13.881 [FXGL Background Thread 3 ] DEBUG Engine               - collisionDetectionStrategy: BRUTE_FORCE
08:07:13.882 [FXGL Background Thread 3 ] DEBUG Engine               - configClass: Optional.empty
08:07:13.882 [FXGL Background Thread 3 ] DEBUG Engine               - credits: []
08:07:13.882 [FXGL Background Thread 3 ] DEBUG Engine               - defaultCursor: CursorInfo(imageName=fxgl_default_cursor.png, hotspotX=7.0, hotspotY=6.0)
08:07:13.882 [FXGL Background Thread 3 ] DEBUG Engine               - devBBoxColorProperty: ObjectProperty [value: 0xff0000ff]
08:07:13.882 [FXGL Background Thread 3 ] DEBUG Engine               - devEnableDebugCameraProperty: BooleanProperty [value: false]
08:07:13.882 [FXGL Background Thread 3 ] DEBUG Engine               - devSensorColorProperty: ObjectProperty [value: 0xffff00ff]
08:07:13.882 [FXGL Background Thread 3 ] DEBUG Engine               - devShowBBoxProperty: BooleanProperty [value: false]
08:07:13.882 [FXGL Background Thread 3 ] DEBUG Engine               - devShowPositionProperty: BooleanProperty [value: false]
08:07:13.883 [FXGL Background Thread 3 ] DEBUG Engine               - enabledMenuItems: []
08:07:13.883 [FXGL Background Thread 3 ] DEBUG Engine               - engineServices: [class com.almasb.fxgl.app.services.FXGLAssetLoaderService, class com.almasb.fxgl.app.FXGLApplication$GameApplicationService, class com.almasb.fxgl.app.services.FXGLDialogService, class com.almasb.fxgl.app.services.IOTaskExecutorService, class com.almasb.fxgl.io.FileSystemService, class com.almasb.fxgl.localization.LocalizationService, class com.almasb.fxgl.app.services.SystemBundleService, class com.almasb.fxgl.profile.SaveLoadService, class com.almasb.fxgl.ui.FXGLUIFactoryServiceProvider, class com.almasb.fxgl.ui.FXGLDialogFactoryServiceProvider, class com.almasb.fxgl.audio.AudioPlayer, class com.almasb.fxgl.notification.impl.NotificationServiceProvider, class com.almasb.fxgl.achievement.AchievementService, class com.almasb.fxgl.cutscene.CutsceneService, class com.almasb.fxgl.minigames.MiniGameService, class com.almasb.fxgl.net.NetService, class com.almasb.fxgl.app.services.UpdaterService, class com.almasb.fxgl.dev.DevService]
08:07:13.883 [FXGL Background Thread 3 ] DEBUG Engine               - fontGame: Abel-Regular.ttf
08:07:13.883 [FXGL Background Thread 3 ] DEBUG Engine               - fontMono: TerminalLandMono-Regular.otf
08:07:13.883 [FXGL Background Thread 3 ] DEBUG Engine               - fontText: Courier-Prime.ttf
08:07:13.883 [FXGL Background Thread 3 ] DEBUG Engine               - fontUI: game_font.ttf
08:07:13.883 [FXGL Background Thread 3 ] DEBUG Engine               - fullScreen: BooleanProperty [value: false]
08:07:13.883 [FXGL Background Thread 3 ] DEBUG Engine               - gameDifficulty: MEDIUM
08:07:13.883 [FXGL Background Thread 3 ] DEBUG Engine               - gameDifficultyProperty: ObjectProperty [value: MEDIUM]
08:07:13.883 [FXGL Background Thread 3 ] DEBUG Engine               - globalMusicVolume: 0.5
08:07:13.883 [FXGL Background Thread 3 ] DEBUG Engine               - globalMusicVolumeProperty: DoubleProperty [value: 0.5]
08:07:13.883 [FXGL Background Thread 3 ] DEBUG Engine               - globalSoundVolume: 0.5
08:07:13.883 [FXGL Background Thread 3 ] DEBUG Engine               - globalSoundVolumeProperty: DoubleProperty [value: 0.5]
08:07:13.883 [FXGL Background Thread 3 ] DEBUG Engine               - height: 624
08:07:13.883 [FXGL Background Thread 3 ] DEBUG Engine               - is3D: false
08:07:13.883 [FXGL Background Thread 3 ] DEBUG Engine               - isAndroid: false
08:07:13.883 [FXGL Background Thread 3 ] DEBUG Engine               - isBrowser: false
08:07:13.883 [FXGL Background Thread 3 ] DEBUG Engine               - isClickFeedbackEnabled: false
08:07:13.883 [FXGL Background Thread 3 ] DEBUG Engine               - isCloseConfirmation: false
08:07:13.883 [FXGL Background Thread 3 ] DEBUG Engine               - isDesktop: true
08:07:13.883 [FXGL Background Thread 3 ] DEBUG Engine               - isDeveloperMenuEnabled: false
08:07:13.883 [FXGL Background Thread 3 ] DEBUG Engine               - isEmbedded: false
08:07:13.883 [FXGL Background Thread 3 ] DEBUG Engine               - isEntityPreloadEnabled: true
08:07:13.883 [FXGL Background Thread 3 ] DEBUG Engine               - isExperimentalTiledLargeMap: false
08:07:13.884 [FXGL Background Thread 3 ] DEBUG Engine               - isFileSystemWriteAllowed: true
08:07:13.884 [FXGL Background Thread 3 ] DEBUG Engine               - isFullScreenAllowed: false
08:07:13.884 [FXGL Background Thread 3 ] DEBUG Engine               - isFullScreenFromStart: false
08:07:13.884 [FXGL Background Thread 3 ] DEBUG Engine               - isGameMenuEnabled: true
08:07:13.884 [FXGL Background Thread 3 ] DEBUG Engine               - isIOS: false
08:07:13.884 [FXGL Background Thread 3 ] DEBUG Engine               - isIntroEnabled: false
08:07:13.884 [FXGL Background Thread 3 ] DEBUG Engine               - isLinux: false
08:07:13.884 [FXGL Background Thread 3 ] DEBUG Engine               - isMac: false
08:07:13.884 [FXGL Background Thread 3 ] DEBUG Engine               - isMainMenuEnabled: true
08:07:13.884 [FXGL Background Thread 3 ] DEBUG Engine               - isManualResizeEnabled: false
08:07:13.884 [FXGL Background Thread 3 ] DEBUG Engine               - isMobile: false
08:07:13.884 [FXGL Background Thread 3 ] DEBUG Engine               - isNative: false
08:07:13.884 [FXGL Background Thread 3 ] DEBUG Engine               - isPauseMusicWhenMinimized: true
08:07:13.884 [FXGL Background Thread 3 ] DEBUG Engine               - isPreserveResizeRatio: false
08:07:13.884 [FXGL Background Thread 3 ] DEBUG Engine               - isProfilingEnabled: false
08:07:13.884 [FXGL Background Thread 3 ] DEBUG Engine               - isScaleAffectedOnResize: true
08:07:13.884 [FXGL Background Thread 3 ] DEBUG Engine               - isSingleStep: false
08:07:13.884 [FXGL Background Thread 3 ] DEBUG Engine               - isUserProfileEnabled: false
08:07:13.884 [FXGL Background Thread 3 ] DEBUG Engine               - isWindows: true
08:07:13.884 [FXGL Background Thread 3 ] DEBUG Engine               - language: ObjectProperty [value: ENGLISH]
08:07:13.884 [FXGL Background Thread 3 ] DEBUG Engine               - menuKey: ESCAPE
08:07:13.884 [FXGL Background Thread 3 ] DEBUG Engine               - mouseSensitivity: 0.2
08:07:13.884 [FXGL Background Thread 3 ] DEBUG Engine               - notificationViewClass: class com.almasb.fxgl.notification.view.XboxNotificationView
08:07:13.884 [FXGL Background Thread 3 ] DEBUG Engine               - pixelsPerMeter: 50.0
08:07:13.884 [JavaFX Application Thread] DEBUG GameApplicationServi - Removing overlay from FXGLLoadingScene and adding to GameScene
08:07:13.884 [FXGL Background Thread 3 ] DEBUG Engine               - platform: WINDOWS
08:07:13.884 [FXGL Background Thread 3 ] DEBUG Engine               - prefHeightProperty: ReadOnlyDoubleProperty [value: 624.0]
08:07:13.884 [FXGL Background Thread 3 ] DEBUG Engine               - prefWidthProperty: ReadOnlyDoubleProperty [value: 1488.0]
08:07:13.884 [FXGL Background Thread 3 ] DEBUG Engine               - profileDir: profiles/
08:07:13.885 [FXGL Background Thread 3 ] DEBUG Engine               - profileName: StringProperty [value: DEFAULT]
08:07:13.885 [FXGL Background Thread 3 ] DEBUG Engine               - randomSeed: -1
08:07:13.885 [JavaFX Application Thread] DEBUG PrimaryStageWindow   - FXGLLoadingScene -> GameScene
08:07:13.885 [FXGL Background Thread 3 ] DEBUG Engine               - runtimeInfo: RuntimeInfo(platform=WINDOWS, version=17.1, build=24.03.2022 17.34)
08:07:13.885 [FXGL Background Thread 3 ] DEBUG Engine               - saveFileExt: sav
08:07:13.885 [FXGL Background Thread 3 ] DEBUG Engine               - scaledHeightProp$fxgl: DoubleProperty [bound, value: 624.0]
08:07:13.885 [FXGL Background Thread 3 ] DEBUG Engine               - scaledWidthProp$fxgl: DoubleProperty [bound, value: 1488.0]
08:07:13.885 [FXGL Background Thread 3 ] DEBUG Engine               - sceneFactory: com.example.demo.BombermanApp$1@42a936ce
08:07:13.885 [FXGL Background Thread 3 ] DEBUG Engine               - secondsIn24h: 60
08:07:13.885 [FXGL Background Thread 3 ] DEBUG Engine               - soundMenuBack: menu/back.wav
08:07:13.885 [FXGL Background Thread 3 ] DEBUG Engine               - soundMenuPress: menu/press.wav
08:07:13.885 [FXGL Background Thread 3 ] DEBUG Engine               - soundMenuSelect: menu/select.wav
08:07:13.885 [FXGL Background Thread 3 ] DEBUG Engine               - soundNotification: core/notification.wav
08:07:13.885 [FXGL Background Thread 3 ] DEBUG Engine               - stageStyle: DECORATED
08:07:13.885 [FXGL Background Thread 3 ] DEBUG Engine               - supportedLanguages: [ENGLISH, FRENCH, GERMAN, HUNGARIAN, RUSSIAN]
08:07:13.885 [FXGL Background Thread 3 ] DEBUG Engine               - ticksPerSecond: -1
08:07:13.885 [FXGL Background Thread 3 ] DEBUG Engine               - title: BOMBERMAN
08:07:13.885 [FXGL Background Thread 3 ] DEBUG Engine               - urlGithub: https://github.com/AlmasB/FXGL
08:07:13.885 [FXGL Background Thread 3 ] DEBUG Engine               - urlLeaderboard: http://fxgl-top.herokuapp.com/
08:07:13.885 [FXGL Background Thread 3 ] DEBUG Engine               - urlPOM: https://raw.githubusercontent.com/AlmasB/FXGL/release/README.md
08:07:13.886 [FXGL Background Thread 3 ] DEBUG Engine               - userAppClass: class com.example.demo.BombermanApp
08:07:13.886 [FXGL Background Thread 3 ] DEBUG Engine               - version: 1.0
08:07:13.886 [FXGL Background Thread 3 ] DEBUG Engine               - versionCheckDays: 7
08:07:13.886 [FXGL Background Thread 3 ] DEBUG Engine               - width: 1488
08:07:13.886 [FXGL Background Thread 3 ] DEBUG Engine               - Logging services
08:07:13.886 [FXGL Background Thread 3 ] DEBUG Engine               - class com.almasb.fxgl.app.services.FXGLAssetLoaderService
08:07:13.886 [FXGL Background Thread 3 ] DEBUG Engine               - class com.almasb.fxgl.app.FXGLApplication$GameApplicationService
08:07:13.886 [FXGL Background Thread 3 ] DEBUG Engine               - class com.almasb.fxgl.app.services.FXGLDialogService
08:07:13.886 [FXGL Background Thread 3 ] DEBUG Engine               - class com.almasb.fxgl.app.services.IOTaskExecutorService
08:07:13.886 [FXGL Background Thread 3 ] DEBUG Engine               - class com.almasb.fxgl.io.FileSystemService
08:07:13.886 [FXGL Background Thread 3 ] DEBUG Engine               - class com.almasb.fxgl.localization.LocalizationService
08:07:13.886 [FXGL Background Thread 3 ] DEBUG Engine               - class com.almasb.fxgl.app.services.SystemBundleService
08:07:13.886 [FXGL Background Thread 3 ] DEBUG Engine               - class com.almasb.fxgl.profile.SaveLoadService
08:07:13.886 [FXGL Background Thread 3 ] DEBUG Engine               - class com.almasb.fxgl.ui.FXGLUIFactoryServiceProvider
08:07:13.886 [FXGL Background Thread 3 ] DEBUG Engine               - class com.almasb.fxgl.ui.FXGLDialogFactoryServiceProvider
08:07:13.886 [FXGL Background Thread 3 ] DEBUG Engine               - class com.almasb.fxgl.audio.AudioPlayer
08:07:13.886 [FXGL Background Thread 3 ] DEBUG Engine               - class com.almasb.fxgl.notification.impl.NotificationServiceProvider
08:07:13.886 [FXGL Background Thread 3 ] DEBUG Engine               - class com.almasb.fxgl.achievement.AchievementService
08:07:13.886 [FXGL Background Thread 3 ] DEBUG Engine               - class com.almasb.fxgl.cutscene.CutsceneService
08:07:13.886 [FXGL Background Thread 3 ] DEBUG Engine               - class com.almasb.fxgl.minigames.MiniGameService
08:07:13.886 [FXGL Background Thread 3 ] DEBUG Engine               - class com.almasb.fxgl.net.NetService
08:07:13.886 [FXGL Background Thread 3 ] DEBUG Engine               - class com.almasb.fxgl.app.services.UpdaterService
08:07:13.886 [FXGL Background Thread 3 ] DEBUG Engine               - class com.almasb.fxgl.dev.DevService
08:07:17.108 [JavaFX Application Thread] DEBUG FXGLAssetLoaderServi - Loading from file system: file:/C:/java_new/bombermanGame/target/classes/assets/textures/bomb.png
08:07:18.602 [JavaFX Application Thread] DEBUG FXGLAssetLoaderServi - Loading from file system: file:/C:/java_new/bombermanGame/target/classes/assets/textures/top_right_flame.png
08:07:18.604 [JavaFX Application Thread] DEBUG FXGLAssetLoaderServi - Loading from file system: file:/C:/java_new/bombermanGame/target/classes/assets/textures/top_left_flame.png
08:07:18.606 [JavaFX Application Thread] DEBUG FXGLAssetLoaderServi - Loading from file system: file:/C:/java_new/bombermanGame/target/classes/assets/textures/top_down_flame.png
08:07:18.608 [JavaFX Application Thread] DEBUG FXGLAssetLoaderServi - Loading from file system: file:/C:/java_new/bombermanGame/target/classes/assets/textures/top_up_flame.png
08:07:18.610 [JavaFX Application Thread] DEBUG FXGLAssetLoaderServi - Loading from file system: file:/C:/java_new/bombermanGame/target/classes/assets/textures/central_flame.png
08:07:18.622 [JavaFX Application Thread] DEBUG FXGLAssetLoaderServi - Loading from file system: file:/C:/java_new/bombermanGame/target/classes/assets/textures/brick_break.png
08:07:51.776 [JavaFX Application Thread] DEBUG FXGLApplication      - Exiting FXGL
08:07:51.776 [JavaFX Application Thread] DEBUG LoopRunner           - Stopping loop
08:07:51.776 [JavaFX Application Thread] DEBUG SystemBundleService  - Saving FXGL system data
08:07:51.778 [JavaFX Application Thread] DEBUG FileSystemAccess     - Writing to: C:\java_new\bombermanGame\system\fxgl.bundle
08:07:51.780 [JavaFX Application Thread] DEBUG Async                - Shutting down background threads
08:07:51.781 [JavaFX Application Thread] DEBUG PrimaryStageWindow   - Closing main window
08:07:51.800 [JavaFX Application Thread] DEBUG Logger               - Closing Logger
