22:48:26.622 [main                     ] DEBUG Logger               - Configured Logger
22:48:26.654 [main                     ] DEBUG GameApplication      - Logging settings
Title: BOMBER
 MAN
Version: 1.0
Width: 1488
Height: 624
Fullscreen: false
Intro: false
Profiling: false
Single step:false
App Mode: DEVELOPER
Menu Key: ESCAPE
Stage Style: DECORATED
Scene Factory: class com.example.demo.BombermanApp$1

22:48:27.033 [JavaFX Application Thread] DEBUG FXGLApplication      - Initializing FXGL
22:48:27.040 [JavaFX Application Thread] INFO  Engine               - FXGL-17.1 (24.03.2022 17.34) on WINDOWS (J:18.0.2.1 FX:18.0.1)
22:48:27.040 [JavaFX Application Thread] DEBUG Engine               - JRE Vendor Name: Oracle Corporation
22:48:27.041 [JavaFX Application Thread] DEBUG Engine               - Running on OS: Windows 11 version 10.0
22:48:27.041 [JavaFX Application Thread] DEBUG Engine               - Architecture: amd64
22:48:27.041 [JavaFX Application Thread] INFO  Engine               - Source code and latest versions at: https://github.com/AlmasB/FXGL
22:48:27.041 [JavaFX Application Thread] INFO  Engine               -       Ask questions and discuss at: https://github.com/AlmasB/FXGL/discussions
22:48:27.041 [JavaFX Application Thread] INFO  Engine               -              Join the FXGL chat at: https://gitter.im/AlmasB/FXGL
22:48:27.124 [JavaFX Application Thread] DEBUG PrimaryStageWindow   - Creating a JavaFX scene
22:48:27.166 [JavaFX Application Thread] DEBUG PrimaryStageWindow   - Target settings size: 1488.0 x 624.0
22:48:27.166 [JavaFX Application Thread] DEBUG PrimaryStageWindow   - Scaled scene size:    1488.0 x 624.0
22:48:27.167 [JavaFX Application Thread] DEBUG PrimaryStageWindow   - Scaled ratio: (1.0, 1.0)
22:48:27.168 [JavaFX Application Thread] DEBUG PrimaryStageWindow   - Set initial scene to FXGLStartupScene
22:48:27.175 [JavaFX Application Thread] DEBUG PrimaryStageWindow   - Opening main window
22:48:27.263 [JavaFX Application Thread] DEBUG PrimaryStageWindow   - Window border size: (14.4000244140625, 37.5999755859375)
22:48:27.264 [JavaFX Application Thread] DEBUG PrimaryStageWindow   - Scaled size: 1488.0 x 624.0
22:48:27.264 [JavaFX Application Thread] DEBUG PrimaryStageWindow   - Scaled ratio: (1.0, 1.0)
22:48:27.265 [JavaFX Application Thread] DEBUG PrimaryStageWindow   - Scene size: 1488.0 x 624.0
22:48:27.265 [JavaFX Application Thread] DEBUG PrimaryStageWindow   - Stage size: 1502.4000244140625 x 661.5999755859375
22:48:27.276 [FXGL Background Thread 1 ] DEBUG Engine               - Initializing environment variables
22:48:27.334 [FXGL Background Thread 1 ] DEBUG FXGLAssetLoaderServi - User app class for loading assets: class com.example.demo.BombermanApp
22:48:27.334 [FXGL Background Thread 1 ] DEBUG GameApplicationServi - Applying CSS: fxgl_dark.css
22:48:27.335 [FXGL Background Thread 1 ] DEBUG FXGLAssetLoaderServi - Loading from file system: jar:file:///C:/Users/phamt/.m2/repository/com/github/almasb/fxgl/17.1/fxgl-17.1.jar!/fxglassets/ui/css/fxgl_dark.css
22:48:27.394 [FXGL Background Thread 1 ] DEBUG GameApplicationServi - Initializing application scenes
22:48:27.470 [FXGL Background Thread 1 ] DEBUG GameWorld            - Game world initialized
22:48:27.538 [FXGL Background Thread 1 ] DEBUG PhysicsWorld         - Physics world initialized: appHeight=624, physics.ppm=50.0
22:48:27.539 [FXGL Background Thread 1 ] DEBUG PhysicsWorld         - Using strategy: BRUTE_FORCE
22:48:27.559 [FXGL Background Thread 1 ] DEBUG GameScene            - Game scene initialized: 1488x624
22:48:27.579 [FXGL Background Thread 1 ] DEBUG FXGL.DefaultMenu     - createMenuBodyMainMenu()
22:48:27.596 [FXGL Background Thread 1 ] DEBUG FXGL.DefaultMenu     - createOptionsMenu()
22:48:27.607 [FXGL Background Thread 1 ] DEBUG FXGLAssetLoaderServi - Loading from file system: jar:file:///C:/Users/phamt/.m2/repository/com/github/almasb/fxgl/17.1/fxgl-17.1.jar!/fxglassets/textures/particles/smoke.png
22:48:27.711 [FXGL Background Thread 1 ] DEBUG FXGLAssetLoaderServi - Loading from file system: jar:file:///C:/Users/phamt/.m2/repository/com/github/almasb/fxgl/17.1/fxgl-17.1.jar!/fxglassets/textures/particles/trace_horizontal.png
22:48:27.757 [FXGL Background Thread 1 ] DEBUG GameApplicationServi - Application scenes initialized
22:48:27.768 [FXGL Background Thread 1 ] DEBUG SystemBundleService  - Loading FXGL system data
22:48:27.773 [FXGL Background Thread 1 ] DEBUG FileSystemAccess     - Reading from: C:\java_new\bombermanGame\system\fxgl.bundle
22:48:27.783 [FXGL Background Thread 1 ] DEBUG SystemBundleService  - Bundle FXGL: {}
22:48:27.783 [FXGL Background Thread 1 ] DEBUG UpdaterService       - Checking for updates
22:48:27.788 [FXGL Background Thread 4 ] DEBUG FXGLApplication      - Loading fonts
22:48:27.788 [FXGL Background Thread 4 ] WARN  FXGLAssetLoaderServi - Asset "/assets/ui/fonts/game_font.ttf" was not found!
22:48:27.788 [FXGL Background Thread 4 ] WARN  FXGLAssetLoaderServi - Failed to load FONT
22:48:27.789 [FXGL Background Thread 1 ] DEBUG FXGLApplication      - Loading default localization
22:48:27.789 [FXGL Background Thread 4 ] DEBUG FXGLAssetLoaderServi - Loading from file system: jar:file:///C:/Users/phamt/.m2/repository/com/github/almasb/fxgl/17.1/fxgl-17.1.jar!/fxglassets/ui/fonts/Abel-Regular.ttf
22:48:27.789 [FXGL Background Thread 1 ] DEBUG FXGLAssetLoaderServi - Loading from file system: jar:file:///C:/Users/phamt/.m2/repository/com/github/almasb/fxgl/17.1/fxgl-17.1.jar!/fxglassets/languages/english.lang
22:48:27.815 [FXGL Background Thread 1 ] INFO  FXGLApplication      - FXGL initialization took: 0.540 sec
22:48:27.840 [JavaFX Application Thread] DEBUG Input                - Registered new binding: Move Up - W
22:48:27.841 [JavaFX Application Thread] DEBUG Input                - Registered new binding: Move Down - S
22:48:27.841 [JavaFX Application Thread] DEBUG Input                - Registered new binding: Move Left - A
22:48:27.842 [JavaFX Application Thread] DEBUG Input                - Registered new binding: Move Right - D
22:48:27.843 [JavaFX Application Thread] DEBUG Input                - Registered new binding: Place Bomb - Space
22:48:27.844 [JavaFX Application Thread] DEBUG FXGLAssetLoaderServi - Loading from file system: jar:file:///C:/Users/phamt/.m2/repository/com/github/almasb/fxgl/17.1/fxgl-17.1.jar!/fxglassets/textures/fxgl_icon.png
22:48:27.862 [FXGL Background Thread 4 ] DEBUG FXGLAssetLoaderServi - Loading from file system: jar:file:///C:/Users/phamt/.m2/repository/com/github/almasb/fxgl/17.1/fxgl-17.1.jar!/fxglassets/ui/fonts/TerminalLandMono-Regular.otf
22:48:27.871 [FXGL Background Thread 4 ] DEBUG FXGLAssetLoaderServi - Loading from file system: jar:file:///C:/Users/phamt/.m2/repository/com/github/almasb/fxgl/17.1/fxgl-17.1.jar!/fxglassets/ui/fonts/Courier-Prime.ttf
22:48:27.892 [JavaFX Application Thread] DEBUG FXGLAssetLoaderServi - Loading from file system: jar:file:///C:/Users/phamt/.m2/repository/com/github/almasb/fxgl/17.1/fxgl-17.1.jar!/fxglassets/textures/fxgl_default_cursor.png
22:48:27.897 [JavaFX Application Thread] DEBUG Input                - Registered new binding: Screenshot - CTRL+8
22:48:27.898 [JavaFX Application Thread] DEBUG Input                - Registered new binding: System info dump - CTRL+9
22:48:27.899 [JavaFX Application Thread] DEBUG Input                - Registered new binding: Restart - CTRL+R
22:48:27.901 [JavaFX Application Thread] DEBUG Input                - Registered new binding: Toggle Debug Camera - CTRL+7
22:48:27.904 [JavaFX Application Thread] DEBUG LoopRunner           - Starting loop
22:48:27.905 [JavaFX Application Thread] DEBUG LoopRunner           - Initializing JavaFX AnimationTimerLoop
22:48:27.910 [JavaFX Application Thread] DEBUG Input                - Clearing active input actions
22:48:27.920 [JavaFX Application Thread] DEBUG GameApplicationServi - Removing overlay from FXGLStartupScene and adding to FXGLMainMenuDummyScene
22:48:27.921 [JavaFX Application Thread] DEBUG PrimaryStageWindow   - FXGLStartupScene -> FXGLMainMenuDummyScene
22:48:27.921 [JavaFX Application Thread] DEBUG PrimaryStageWindow   - Push state: FXGLDefaultMenu
22:48:27.939 [JavaFX Application Thread] DEBUG Input                - Clearing active input actions
22:48:27.952 [JavaFX Application Thread] DEBUG GameApplicationServi - Removing overlay from FXGLMainMenuDummyScene and adding to FXGLDefaultMenu
22:48:27.953 [JavaFX Application Thread] DEBUG PrimaryStageWindow   - FXGLMainMenuDummyScene -> FXGLDefaultMenu
22:48:27.953 [JavaFX Application Thread] DEBUG FXGLApplication      - Registering font factories with UI factory
22:48:28.880 [FXGL Background Thread 2 ] INFO  UpdaterService       - Your current version:  17.1
22:48:28.880 [FXGL Background Thread 2 ] INFO  UpdaterService       - Latest stable version: 17.2
22:48:30.787 [FXGL Background Thread 3 ] DEBUG Engine               - Logging environment variables
22:48:30.788 [FXGL Background Thread 3 ] DEBUG Engine               - achievements: []
22:48:30.788 [FXGL Background Thread 3 ] DEBUG Engine               - actualHeight: 624.0
22:48:30.788 [FXGL Background Thread 3 ] DEBUG Engine               - actualHeightProperty: ReadOnlyDoubleProperty [value: 624.0]
22:48:30.788 [FXGL Background Thread 3 ] DEBUG Engine               - actualWidth: 1488.0
22:48:30.788 [FXGL Background Thread 3 ] DEBUG Engine               - actualWidthProperty: ReadOnlyDoubleProperty [value: 1488.0]
22:48:30.788 [FXGL Background Thread 3 ] DEBUG Engine               - appIcon: fxgl_icon.png
22:48:30.789 [FXGL Background Thread 3 ] DEBUG Engine               - applicationMode: DEVELOPER
22:48:30.789 [FXGL Background Thread 3 ] DEBUG Engine               - cSSList: [fxgl_dark.css]
22:48:30.789 [FXGL Background Thread 3 ] DEBUG Engine               - collisionDetectionStrategy: BRUTE_FORCE
22:48:30.789 [FXGL Background Thread 3 ] DEBUG Engine               - configClass: Optional.empty
22:48:30.789 [FXGL Background Thread 3 ] DEBUG Engine               - credits: []
22:48:30.789 [FXGL Background Thread 3 ] DEBUG Engine               - defaultCursor: CursorInfo(imageName=fxgl_default_cursor.png, hotspotX=7.0, hotspotY=6.0)
22:48:30.790 [FXGL Background Thread 3 ] DEBUG Engine               - devBBoxColorProperty: ObjectProperty [value: 0xff0000ff]
22:48:30.790 [FXGL Background Thread 3 ] DEBUG Engine               - devEnableDebugCameraProperty: BooleanProperty [value: false]
22:48:30.790 [FXGL Background Thread 3 ] DEBUG Engine               - devSensorColorProperty: ObjectProperty [value: 0xffff00ff]
22:48:30.790 [FXGL Background Thread 3 ] DEBUG Engine               - devShowBBoxProperty: BooleanProperty [value: false]
22:48:30.790 [FXGL Background Thread 3 ] DEBUG Engine               - devShowPositionProperty: BooleanProperty [value: false]
22:48:30.790 [FXGL Background Thread 3 ] DEBUG Engine               - enabledMenuItems: []
22:48:30.790 [FXGL Background Thread 3 ] DEBUG Engine               - engineServices: [class com.almasb.fxgl.app.services.FXGLAssetLoaderService, class com.almasb.fxgl.app.FXGLApplication$GameApplicationService, class com.almasb.fxgl.app.services.FXGLDialogService, class com.almasb.fxgl.app.services.IOTaskExecutorService, class com.almasb.fxgl.io.FileSystemService, class com.almasb.fxgl.localization.LocalizationService, class com.almasb.fxgl.app.services.SystemBundleService, class com.almasb.fxgl.profile.SaveLoadService, class com.almasb.fxgl.ui.FXGLUIFactoryServiceProvider, class com.almasb.fxgl.ui.FXGLDialogFactoryServiceProvider, class com.almasb.fxgl.audio.AudioPlayer, class com.almasb.fxgl.notification.impl.NotificationServiceProvider, class com.almasb.fxgl.achievement.AchievementService, class com.almasb.fxgl.cutscene.CutsceneService, class com.almasb.fxgl.minigames.MiniGameService, class com.almasb.fxgl.net.NetService, class com.almasb.fxgl.app.services.UpdaterService, class com.almasb.fxgl.dev.DevService]
22:48:30.790 [FXGL Background Thread 3 ] DEBUG Engine               - fontGame: Abel-Regular.ttf
22:48:30.790 [FXGL Background Thread 3 ] DEBUG Engine               - fontMono: TerminalLandMono-Regular.otf
22:48:30.790 [FXGL Background Thread 3 ] DEBUG Engine               - fontText: Courier-Prime.ttf
22:48:30.790 [FXGL Background Thread 3 ] DEBUG Engine               - fontUI: game_font.ttf
22:48:30.790 [FXGL Background Thread 3 ] DEBUG Engine               - fullScreen: BooleanProperty [value: false]
22:48:30.790 [FXGL Background Thread 3 ] DEBUG Engine               - gameDifficulty: MEDIUM
22:48:30.790 [FXGL Background Thread 3 ] DEBUG Engine               - gameDifficultyProperty: ObjectProperty [value: MEDIUM]
22:48:30.791 [FXGL Background Thread 3 ] DEBUG Engine               - globalMusicVolume: 0.5
22:48:30.791 [FXGL Background Thread 3 ] DEBUG Engine               - globalMusicVolumeProperty: DoubleProperty [value: 0.5]
22:48:30.791 [FXGL Background Thread 3 ] DEBUG Engine               - globalSoundVolume: 0.5
22:48:30.791 [FXGL Background Thread 3 ] DEBUG Engine               - globalSoundVolumeProperty: DoubleProperty [value: 0.5]
22:48:30.791 [FXGL Background Thread 3 ] DEBUG Engine               - height: 624
22:48:30.791 [FXGL Background Thread 3 ] DEBUG Engine               - is3D: false
22:48:30.791 [FXGL Background Thread 3 ] DEBUG Engine               - isAndroid: false
22:48:30.791 [FXGL Background Thread 3 ] DEBUG Engine               - isBrowser: false
22:48:30.791 [FXGL Background Thread 3 ] DEBUG Engine               - isClickFeedbackEnabled: false
22:48:30.791 [FXGL Background Thread 3 ] DEBUG Engine               - isCloseConfirmation: false
22:48:30.791 [FXGL Background Thread 3 ] DEBUG Engine               - isDesktop: true
22:48:30.791 [FXGL Background Thread 3 ] DEBUG Engine               - isDeveloperMenuEnabled: false
22:48:30.791 [FXGL Background Thread 3 ] DEBUG Engine               - isEmbedded: false
22:48:30.791 [FXGL Background Thread 3 ] DEBUG Engine               - isEntityPreloadEnabled: true
22:48:30.791 [FXGL Background Thread 3 ] DEBUG Engine               - isExperimentalTiledLargeMap: false
22:48:30.791 [FXGL Background Thread 3 ] DEBUG Engine               - isFileSystemWriteAllowed: true
22:48:30.791 [FXGL Background Thread 3 ] DEBUG Engine               - isFullScreenAllowed: false
22:48:30.791 [FXGL Background Thread 3 ] DEBUG Engine               - isFullScreenFromStart: false
22:48:30.791 [FXGL Background Thread 3 ] DEBUG Engine               - isGameMenuEnabled: true
22:48:30.792 [FXGL Background Thread 3 ] DEBUG Engine               - isIOS: false
22:48:30.792 [FXGL Background Thread 3 ] DEBUG Engine               - isIntroEnabled: false
22:48:30.792 [FXGL Background Thread 3 ] DEBUG Engine               - isLinux: false
22:48:30.792 [FXGL Background Thread 3 ] DEBUG Engine               - isMac: false
22:48:30.792 [FXGL Background Thread 3 ] DEBUG Engine               - isMainMenuEnabled: true
22:48:30.792 [FXGL Background Thread 3 ] DEBUG Engine               - isManualResizeEnabled: false
22:48:30.792 [FXGL Background Thread 3 ] DEBUG Engine               - isMobile: false
22:48:30.792 [FXGL Background Thread 3 ] DEBUG Engine               - isNative: false
22:48:30.792 [FXGL Background Thread 3 ] DEBUG Engine               - isPauseMusicWhenMinimized: true
22:48:30.792 [FXGL Background Thread 3 ] DEBUG Engine               - isPreserveResizeRatio: false
22:48:30.792 [FXGL Background Thread 3 ] DEBUG Engine               - isProfilingEnabled: false
22:48:30.792 [FXGL Background Thread 3 ] DEBUG Engine               - isScaleAffectedOnResize: true
22:48:30.792 [FXGL Background Thread 3 ] DEBUG Engine               - isSingleStep: false
22:48:30.792 [FXGL Background Thread 3 ] DEBUG Engine               - isUserProfileEnabled: false
22:48:30.792 [FXGL Background Thread 3 ] DEBUG Engine               - isWindows: true
22:48:30.793 [FXGL Background Thread 3 ] DEBUG Engine               - language: ObjectProperty [value: ENGLISH]
22:48:30.793 [FXGL Background Thread 3 ] DEBUG Engine               - menuKey: ESCAPE
22:48:30.793 [FXGL Background Thread 3 ] DEBUG Engine               - mouseSensitivity: 0.2
22:48:30.793 [FXGL Background Thread 3 ] DEBUG Engine               - notificationViewClass: class com.almasb.fxgl.notification.view.XboxNotificationView
22:48:30.793 [FXGL Background Thread 3 ] DEBUG Engine               - pixelsPerMeter: 50.0
22:48:30.793 [FXGL Background Thread 3 ] DEBUG Engine               - platform: WINDOWS
22:48:30.793 [FXGL Background Thread 3 ] DEBUG Engine               - prefHeightProperty: ReadOnlyDoubleProperty [value: 624.0]
22:48:30.793 [FXGL Background Thread 3 ] DEBUG Engine               - prefWidthProperty: ReadOnlyDoubleProperty [value: 1488.0]
22:48:30.793 [FXGL Background Thread 3 ] DEBUG Engine               - profileDir: profiles/
22:48:30.793 [FXGL Background Thread 3 ] DEBUG Engine               - profileName: StringProperty [value: DEFAULT]
22:48:30.793 [FXGL Background Thread 3 ] DEBUG Engine               - randomSeed: -1
22:48:30.793 [FXGL Background Thread 3 ] DEBUG Engine               - runtimeInfo: RuntimeInfo(platform=WINDOWS, version=17.1, build=24.03.2022 17.34)
22:48:30.793 [FXGL Background Thread 3 ] DEBUG Engine               - saveFileExt: sav
22:48:30.794 [FXGL Background Thread 3 ] DEBUG Engine               - scaledHeightProp$fxgl: DoubleProperty [bound, value: 624.0]
22:48:30.794 [FXGL Background Thread 3 ] DEBUG Engine               - scaledWidthProp$fxgl: DoubleProperty [bound, value: 1488.0]
22:48:30.794 [FXGL Background Thread 3 ] DEBUG Engine               - sceneFactory: com.example.demo.BombermanApp$1@46d10586
22:48:30.794 [FXGL Background Thread 3 ] DEBUG Engine               - secondsIn24h: 60
22:48:30.794 [FXGL Background Thread 3 ] DEBUG Engine               - soundMenuBack: menu/back.wav
22:48:30.794 [FXGL Background Thread 3 ] DEBUG Engine               - soundMenuPress: menu/press.wav
22:48:30.794 [FXGL Background Thread 3 ] DEBUG Engine               - soundMenuSelect: menu/select.wav
22:48:30.794 [FXGL Background Thread 3 ] DEBUG Engine               - soundNotification: core/notification.wav
22:48:30.794 [FXGL Background Thread 3 ] DEBUG Engine               - stageStyle: DECORATED
22:48:30.794 [FXGL Background Thread 3 ] DEBUG Engine               - supportedLanguages: [ENGLISH, FRENCH, GERMAN, HUNGARIAN, RUSSIAN]
22:48:30.794 [FXGL Background Thread 3 ] DEBUG Engine               - ticksPerSecond: -1
22:48:30.794 [FXGL Background Thread 3 ] DEBUG Engine               - title: BOMBER
 MAN
22:48:30.794 [FXGL Background Thread 3 ] DEBUG Engine               - urlGithub: https://github.com/AlmasB/FXGL
22:48:30.794 [FXGL Background Thread 3 ] DEBUG Engine               - urlLeaderboard: http://fxgl-top.herokuapp.com/
22:48:30.794 [FXGL Background Thread 3 ] DEBUG Engine               - urlPOM: https://raw.githubusercontent.com/AlmasB/FXGL/release/README.md
22:48:30.794 [FXGL Background Thread 3 ] DEBUG Engine               - userAppClass: class com.example.demo.BombermanApp
22:48:30.794 [FXGL Background Thread 3 ] DEBUG Engine               - version: 1.0
22:48:30.794 [FXGL Background Thread 3 ] DEBUG Engine               - versionCheckDays: 7
22:48:30.794 [FXGL Background Thread 3 ] DEBUG Engine               - width: 1488
22:48:30.794 [FXGL Background Thread 3 ] DEBUG Engine               - Logging services
22:48:30.794 [FXGL Background Thread 3 ] DEBUG Engine               - class com.almasb.fxgl.app.services.FXGLAssetLoaderService
22:48:30.794 [FXGL Background Thread 3 ] DEBUG Engine               - class com.almasb.fxgl.app.FXGLApplication$GameApplicationService
22:48:30.794 [FXGL Background Thread 3 ] DEBUG Engine               - class com.almasb.fxgl.app.services.FXGLDialogService
22:48:30.794 [FXGL Background Thread 3 ] DEBUG Engine               - class com.almasb.fxgl.app.services.IOTaskExecutorService
22:48:30.794 [FXGL Background Thread 3 ] DEBUG Engine               - class com.almasb.fxgl.io.FileSystemService
22:48:30.794 [FXGL Background Thread 3 ] DEBUG Engine               - class com.almasb.fxgl.localization.LocalizationService
22:48:30.794 [FXGL Background Thread 3 ] DEBUG Engine               - class com.almasb.fxgl.app.services.SystemBundleService
22:48:30.794 [FXGL Background Thread 3 ] DEBUG Engine               - class com.almasb.fxgl.profile.SaveLoadService
22:48:30.794 [FXGL Background Thread 3 ] DEBUG Engine               - class com.almasb.fxgl.ui.FXGLUIFactoryServiceProvider
22:48:30.795 [FXGL Background Thread 3 ] DEBUG Engine               - class com.almasb.fxgl.ui.FXGLDialogFactoryServiceProvider
22:48:30.795 [FXGL Background Thread 3 ] DEBUG Engine               - class com.almasb.fxgl.audio.AudioPlayer
22:48:30.795 [FXGL Background Thread 3 ] DEBUG Engine               - class com.almasb.fxgl.notification.impl.NotificationServiceProvider
22:48:30.795 [FXGL Background Thread 3 ] DEBUG Engine               - class com.almasb.fxgl.achievement.AchievementService
22:48:30.795 [FXGL Background Thread 3 ] DEBUG Engine               - class com.almasb.fxgl.cutscene.CutsceneService
22:48:30.795 [FXGL Background Thread 3 ] DEBUG Engine               - class com.almasb.fxgl.minigames.MiniGameService
22:48:30.795 [FXGL Background Thread 3 ] DEBUG Engine               - class com.almasb.fxgl.net.NetService
22:48:30.795 [FXGL Background Thread 3 ] DEBUG Engine               - class com.almasb.fxgl.app.services.UpdaterService
22:48:30.795 [FXGL Background Thread 3 ] DEBUG Engine               - class com.almasb.fxgl.dev.DevService
22:48:31.416 [JavaFX Application Thread] DEBUG Menu                 - fireNewGame()
22:48:31.416 [JavaFX Application Thread] DEBUG GameApplicationServi - Starting new game
22:48:31.418 [JavaFX Application Thread] DEBUG PrimaryStageWindow   - Pop state: FXGLDefaultMenu
22:48:31.418 [JavaFX Application Thread] DEBUG Input                - Clearing active input actions
22:48:31.419 [JavaFX Application Thread] DEBUG GameApplicationServi - Removing overlay from FXGLDefaultMenu and adding to FXGLMainMenuDummyScene
22:48:31.420 [JavaFX Application Thread] DEBUG PrimaryStageWindow   - FXGLMainMenuDummyScene <- FXGLDefaultMenu
22:48:31.420 [JavaFX Application Thread] DEBUG Input                - Clearing active input actions
22:48:31.429 [JavaFX Application Thread] DEBUG GameApplicationServi - Removing overlay from FXGLMainMenuDummyScene and adding to FXGLLoadingScene
22:48:31.429 [JavaFX Application Thread] DEBUG PrimaryStageWindow   - FXGLMainMenuDummyScene -> FXGLLoadingScene
22:48:31.429 [JavaFX Application Thread] DEBUG GameApplicationServi - Clearing previous game
22:48:31.429 [JavaFX Application Thread] DEBUG GameScene            - Clearing game scene
22:48:31.429 [JavaFX Application Thread] DEBUG GameWorld            - Clearing game world
22:48:31.429 [JavaFX Application Thread] DEBUG PhysicsWorld         - Clearing physics world
22:48:31.433 [FXGL Background Thread 2 ] DEBUG FXGLApplication      - Initializing game
22:48:31.468 [FXGL Background Thread 2 ] WARN  TMXLevelLoader       - TiledMap generated from 1.9.2. Supported version: 1.4.2. Some features may not be parsed fully.
22:48:31.489 [FXGL Background Thread 2 ] DEBUG TMXLevelLoader       - Parsed TiledMap: file:/C:/java_new/bombermanGame/target/classes/assets/levels/map1.tmx
22:48:31.492 [FXGL Background Thread 2 ] DEBUG TMXLevelLoader       - Creating tile layer entities
22:48:31.495 [FXGL Background Thread 2 ] DEBUG TilesetLoader        - Loading view for layer Tile Layer 1
22:48:31.496 [FXGL Background Thread 2 ] DEBUG TilesetLoader        - Created buffer with size 1488.0x624.0
22:48:31.513 [FXGL Background Thread 2 ] DEBUG TMXLevelLoader       - Creating object layer entities
22:48:31.554 [FXGL Background Thread 2 ] DEBUG FXGLAssetLoaderServi - Loading from file system: file:/C:/java_new/bombermanGame/target/classes/assets/textures/player_down.png
22:48:31.558 [FXGL Background Thread 2 ] DEBUG FXGLAssetLoaderServi - Loading from file system: file:/C:/java_new/bombermanGame/target/classes/assets/textures/player_right.png
22:48:31.559 [FXGL Background Thread 2 ] DEBUG FXGLAssetLoaderServi - Loading from file system: file:/C:/java_new/bombermanGame/target/classes/assets/textures/player_up.png
22:48:31.561 [FXGL Background Thread 2 ] DEBUG FXGLAssetLoaderServi - Loading from file system: file:/C:/java_new/bombermanGame/target/classes/assets/textures/player_left.png
22:48:31.597 [FXGL Background Thread 2 ] WARN  FXGLAssetLoaderServi - Asset "/assets/textures/brick.png" was not found!
22:48:31.597 [FXGL Background Thread 2 ] WARN  FXGLAssetLoaderServi - Failed to load IMAGE
22:48:31.612 [FXGL Background Thread 2 ] WARN  FXGLAssetLoaderServi - Asset "/assets/textures/brick.png" was not found!
22:48:31.612 [FXGL Background Thread 2 ] WARN  FXGLAssetLoaderServi - Failed to load IMAGE
22:48:31.613 [FXGL Background Thread 2 ] WARN  FXGLAssetLoaderServi - Asset "/assets/textures/brick.png" was not found!
22:48:31.614 [FXGL Background Thread 2 ] WARN  FXGLAssetLoaderServi - Failed to load IMAGE
22:48:31.615 [FXGL Background Thread 2 ] WARN  FXGLAssetLoaderServi - Asset "/assets/textures/brick.png" was not found!
22:48:31.615 [FXGL Background Thread 2 ] WARN  FXGLAssetLoaderServi - Failed to load IMAGE
22:48:31.616 [FXGL Background Thread 2 ] WARN  FXGLAssetLoaderServi - Asset "/assets/textures/brick.png" was not found!
22:48:31.616 [FXGL Background Thread 2 ] WARN  FXGLAssetLoaderServi - Failed to load IMAGE
22:48:31.617 [FXGL Background Thread 2 ] WARN  FXGLAssetLoaderServi - Asset "/assets/textures/brick.png" was not found!
22:48:31.618 [FXGL Background Thread 2 ] WARN  FXGLAssetLoaderServi - Failed to load IMAGE
22:48:31.618 [FXGL Background Thread 2 ] WARN  FXGLAssetLoaderServi - Asset "/assets/textures/brick.png" was not found!
22:48:31.619 [FXGL Background Thread 2 ] WARN  FXGLAssetLoaderServi - Failed to load IMAGE
22:48:31.619 [FXGL Background Thread 2 ] WARN  FXGLAssetLoaderServi - Asset "/assets/textures/brick.png" was not found!
22:48:31.619 [FXGL Background Thread 2 ] WARN  FXGLAssetLoaderServi - Failed to load IMAGE
22:48:31.620 [FXGL Background Thread 2 ] WARN  FXGLAssetLoaderServi - Asset "/assets/textures/brick.png" was not found!
22:48:31.620 [FXGL Background Thread 2 ] WARN  FXGLAssetLoaderServi - Failed to load IMAGE
22:48:31.621 [FXGL Background Thread 2 ] WARN  FXGLAssetLoaderServi - Asset "/assets/textures/brick.png" was not found!
22:48:31.621 [FXGL Background Thread 2 ] WARN  FXGLAssetLoaderServi - Failed to load IMAGE
22:48:31.623 [FXGL Background Thread 2 ] WARN  FXGLAssetLoaderServi - Asset "/assets/textures/brick.png" was not found!
22:48:31.623 [FXGL Background Thread 2 ] WARN  FXGLAssetLoaderServi - Failed to load IMAGE
22:48:31.624 [FXGL Background Thread 2 ] WARN  FXGLAssetLoaderServi - Asset "/assets/textures/brick.png" was not found!
22:48:31.624 [FXGL Background Thread 2 ] WARN  FXGLAssetLoaderServi - Failed to load IMAGE
22:48:31.625 [FXGL Background Thread 2 ] WARN  FXGLAssetLoaderServi - Asset "/assets/textures/brick.png" was not found!
22:48:31.625 [FXGL Background Thread 2 ] WARN  FXGLAssetLoaderServi - Failed to load IMAGE
22:48:31.626 [FXGL Background Thread 2 ] WARN  FXGLAssetLoaderServi - Asset "/assets/textures/brick.png" was not found!
22:48:31.626 [FXGL Background Thread 2 ] WARN  FXGLAssetLoaderServi - Failed to load IMAGE
22:48:31.627 [FXGL Background Thread 2 ] WARN  FXGLAssetLoaderServi - Asset "/assets/textures/brick.png" was not found!
22:48:31.627 [FXGL Background Thread 2 ] WARN  FXGLAssetLoaderServi - Failed to load IMAGE
22:48:31.628 [FXGL Background Thread 2 ] WARN  FXGLAssetLoaderServi - Asset "/assets/textures/brick.png" was not found!
22:48:31.628 [FXGL Background Thread 2 ] WARN  FXGLAssetLoaderServi - Failed to load IMAGE
22:48:31.629 [FXGL Background Thread 2 ] WARN  FXGLAssetLoaderServi - Asset "/assets/textures/brick.png" was not found!
22:48:31.630 [FXGL Background Thread 2 ] WARN  FXGLAssetLoaderServi - Failed to load IMAGE
22:48:31.630 [FXGL Background Thread 2 ] WARN  FXGLAssetLoaderServi - Asset "/assets/textures/brick.png" was not found!
22:48:31.630 [FXGL Background Thread 2 ] WARN  FXGLAssetLoaderServi - Failed to load IMAGE
22:48:31.631 [FXGL Background Thread 2 ] WARN  FXGLAssetLoaderServi - Asset "/assets/textures/brick.png" was not found!
22:48:31.631 [FXGL Background Thread 2 ] WARN  FXGLAssetLoaderServi - Failed to load IMAGE
22:48:31.632 [FXGL Background Thread 2 ] WARN  FXGLAssetLoaderServi - Asset "/assets/textures/brick.png" was not found!
22:48:31.632 [FXGL Background Thread 2 ] WARN  FXGLAssetLoaderServi - Failed to load IMAGE
22:48:31.633 [FXGL Background Thread 2 ] WARN  FXGLAssetLoaderServi - Asset "/assets/textures/brick.png" was not found!
22:48:31.633 [FXGL Background Thread 2 ] WARN  FXGLAssetLoaderServi - Failed to load IMAGE
22:48:31.634 [FXGL Background Thread 2 ] WARN  FXGLAssetLoaderServi - Asset "/assets/textures/brick.png" was not found!
22:48:31.634 [FXGL Background Thread 2 ] WARN  FXGLAssetLoaderServi - Failed to load IMAGE
22:48:31.635 [FXGL Background Thread 2 ] WARN  FXGLAssetLoaderServi - Asset "/assets/textures/brick.png" was not found!
22:48:31.635 [FXGL Background Thread 2 ] WARN  FXGLAssetLoaderServi - Failed to load IMAGE
22:48:31.636 [FXGL Background Thread 2 ] WARN  FXGLAssetLoaderServi - Asset "/assets/textures/brick.png" was not found!
22:48:31.637 [FXGL Background Thread 2 ] WARN  FXGLAssetLoaderServi - Failed to load IMAGE
22:48:31.638 [FXGL Background Thread 2 ] WARN  FXGLAssetLoaderServi - Asset "/assets/textures/brick.png" was not found!
22:48:31.638 [FXGL Background Thread 2 ] WARN  FXGLAssetLoaderServi - Failed to load IMAGE
22:48:31.639 [FXGL Background Thread 2 ] WARN  FXGLAssetLoaderServi - Asset "/assets/textures/brick.png" was not found!
22:48:31.639 [FXGL Background Thread 2 ] WARN  FXGLAssetLoaderServi - Failed to load IMAGE
22:48:31.639 [FXGL Background Thread 2 ] WARN  FXGLAssetLoaderServi - Asset "/assets/textures/brick.png" was not found!
22:48:31.639 [FXGL Background Thread 2 ] WARN  FXGLAssetLoaderServi - Failed to load IMAGE
22:48:31.640 [FXGL Background Thread 2 ] WARN  FXGLAssetLoaderServi - Asset "/assets/textures/brick.png" was not found!
22:48:31.640 [FXGL Background Thread 2 ] WARN  FXGLAssetLoaderServi - Failed to load IMAGE
22:48:31.641 [FXGL Background Thread 2 ] WARN  FXGLAssetLoaderServi - Asset "/assets/textures/brick.png" was not found!
22:48:31.641 [FXGL Background Thread 2 ] WARN  FXGLAssetLoaderServi - Failed to load IMAGE
22:48:31.642 [FXGL Background Thread 2 ] WARN  FXGLAssetLoaderServi - Asset "/assets/textures/brick.png" was not found!
22:48:31.642 [FXGL Background Thread 2 ] WARN  FXGLAssetLoaderServi - Failed to load IMAGE
22:48:31.643 [FXGL Background Thread 2 ] WARN  FXGLAssetLoaderServi - Asset "/assets/textures/brick.png" was not found!
22:48:31.643 [FXGL Background Thread 2 ] WARN  FXGLAssetLoaderServi - Failed to load IMAGE
22:48:31.644 [FXGL Background Thread 2 ] WARN  FXGLAssetLoaderServi - Asset "/assets/textures/brick.png" was not found!
22:48:31.644 [FXGL Background Thread 2 ] WARN  FXGLAssetLoaderServi - Failed to load IMAGE
22:48:31.645 [FXGL Background Thread 2 ] WARN  FXGLAssetLoaderServi - Asset "/assets/textures/brick.png" was not found!
22:48:31.645 [FXGL Background Thread 2 ] WARN  FXGLAssetLoaderServi - Failed to load IMAGE
22:48:31.645 [FXGL Background Thread 2 ] WARN  FXGLAssetLoaderServi - Asset "/assets/textures/brick.png" was not found!
22:48:31.645 [FXGL Background Thread 2 ] WARN  FXGLAssetLoaderServi - Failed to load IMAGE
22:48:31.646 [FXGL Background Thread 2 ] WARN  FXGLAssetLoaderServi - Asset "/assets/textures/brick.png" was not found!
22:48:31.646 [FXGL Background Thread 2 ] WARN  FXGLAssetLoaderServi - Failed to load IMAGE
22:48:31.646 [FXGL Background Thread 2 ] WARN  FXGLAssetLoaderServi - Asset "/assets/textures/brick.png" was not found!
22:48:31.647 [FXGL Background Thread 2 ] WARN  FXGLAssetLoaderServi - Failed to load IMAGE
22:48:31.648 [FXGL Background Thread 2 ] WARN  FXGLAssetLoaderServi - Asset "/assets/textures/brick.png" was not found!
22:48:31.648 [FXGL Background Thread 2 ] WARN  FXGLAssetLoaderServi - Failed to load IMAGE
22:48:31.649 [FXGL Background Thread 2 ] WARN  FXGLAssetLoaderServi - Asset "/assets/textures/brick.png" was not found!
22:48:31.649 [FXGL Background Thread 2 ] WARN  FXGLAssetLoaderServi - Failed to load IMAGE
22:48:31.650 [FXGL Background Thread 2 ] WARN  FXGLAssetLoaderServi - Asset "/assets/textures/brick.png" was not found!
22:48:31.650 [FXGL Background Thread 2 ] WARN  FXGLAssetLoaderServi - Failed to load IMAGE
22:48:31.651 [FXGL Background Thread 2 ] WARN  FXGLAssetLoaderServi - Asset "/assets/textures/brick.png" was not found!
22:48:31.651 [FXGL Background Thread 2 ] WARN  FXGLAssetLoaderServi - Failed to load IMAGE
22:48:31.651 [FXGL Background Thread 2 ] WARN  FXGLAssetLoaderServi - Asset "/assets/textures/brick.png" was not found!
22:48:31.651 [FXGL Background Thread 2 ] WARN  FXGLAssetLoaderServi - Failed to load IMAGE
22:48:31.652 [FXGL Background Thread 2 ] WARN  FXGLAssetLoaderServi - Asset "/assets/textures/brick.png" was not found!
22:48:31.652 [FXGL Background Thread 2 ] WARN  FXGLAssetLoaderServi - Failed to load IMAGE
22:48:31.653 [FXGL Background Thread 2 ] WARN  FXGLAssetLoaderServi - Asset "/assets/textures/brick.png" was not found!
22:48:31.653 [FXGL Background Thread 2 ] WARN  FXGLAssetLoaderServi - Failed to load IMAGE
22:48:31.653 [FXGL Background Thread 2 ] WARN  FXGLAssetLoaderServi - Asset "/assets/textures/brick.png" was not found!
22:48:31.654 [FXGL Background Thread 2 ] WARN  FXGLAssetLoaderServi - Failed to load IMAGE
22:48:31.654 [FXGL Background Thread 2 ] WARN  FXGLAssetLoaderServi - Asset "/assets/textures/brick.png" was not found!
22:48:31.654 [FXGL Background Thread 2 ] WARN  FXGLAssetLoaderServi - Failed to load IMAGE
22:48:31.655 [FXGL Background Thread 2 ] WARN  FXGLAssetLoaderServi - Asset "/assets/textures/brick.png" was not found!
22:48:31.655 [FXGL Background Thread 2 ] WARN  FXGLAssetLoaderServi - Failed to load IMAGE
22:48:31.655 [FXGL Background Thread 2 ] WARN  FXGLAssetLoaderServi - Asset "/assets/textures/brick.png" was not found!
22:48:31.655 [FXGL Background Thread 2 ] WARN  FXGLAssetLoaderServi - Failed to load IMAGE
22:48:31.657 [FXGL Background Thread 2 ] WARN  FXGLAssetLoaderServi - Asset "/assets/textures/brick.png" was not found!
22:48:31.657 [FXGL Background Thread 2 ] WARN  FXGLAssetLoaderServi - Failed to load IMAGE
22:48:31.658 [FXGL Background Thread 2 ] WARN  FXGLAssetLoaderServi - Asset "/assets/textures/brick.png" was not found!
22:48:31.658 [FXGL Background Thread 2 ] WARN  FXGLAssetLoaderServi - Failed to load IMAGE
22:48:31.658 [FXGL Background Thread 2 ] WARN  FXGLAssetLoaderServi - Asset "/assets/textures/brick.png" was not found!
22:48:31.658 [FXGL Background Thread 2 ] WARN  FXGLAssetLoaderServi - Failed to load IMAGE
22:48:31.659 [FXGL Background Thread 2 ] DEBUG GameWorld            - Clearing removable entities
22:48:31.660 [FXGL Background Thread 2 ] DEBUG GameWorld            - Setting level: com.almasb.fxgl.entity.level.Level@758f0f1e
22:48:31.674 [FXGL Background Thread 2 ] INFO  FXGLApplication      - Game initialization took: 0.242 sec
22:48:31.674 [JavaFX Application Thread] DEBUG Input                - Clearing active input actions
22:48:31.680 [JavaFX Application Thread] DEBUG GameApplicationServi - Removing overlay from FXGLLoadingScene and adding to GameScene
22:48:31.680 [JavaFX Application Thread] DEBUG PrimaryStageWindow   - FXGLLoadingScene -> GameScene
22:48:33.350 [JavaFX Application Thread] DEBUG FXGLApplication      - Exiting FXGL
22:48:33.350 [JavaFX Application Thread] DEBUG LoopRunner           - Stopping loop
22:48:33.350 [JavaFX Application Thread] DEBUG SystemBundleService  - Saving FXGL system data
22:48:33.353 [JavaFX Application Thread] DEBUG FileSystemAccess     - Writing to: C:\java_new\bombermanGame\system\fxgl.bundle
22:48:33.355 [JavaFX Application Thread] DEBUG Async                - Shutting down background threads
22:48:33.355 [JavaFX Application Thread] DEBUG PrimaryStageWindow   - Closing main window
22:48:33.376 [JavaFX Application Thread] DEBUG Logger               - Closing Logger
