10:58:21.049 [main                     ] DEBUG Logger               - Configured Logger
10:58:21.094 [main                     ] DEBUG GameApplication      - Logging settings
Title: BOMBERMAN
Version: 1.0
Width: 1488
Height: 624
Fullscreen: true
Intro: false
Profiling: false
Single step:false
App Mode: DEVELOPER
Menu Key: ESCAPE
Stage Style: DECORATED
Scene Factory: class com.example.demo.BombermanApp$1

10:58:21.654 [JavaFX Application Thread] DEBUG FXGLApplication      - Initializing FXGL
10:58:21.662 [JavaFX Application Thread] INFO  Engine               - FXGL-17.1 (24.03.2022 17.34) on WINDOWS (J:18.0.2.1 FX:18.0.1)
10:58:21.663 [JavaFX Application Thread] DEBUG Engine               - JRE Vendor Name: Oracle Corporation
10:58:21.663 [JavaFX Application Thread] DEBUG Engine               - Running on OS: Windows 11 version 10.0
10:58:21.664 [JavaFX Application Thread] DEBUG Engine               - Architecture: amd64
10:58:21.664 [JavaFX Application Thread] INFO  Engine               - Source code and latest versions at: https://github.com/AlmasB/FXGL
10:58:21.664 [JavaFX Application Thread] INFO  Engine               -       Ask questions and discuss at: https://github.com/AlmasB/FXGL/discussions
10:58:21.664 [JavaFX Application Thread] INFO  Engine               -              Join the FXGL chat at: https://gitter.im/AlmasB/FXGL
10:58:21.763 [JavaFX Application Thread] DEBUG PrimaryStageWindow   - Creating a JavaFX scene
10:58:21.812 [JavaFX Application Thread] DEBUG PrimaryStageWindow   - Target settings size: 1488.0 x 624.0
10:58:21.812 [JavaFX Application Thread] DEBUG PrimaryStageWindow   - Scaled scene size:    1488.0 x 624.0
10:58:21.813 [JavaFX Application Thread] DEBUG PrimaryStageWindow   - Scaled ratio: (1.0, 1.0)
10:58:21.814 [JavaFX Application Thread] DEBUG PrimaryStageWindow   - Set initial scene to FXGLStartupScene
10:58:21.824 [JavaFX Application Thread] DEBUG PrimaryStageWindow   - Opening main window
10:58:21.920 [JavaFX Application Thread] DEBUG PrimaryStageWindow   - Window border size: (14.4000244140625, 37.5999755859375)
10:58:21.920 [JavaFX Application Thread] DEBUG PrimaryStageWindow   - Scaled size: 1488.0 x 624.0
10:58:21.920 [JavaFX Application Thread] DEBUG PrimaryStageWindow   - Scaled ratio: (1.0, 1.0)
10:58:21.921 [JavaFX Application Thread] DEBUG PrimaryStageWindow   - Scene size: 1488.0 x 624.0
10:58:21.921 [JavaFX Application Thread] DEBUG PrimaryStageWindow   - Stage size: 1502.4000244140625 x 661.5999755859375
10:58:21.982 [JavaFX Application Thread] DEBUG PrimaryStageWindow   - Going fullscreen
10:58:21.992 [FXGL Background Thread 1 ] DEBUG Engine               - Initializing environment variables
10:58:22.054 [FXGL Background Thread 1 ] DEBUG FXGLAssetLoaderServi - User app class for loading assets: class com.example.demo.BombermanApp
10:58:22.054 [FXGL Background Thread 1 ] DEBUG GameApplicationServi - Applying CSS: fxgl_dark.css
10:58:22.056 [FXGL Background Thread 1 ] DEBUG FXGLAssetLoaderServi - Loading from file system: jar:file:///C:/Users/phamt/.m2/repository/com/github/almasb/fxgl/17.1/fxgl-17.1.jar!/fxglassets/ui/css/fxgl_dark.css
10:58:22.134 [FXGL Background Thread 1 ] DEBUG GameApplicationServi - Initializing application scenes
10:58:22.210 [FXGL Background Thread 1 ] DEBUG GameWorld            - Game world initialized
10:58:22.317 [FXGL Background Thread 1 ] DEBUG PhysicsWorld         - Physics world initialized: appHeight=624, physics.ppm=50.0
10:58:22.317 [FXGL Background Thread 1 ] DEBUG PhysicsWorld         - Using strategy: BRUTE_FORCE
10:58:22.327 [FXGL Background Thread 1 ] DEBUG GameScene            - Game scene initialized: 1488x624
10:58:22.351 [FXGL Background Thread 1 ] DEBUG FXGL.DefaultMenu     - createMenuBodyMainMenu()
10:58:22.380 [FXGL Background Thread 1 ] DEBUG FXGL.DefaultMenu     - createOptionsMenu()
10:58:22.402 [FXGL Background Thread 1 ] DEBUG FXGLAssetLoaderServi - Loading from file system: jar:file:///C:/Users/phamt/.m2/repository/com/github/almasb/fxgl/17.1/fxgl-17.1.jar!/fxglassets/textures/particles/smoke.png
10:58:22.555 [FXGL Background Thread 1 ] DEBUG FXGLAssetLoaderServi - Loading from file system: jar:file:///C:/Users/phamt/.m2/repository/com/github/almasb/fxgl/17.1/fxgl-17.1.jar!/fxglassets/textures/particles/trace_horizontal.png
10:58:22.621 [FXGL Background Thread 1 ] DEBUG GameApplicationServi - Application scenes initialized
10:58:22.645 [FXGL Background Thread 1 ] DEBUG SystemBundleService  - Loading FXGL system data
10:58:22.657 [FXGL Background Thread 1 ] DEBUG FileSystemAccess     - Reading from: C:\java_new\bombermanGame\system\fxgl.bundle
10:58:22.676 [FXGL Background Thread 1 ] DEBUG SystemBundleService  - Bundle FXGL: {}
10:58:22.676 [FXGL Background Thread 1 ] DEBUG UpdaterService       - Checking for updates
10:58:22.684 [FXGL Background Thread 4 ] DEBUG FXGLApplication      - Loading fonts
10:58:22.685 [FXGL Background Thread 1 ] DEBUG FXGLApplication      - Loading default localization
10:58:22.685 [FXGL Background Thread 4 ] WARN  FXGLAssetLoaderServi - Asset "/assets/ui/fonts/game_font.ttf" was not found!
10:58:22.686 [FXGL Background Thread 4 ] WARN  FXGLAssetLoaderServi - Failed to load FONT
10:58:22.687 [FXGL Background Thread 4 ] DEBUG FXGLAssetLoaderServi - Loading from file system: jar:file:///C:/Users/phamt/.m2/repository/com/github/almasb/fxgl/17.1/fxgl-17.1.jar!/fxglassets/ui/fonts/Abel-Regular.ttf
10:58:22.722 [FXGL Background Thread 1 ] INFO  FXGLApplication      - FXGL initialization took: 0.730 sec
10:58:22.749 [JavaFX Application Thread] DEBUG Input                - Registered new binding: Move Up - W
10:58:22.751 [JavaFX Application Thread] DEBUG Input                - Registered new binding: Move Down - S
10:58:22.752 [JavaFX Application Thread] DEBUG Input                - Registered new binding: Move Left - A
10:58:22.752 [JavaFX Application Thread] DEBUG Input                - Registered new binding: Move Right - D
10:58:22.754 [JavaFX Application Thread] DEBUG Input                - Registered new binding: Place Bomb - Space
10:58:22.754 [JavaFX Application Thread] DEBUG FXGLAssetLoaderServi - Loading from file system: jar:file:///C:/Users/phamt/.m2/repository/com/github/almasb/fxgl/17.1/fxgl-17.1.jar!/fxglassets/textures/fxgl_icon.png
10:58:22.779 [FXGL Background Thread 4 ] DEBUG FXGLAssetLoaderServi - Loading from file system: jar:file:///C:/Users/phamt/.m2/repository/com/github/almasb/fxgl/17.1/fxgl-17.1.jar!/fxglassets/ui/fonts/TerminalLandMono-Regular.otf
10:58:22.785 [FXGL Background Thread 4 ] DEBUG FXGLAssetLoaderServi - Loading from file system: jar:file:///C:/Users/phamt/.m2/repository/com/github/almasb/fxgl/17.1/fxgl-17.1.jar!/fxglassets/ui/fonts/Courier-Prime.ttf
10:58:22.788 [JavaFX Application Thread] DEBUG FXGLAssetLoaderServi - Loading from file system: jar:file:///C:/Users/phamt/.m2/repository/com/github/almasb/fxgl/17.1/fxgl-17.1.jar!/fxglassets/textures/fxgl_default_cursor.png
10:58:22.795 [JavaFX Application Thread] DEBUG Input                - Registered new binding: Screenshot - CTRL+8
10:58:22.796 [JavaFX Application Thread] DEBUG Input                - Registered new binding: System info dump - CTRL+9
10:58:22.797 [JavaFX Application Thread] DEBUG Input                - Registered new binding: Restart - CTRL+R
10:58:22.798 [JavaFX Application Thread] DEBUG Input                - Registered new binding: Toggle Debug Camera - CTRL+7
10:58:22.802 [JavaFX Application Thread] DEBUG LoopRunner           - Starting loop
10:58:22.803 [JavaFX Application Thread] DEBUG LoopRunner           - Initializing JavaFX AnimationTimerLoop
10:58:22.807 [JavaFX Application Thread] DEBUG Input                - Clearing active input actions
10:58:22.820 [JavaFX Application Thread] DEBUG GameApplicationServi - Removing overlay from FXGLStartupScene and adding to FXGLMainMenuDummyScene
10:58:22.821 [JavaFX Application Thread] DEBUG PrimaryStageWindow   - FXGLStartupScene -> FXGLMainMenuDummyScene
10:58:22.821 [JavaFX Application Thread] DEBUG PrimaryStageWindow   - Push state: FXGLDefaultMenu
10:58:22.842 [JavaFX Application Thread] DEBUG Input                - Clearing active input actions
10:58:22.854 [JavaFX Application Thread] DEBUG GameApplicationServi - Removing overlay from FXGLMainMenuDummyScene and adding to FXGLDefaultMenu
10:58:22.855 [JavaFX Application Thread] DEBUG PrimaryStageWindow   - FXGLMainMenuDummyScene -> FXGLDefaultMenu
10:58:22.855 [JavaFX Application Thread] DEBUG FXGLApplication      - Registering font factories with UI factory
10:58:23.933 [FXGL Background Thread 2 ] INFO  UpdaterService       - Your current version:  17.1
10:58:23.933 [FXGL Background Thread 2 ] INFO  UpdaterService       - Latest stable version: 17.2
10:58:25.682 [FXGL Background Thread 3 ] DEBUG Engine               - Logging environment variables
10:58:25.682 [FXGL Background Thread 3 ] DEBUG Engine               - achievements: []
10:58:25.682 [FXGL Background Thread 3 ] DEBUG Engine               - actualHeight: 864.0
10:58:25.682 [FXGL Background Thread 3 ] DEBUG Engine               - actualHeightProperty: ReadOnlyDoubleProperty [value: 864.0]
10:58:25.682 [FXGL Background Thread 3 ] DEBUG Engine               - actualWidth: 1536.0
10:58:25.682 [FXGL Background Thread 3 ] DEBUG Engine               - actualWidthProperty: ReadOnlyDoubleProperty [value: 1536.0]
10:58:25.682 [FXGL Background Thread 3 ] DEBUG Engine               - appIcon: fxgl_icon.png
10:58:25.682 [FXGL Background Thread 3 ] DEBUG Engine               - applicationMode: DEVELOPER
10:58:25.682 [FXGL Background Thread 3 ] DEBUG Engine               - cSSList: [fxgl_dark.css]
10:58:25.683 [FXGL Background Thread 3 ] DEBUG Engine               - collisionDetectionStrategy: BRUTE_FORCE
10:58:25.683 [FXGL Background Thread 3 ] DEBUG Engine               - configClass: Optional.empty
10:58:25.683 [FXGL Background Thread 3 ] DEBUG Engine               - credits: []
10:58:25.684 [FXGL Background Thread 3 ] DEBUG Engine               - defaultCursor: CursorInfo(imageName=fxgl_default_cursor.png, hotspotX=7.0, hotspotY=6.0)
10:58:25.684 [FXGL Background Thread 3 ] DEBUG Engine               - devBBoxColorProperty: ObjectProperty [value: 0xff0000ff]
10:58:25.684 [FXGL Background Thread 3 ] DEBUG Engine               - devEnableDebugCameraProperty: BooleanProperty [value: false]
10:58:25.685 [FXGL Background Thread 3 ] DEBUG Engine               - devSensorColorProperty: ObjectProperty [value: 0xffff00ff]
10:58:25.685 [FXGL Background Thread 3 ] DEBUG Engine               - devShowBBoxProperty: BooleanProperty [value: false]
10:58:25.685 [FXGL Background Thread 3 ] DEBUG Engine               - devShowPositionProperty: BooleanProperty [value: false]
10:58:25.685 [FXGL Background Thread 3 ] DEBUG Engine               - enabledMenuItems: []
10:58:25.685 [FXGL Background Thread 3 ] DEBUG Engine               - engineServices: [class com.almasb.fxgl.app.services.FXGLAssetLoaderService, class com.almasb.fxgl.app.FXGLApplication$GameApplicationService, class com.almasb.fxgl.app.services.FXGLDialogService, class com.almasb.fxgl.app.services.IOTaskExecutorService, class com.almasb.fxgl.io.FileSystemService, class com.almasb.fxgl.localization.LocalizationService, class com.almasb.fxgl.app.services.SystemBundleService, class com.almasb.fxgl.profile.SaveLoadService, class com.almasb.fxgl.ui.FXGLUIFactoryServiceProvider, class com.almasb.fxgl.ui.FXGLDialogFactoryServiceProvider, class com.almasb.fxgl.audio.AudioPlayer, class com.almasb.fxgl.notification.impl.NotificationServiceProvider, class com.almasb.fxgl.achievement.AchievementService, class com.almasb.fxgl.cutscene.CutsceneService, class com.almasb.fxgl.minigames.MiniGameService, class com.almasb.fxgl.net.NetService, class com.almasb.fxgl.app.services.UpdaterService, class com.almasb.fxgl.dev.DevService]
10:58:25.685 [FXGL Background Thread 3 ] DEBUG Engine               - fontGame: Abel-Regular.ttf
10:58:25.685 [FXGL Background Thread 3 ] DEBUG Engine               - fontMono: TerminalLandMono-Regular.otf
10:58:25.685 [FXGL Background Thread 3 ] DEBUG Engine               - fontText: Courier-Prime.ttf
10:58:25.685 [FXGL Background Thread 3 ] DEBUG Engine               - fontUI: game_font.ttf
10:58:25.685 [FXGL Background Thread 3 ] DEBUG Engine               - fullScreen: BooleanProperty [value: true]
10:58:25.685 [FXGL Background Thread 3 ] DEBUG Engine               - gameDifficulty: MEDIUM
10:58:25.685 [FXGL Background Thread 3 ] DEBUG Engine               - gameDifficultyProperty: ObjectProperty [value: MEDIUM]
10:58:25.685 [FXGL Background Thread 3 ] DEBUG Engine               - globalMusicVolume: 0.5
10:58:25.685 [FXGL Background Thread 3 ] DEBUG Engine               - globalMusicVolumeProperty: DoubleProperty [value: 0.5]
10:58:25.686 [FXGL Background Thread 3 ] DEBUG Engine               - globalSoundVolume: 0.5
10:58:25.686 [FXGL Background Thread 3 ] DEBUG Engine               - globalSoundVolumeProperty: DoubleProperty [value: 0.5]
10:58:25.686 [FXGL Background Thread 3 ] DEBUG Engine               - height: 624
10:58:25.686 [FXGL Background Thread 3 ] DEBUG Engine               - is3D: false
10:58:25.686 [FXGL Background Thread 3 ] DEBUG Engine               - isAndroid: false
10:58:25.686 [FXGL Background Thread 3 ] DEBUG Engine               - isBrowser: false
10:58:25.686 [FXGL Background Thread 3 ] DEBUG Engine               - isClickFeedbackEnabled: false
10:58:25.686 [FXGL Background Thread 3 ] DEBUG Engine               - isCloseConfirmation: false
10:58:25.686 [FXGL Background Thread 3 ] DEBUG Engine               - isDesktop: true
10:58:25.687 [FXGL Background Thread 3 ] DEBUG Engine               - isDeveloperMenuEnabled: false
10:58:25.687 [FXGL Background Thread 3 ] DEBUG Engine               - isEmbedded: false
10:58:25.687 [FXGL Background Thread 3 ] DEBUG Engine               - isEntityPreloadEnabled: true
10:58:25.687 [FXGL Background Thread 3 ] DEBUG Engine               - isExperimentalTiledLargeMap: false
10:58:25.687 [FXGL Background Thread 3 ] DEBUG Engine               - isFileSystemWriteAllowed: true
10:58:25.687 [FXGL Background Thread 3 ] DEBUG Engine               - isFullScreenAllowed: true
10:58:25.687 [FXGL Background Thread 3 ] DEBUG Engine               - isFullScreenFromStart: true
10:58:25.687 [FXGL Background Thread 3 ] DEBUG Engine               - isGameMenuEnabled: true
10:58:25.687 [FXGL Background Thread 3 ] DEBUG Engine               - isIOS: false
10:58:25.687 [FXGL Background Thread 3 ] DEBUG Engine               - isIntroEnabled: false
10:58:25.687 [FXGL Background Thread 3 ] DEBUG Engine               - isLinux: false
10:58:25.687 [FXGL Background Thread 3 ] DEBUG Engine               - isMac: false
10:58:25.687 [FXGL Background Thread 3 ] DEBUG Engine               - isMainMenuEnabled: true
10:58:25.687 [FXGL Background Thread 3 ] DEBUG Engine               - isManualResizeEnabled: false
10:58:25.687 [FXGL Background Thread 3 ] DEBUG Engine               - isMobile: false
10:58:25.687 [FXGL Background Thread 3 ] DEBUG Engine               - isNative: false
10:58:25.687 [FXGL Background Thread 3 ] DEBUG Engine               - isPauseMusicWhenMinimized: true
10:58:25.687 [FXGL Background Thread 3 ] DEBUG Engine               - isPreserveResizeRatio: false
10:58:25.687 [FXGL Background Thread 3 ] DEBUG Engine               - isProfilingEnabled: false
10:58:25.687 [FXGL Background Thread 3 ] DEBUG Engine               - isScaleAffectedOnResize: true
10:58:25.687 [FXGL Background Thread 3 ] DEBUG Engine               - isSingleStep: false
10:58:25.687 [FXGL Background Thread 3 ] DEBUG Engine               - isUserProfileEnabled: false
10:58:25.687 [FXGL Background Thread 3 ] DEBUG Engine               - isWindows: true
10:58:25.687 [FXGL Background Thread 3 ] DEBUG Engine               - language: ObjectProperty [value: ENGLISH]
10:58:25.688 [FXGL Background Thread 3 ] DEBUG Engine               - menuKey: ESCAPE
10:58:25.688 [FXGL Background Thread 3 ] DEBUG Engine               - mouseSensitivity: 0.2
10:58:25.688 [FXGL Background Thread 3 ] DEBUG Engine               - notificationViewClass: class com.almasb.fxgl.notification.view.XboxNotificationView
10:58:25.688 [FXGL Background Thread 3 ] DEBUG Engine               - pixelsPerMeter: 50.0
10:58:25.688 [FXGL Background Thread 3 ] DEBUG Engine               - platform: WINDOWS
10:58:25.688 [FXGL Background Thread 3 ] DEBUG Engine               - prefHeightProperty: ReadOnlyDoubleProperty [value: 624.0]
10:58:25.688 [FXGL Background Thread 3 ] DEBUG Engine               - prefWidthProperty: ReadOnlyDoubleProperty [value: 1488.0]
10:58:25.688 [FXGL Background Thread 3 ] DEBUG Engine               - profileDir: profiles/
10:58:25.688 [FXGL Background Thread 3 ] DEBUG Engine               - profileName: StringProperty [value: DEFAULT]
10:58:25.688 [FXGL Background Thread 3 ] DEBUG Engine               - randomSeed: -1
10:58:25.689 [FXGL Background Thread 3 ] DEBUG Engine               - runtimeInfo: RuntimeInfo(platform=WINDOWS, version=17.1, build=24.03.2022 17.34)
10:58:25.689 [FXGL Background Thread 3 ] DEBUG Engine               - saveFileExt: sav
10:58:25.689 [FXGL Background Thread 3 ] DEBUG Engine               - scaledHeightProp$fxgl: DoubleProperty [bound, value: 864.0]
10:58:25.689 [FXGL Background Thread 3 ] DEBUG Engine               - scaledWidthProp$fxgl: DoubleProperty [bound, value: 1536.0]
10:58:25.689 [FXGL Background Thread 3 ] DEBUG Engine               - sceneFactory: com.example.demo.BombermanApp$1@71ab4379
10:58:25.689 [FXGL Background Thread 3 ] DEBUG Engine               - secondsIn24h: 60
10:58:25.689 [FXGL Background Thread 3 ] DEBUG Engine               - soundMenuBack: menu/back.wav
10:58:25.689 [FXGL Background Thread 3 ] DEBUG Engine               - soundMenuPress: menu/press.wav
10:58:25.689 [FXGL Background Thread 3 ] DEBUG Engine               - soundMenuSelect: menu/select.wav
10:58:25.689 [FXGL Background Thread 3 ] DEBUG Engine               - soundNotification: core/notification.wav
10:58:25.689 [FXGL Background Thread 3 ] DEBUG Engine               - stageStyle: DECORATED
10:58:25.689 [FXGL Background Thread 3 ] DEBUG Engine               - supportedLanguages: [ENGLISH, FRENCH, GERMAN, HUNGARIAN, RUSSIAN]
10:58:25.689 [FXGL Background Thread 3 ] DEBUG Engine               - ticksPerSecond: -1
10:58:25.689 [FXGL Background Thread 3 ] DEBUG Engine               - title: BOMBERMAN
10:58:25.689 [FXGL Background Thread 3 ] DEBUG Engine               - urlGithub: https://github.com/AlmasB/FXGL
10:58:25.689 [FXGL Background Thread 3 ] DEBUG Engine               - urlLeaderboard: http://fxgl-top.herokuapp.com/
10:58:25.689 [FXGL Background Thread 3 ] DEBUG Engine               - urlPOM: https://raw.githubusercontent.com/AlmasB/FXGL/release/README.md
10:58:25.689 [FXGL Background Thread 3 ] DEBUG Engine               - userAppClass: class com.example.demo.BombermanApp
10:58:25.689 [FXGL Background Thread 3 ] DEBUG Engine               - version: 1.0
10:58:25.689 [FXGL Background Thread 3 ] DEBUG Engine               - versionCheckDays: 7
10:58:25.689 [FXGL Background Thread 3 ] DEBUG Engine               - width: 1488
10:58:25.689 [FXGL Background Thread 3 ] DEBUG Engine               - Logging services
10:58:25.689 [FXGL Background Thread 3 ] DEBUG Engine               - class com.almasb.fxgl.app.services.FXGLAssetLoaderService
10:58:25.689 [FXGL Background Thread 3 ] DEBUG Engine               - class com.almasb.fxgl.app.FXGLApplication$GameApplicationService
10:58:25.689 [FXGL Background Thread 3 ] DEBUG Engine               - class com.almasb.fxgl.app.services.FXGLDialogService
10:58:25.689 [FXGL Background Thread 3 ] DEBUG Engine               - class com.almasb.fxgl.app.services.IOTaskExecutorService
10:58:25.689 [FXGL Background Thread 3 ] DEBUG Engine               - class com.almasb.fxgl.io.FileSystemService
10:58:25.689 [FXGL Background Thread 3 ] DEBUG Engine               - class com.almasb.fxgl.localization.LocalizationService
10:58:25.689 [FXGL Background Thread 3 ] DEBUG Engine               - class com.almasb.fxgl.app.services.SystemBundleService
10:58:25.690 [FXGL Background Thread 3 ] DEBUG Engine               - class com.almasb.fxgl.profile.SaveLoadService
10:58:25.690 [FXGL Background Thread 3 ] DEBUG Engine               - class com.almasb.fxgl.ui.FXGLUIFactoryServiceProvider
10:58:25.690 [FXGL Background Thread 3 ] DEBUG Engine               - class com.almasb.fxgl.ui.FXGLDialogFactoryServiceProvider
10:58:25.690 [FXGL Background Thread 3 ] DEBUG Engine               - class com.almasb.fxgl.audio.AudioPlayer
10:58:25.690 [FXGL Background Thread 3 ] DEBUG Engine               - class com.almasb.fxgl.notification.impl.NotificationServiceProvider
10:58:25.690 [FXGL Background Thread 3 ] DEBUG Engine               - class com.almasb.fxgl.achievement.AchievementService
10:58:25.690 [FXGL Background Thread 3 ] DEBUG Engine               - class com.almasb.fxgl.cutscene.CutsceneService
10:58:25.690 [FXGL Background Thread 3 ] DEBUG Engine               - class com.almasb.fxgl.minigames.MiniGameService
10:58:25.690 [FXGL Background Thread 3 ] DEBUG Engine               - class com.almasb.fxgl.net.NetService
10:58:25.690 [FXGL Background Thread 3 ] DEBUG Engine               - class com.almasb.fxgl.app.services.UpdaterService
10:58:25.690 [FXGL Background Thread 3 ] DEBUG Engine               - class com.almasb.fxgl.dev.DevService
10:58:27.550 [JavaFX Application Thread] DEBUG Menu                 - fireNewGame()
10:58:27.550 [JavaFX Application Thread] DEBUG GameApplicationServi - Starting new game
10:58:27.553 [JavaFX Application Thread] DEBUG PrimaryStageWindow   - Pop state: FXGLDefaultMenu
10:58:27.553 [JavaFX Application Thread] DEBUG Input                - Clearing active input actions
10:58:27.554 [JavaFX Application Thread] DEBUG GameApplicationServi - Removing overlay from FXGLDefaultMenu and adding to FXGLMainMenuDummyScene
10:58:27.555 [JavaFX Application Thread] DEBUG PrimaryStageWindow   - FXGLMainMenuDummyScene <- FXGLDefaultMenu
10:58:27.555 [JavaFX Application Thread] DEBUG Input                - Clearing active input actions
10:58:27.561 [JavaFX Application Thread] DEBUG GameApplicationServi - Removing overlay from FXGLMainMenuDummyScene and adding to FXGLLoadingScene
10:58:27.562 [JavaFX Application Thread] DEBUG PrimaryStageWindow   - FXGLMainMenuDummyScene -> FXGLLoadingScene
10:58:27.562 [JavaFX Application Thread] DEBUG GameApplicationServi - Clearing previous game
10:58:27.562 [JavaFX Application Thread] DEBUG GameScene            - Clearing game scene
10:58:27.562 [JavaFX Application Thread] DEBUG GameWorld            - Clearing game world
10:58:27.562 [JavaFX Application Thread] DEBUG PhysicsWorld         - Clearing physics world
10:58:27.567 [FXGL Background Thread 2 ] DEBUG FXGLApplication      - Initializing game
10:58:27.636 [FXGL Background Thread 2 ] WARN  TMXLevelLoader       - TiledMap generated from 1.9.2. Supported version: 1.4.2. Some features may not be parsed fully.
10:58:27.667 [FXGL Background Thread 2 ] DEBUG TMXLevelLoader       - Parsed TiledMap: file:/C:/java_new/bombermanGame/target/classes/assets/levels/map1.tmx
10:58:27.669 [FXGL Background Thread 2 ] DEBUG TMXLevelLoader       - Creating tile layer entities
10:58:27.674 [FXGL Background Thread 2 ] DEBUG TilesetLoader        - Loading view for layer Tile Layer 1
10:58:27.675 [FXGL Background Thread 2 ] DEBUG TilesetLoader        - Created buffer with size 1488.0x624.0
10:58:27.692 [FXGL Background Thread 2 ] DEBUG TMXLevelLoader       - Creating object layer entities
10:58:27.717 [FXGL Background Thread 2 ] DEBUG FXGLAssetLoaderServi - Loading from file system: file:/C:/java_new/bombermanGame/target/classes/assets/textures/player_down.png
10:58:27.721 [FXGL Background Thread 2 ] DEBUG FXGLAssetLoaderServi - Loading from file system: file:/C:/java_new/bombermanGame/target/classes/assets/textures/player_right.png
10:58:27.723 [FXGL Background Thread 2 ] DEBUG FXGLAssetLoaderServi - Loading from file system: file:/C:/java_new/bombermanGame/target/classes/assets/textures/player_up.png
10:58:27.724 [FXGL Background Thread 2 ] DEBUG FXGLAssetLoaderServi - Loading from file system: file:/C:/java_new/bombermanGame/target/classes/assets/textures/player_left.png
10:58:27.784 [FXGL Background Thread 2 ] DEBUG FXGLAssetLoaderServi - Loading from file system: file:/C:/java_new/bombermanGame/target/classes/assets/textures/brick.png
10:58:27.825 [FXGL Background Thread 2 ] DEBUG FXGLAssetLoaderServi - Loading from file system: file:/C:/java_new/bombermanGame/target/classes/assets/textures/enemy1.png
10:58:27.842 [FXGL Background Thread 2 ] DEBUG FXGLAssetLoaderServi - Loading from file system: file:/C:/java_new/bombermanGame/target/classes/assets/textures/enemy2.png
10:58:27.855 [FXGL Background Thread 2 ] DEBUG GameWorld            - Clearing removable entities
10:58:27.857 [FXGL Background Thread 2 ] DEBUG GameWorld            - Setting level: com.almasb.fxgl.entity.level.Level@749cb4e
10:58:27.879 [FXGL Background Thread 2 ] INFO  FXGLApplication      - Game initialization took: 0.312 sec
10:58:27.880 [JavaFX Application Thread] DEBUG Input                - Clearing active input actions
10:58:27.886 [JavaFX Application Thread] DEBUG GameApplicationServi - Removing overlay from FXGLLoadingScene and adding to GameScene
10:58:27.886 [JavaFX Application Thread] DEBUG PrimaryStageWindow   - FXGLLoadingScene -> GameScene
10:58:35.959 [JavaFX Application Thread] DEBUG FXGLAssetLoaderServi - Loading from file system: file:/C:/java_new/bombermanGame/target/classes/assets/textures/bomb.png
10:58:38.055 [JavaFX Application Thread] DEBUG FXGLAssetLoaderServi - Loading from file system: file:/C:/java_new/bombermanGame/target/classes/assets/textures/top_right_flame.png
10:58:38.057 [JavaFX Application Thread] DEBUG FXGLAssetLoaderServi - Loading from file system: file:/C:/java_new/bombermanGame/target/classes/assets/textures/top_left_flame.png
10:58:38.058 [JavaFX Application Thread] DEBUG FXGLAssetLoaderServi - Loading from file system: file:/C:/java_new/bombermanGame/target/classes/assets/textures/top_down_flame.png
10:58:38.060 [JavaFX Application Thread] DEBUG FXGLAssetLoaderServi - Loading from file system: file:/C:/java_new/bombermanGame/target/classes/assets/textures/top_up_flame.png
10:58:38.061 [JavaFX Application Thread] DEBUG FXGLAssetLoaderServi - Loading from file system: file:/C:/java_new/bombermanGame/target/classes/assets/textures/central_flame.png
10:58:38.067 [JavaFX Application Thread] DEBUG FXGLAssetLoaderServi - Loading from file system: file:/C:/java_new/bombermanGame/target/classes/assets/textures/brick_break.png
10:59:17.423 [JavaFX Application Thread] DEBUG PrimaryStageWindow   - Push state: GameMenu
10:59:17.423 [JavaFX Application Thread] DEBUG Input                - Clearing active input actions
10:59:17.423 [JavaFX Application Thread] DEBUG GameApplicationServi - Removing overlay from GameScene and adding to GameMenu
10:59:17.424 [JavaFX Application Thread] DEBUG PrimaryStageWindow   - GameScene -> GameMenu
10:59:19.120 [JavaFX Application Thread] DEBUG Menu                 - fireExit()
10:59:19.121 [JavaFX Application Thread] DEBUG PrimaryStageWindow   - Push state: DialogSubScene
10:59:19.122 [JavaFX Application Thread] DEBUG Input                - Clearing active input actions
10:59:19.122 [JavaFX Application Thread] DEBUG GameApplicationServi - Removing overlay from GameMenu and adding to DialogSubScene
10:59:19.122 [JavaFX Application Thread] DEBUG PrimaryStageWindow   - GameMenu -> DialogSubScene
10:59:19.990 [JavaFX Application Thread] DEBUG PrimaryStageWindow   - Pop state: DialogSubScene
10:59:19.990 [JavaFX Application Thread] DEBUG Input                - Clearing active input actions
10:59:19.991 [JavaFX Application Thread] DEBUG GameApplicationServi - Removing overlay from DialogSubScene and adding to GameMenu
10:59:19.991 [JavaFX Application Thread] DEBUG PrimaryStageWindow   - GameMenu <- DialogSubScene
10:59:19.991 [JavaFX Application Thread] DEBUG FXGLApplication      - Exiting FXGL
10:59:19.991 [JavaFX Application Thread] DEBUG LoopRunner           - Stopping loop
10:59:19.991 [JavaFX Application Thread] DEBUG SystemBundleService  - Saving FXGL system data
10:59:19.993 [JavaFX Application Thread] DEBUG FileSystemAccess     - Writing to: C:\java_new\bombermanGame\system\fxgl.bundle
10:59:19.995 [JavaFX Application Thread] DEBUG Async                - Shutting down background threads
10:59:19.995 [JavaFX Application Thread] DEBUG PrimaryStageWindow   - Closing main window
10:59:20.034 [JavaFX Application Thread] DEBUG Logger               - Closing Logger
