09:30:35.369 [main                     ] DEBUG Logger               - Configured Logger
09:30:35.417 [main                     ] DEBUG GameApplication      - Logging settings
Title: BOMBERMAN
Version: 1.0
Width: 1488
Height: 624
Fullscreen: false
Intro: false
Profiling: false
Single step:false
App Mode: DEVELOPER
Menu Key: ESCAPE
Stage Style: DECORATED
Scene Factory: class com.example.demo.BombermanApp$1

09:30:36.078 [JavaFX Application Thread] DEBUG FXGLApplication      - Initializing FXGL
09:30:36.086 [JavaFX Application Thread] INFO  Engine               - FXGL-17.1 (24.03.2022 17.34) on WINDOWS (J:18.0.2.1 FX:18.0.1)
09:30:36.087 [JavaFX Application Thread] DEBUG Engine               - JRE Vendor Name: Oracle Corporation
09:30:36.087 [JavaFX Application Thread] DEBUG Engine               - Running on OS: Windows 11 version 10.0
09:30:36.087 [JavaFX Application Thread] DEBUG Engine               - Architecture: amd64
09:30:36.087 [JavaFX Application Thread] INFO  Engine               - Source code and latest versions at: https://github.com/AlmasB/FXGL
09:30:36.087 [JavaFX Application Thread] INFO  Engine               -       Ask questions and discuss at: https://github.com/AlmasB/FXGL/discussions
09:30:36.088 [JavaFX Application Thread] INFO  Engine               -              Join the FXGL chat at: https://gitter.im/AlmasB/FXGL
09:30:36.218 [JavaFX Application Thread] DEBUG PrimaryStageWindow   - Creating a JavaFX scene
09:30:36.281 [JavaFX Application Thread] DEBUG PrimaryStageWindow   - Target settings size: 1488.0 x 624.0
09:30:36.282 [JavaFX Application Thread] DEBUG PrimaryStageWindow   - Scaled scene size:    1488.0 x 624.0
09:30:36.282 [JavaFX Application Thread] DEBUG PrimaryStageWindow   - Scaled ratio: (1.0, 1.0)
09:30:36.283 [JavaFX Application Thread] DEBUG PrimaryStageWindow   - Set initial scene to FXGLStartupScene
09:30:36.294 [JavaFX Application Thread] DEBUG PrimaryStageWindow   - Opening main window
09:30:36.394 [JavaFX Application Thread] DEBUG PrimaryStageWindow   - Window border size: (14.4000244140625, 37.5999755859375)
09:30:36.394 [JavaFX Application Thread] DEBUG PrimaryStageWindow   - Scaled size: 1488.0 x 624.0
09:30:36.395 [JavaFX Application Thread] DEBUG PrimaryStageWindow   - Scaled ratio: (1.0, 1.0)
09:30:36.395 [JavaFX Application Thread] DEBUG PrimaryStageWindow   - Scene size: 1488.0 x 624.0
09:30:36.396 [JavaFX Application Thread] DEBUG PrimaryStageWindow   - Stage size: 1502.4000244140625 x 661.5999755859375
09:30:36.410 [FXGL Background Thread 1 ] DEBUG Engine               - Initializing environment variables
09:30:36.484 [FXGL Background Thread 1 ] DEBUG FXGLAssetLoaderServi - User app class for loading assets: class com.example.demo.BombermanApp
09:30:36.484 [FXGL Background Thread 1 ] DEBUG GameApplicationServi - Applying CSS: fxgl_dark.css
09:30:36.485 [FXGL Background Thread 1 ] DEBUG FXGLAssetLoaderServi - Loading from file system: jar:file:///C:/Users/phamt/.m2/repository/com/github/almasb/fxgl/17.1/fxgl-17.1.jar!/fxglassets/ui/css/fxgl_dark.css
09:30:36.545 [FXGL Background Thread 1 ] DEBUG GameApplicationServi - Initializing application scenes
09:30:36.633 [FXGL Background Thread 1 ] DEBUG GameWorld            - Game world initialized
09:30:36.715 [FXGL Background Thread 1 ] DEBUG PhysicsWorld         - Physics world initialized: appHeight=624, physics.ppm=50.0
09:30:36.715 [FXGL Background Thread 1 ] DEBUG PhysicsWorld         - Using strategy: BRUTE_FORCE
09:30:36.723 [FXGL Background Thread 1 ] DEBUG GameScene            - Game scene initialized: 1488x624
09:30:36.735 [FXGL Background Thread 1 ] DEBUG FXGL.DefaultMenu     - createMenuBodyMainMenu()
09:30:36.750 [FXGL Background Thread 1 ] DEBUG FXGL.DefaultMenu     - createOptionsMenu()
09:30:36.763 [FXGL Background Thread 1 ] DEBUG FXGLAssetLoaderServi - Loading from file system: jar:file:///C:/Users/phamt/.m2/repository/com/github/almasb/fxgl/17.1/fxgl-17.1.jar!/fxglassets/textures/particles/smoke.png
09:30:36.883 [FXGL Background Thread 1 ] DEBUG FXGLAssetLoaderServi - Loading from file system: jar:file:///C:/Users/phamt/.m2/repository/com/github/almasb/fxgl/17.1/fxgl-17.1.jar!/fxglassets/textures/particles/trace_horizontal.png
09:30:36.926 [FXGL Background Thread 1 ] DEBUG GameApplicationServi - Application scenes initialized
09:30:36.939 [FXGL Background Thread 1 ] DEBUG SystemBundleService  - Loading FXGL system data
09:30:36.948 [FXGL Background Thread 1 ] DEBUG FileSystemAccess     - Reading from: C:\java_new\bombermanGame\system\fxgl.bundle
09:30:36.958 [FXGL Background Thread 1 ] DEBUG SystemBundleService  - Bundle FXGL: {}
09:30:36.958 [FXGL Background Thread 1 ] DEBUG UpdaterService       - Checking for updates
09:30:36.964 [FXGL Background Thread 4 ] DEBUG FXGLApplication      - Loading fonts
09:30:36.964 [FXGL Background Thread 1 ] DEBUG FXGLApplication      - Loading default localization
09:30:36.964 [FXGL Background Thread 4 ] WARN  FXGLAssetLoaderServi - Asset "/assets/ui/fonts/game_font.ttf" was not found!
09:30:36.965 [FXGL Background Thread 4 ] WARN  FXGLAssetLoaderServi - Failed to load FONT
09:30:36.965 [FXGL Background Thread 1 ] DEBUG FXGLAssetLoaderServi - Loading from file system: jar:file:///C:/Users/phamt/.m2/repository/com/github/almasb/fxgl/17.1/fxgl-17.1.jar!/fxglassets/languages/english.lang
09:30:36.965 [FXGL Background Thread 4 ] DEBUG FXGLAssetLoaderServi - Loading from file system: jar:file:///C:/Users/phamt/.m2/repository/com/github/almasb/fxgl/17.1/fxgl-17.1.jar!/fxglassets/ui/fonts/Abel-Regular.ttf
09:30:37.000 [FXGL Background Thread 1 ] INFO  FXGLApplication      - FXGL initialization took: 0.590 sec
09:30:37.018 [JavaFX Application Thread] DEBUG Input                - Registered new binding: Move Up - W
09:30:37.019 [JavaFX Application Thread] DEBUG Input                - Registered new binding: Move Down - S
09:30:37.019 [JavaFX Application Thread] DEBUG Input                - Registered new binding: Move Left - A
09:30:37.019 [JavaFX Application Thread] DEBUG Input                - Registered new binding: Move Right - D
09:30:37.020 [JavaFX Application Thread] DEBUG Input                - Registered new binding: Place Bomb - Space
09:30:37.022 [JavaFX Application Thread] DEBUG FXGLAssetLoaderServi - Loading from file system: jar:file:///C:/Users/phamt/.m2/repository/com/github/almasb/fxgl/17.1/fxgl-17.1.jar!/fxglassets/textures/fxgl_icon.png
09:30:37.051 [JavaFX Application Thread] DEBUG FXGLAssetLoaderServi - Loading from file system: jar:file:///C:/Users/phamt/.m2/repository/com/github/almasb/fxgl/17.1/fxgl-17.1.jar!/fxglassets/textures/fxgl_default_cursor.png
09:30:37.055 [JavaFX Application Thread] DEBUG Input                - Registered new binding: Screenshot - CTRL+8
09:30:37.055 [JavaFX Application Thread] DEBUG Input                - Registered new binding: System info dump - CTRL+9
09:30:37.056 [JavaFX Application Thread] DEBUG Input                - Registered new binding: Restart - CTRL+R
09:30:37.056 [JavaFX Application Thread] DEBUG Input                - Registered new binding: Toggle Debug Camera - CTRL+7
09:30:37.059 [JavaFX Application Thread] DEBUG LoopRunner           - Starting loop
09:30:37.059 [JavaFX Application Thread] DEBUG LoopRunner           - Initializing JavaFX AnimationTimerLoop
09:30:37.063 [JavaFX Application Thread] DEBUG Input                - Clearing active input actions
09:30:37.072 [JavaFX Application Thread] DEBUG GameApplicationServi - Removing overlay from FXGLStartupScene and adding to FXGLMainMenuDummyScene
09:30:37.072 [JavaFX Application Thread] DEBUG PrimaryStageWindow   - FXGLStartupScene -> FXGLMainMenuDummyScene
09:30:37.072 [JavaFX Application Thread] DEBUG PrimaryStageWindow   - Push state: FXGLDefaultMenu
09:30:37.138 [JavaFX Application Thread] DEBUG Input                - Clearing active input actions
09:30:37.195 [FXGL Background Thread 4 ] DEBUG FXGLAssetLoaderServi - Loading from file system: jar:file:///C:/Users/phamt/.m2/repository/com/github/almasb/fxgl/17.1/fxgl-17.1.jar!/fxglassets/ui/fonts/TerminalLandMono-Regular.otf
09:30:37.201 [FXGL Background Thread 4 ] DEBUG FXGLAssetLoaderServi - Loading from file system: jar:file:///C:/Users/phamt/.m2/repository/com/github/almasb/fxgl/17.1/fxgl-17.1.jar!/fxglassets/ui/fonts/Courier-Prime.ttf
09:30:37.201 [JavaFX Application Thread] DEBUG GameApplicationServi - Removing overlay from FXGLMainMenuDummyScene and adding to FXGLDefaultMenu
09:30:37.202 [JavaFX Application Thread] DEBUG PrimaryStageWindow   - FXGLMainMenuDummyScene -> FXGLDefaultMenu
09:30:37.331 [JavaFX Application Thread] DEBUG FXGLApplication      - Registering font factories with UI factory
09:30:38.516 [JavaFX Application Thread] DEBUG Menu                 - fireNewGame()
09:30:38.516 [JavaFX Application Thread] DEBUG GameApplicationServi - Starting new game
09:30:38.519 [JavaFX Application Thread] DEBUG PrimaryStageWindow   - Pop state: FXGLDefaultMenu
09:30:38.519 [JavaFX Application Thread] DEBUG Input                - Clearing active input actions
09:30:38.520 [JavaFX Application Thread] DEBUG GameApplicationServi - Removing overlay from FXGLDefaultMenu and adding to FXGLMainMenuDummyScene
09:30:38.521 [JavaFX Application Thread] DEBUG PrimaryStageWindow   - FXGLMainMenuDummyScene <- FXGLDefaultMenu
09:30:38.522 [JavaFX Application Thread] DEBUG Input                - Clearing active input actions
09:30:38.533 [JavaFX Application Thread] DEBUG GameApplicationServi - Removing overlay from FXGLMainMenuDummyScene and adding to FXGLLoadingScene
09:30:38.534 [JavaFX Application Thread] DEBUG PrimaryStageWindow   - FXGLMainMenuDummyScene -> FXGLLoadingScene
09:30:38.534 [JavaFX Application Thread] DEBUG GameApplicationServi - Clearing previous game
09:30:38.534 [JavaFX Application Thread] DEBUG GameScene            - Clearing game scene
09:30:38.534 [JavaFX Application Thread] DEBUG GameWorld            - Clearing game world
09:30:38.534 [JavaFX Application Thread] DEBUG PhysicsWorld         - Clearing physics world
09:30:38.539 [FXGL Background Thread 4 ] DEBUG FXGLApplication      - Initializing game
09:30:38.650 [FXGL Background Thread 4 ] WARN  TMXLevelLoader       - TiledMap generated from 1.9.2. Supported version: 1.4.2. Some features may not be parsed fully.
09:30:38.674 [FXGL Background Thread 4 ] DEBUG TMXLevelLoader       - Parsed TiledMap: file:/C:/java_new/bombermanGame/target/classes/assets/levels/map1.tmx
09:30:38.676 [FXGL Background Thread 4 ] DEBUG TMXLevelLoader       - Creating tile layer entities
09:30:38.680 [FXGL Background Thread 4 ] DEBUG TilesetLoader        - Loading view for layer Tile Layer 1
09:30:38.681 [FXGL Background Thread 4 ] DEBUG TilesetLoader        - Created buffer with size 1488.0x624.0
09:30:38.696 [FXGL Background Thread 4 ] DEBUG TMXLevelLoader       - Creating object layer entities
09:30:38.718 [FXGL Background Thread 4 ] DEBUG FXGLAssetLoaderServi - Loading from file system: file:/C:/java_new/bombermanGame/target/classes/assets/textures/player_down.png
09:30:38.721 [FXGL Background Thread 4 ] DEBUG FXGLAssetLoaderServi - Loading from file system: file:/C:/java_new/bombermanGame/target/classes/assets/textures/player_right.png
09:30:38.722 [FXGL Background Thread 4 ] DEBUG FXGLAssetLoaderServi - Loading from file system: file:/C:/java_new/bombermanGame/target/classes/assets/textures/player_up.png
09:30:38.724 [FXGL Background Thread 4 ] DEBUG FXGLAssetLoaderServi - Loading from file system: file:/C:/java_new/bombermanGame/target/classes/assets/textures/player_left.png
09:30:38.783 [FXGL Background Thread 4 ] DEBUG FXGLAssetLoaderServi - Loading from file system: file:/C:/java_new/bombermanGame/target/classes/assets/textures/brick.png
09:30:38.817 [FXGL Background Thread 4 ] DEBUG GameWorld            - Clearing removable entities
09:30:38.818 [FXGL Background Thread 4 ] DEBUG GameWorld            - Setting level: com.almasb.fxgl.entity.level.Level@24fe968d
09:30:38.839 [FXGL Background Thread 4 ] INFO  FXGLApplication      - Game initialization took: 0.301 sec
09:30:38.839 [JavaFX Application Thread] DEBUG Input                - Clearing active input actions
09:30:38.846 [JavaFX Application Thread] DEBUG GameApplicationServi - Removing overlay from FXGLLoadingScene and adding to GameScene
09:30:38.847 [JavaFX Application Thread] DEBUG PrimaryStageWindow   - FXGLLoadingScene -> GameScene
09:30:39.963 [FXGL Background Thread 3 ] DEBUG Engine               - Logging environment variables
09:30:39.965 [FXGL Background Thread 3 ] DEBUG Engine               - achievements: []
09:30:39.965 [FXGL Background Thread 3 ] DEBUG Engine               - actualHeight: 624.0
09:30:39.965 [FXGL Background Thread 3 ] DEBUG Engine               - actualHeightProperty: ReadOnlyDoubleProperty [value: 624.0]
09:30:39.965 [FXGL Background Thread 3 ] DEBUG Engine               - actualWidth: 1488.0
09:30:39.965 [FXGL Background Thread 3 ] DEBUG Engine               - actualWidthProperty: ReadOnlyDoubleProperty [value: 1488.0]
09:30:39.965 [FXGL Background Thread 3 ] DEBUG Engine               - appIcon: fxgl_icon.png
09:30:39.966 [FXGL Background Thread 3 ] DEBUG Engine               - applicationMode: DEVELOPER
09:30:39.966 [FXGL Background Thread 3 ] DEBUG Engine               - cSSList: [fxgl_dark.css]
09:30:39.966 [FXGL Background Thread 3 ] DEBUG Engine               - collisionDetectionStrategy: BRUTE_FORCE
09:30:39.966 [FXGL Background Thread 3 ] DEBUG Engine               - configClass: Optional.empty
09:30:39.966 [FXGL Background Thread 3 ] DEBUG Engine               - credits: []
09:30:39.968 [FXGL Background Thread 3 ] DEBUG Engine               - defaultCursor: CursorInfo(imageName=fxgl_default_cursor.png, hotspotX=7.0, hotspotY=6.0)
09:30:39.968 [FXGL Background Thread 3 ] DEBUG Engine               - devBBoxColorProperty: ObjectProperty [value: 0xff0000ff]
09:30:39.969 [FXGL Background Thread 3 ] DEBUG Engine               - devEnableDebugCameraProperty: BooleanProperty [value: false]
09:30:39.969 [FXGL Background Thread 3 ] DEBUG Engine               - devSensorColorProperty: ObjectProperty [value: 0xffff00ff]
09:30:39.969 [FXGL Background Thread 3 ] DEBUG Engine               - devShowBBoxProperty: BooleanProperty [value: false]
09:30:39.969 [FXGL Background Thread 3 ] DEBUG Engine               - devShowPositionProperty: BooleanProperty [value: false]
09:30:39.972 [FXGL Background Thread 3 ] DEBUG Engine               - enabledMenuItems: []
09:30:39.973 [FXGL Background Thread 3 ] DEBUG Engine               - engineServices: [class com.almasb.fxgl.app.services.FXGLAssetLoaderService, class com.almasb.fxgl.app.FXGLApplication$GameApplicationService, class com.almasb.fxgl.app.services.FXGLDialogService, class com.almasb.fxgl.app.services.IOTaskExecutorService, class com.almasb.fxgl.io.FileSystemService, class com.almasb.fxgl.localization.LocalizationService, class com.almasb.fxgl.app.services.SystemBundleService, class com.almasb.fxgl.profile.SaveLoadService, class com.almasb.fxgl.ui.FXGLUIFactoryServiceProvider, class com.almasb.fxgl.ui.FXGLDialogFactoryServiceProvider, class com.almasb.fxgl.audio.AudioPlayer, class com.almasb.fxgl.notification.impl.NotificationServiceProvider, class com.almasb.fxgl.achievement.AchievementService, class com.almasb.fxgl.cutscene.CutsceneService, class com.almasb.fxgl.minigames.MiniGameService, class com.almasb.fxgl.net.NetService, class com.almasb.fxgl.app.services.UpdaterService, class com.almasb.fxgl.dev.DevService]
09:30:39.973 [FXGL Background Thread 3 ] DEBUG Engine               - fontGame: Abel-Regular.ttf
09:30:39.973 [FXGL Background Thread 3 ] DEBUG Engine               - fontMono: TerminalLandMono-Regular.otf
09:30:39.973 [FXGL Background Thread 3 ] DEBUG Engine               - fontText: Courier-Prime.ttf
09:30:39.973 [FXGL Background Thread 3 ] DEBUG Engine               - fontUI: game_font.ttf
09:30:39.973 [FXGL Background Thread 3 ] DEBUG Engine               - fullScreen: BooleanProperty [value: false]
09:30:39.973 [FXGL Background Thread 3 ] DEBUG Engine               - gameDifficulty: MEDIUM
09:30:39.974 [FXGL Background Thread 3 ] DEBUG Engine               - gameDifficultyProperty: ObjectProperty [value: MEDIUM]
09:30:39.975 [FXGL Background Thread 3 ] DEBUG Engine               - globalMusicVolume: 0.5
09:30:39.975 [FXGL Background Thread 3 ] DEBUG Engine               - globalMusicVolumeProperty: DoubleProperty [value: 0.5]
09:30:39.975 [FXGL Background Thread 3 ] DEBUG Engine               - globalSoundVolume: 0.5
09:30:39.975 [FXGL Background Thread 3 ] DEBUG Engine               - globalSoundVolumeProperty: DoubleProperty [value: 0.5]
09:30:39.975 [FXGL Background Thread 3 ] DEBUG Engine               - height: 624
09:30:39.976 [FXGL Background Thread 3 ] DEBUG Engine               - is3D: false
09:30:39.976 [FXGL Background Thread 3 ] DEBUG Engine               - isAndroid: false
09:30:39.976 [FXGL Background Thread 3 ] DEBUG Engine               - isBrowser: false
09:30:39.976 [FXGL Background Thread 3 ] DEBUG Engine               - isClickFeedbackEnabled: false
09:30:39.976 [FXGL Background Thread 3 ] DEBUG Engine               - isCloseConfirmation: false
09:30:39.976 [FXGL Background Thread 3 ] DEBUG Engine               - isDesktop: true
09:30:39.977 [FXGL Background Thread 3 ] DEBUG Engine               - isDeveloperMenuEnabled: false
09:30:39.977 [FXGL Background Thread 3 ] DEBUG Engine               - isEmbedded: false
09:30:39.977 [FXGL Background Thread 3 ] DEBUG Engine               - isEntityPreloadEnabled: true
09:30:39.977 [FXGL Background Thread 3 ] DEBUG Engine               - isExperimentalTiledLargeMap: false
09:30:39.977 [FXGL Background Thread 3 ] DEBUG Engine               - isFileSystemWriteAllowed: true
09:30:39.977 [FXGL Background Thread 3 ] DEBUG Engine               - isFullScreenAllowed: false
09:30:39.977 [FXGL Background Thread 3 ] DEBUG Engine               - isFullScreenFromStart: false
09:30:39.978 [FXGL Background Thread 3 ] DEBUG Engine               - isGameMenuEnabled: true
09:30:39.978 [FXGL Background Thread 3 ] DEBUG Engine               - isIOS: false
09:30:39.978 [FXGL Background Thread 3 ] DEBUG Engine               - isIntroEnabled: false
09:30:39.978 [FXGL Background Thread 3 ] DEBUG Engine               - isLinux: false
09:30:39.979 [FXGL Background Thread 3 ] DEBUG Engine               - isMac: false
09:30:39.980 [FXGL Background Thread 3 ] DEBUG Engine               - isMainMenuEnabled: true
09:30:39.980 [FXGL Background Thread 3 ] DEBUG Engine               - isManualResizeEnabled: false
09:30:39.980 [FXGL Background Thread 3 ] DEBUG Engine               - isMobile: false
09:30:39.980 [FXGL Background Thread 3 ] DEBUG Engine               - isNative: false
09:30:39.980 [FXGL Background Thread 3 ] DEBUG Engine               - isPauseMusicWhenMinimized: true
09:30:39.980 [FXGL Background Thread 3 ] DEBUG Engine               - isPreserveResizeRatio: false
09:30:39.980 [FXGL Background Thread 3 ] DEBUG Engine               - isProfilingEnabled: false
09:30:39.980 [FXGL Background Thread 3 ] DEBUG Engine               - isScaleAffectedOnResize: true
09:30:39.980 [FXGL Background Thread 3 ] DEBUG Engine               - isSingleStep: false
09:30:39.981 [FXGL Background Thread 3 ] DEBUG Engine               - isUserProfileEnabled: false
09:30:39.981 [FXGL Background Thread 3 ] DEBUG Engine               - isWindows: true
09:30:39.981 [FXGL Background Thread 3 ] DEBUG Engine               - language: ObjectProperty [value: ENGLISH]
09:30:39.981 [FXGL Background Thread 3 ] DEBUG Engine               - menuKey: ESCAPE
09:30:39.981 [FXGL Background Thread 3 ] DEBUG Engine               - mouseSensitivity: 0.2
09:30:39.981 [FXGL Background Thread 3 ] DEBUG Engine               - notificationViewClass: class com.almasb.fxgl.notification.view.XboxNotificationView
09:30:39.982 [FXGL Background Thread 3 ] DEBUG Engine               - pixelsPerMeter: 50.0
09:30:39.982 [FXGL Background Thread 3 ] DEBUG Engine               - platform: WINDOWS
09:30:39.982 [FXGL Background Thread 3 ] DEBUG Engine               - prefHeightProperty: ReadOnlyDoubleProperty [value: 624.0]
09:30:39.982 [FXGL Background Thread 3 ] DEBUG Engine               - prefWidthProperty: ReadOnlyDoubleProperty [value: 1488.0]
09:30:39.982 [FXGL Background Thread 3 ] DEBUG Engine               - profileDir: profiles/
09:30:39.982 [FXGL Background Thread 3 ] DEBUG Engine               - profileName: StringProperty [value: DEFAULT]
09:30:39.982 [FXGL Background Thread 3 ] DEBUG Engine               - randomSeed: -1
09:30:39.983 [FXGL Background Thread 3 ] DEBUG Engine               - runtimeInfo: RuntimeInfo(platform=WINDOWS, version=17.1, build=24.03.2022 17.34)
09:30:39.983 [FXGL Background Thread 3 ] DEBUG Engine               - saveFileExt: sav
09:30:39.983 [FXGL Background Thread 3 ] DEBUG Engine               - scaledHeightProp$fxgl: DoubleProperty [bound, value: 624.0]
09:30:39.983 [FXGL Background Thread 3 ] DEBUG Engine               - scaledWidthProp$fxgl: DoubleProperty [bound, value: 1488.0]
09:30:39.983 [FXGL Background Thread 3 ] DEBUG Engine               - sceneFactory: com.example.demo.BombermanApp$1@64853303
09:30:39.983 [FXGL Background Thread 3 ] DEBUG Engine               - secondsIn24h: 60
09:30:39.983 [FXGL Background Thread 3 ] DEBUG Engine               - soundMenuBack: menu/back.wav
09:30:39.983 [FXGL Background Thread 3 ] DEBUG Engine               - soundMenuPress: menu/press.wav
09:30:39.984 [FXGL Background Thread 3 ] DEBUG Engine               - soundMenuSelect: menu/select.wav
09:30:39.984 [FXGL Background Thread 3 ] DEBUG Engine               - soundNotification: core/notification.wav
09:30:39.984 [FXGL Background Thread 3 ] DEBUG Engine               - stageStyle: DECORATED
09:30:39.984 [FXGL Background Thread 3 ] DEBUG Engine               - supportedLanguages: [ENGLISH, FRENCH, GERMAN, HUNGARIAN, RUSSIAN]
09:30:39.984 [FXGL Background Thread 3 ] DEBUG Engine               - ticksPerSecond: -1
09:30:39.984 [FXGL Background Thread 3 ] DEBUG Engine               - title: BOMBERMAN
09:30:39.984 [FXGL Background Thread 3 ] DEBUG Engine               - urlGithub: https://github.com/AlmasB/FXGL
09:30:39.984 [FXGL Background Thread 3 ] DEBUG Engine               - urlLeaderboard: http://fxgl-top.herokuapp.com/
09:30:39.984 [FXGL Background Thread 3 ] DEBUG Engine               - urlPOM: https://raw.githubusercontent.com/AlmasB/FXGL/release/README.md
09:30:39.984 [FXGL Background Thread 3 ] DEBUG Engine               - userAppClass: class com.example.demo.BombermanApp
09:30:39.984 [FXGL Background Thread 3 ] DEBUG Engine               - version: 1.0
09:30:39.984 [FXGL Background Thread 3 ] DEBUG Engine               - versionCheckDays: 7
09:30:39.985 [FXGL Background Thread 3 ] DEBUG Engine               - width: 1488
09:30:39.985 [FXGL Background Thread 3 ] DEBUG Engine               - Logging services
09:30:39.985 [FXGL Background Thread 3 ] DEBUG Engine               - class com.almasb.fxgl.app.services.FXGLAssetLoaderService
09:30:39.985 [FXGL Background Thread 3 ] DEBUG Engine               - class com.almasb.fxgl.app.FXGLApplication$GameApplicationService
09:30:39.985 [FXGL Background Thread 3 ] DEBUG Engine               - class com.almasb.fxgl.app.services.FXGLDialogService
09:30:39.985 [FXGL Background Thread 3 ] DEBUG Engine               - class com.almasb.fxgl.app.services.IOTaskExecutorService
09:30:39.985 [FXGL Background Thread 3 ] DEBUG Engine               - class com.almasb.fxgl.io.FileSystemService
09:30:39.985 [FXGL Background Thread 3 ] DEBUG Engine               - class com.almasb.fxgl.localization.LocalizationService
09:30:39.985 [FXGL Background Thread 3 ] DEBUG Engine               - class com.almasb.fxgl.app.services.SystemBundleService
09:30:39.985 [FXGL Background Thread 3 ] DEBUG Engine               - class com.almasb.fxgl.profile.SaveLoadService
09:30:39.985 [FXGL Background Thread 3 ] DEBUG Engine               - class com.almasb.fxgl.ui.FXGLUIFactoryServiceProvider
09:30:39.985 [FXGL Background Thread 3 ] DEBUG Engine               - class com.almasb.fxgl.ui.FXGLDialogFactoryServiceProvider
09:30:39.986 [FXGL Background Thread 3 ] DEBUG Engine               - class com.almasb.fxgl.audio.AudioPlayer
09:30:39.986 [FXGL Background Thread 3 ] DEBUG Engine               - class com.almasb.fxgl.notification.impl.NotificationServiceProvider
09:30:39.986 [FXGL Background Thread 3 ] DEBUG Engine               - class com.almasb.fxgl.achievement.AchievementService
09:30:39.986 [FXGL Background Thread 3 ] DEBUG Engine               - class com.almasb.fxgl.cutscene.CutsceneService
09:30:39.986 [FXGL Background Thread 3 ] DEBUG Engine               - class com.almasb.fxgl.minigames.MiniGameService
09:30:39.986 [FXGL Background Thread 3 ] DEBUG Engine               - class com.almasb.fxgl.net.NetService
09:30:39.986 [FXGL Background Thread 3 ] DEBUG Engine               - class com.almasb.fxgl.app.services.UpdaterService
09:30:39.987 [FXGL Background Thread 3 ] DEBUG Engine               - class com.almasb.fxgl.dev.DevService
09:30:42.348 [JavaFX Application Thread] DEBUG FXGLApplication      - Exiting FXGL
09:30:42.348 [JavaFX Application Thread] DEBUG LoopRunner           - Stopping loop
09:30:42.348 [JavaFX Application Thread] DEBUG SystemBundleService  - Saving FXGL system data
09:30:42.352 [JavaFX Application Thread] DEBUG FileSystemAccess     - Writing to: C:\java_new\bombermanGame\system\fxgl.bundle
09:30:42.364 [JavaFX Application Thread] DEBUG Async                - Shutting down background threads
09:30:42.364 [JavaFX Application Thread] DEBUG PrimaryStageWindow   - Closing main window
09:30:42.396 [JavaFX Application Thread] DEBUG Logger               - Closing Logger
