22:09:54.425 [main                     ] DEBUG Logger               - Configured Logger
22:09:54.468 [main                     ] DEBUG GameApplication      - Logging settings
Title: BOMBERMAN
Version: 1.0
Width: 1488
Height: 624
Fullscreen: true
Intro: false
Profiling: false
Single step:false
App Mode: DEVELOPER
Menu Key: ESCAPE
Stage Style: DECORATED
Scene Factory: class com.example.demo.BombermanApp$1

22:09:55.022 [JavaFX Application Thread] DEBUG FXGLApplication      - Initializing FXGL
22:09:55.032 [JavaFX Application Thread] INFO  Engine               - FXGL-17.1 (24.03.2022 17.34) on WINDOWS (J:18.0.2.1 FX:18.0.1)
22:09:55.032 [JavaFX Application Thread] DEBUG Engine               - JRE Vendor Name: Oracle Corporation
22:09:55.033 [JavaFX Application Thread] DEBUG Engine               - Running on OS: Windows 11 version 10.0
22:09:55.033 [JavaFX Application Thread] DEBUG Engine               - Architecture: amd64
22:09:55.033 [JavaFX Application Thread] INFO  Engine               - Source code and latest versions at: https://github.com/AlmasB/FXGL
22:09:55.033 [JavaFX Application Thread] INFO  Engine               -       Ask questions and discuss at: https://github.com/AlmasB/FXGL/discussions
22:09:55.033 [JavaFX Application Thread] INFO  Engine               -              Join the FXGL chat at: https://gitter.im/AlmasB/FXGL
22:09:55.154 [JavaFX Application Thread] DEBUG PrimaryStageWindow   - Creating a JavaFX scene
22:09:55.217 [JavaFX Application Thread] DEBUG PrimaryStageWindow   - Target settings size: 1488.0 x 624.0
22:09:55.217 [JavaFX Application Thread] DEBUG PrimaryStageWindow   - Scaled scene size:    1488.0 x 624.0
22:09:55.218 [JavaFX Application Thread] DEBUG PrimaryStageWindow   - Scaled ratio: (1.0, 1.0)
22:09:55.219 [JavaFX Application Thread] DEBUG PrimaryStageWindow   - Set initial scene to FXGLStartupScene
22:09:55.229 [JavaFX Application Thread] DEBUG PrimaryStageWindow   - Opening main window
22:09:55.332 [JavaFX Application Thread] DEBUG PrimaryStageWindow   - Window border size: (16.0, 39.0)
22:09:55.333 [JavaFX Application Thread] DEBUG PrimaryStageWindow   - Scaled size: 1488.0 x 624.0
22:09:55.333 [JavaFX Application Thread] DEBUG PrimaryStageWindow   - Scaled ratio: (1.0, 1.0)
22:09:55.333 [JavaFX Application Thread] DEBUG PrimaryStageWindow   - Scene size: 1488.0 x 624.0
22:09:55.334 [JavaFX Application Thread] DEBUG PrimaryStageWindow   - Stage size: 1504.0 x 663.0
22:09:55.391 [JavaFX Application Thread] DEBUG PrimaryStageWindow   - Going fullscreen
22:09:55.402 [FXGL Background Thread 1 ] DEBUG Engine               - Initializing environment variables
22:09:55.459 [FXGL Background Thread 1 ] DEBUG FXGLAssetLoaderServi - User app class for loading assets: class com.example.demo.BombermanApp
22:09:55.459 [FXGL Background Thread 1 ] DEBUG GameApplicationServi - Applying CSS: fxgl_dark.css
22:09:55.460 [FXGL Background Thread 1 ] DEBUG FXGLAssetLoaderServi - Loading from file system: jar:file:///C:/Users/phamt/.m2/repository/com/github/almasb/fxgl/17.1/fxgl-17.1.jar!/fxglassets/ui/css/fxgl_dark.css
22:09:55.518 [FXGL Background Thread 1 ] DEBUG GameApplicationServi - Initializing application scenes
22:09:55.595 [FXGL Background Thread 1 ] DEBUG GameWorld            - Game world initialized
22:09:55.675 [FXGL Background Thread 1 ] DEBUG PhysicsWorld         - Physics world initialized: appHeight=624, physics.ppm=50.0
22:09:55.676 [FXGL Background Thread 1 ] DEBUG PhysicsWorld         - Using strategy: BRUTE_FORCE
22:09:55.683 [FXGL Background Thread 1 ] DEBUG GameScene            - Game scene initialized: 1488x624
22:09:55.702 [FXGL Background Thread 1 ] DEBUG FXGL.DefaultMenu     - createMenuBodyMainMenu()
22:09:55.727 [FXGL Background Thread 1 ] DEBUG FXGL.DefaultMenu     - createOptionsMenu()
22:09:55.746 [FXGL Background Thread 1 ] DEBUG FXGLAssetLoaderServi - Loading from file system: jar:file:///C:/Users/phamt/.m2/repository/com/github/almasb/fxgl/17.1/fxgl-17.1.jar!/fxglassets/textures/particles/smoke.png
22:09:55.870 [FXGL Background Thread 1 ] DEBUG FXGLAssetLoaderServi - Loading from file system: jar:file:///C:/Users/phamt/.m2/repository/com/github/almasb/fxgl/17.1/fxgl-17.1.jar!/fxglassets/textures/particles/trace_horizontal.png
22:09:55.921 [FXGL Background Thread 1 ] DEBUG GameApplicationServi - Application scenes initialized
22:09:55.949 [FXGL Background Thread 1 ] DEBUG SystemBundleService  - Loading FXGL system data
22:09:55.966 [FXGL Background Thread 1 ] DEBUG FileSystemAccess     - Reading from: C:\java_new\bombermanGame\system\fxgl.bundle
22:09:55.985 [FXGL Background Thread 1 ] DEBUG SystemBundleService  - Bundle FXGL: {}
22:09:55.985 [FXGL Background Thread 1 ] DEBUG UpdaterService       - Checking for updates
22:09:55.992 [FXGL Background Thread 4 ] DEBUG FXGLApplication      - Loading fonts
22:09:55.994 [FXGL Background Thread 4 ] WARN  FXGLAssetLoaderServi - Asset "/assets/ui/fonts/game_font.ttf" was not found!
22:09:55.994 [FXGL Background Thread 4 ] WARN  FXGLAssetLoaderServi - Failed to load FONT
22:09:55.994 [FXGL Background Thread 1 ] DEBUG FXGLApplication      - Loading default localization
22:09:55.994 [FXGL Background Thread 4 ] DEBUG FXGLAssetLoaderServi - Loading from file system: jar:file:///C:/Users/phamt/.m2/repository/com/github/almasb/fxgl/17.1/fxgl-17.1.jar!/fxglassets/ui/fonts/Abel-Regular.ttf
22:09:55.995 [FXGL Background Thread 1 ] DEBUG FXGLAssetLoaderServi - Loading from file system: jar:file:///C:/Users/phamt/.m2/repository/com/github/almasb/fxgl/17.1/fxgl-17.1.jar!/fxglassets/languages/english.lang
22:09:56.035 [FXGL Background Thread 1 ] INFO  FXGLApplication      - FXGL initialization took: 0.632 sec
22:09:56.048 [JavaFX Application Thread] DEBUG Input                - Registered new binding: Move Up - W
22:09:56.049 [JavaFX Application Thread] DEBUG Input                - Registered new binding: Move Down - S
22:09:56.050 [JavaFX Application Thread] DEBUG Input                - Registered new binding: Move Left - A
22:09:56.050 [JavaFX Application Thread] DEBUG Input                - Registered new binding: Move Right - D
22:09:56.051 [JavaFX Application Thread] DEBUG Input                - Registered new binding: Place Bomb - Space
22:09:56.052 [JavaFX Application Thread] DEBUG FXGLAssetLoaderServi - Loading from file system: jar:file:///C:/Users/phamt/.m2/repository/com/github/almasb/fxgl/17.1/fxgl-17.1.jar!/fxglassets/textures/fxgl_icon.png
22:09:56.078 [FXGL Background Thread 4 ] DEBUG FXGLAssetLoaderServi - Loading from file system: jar:file:///C:/Users/phamt/.m2/repository/com/github/almasb/fxgl/17.1/fxgl-17.1.jar!/fxglassets/ui/fonts/TerminalLandMono-Regular.otf
22:09:56.083 [FXGL Background Thread 4 ] DEBUG FXGLAssetLoaderServi - Loading from file system: jar:file:///C:/Users/phamt/.m2/repository/com/github/almasb/fxgl/17.1/fxgl-17.1.jar!/fxglassets/ui/fonts/Courier-Prime.ttf
22:09:56.090 [JavaFX Application Thread] DEBUG FXGLAssetLoaderServi - Loading from file system: jar:file:///C:/Users/phamt/.m2/repository/com/github/almasb/fxgl/17.1/fxgl-17.1.jar!/fxglassets/textures/fxgl_default_cursor.png
22:09:56.097 [JavaFX Application Thread] DEBUG Input                - Registered new binding: Screenshot - CTRL+8
22:09:56.099 [JavaFX Application Thread] DEBUG Input                - Registered new binding: System info dump - CTRL+9
22:09:56.101 [JavaFX Application Thread] DEBUG Input                - Registered new binding: Restart - CTRL+R
22:09:56.103 [JavaFX Application Thread] DEBUG Input                - Registered new binding: Toggle Debug Camera - CTRL+7
22:09:56.106 [JavaFX Application Thread] DEBUG LoopRunner           - Starting loop
22:09:56.106 [JavaFX Application Thread] DEBUG LoopRunner           - Initializing JavaFX AnimationTimerLoop
22:09:56.110 [JavaFX Application Thread] DEBUG Input                - Clearing active input actions
22:09:56.117 [JavaFX Application Thread] DEBUG GameApplicationServi - Removing overlay from FXGLStartupScene and adding to FXGLMainMenuDummyScene
22:09:56.118 [JavaFX Application Thread] DEBUG PrimaryStageWindow   - FXGLStartupScene -> FXGLMainMenuDummyScene
22:09:56.118 [JavaFX Application Thread] DEBUG PrimaryStageWindow   - Push state: FXGLDefaultMenu
22:09:56.136 [JavaFX Application Thread] DEBUG Input                - Clearing active input actions
22:09:56.145 [JavaFX Application Thread] DEBUG GameApplicationServi - Removing overlay from FXGLMainMenuDummyScene and adding to FXGLDefaultMenu
22:09:56.145 [JavaFX Application Thread] DEBUG PrimaryStageWindow   - FXGLMainMenuDummyScene -> FXGLDefaultMenu
22:09:56.146 [JavaFX Application Thread] DEBUG FXGLApplication      - Registering font factories with UI factory
22:09:56.875 [FXGL Background Thread 2 ] INFO  UpdaterService       - Your current version:  17.1
22:09:56.875 [FXGL Background Thread 2 ] INFO  UpdaterService       - Latest stable version: 17.2
22:09:58.991 [FXGL Background Thread 3 ] DEBUG Engine               - Logging environment variables
22:09:58.992 [FXGL Background Thread 3 ] DEBUG Engine               - achievements: []
22:09:58.992 [FXGL Background Thread 3 ] DEBUG Engine               - actualHeight: 1080.0
22:09:58.992 [FXGL Background Thread 3 ] DEBUG Engine               - actualHeightProperty: ReadOnlyDoubleProperty [value: 1080.0]
22:09:58.992 [FXGL Background Thread 3 ] DEBUG Engine               - actualWidth: 1920.0
22:09:58.992 [FXGL Background Thread 3 ] DEBUG Engine               - actualWidthProperty: ReadOnlyDoubleProperty [value: 1920.0]
22:09:58.992 [FXGL Background Thread 3 ] DEBUG Engine               - appIcon: fxgl_icon.png
22:09:58.992 [FXGL Background Thread 3 ] DEBUG Engine               - applicationMode: DEVELOPER
22:09:58.992 [FXGL Background Thread 3 ] DEBUG Engine               - cSSList: [fxgl_dark.css]
22:09:58.992 [FXGL Background Thread 3 ] DEBUG Engine               - collisionDetectionStrategy: BRUTE_FORCE
22:09:58.992 [FXGL Background Thread 3 ] DEBUG Engine               - configClass: Optional.empty
22:09:58.992 [FXGL Background Thread 3 ] DEBUG Engine               - credits: []
22:09:58.993 [FXGL Background Thread 3 ] DEBUG Engine               - defaultCursor: CursorInfo(imageName=fxgl_default_cursor.png, hotspotX=7.0, hotspotY=6.0)
22:09:58.993 [FXGL Background Thread 3 ] DEBUG Engine               - devBBoxColorProperty: ObjectProperty [value: 0xff0000ff]
22:09:58.993 [FXGL Background Thread 3 ] DEBUG Engine               - devEnableDebugCameraProperty: BooleanProperty [value: false]
22:09:58.993 [FXGL Background Thread 3 ] DEBUG Engine               - devSensorColorProperty: ObjectProperty [value: 0xffff00ff]
22:09:58.993 [FXGL Background Thread 3 ] DEBUG Engine               - devShowBBoxProperty: BooleanProperty [value: false]
22:09:58.993 [FXGL Background Thread 3 ] DEBUG Engine               - devShowPositionProperty: BooleanProperty [value: false]
22:09:58.993 [FXGL Background Thread 3 ] DEBUG Engine               - enabledMenuItems: []
22:09:58.993 [FXGL Background Thread 3 ] DEBUG Engine               - engineServices: [class com.almasb.fxgl.app.services.FXGLAssetLoaderService, class com.almasb.fxgl.app.FXGLApplication$GameApplicationService, class com.almasb.fxgl.app.services.FXGLDialogService, class com.almasb.fxgl.app.services.IOTaskExecutorService, class com.almasb.fxgl.io.FileSystemService, class com.almasb.fxgl.localization.LocalizationService, class com.almasb.fxgl.app.services.SystemBundleService, class com.almasb.fxgl.profile.SaveLoadService, class com.almasb.fxgl.ui.FXGLUIFactoryServiceProvider, class com.almasb.fxgl.ui.FXGLDialogFactoryServiceProvider, class com.almasb.fxgl.audio.AudioPlayer, class com.almasb.fxgl.notification.impl.NotificationServiceProvider, class com.almasb.fxgl.achievement.AchievementService, class com.almasb.fxgl.cutscene.CutsceneService, class com.almasb.fxgl.minigames.MiniGameService, class com.almasb.fxgl.net.NetService, class com.almasb.fxgl.app.services.UpdaterService, class com.almasb.fxgl.dev.DevService]
22:09:58.994 [FXGL Background Thread 3 ] DEBUG Engine               - fontGame: Abel-Regular.ttf
22:09:58.994 [FXGL Background Thread 3 ] DEBUG Engine               - fontMono: TerminalLandMono-Regular.otf
22:09:58.994 [FXGL Background Thread 3 ] DEBUG Engine               - fontText: Courier-Prime.ttf
22:09:58.994 [FXGL Background Thread 3 ] DEBUG Engine               - fontUI: game_font.ttf
22:09:58.994 [FXGL Background Thread 3 ] DEBUG Engine               - fullScreen: BooleanProperty [value: true]
22:09:58.994 [FXGL Background Thread 3 ] DEBUG Engine               - gameDifficulty: MEDIUM
22:09:58.994 [FXGL Background Thread 3 ] DEBUG Engine               - gameDifficultyProperty: ObjectProperty [value: MEDIUM]
22:09:58.994 [FXGL Background Thread 3 ] DEBUG Engine               - globalMusicVolume: 0.5
22:09:58.994 [FXGL Background Thread 3 ] DEBUG Engine               - globalMusicVolumeProperty: DoubleProperty [value: 0.5]
22:09:58.994 [FXGL Background Thread 3 ] DEBUG Engine               - globalSoundVolume: 0.5
22:09:58.994 [FXGL Background Thread 3 ] DEBUG Engine               - globalSoundVolumeProperty: DoubleProperty [value: 0.5]
22:09:58.994 [FXGL Background Thread 3 ] DEBUG Engine               - height: 624
22:09:58.994 [FXGL Background Thread 3 ] DEBUG Engine               - is3D: false
22:09:58.994 [FXGL Background Thread 3 ] DEBUG Engine               - isAndroid: false
22:09:58.994 [FXGL Background Thread 3 ] DEBUG Engine               - isBrowser: false
22:09:58.994 [FXGL Background Thread 3 ] DEBUG Engine               - isClickFeedbackEnabled: false
22:09:58.994 [FXGL Background Thread 3 ] DEBUG Engine               - isCloseConfirmation: false
22:09:58.994 [FXGL Background Thread 3 ] DEBUG Engine               - isDesktop: true
22:09:58.995 [FXGL Background Thread 3 ] DEBUG Engine               - isDeveloperMenuEnabled: false
22:09:58.995 [FXGL Background Thread 3 ] DEBUG Engine               - isEmbedded: false
22:09:58.995 [FXGL Background Thread 3 ] DEBUG Engine               - isEntityPreloadEnabled: true
22:09:58.995 [FXGL Background Thread 3 ] DEBUG Engine               - isExperimentalTiledLargeMap: false
22:09:58.995 [FXGL Background Thread 3 ] DEBUG Engine               - isFileSystemWriteAllowed: true
22:09:58.995 [FXGL Background Thread 3 ] DEBUG Engine               - isFullScreenAllowed: true
22:09:58.995 [FXGL Background Thread 3 ] DEBUG Engine               - isFullScreenFromStart: true
22:09:58.995 [FXGL Background Thread 3 ] DEBUG Engine               - isGameMenuEnabled: true
22:09:58.995 [FXGL Background Thread 3 ] DEBUG Engine               - isIOS: false
22:09:58.995 [FXGL Background Thread 3 ] DEBUG Engine               - isIntroEnabled: false
22:09:58.995 [FXGL Background Thread 3 ] DEBUG Engine               - isLinux: false
22:09:58.995 [FXGL Background Thread 3 ] DEBUG Engine               - isMac: false
22:09:58.995 [FXGL Background Thread 3 ] DEBUG Engine               - isMainMenuEnabled: true
22:09:58.995 [FXGL Background Thread 3 ] DEBUG Engine               - isManualResizeEnabled: false
22:09:58.995 [FXGL Background Thread 3 ] DEBUG Engine               - isMobile: false
22:09:58.995 [FXGL Background Thread 3 ] DEBUG Engine               - isNative: false
22:09:58.995 [FXGL Background Thread 3 ] DEBUG Engine               - isPauseMusicWhenMinimized: true
22:09:58.995 [FXGL Background Thread 3 ] DEBUG Engine               - isPreserveResizeRatio: false
22:09:58.995 [FXGL Background Thread 3 ] DEBUG Engine               - isProfilingEnabled: false
22:09:58.995 [FXGL Background Thread 3 ] DEBUG Engine               - isScaleAffectedOnResize: true
22:09:58.995 [FXGL Background Thread 3 ] DEBUG Engine               - isSingleStep: false
22:09:58.995 [FXGL Background Thread 3 ] DEBUG Engine               - isUserProfileEnabled: false
22:09:58.995 [FXGL Background Thread 3 ] DEBUG Engine               - isWindows: true
22:09:58.996 [FXGL Background Thread 3 ] DEBUG Engine               - language: ObjectProperty [value: ENGLISH]
22:09:58.996 [FXGL Background Thread 3 ] DEBUG Engine               - menuKey: ESCAPE
22:09:58.996 [FXGL Background Thread 3 ] DEBUG Engine               - mouseSensitivity: 0.2
22:09:58.996 [FXGL Background Thread 3 ] DEBUG Engine               - notificationViewClass: class com.almasb.fxgl.notification.view.XboxNotificationView
22:09:58.996 [FXGL Background Thread 3 ] DEBUG Engine               - pixelsPerMeter: 50.0
22:09:58.996 [FXGL Background Thread 3 ] DEBUG Engine               - platform: WINDOWS
22:09:58.996 [FXGL Background Thread 3 ] DEBUG Engine               - prefHeightProperty: ReadOnlyDoubleProperty [value: 624.0]
22:09:58.996 [FXGL Background Thread 3 ] DEBUG Engine               - prefWidthProperty: ReadOnlyDoubleProperty [value: 1488.0]
22:09:58.996 [FXGL Background Thread 3 ] DEBUG Engine               - profileDir: profiles/
22:09:58.996 [FXGL Background Thread 3 ] DEBUG Engine               - profileName: StringProperty [value: DEFAULT]
22:09:58.996 [FXGL Background Thread 3 ] DEBUG Engine               - randomSeed: -1
22:09:58.996 [FXGL Background Thread 3 ] DEBUG Engine               - runtimeInfo: RuntimeInfo(platform=WINDOWS, version=17.1, build=24.03.2022 17.34)
22:09:58.997 [FXGL Background Thread 3 ] DEBUG Engine               - saveFileExt: sav
22:09:58.997 [FXGL Background Thread 3 ] DEBUG Engine               - scaledHeightProp$fxgl: DoubleProperty [bound, value: 1080.0]
22:09:58.997 [FXGL Background Thread 3 ] DEBUG Engine               - scaledWidthProp$fxgl: DoubleProperty [bound, value: 1920.0]
22:09:58.997 [FXGL Background Thread 3 ] DEBUG Engine               - sceneFactory: com.example.demo.BombermanApp$1@16eee619
22:09:58.997 [FXGL Background Thread 3 ] DEBUG Engine               - secondsIn24h: 60
22:09:58.997 [FXGL Background Thread 3 ] DEBUG Engine               - soundMenuBack: menu/back.wav
22:09:58.997 [FXGL Background Thread 3 ] DEBUG Engine               - soundMenuPress: menu/press.wav
22:09:58.997 [FXGL Background Thread 3 ] DEBUG Engine               - soundMenuSelect: menu/select.wav
22:09:58.997 [FXGL Background Thread 3 ] DEBUG Engine               - soundNotification: core/notification.wav
22:09:58.997 [FXGL Background Thread 3 ] DEBUG Engine               - stageStyle: DECORATED
22:09:58.997 [FXGL Background Thread 3 ] DEBUG Engine               - supportedLanguages: [ENGLISH, FRENCH, GERMAN, HUNGARIAN, RUSSIAN]
22:09:58.997 [FXGL Background Thread 3 ] DEBUG Engine               - ticksPerSecond: -1
22:09:58.997 [FXGL Background Thread 3 ] DEBUG Engine               - title: BOMBERMAN
22:09:58.997 [FXGL Background Thread 3 ] DEBUG Engine               - urlGithub: https://github.com/AlmasB/FXGL
22:09:58.997 [FXGL Background Thread 3 ] DEBUG Engine               - urlLeaderboard: http://fxgl-top.herokuapp.com/
22:09:58.997 [FXGL Background Thread 3 ] DEBUG Engine               - urlPOM: https://raw.githubusercontent.com/AlmasB/FXGL/release/README.md
22:09:58.997 [FXGL Background Thread 3 ] DEBUG Engine               - userAppClass: class com.example.demo.BombermanApp
22:09:58.997 [FXGL Background Thread 3 ] DEBUG Engine               - version: 1.0
22:09:58.997 [FXGL Background Thread 3 ] DEBUG Engine               - versionCheckDays: 7
22:09:58.997 [FXGL Background Thread 3 ] DEBUG Engine               - width: 1488
22:09:58.997 [FXGL Background Thread 3 ] DEBUG Engine               - Logging services
22:09:58.997 [FXGL Background Thread 3 ] DEBUG Engine               - class com.almasb.fxgl.app.services.FXGLAssetLoaderService
22:09:58.997 [FXGL Background Thread 3 ] DEBUG Engine               - class com.almasb.fxgl.app.FXGLApplication$GameApplicationService
22:09:58.997 [FXGL Background Thread 3 ] DEBUG Engine               - class com.almasb.fxgl.app.services.FXGLDialogService
22:09:58.997 [FXGL Background Thread 3 ] DEBUG Engine               - class com.almasb.fxgl.app.services.IOTaskExecutorService
22:09:58.997 [FXGL Background Thread 3 ] DEBUG Engine               - class com.almasb.fxgl.io.FileSystemService
22:09:58.997 [FXGL Background Thread 3 ] DEBUG Engine               - class com.almasb.fxgl.localization.LocalizationService
22:09:58.997 [FXGL Background Thread 3 ] DEBUG Engine               - class com.almasb.fxgl.app.services.SystemBundleService
22:09:58.997 [FXGL Background Thread 3 ] DEBUG Engine               - class com.almasb.fxgl.profile.SaveLoadService
22:09:58.997 [FXGL Background Thread 3 ] DEBUG Engine               - class com.almasb.fxgl.ui.FXGLUIFactoryServiceProvider
22:09:58.998 [FXGL Background Thread 3 ] DEBUG Engine               - class com.almasb.fxgl.ui.FXGLDialogFactoryServiceProvider
22:09:58.998 [FXGL Background Thread 3 ] DEBUG Engine               - class com.almasb.fxgl.audio.AudioPlayer
22:09:58.998 [FXGL Background Thread 3 ] DEBUG Engine               - class com.almasb.fxgl.notification.impl.NotificationServiceProvider
22:09:58.998 [FXGL Background Thread 3 ] DEBUG Engine               - class com.almasb.fxgl.achievement.AchievementService
22:09:58.998 [FXGL Background Thread 3 ] DEBUG Engine               - class com.almasb.fxgl.cutscene.CutsceneService
22:09:58.998 [FXGL Background Thread 3 ] DEBUG Engine               - class com.almasb.fxgl.minigames.MiniGameService
22:09:58.998 [FXGL Background Thread 3 ] DEBUG Engine               - class com.almasb.fxgl.net.NetService
22:09:58.998 [FXGL Background Thread 3 ] DEBUG Engine               - class com.almasb.fxgl.app.services.UpdaterService
22:09:58.998 [FXGL Background Thread 3 ] DEBUG Engine               - class com.almasb.fxgl.dev.DevService
22:09:59.004 [JavaFX Application Thread] DEBUG Menu                 - fireNewGame()
22:09:59.004 [JavaFX Application Thread] DEBUG GameApplicationServi - Starting new game
22:09:59.006 [JavaFX Application Thread] DEBUG PrimaryStageWindow   - Pop state: FXGLDefaultMenu
22:09:59.006 [JavaFX Application Thread] DEBUG Input                - Clearing active input actions
22:09:59.006 [JavaFX Application Thread] DEBUG GameApplicationServi - Removing overlay from FXGLDefaultMenu and adding to FXGLMainMenuDummyScene
22:09:59.008 [JavaFX Application Thread] DEBUG PrimaryStageWindow   - FXGLMainMenuDummyScene <- FXGLDefaultMenu
22:09:59.008 [JavaFX Application Thread] DEBUG Input                - Clearing active input actions
22:09:59.016 [JavaFX Application Thread] DEBUG GameApplicationServi - Removing overlay from FXGLMainMenuDummyScene and adding to FXGLLoadingScene
22:09:59.016 [JavaFX Application Thread] DEBUG PrimaryStageWindow   - FXGLMainMenuDummyScene -> FXGLLoadingScene
22:09:59.016 [JavaFX Application Thread] DEBUG GameApplicationServi - Clearing previous game
22:09:59.016 [JavaFX Application Thread] DEBUG GameScene            - Clearing game scene
22:09:59.016 [JavaFX Application Thread] DEBUG GameWorld            - Clearing game world
22:09:59.016 [JavaFX Application Thread] DEBUG PhysicsWorld         - Clearing physics world
22:09:59.018 [FXGL Background Thread 2 ] DEBUG FXGLApplication      - Initializing game
22:09:59.090 [FXGL Background Thread 2 ] WARN  TMXLevelLoader       - TiledMap generated from 1.9.2. Supported version: 1.4.2. Some features may not be parsed fully.
22:09:59.109 [FXGL Background Thread 2 ] DEBUG TMXLevelLoader       - Parsed TiledMap: file:/C:/java_new/bombermanGame/target/classes/assets/levels/map1.tmx
22:09:59.113 [FXGL Background Thread 2 ] DEBUG TMXLevelLoader       - Creating tile layer entities
22:09:59.117 [FXGL Background Thread 2 ] DEBUG TilesetLoader        - Loading view for layer Tile Layer 1
22:09:59.118 [FXGL Background Thread 2 ] DEBUG TilesetLoader        - Created buffer with size 1488.0x624.0
22:09:59.136 [FXGL Background Thread 2 ] DEBUG TMXLevelLoader       - Creating object layer entities
22:09:59.162 [FXGL Background Thread 2 ] DEBUG FXGLAssetLoaderServi - Loading from file system: file:/C:/java_new/bombermanGame/target/classes/assets/textures/player_down.png
22:09:59.166 [FXGL Background Thread 2 ] DEBUG FXGLAssetLoaderServi - Loading from file system: file:/C:/java_new/bombermanGame/target/classes/assets/textures/player_right.png
22:09:59.168 [FXGL Background Thread 2 ] DEBUG FXGLAssetLoaderServi - Loading from file system: file:/C:/java_new/bombermanGame/target/classes/assets/textures/player_up.png
22:09:59.170 [FXGL Background Thread 2 ] DEBUG FXGLAssetLoaderServi - Loading from file system: file:/C:/java_new/bombermanGame/target/classes/assets/textures/player_left.png
22:09:59.209 [FXGL Background Thread 2 ] DEBUG FXGLAssetLoaderServi - Loading from file system: file:/C:/java_new/bombermanGame/target/classes/assets/textures/brick.png
22:09:59.253 [FXGL Background Thread 2 ] DEBUG FXGLAssetLoaderServi - Loading from file system: file:/C:/java_new/bombermanGame/target/classes/assets/textures/enemy1.png
22:09:59.272 [FXGL Background Thread 2 ] DEBUG FXGLAssetLoaderServi - Loading from file system: file:/C:/java_new/bombermanGame/target/classes/assets/textures/enemy2.png
22:09:59.284 [FXGL Background Thread 2 ] DEBUG GameWorld            - Clearing removable entities
22:09:59.285 [FXGL Background Thread 2 ] DEBUG GameWorld            - Setting level: com.almasb.fxgl.entity.level.Level@246fe262
22:09:59.302 [FXGL Background Thread 2 ] INFO  FXGLApplication      - Game initialization took: 0.284 sec
22:09:59.303 [JavaFX Application Thread] DEBUG Input                - Clearing active input actions
22:09:59.310 [JavaFX Application Thread] DEBUG GameApplicationServi - Removing overlay from FXGLLoadingScene and adding to GameScene
22:09:59.310 [JavaFX Application Thread] DEBUG PrimaryStageWindow   - FXGLLoadingScene -> GameScene
22:10:07.470 [JavaFX Application Thread] DEBUG FXGLAssetLoaderServi - Loading from file system: file:/C:/java_new/bombermanGame/target/classes/assets/textures/bomb.png
22:10:09.573 [JavaFX Application Thread] DEBUG FXGLAssetLoaderServi - Loading from file system: file:/C:/java_new/bombermanGame/target/classes/assets/textures/top_right_flame.png
22:10:09.575 [JavaFX Application Thread] DEBUG FXGLAssetLoaderServi - Loading from file system: file:/C:/java_new/bombermanGame/target/classes/assets/textures/top_left_flame.png
22:10:09.577 [JavaFX Application Thread] DEBUG FXGLAssetLoaderServi - Loading from file system: file:/C:/java_new/bombermanGame/target/classes/assets/textures/top_down_flame.png
22:10:09.579 [JavaFX Application Thread] DEBUG FXGLAssetLoaderServi - Loading from file system: file:/C:/java_new/bombermanGame/target/classes/assets/textures/top_up_flame.png
22:10:09.581 [JavaFX Application Thread] DEBUG FXGLAssetLoaderServi - Loading from file system: file:/C:/java_new/bombermanGame/target/classes/assets/textures/central_flame.png
22:10:09.586 [JavaFX Application Thread] DEBUG FXGLAssetLoaderServi - Loading from file system: file:/C:/java_new/bombermanGame/target/classes/assets/textures/brick_break.png
22:11:13.356 [JavaFX Application Thread] WARN  GameWorld            - Attempted to remove entity which is not active
22:11:20.039 [JavaFX Application Thread] DEBUG PrimaryStageWindow   - Push state: GameMenu
22:11:20.039 [JavaFX Application Thread] DEBUG Input                - Clearing active input actions
22:11:20.040 [JavaFX Application Thread] DEBUG GameApplicationServi - Removing overlay from GameScene and adding to GameMenu
22:11:20.040 [JavaFX Application Thread] DEBUG PrimaryStageWindow   - GameScene -> GameMenu
22:11:21.993 [JavaFX Application Thread] DEBUG Menu                 - fireExit()
22:11:21.995 [JavaFX Application Thread] DEBUG PrimaryStageWindow   - Push state: DialogSubScene
22:11:21.995 [JavaFX Application Thread] DEBUG Input                - Clearing active input actions
22:11:21.996 [JavaFX Application Thread] DEBUG GameApplicationServi - Removing overlay from GameMenu and adding to DialogSubScene
22:11:21.996 [JavaFX Application Thread] DEBUG PrimaryStageWindow   - GameMenu -> DialogSubScene
22:11:22.788 [JavaFX Application Thread] DEBUG PrimaryStageWindow   - Pop state: DialogSubScene
22:11:22.788 [JavaFX Application Thread] DEBUG Input                - Clearing active input actions
22:11:22.789 [JavaFX Application Thread] DEBUG GameApplicationServi - Removing overlay from DialogSubScene and adding to GameMenu
22:11:22.789 [JavaFX Application Thread] DEBUG PrimaryStageWindow   - GameMenu <- DialogSubScene
22:11:22.789 [JavaFX Application Thread] DEBUG FXGLApplication      - Exiting FXGL
22:11:22.789 [JavaFX Application Thread] DEBUG LoopRunner           - Stopping loop
22:11:22.789 [JavaFX Application Thread] DEBUG SystemBundleService  - Saving FXGL system data
22:11:22.791 [JavaFX Application Thread] DEBUG FileSystemAccess     - Writing to: C:\java_new\bombermanGame\system\fxgl.bundle
22:11:22.799 [JavaFX Application Thread] DEBUG Async                - Shutting down background threads
22:11:22.799 [JavaFX Application Thread] DEBUG PrimaryStageWindow   - Closing main window
22:11:22.843 [JavaFX Application Thread] DEBUG Logger               - Closing Logger
