11:11:21.213 [main                     ] DEBUG Logger               - Configured Logger
11:11:21.252 [main                     ] DEBUG GameApplication      - Logging settings
Title: BOMBERMAN
Version: 1.0
Width: 1488
Height: 624
Fullscreen: false
Intro: false
Profiling: false
Single step:false
App Mode: DEVELOPER
Menu Key: ESCAPE
Stage Style: DECORATED
Scene Factory: class com.example.demo.BombermanApp$1

11:11:21.781 [JavaFX Application Thread] DEBUG FXGLApplication      - Initializing FXGL
11:11:21.788 [JavaFX Application Thread] INFO  Engine               - FXGL-17.1 (24.03.2022 17.34) on WINDOWS (J:18.0.2.1 FX:18.0.1)
11:11:21.788 [JavaFX Application Thread] DEBUG Engine               - JRE Vendor Name: Oracle Corporation
11:11:21.789 [JavaFX Application Thread] DEBUG Engine               - Running on OS: Windows 11 version 10.0
11:11:21.789 [JavaFX Application Thread] DEBUG Engine               - Architecture: amd64
11:11:21.789 [JavaFX Application Thread] INFO  Engine               - Source code and latest versions at: https://github.com/AlmasB/FXGL
11:11:21.789 [JavaFX Application Thread] INFO  Engine               -       Ask questions and discuss at: https://github.com/AlmasB/FXGL/discussions
11:11:21.789 [JavaFX Application Thread] INFO  Engine               -              Join the FXGL chat at: https://gitter.im/AlmasB/FXGL
11:11:21.904 [JavaFX Application Thread] DEBUG PrimaryStageWindow   - Creating a JavaFX scene
11:11:21.958 [JavaFX Application Thread] DEBUG PrimaryStageWindow   - Target settings size: 1488.0 x 624.0
11:11:21.958 [JavaFX Application Thread] DEBUG PrimaryStageWindow   - Scaled scene size:    1488.0 x 624.0
11:11:21.959 [JavaFX Application Thread] DEBUG PrimaryStageWindow   - Scaled ratio: (1.0, 1.0)
11:11:21.960 [JavaFX Application Thread] DEBUG PrimaryStageWindow   - Set initial scene to FXGLStartupScene
11:11:21.969 [JavaFX Application Thread] DEBUG PrimaryStageWindow   - Opening main window
11:11:22.061 [JavaFX Application Thread] DEBUG PrimaryStageWindow   - Window border size: (16.0, 39.0)
11:11:22.061 [JavaFX Application Thread] DEBUG PrimaryStageWindow   - Scaled size: 1488.0 x 624.0
11:11:22.062 [JavaFX Application Thread] DEBUG PrimaryStageWindow   - Scaled ratio: (1.0, 1.0)
11:11:22.062 [JavaFX Application Thread] DEBUG PrimaryStageWindow   - Scene size: 1488.0 x 624.0
11:11:22.062 [JavaFX Application Thread] DEBUG PrimaryStageWindow   - Stage size: 1504.0 x 663.0
11:11:22.072 [FXGL Background Thread 1 ] DEBUG Engine               - Initializing environment variables
11:11:22.136 [FXGL Background Thread 1 ] DEBUG FXGLAssetLoaderServi - User app class for loading assets: class com.example.demo.BombermanApp
11:11:22.136 [FXGL Background Thread 1 ] DEBUG GameApplicationServi - Applying CSS: fxgl_dark.css
11:11:22.137 [FXGL Background Thread 1 ] DEBUG FXGLAssetLoaderServi - Loading from file system: jar:file:///C:/Users/phamt/.m2/repository/com/github/almasb/fxgl/17.1/fxgl-17.1.jar!/fxglassets/ui/css/fxgl_dark.css
11:11:22.192 [FXGL Background Thread 1 ] DEBUG GameApplicationServi - Initializing application scenes
11:11:22.281 [FXGL Background Thread 1 ] DEBUG GameWorld            - Game world initialized
11:11:22.344 [FXGL Background Thread 1 ] DEBUG PhysicsWorld         - Physics world initialized: appHeight=624, physics.ppm=50.0
11:11:22.345 [FXGL Background Thread 1 ] DEBUG PhysicsWorld         - Using strategy: BRUTE_FORCE
11:11:22.350 [FXGL Background Thread 1 ] DEBUG GameScene            - Game scene initialized: 1488x624
11:11:22.366 [FXGL Background Thread 1 ] DEBUG FXGL.DefaultMenu     - createMenuBodyMainMenu()
11:11:22.386 [FXGL Background Thread 1 ] DEBUG FXGL.DefaultMenu     - createOptionsMenu()
11:11:22.403 [FXGL Background Thread 1 ] DEBUG FXGLAssetLoaderServi - Loading from file system: jar:file:///C:/Users/phamt/.m2/repository/com/github/almasb/fxgl/17.1/fxgl-17.1.jar!/fxglassets/textures/particles/smoke.png
11:11:22.526 [FXGL Background Thread 1 ] DEBUG FXGLAssetLoaderServi - Loading from file system: jar:file:///C:/Users/phamt/.m2/repository/com/github/almasb/fxgl/17.1/fxgl-17.1.jar!/fxglassets/textures/particles/trace_horizontal.png
11:11:22.569 [FXGL Background Thread 1 ] DEBUG GameApplicationServi - Application scenes initialized
11:11:22.583 [FXGL Background Thread 1 ] DEBUG SystemBundleService  - Loading FXGL system data
11:11:22.592 [FXGL Background Thread 1 ] DEBUG FileSystemAccess     - Reading from: C:\java_new\bombermanGame\system\fxgl.bundle
11:11:22.601 [FXGL Background Thread 1 ] DEBUG SystemBundleService  - Bundle FXGL: {}
11:11:22.601 [FXGL Background Thread 1 ] DEBUG UpdaterService       - Checking for updates
11:11:22.604 [FXGL Background Thread 4 ] DEBUG FXGLApplication      - Loading fonts
11:11:22.606 [FXGL Background Thread 1 ] DEBUG FXGLApplication      - Loading default localization
11:11:22.606 [FXGL Background Thread 4 ] WARN  FXGLAssetLoaderServi - Asset "/assets/ui/fonts/game_font.ttf" was not found!
11:11:22.606 [FXGL Background Thread 4 ] WARN  FXGLAssetLoaderServi - Failed to load FONT
11:11:22.607 [FXGL Background Thread 1 ] DEBUG FXGLAssetLoaderServi - Loading from file system: jar:file:///C:/Users/phamt/.m2/repository/com/github/almasb/fxgl/17.1/fxgl-17.1.jar!/fxglassets/languages/english.lang
11:11:22.607 [FXGL Background Thread 4 ] DEBUG FXGLAssetLoaderServi - Loading from file system: jar:file:///C:/Users/phamt/.m2/repository/com/github/almasb/fxgl/17.1/fxgl-17.1.jar!/fxglassets/ui/fonts/Abel-Regular.ttf
11:11:22.644 [FXGL Background Thread 1 ] INFO  FXGLApplication      - FXGL initialization took: 0.572 sec
11:11:22.668 [JavaFX Application Thread] DEBUG Input                - Registered new binding: Move Up - W
11:11:22.668 [JavaFX Application Thread] DEBUG Input                - Registered new binding: Move Down - S
11:11:22.669 [JavaFX Application Thread] DEBUG Input                - Registered new binding: Move Left - A
11:11:22.670 [JavaFX Application Thread] DEBUG Input                - Registered new binding: Move Right - D
11:11:22.671 [JavaFX Application Thread] DEBUG Input                - Registered new binding: Place Bomb - Space
11:11:22.672 [JavaFX Application Thread] DEBUG FXGLAssetLoaderServi - Loading from file system: jar:file:///C:/Users/phamt/.m2/repository/com/github/almasb/fxgl/17.1/fxgl-17.1.jar!/fxglassets/textures/fxgl_icon.png
11:11:22.692 [FXGL Background Thread 4 ] DEBUG FXGLAssetLoaderServi - Loading from file system: jar:file:///C:/Users/phamt/.m2/repository/com/github/almasb/fxgl/17.1/fxgl-17.1.jar!/fxglassets/ui/fonts/TerminalLandMono-Regular.otf
11:11:22.700 [FXGL Background Thread 4 ] DEBUG FXGLAssetLoaderServi - Loading from file system: jar:file:///C:/Users/phamt/.m2/repository/com/github/almasb/fxgl/17.1/fxgl-17.1.jar!/fxglassets/ui/fonts/Courier-Prime.ttf
11:11:22.707 [JavaFX Application Thread] DEBUG FXGLAssetLoaderServi - Loading from file system: jar:file:///C:/Users/phamt/.m2/repository/com/github/almasb/fxgl/17.1/fxgl-17.1.jar!/fxglassets/textures/fxgl_default_cursor.png
11:11:22.715 [JavaFX Application Thread] DEBUG Input                - Registered new binding: Screenshot - CTRL+8
11:11:22.717 [JavaFX Application Thread] DEBUG Input                - Registered new binding: System info dump - CTRL+9
11:11:22.718 [JavaFX Application Thread] DEBUG Input                - Registered new binding: Restart - CTRL+R
11:11:22.719 [JavaFX Application Thread] DEBUG Input                - Registered new binding: Toggle Debug Camera - CTRL+7
11:11:22.724 [JavaFX Application Thread] DEBUG LoopRunner           - Starting loop
11:11:22.724 [JavaFX Application Thread] DEBUG LoopRunner           - Initializing JavaFX AnimationTimerLoop
11:11:22.730 [JavaFX Application Thread] DEBUG Input                - Clearing active input actions
11:11:22.748 [JavaFX Application Thread] DEBUG GameApplicationServi - Removing overlay from FXGLStartupScene and adding to FXGLMainMenuDummyScene
11:11:22.750 [JavaFX Application Thread] DEBUG PrimaryStageWindow   - FXGLStartupScene -> FXGLMainMenuDummyScene
11:11:22.750 [JavaFX Application Thread] DEBUG PrimaryStageWindow   - Push state: FXGLDefaultMenu
11:11:22.761 [JavaFX Application Thread] DEBUG Input                - Clearing active input actions
11:11:22.774 [JavaFX Application Thread] DEBUG GameApplicationServi - Removing overlay from FXGLMainMenuDummyScene and adding to FXGLDefaultMenu
11:11:22.775 [JavaFX Application Thread] DEBUG PrimaryStageWindow   - FXGLMainMenuDummyScene -> FXGLDefaultMenu
11:11:22.775 [JavaFX Application Thread] DEBUG FXGLApplication      - Registering font factories with UI factory
11:11:23.786 [FXGL Background Thread 2 ] INFO  UpdaterService       - Your current version:  17.1
11:11:23.786 [FXGL Background Thread 2 ] INFO  UpdaterService       - Latest stable version: 17.2
11:11:24.569 [JavaFX Application Thread] DEBUG Menu                 - fireNewGame()
11:11:24.570 [JavaFX Application Thread] DEBUG GameApplicationServi - Starting new game
11:11:24.572 [JavaFX Application Thread] DEBUG PrimaryStageWindow   - Pop state: FXGLDefaultMenu
11:11:24.572 [JavaFX Application Thread] DEBUG Input                - Clearing active input actions
11:11:24.573 [JavaFX Application Thread] DEBUG GameApplicationServi - Removing overlay from FXGLDefaultMenu and adding to FXGLMainMenuDummyScene
11:11:24.574 [JavaFX Application Thread] DEBUG PrimaryStageWindow   - FXGLMainMenuDummyScene <- FXGLDefaultMenu
11:11:24.575 [JavaFX Application Thread] DEBUG Input                - Clearing active input actions
11:11:24.586 [JavaFX Application Thread] DEBUG GameApplicationServi - Removing overlay from FXGLMainMenuDummyScene and adding to FXGLLoadingScene
11:11:24.586 [JavaFX Application Thread] DEBUG PrimaryStageWindow   - FXGLMainMenuDummyScene -> FXGLLoadingScene
11:11:24.586 [JavaFX Application Thread] DEBUG GameApplicationServi - Clearing previous game
11:11:24.587 [JavaFX Application Thread] DEBUG GameScene            - Clearing game scene
11:11:24.587 [JavaFX Application Thread] DEBUG GameWorld            - Clearing game world
11:11:24.587 [JavaFX Application Thread] DEBUG PhysicsWorld         - Clearing physics world
11:11:24.589 [FXGL Background Thread 2 ] DEBUG FXGLApplication      - Initializing game
11:11:24.695 [FXGL Background Thread 2 ] WARN  TMXLevelLoader       - TiledMap generated from 1.9.2. Supported version: 1.4.2. Some features may not be parsed fully.
11:11:24.725 [FXGL Background Thread 2 ] DEBUG TMXLevelLoader       - Parsed TiledMap: file:/C:/java_new/bombermanGame/target/classes/assets/levels/map1.tmx
11:11:24.729 [FXGL Background Thread 2 ] DEBUG TMXLevelLoader       - Creating tile layer entities
11:11:24.734 [FXGL Background Thread 2 ] DEBUG TilesetLoader        - Loading view for layer Tile Layer 1
11:11:24.735 [FXGL Background Thread 2 ] DEBUG TilesetLoader        - Created buffer with size 1488.0x624.0
11:11:24.750 [FXGL Background Thread 2 ] DEBUG TMXLevelLoader       - Creating object layer entities
11:11:24.789 [FXGL Background Thread 2 ] DEBUG FXGLAssetLoaderServi - Loading from file system: file:/C:/java_new/bombermanGame/target/classes/assets/textures/player_down.png
11:11:24.793 [FXGL Background Thread 2 ] DEBUG FXGLAssetLoaderServi - Loading from file system: file:/C:/java_new/bombermanGame/target/classes/assets/textures/player_right.png
11:11:24.795 [FXGL Background Thread 2 ] DEBUG FXGLAssetLoaderServi - Loading from file system: file:/C:/java_new/bombermanGame/target/classes/assets/textures/player_up.png
11:11:24.797 [FXGL Background Thread 2 ] DEBUG FXGLAssetLoaderServi - Loading from file system: file:/C:/java_new/bombermanGame/target/classes/assets/textures/player_left.png
11:11:24.861 [FXGL Background Thread 2 ] DEBUG FXGLAssetLoaderServi - Loading from file system: file:/C:/java_new/bombermanGame/target/classes/assets/textures/brick.png
11:11:24.924 [FXGL Background Thread 2 ] DEBUG FXGLAssetLoaderServi - Loading from file system: file:/C:/java_new/bombermanGame/target/classes/assets/textures/enemy1.png
11:11:24.949 [FXGL Background Thread 2 ] DEBUG GameWorld            - Clearing removable entities
11:11:24.952 [FXGL Background Thread 2 ] DEBUG GameWorld            - Setting level: com.almasb.fxgl.entity.level.Level@7c9fd19
11:11:24.979 [FXGL Background Thread 2 ] INFO  FXGLApplication      - Game initialization took: 0.390 sec
11:11:24.980 [JavaFX Application Thread] DEBUG Input                - Clearing active input actions
11:11:24.989 [JavaFX Application Thread] DEBUG GameApplicationServi - Removing overlay from FXGLLoadingScene and adding to GameScene
11:11:24.990 [JavaFX Application Thread] DEBUG PrimaryStageWindow   - FXGLLoadingScene -> GameScene
11:11:25.606 [FXGL Background Thread 3 ] DEBUG Engine               - Logging environment variables
11:11:25.606 [FXGL Background Thread 3 ] DEBUG Engine               - achievements: []
11:11:25.606 [FXGL Background Thread 3 ] DEBUG Engine               - actualHeight: 624.0
11:11:25.606 [FXGL Background Thread 3 ] DEBUG Engine               - actualHeightProperty: ReadOnlyDoubleProperty [value: 624.0]
11:11:25.606 [FXGL Background Thread 3 ] DEBUG Engine               - actualWidth: 1488.0
11:11:25.606 [FXGL Background Thread 3 ] DEBUG Engine               - actualWidthProperty: ReadOnlyDoubleProperty [value: 1488.0]
11:11:25.606 [FXGL Background Thread 3 ] DEBUG Engine               - appIcon: fxgl_icon.png
11:11:25.606 [FXGL Background Thread 3 ] DEBUG Engine               - applicationMode: DEVELOPER
11:11:25.606 [FXGL Background Thread 3 ] DEBUG Engine               - cSSList: [fxgl_dark.css]
11:11:25.606 [FXGL Background Thread 3 ] DEBUG Engine               - collisionDetectionStrategy: BRUTE_FORCE
11:11:25.606 [FXGL Background Thread 3 ] DEBUG Engine               - configClass: Optional.empty
11:11:25.606 [FXGL Background Thread 3 ] DEBUG Engine               - credits: []
11:11:25.607 [FXGL Background Thread 3 ] DEBUG Engine               - defaultCursor: CursorInfo(imageName=fxgl_default_cursor.png, hotspotX=7.0, hotspotY=6.0)
11:11:25.607 [FXGL Background Thread 3 ] DEBUG Engine               - devBBoxColorProperty: ObjectProperty [value: 0xff0000ff]
11:11:25.607 [FXGL Background Thread 3 ] DEBUG Engine               - devEnableDebugCameraProperty: BooleanProperty [value: false]
11:11:25.607 [FXGL Background Thread 3 ] DEBUG Engine               - devSensorColorProperty: ObjectProperty [value: 0xffff00ff]
11:11:25.607 [FXGL Background Thread 3 ] DEBUG Engine               - devShowBBoxProperty: BooleanProperty [value: false]
11:11:25.607 [FXGL Background Thread 3 ] DEBUG Engine               - devShowPositionProperty: BooleanProperty [value: false]
11:11:25.607 [FXGL Background Thread 3 ] DEBUG Engine               - enabledMenuItems: []
11:11:25.607 [FXGL Background Thread 3 ] DEBUG Engine               - engineServices: [class com.almasb.fxgl.app.services.FXGLAssetLoaderService, class com.almasb.fxgl.app.FXGLApplication$GameApplicationService, class com.almasb.fxgl.app.services.FXGLDialogService, class com.almasb.fxgl.app.services.IOTaskExecutorService, class com.almasb.fxgl.io.FileSystemService, class com.almasb.fxgl.localization.LocalizationService, class com.almasb.fxgl.app.services.SystemBundleService, class com.almasb.fxgl.profile.SaveLoadService, class com.almasb.fxgl.ui.FXGLUIFactoryServiceProvider, class com.almasb.fxgl.ui.FXGLDialogFactoryServiceProvider, class com.almasb.fxgl.audio.AudioPlayer, class com.almasb.fxgl.notification.impl.NotificationServiceProvider, class com.almasb.fxgl.achievement.AchievementService, class com.almasb.fxgl.cutscene.CutsceneService, class com.almasb.fxgl.minigames.MiniGameService, class com.almasb.fxgl.net.NetService, class com.almasb.fxgl.app.services.UpdaterService, class com.almasb.fxgl.dev.DevService]
11:11:25.607 [FXGL Background Thread 3 ] DEBUG Engine               - fontGame: Abel-Regular.ttf
11:11:25.607 [FXGL Background Thread 3 ] DEBUG Engine               - fontMono: TerminalLandMono-Regular.otf
11:11:25.607 [FXGL Background Thread 3 ] DEBUG Engine               - fontText: Courier-Prime.ttf
11:11:25.607 [FXGL Background Thread 3 ] DEBUG Engine               - fontUI: game_font.ttf
11:11:25.607 [FXGL Background Thread 3 ] DEBUG Engine               - fullScreen: BooleanProperty [value: false]
11:11:25.608 [FXGL Background Thread 3 ] DEBUG Engine               - gameDifficulty: MEDIUM
11:11:25.608 [FXGL Background Thread 3 ] DEBUG Engine               - gameDifficultyProperty: ObjectProperty [value: MEDIUM]
11:11:25.608 [FXGL Background Thread 3 ] DEBUG Engine               - globalMusicVolume: 0.5
11:11:25.608 [FXGL Background Thread 3 ] DEBUG Engine               - globalMusicVolumeProperty: DoubleProperty [value: 0.5]
11:11:25.608 [FXGL Background Thread 3 ] DEBUG Engine               - globalSoundVolume: 0.5
11:11:25.608 [FXGL Background Thread 3 ] DEBUG Engine               - globalSoundVolumeProperty: DoubleProperty [value: 0.5]
11:11:25.608 [FXGL Background Thread 3 ] DEBUG Engine               - height: 624
11:11:25.608 [FXGL Background Thread 3 ] DEBUG Engine               - is3D: false
11:11:25.608 [FXGL Background Thread 3 ] DEBUG Engine               - isAndroid: false
11:11:25.608 [FXGL Background Thread 3 ] DEBUG Engine               - isBrowser: false
11:11:25.608 [FXGL Background Thread 3 ] DEBUG Engine               - isClickFeedbackEnabled: false
11:11:25.608 [FXGL Background Thread 3 ] DEBUG Engine               - isCloseConfirmation: false
11:11:25.609 [FXGL Background Thread 3 ] DEBUG Engine               - isDesktop: true
11:11:25.609 [FXGL Background Thread 3 ] DEBUG Engine               - isDeveloperMenuEnabled: false
11:11:25.609 [FXGL Background Thread 3 ] DEBUG Engine               - isEmbedded: false
11:11:25.609 [FXGL Background Thread 3 ] DEBUG Engine               - isEntityPreloadEnabled: true
11:11:25.609 [FXGL Background Thread 3 ] DEBUG Engine               - isExperimentalTiledLargeMap: false
11:11:25.609 [FXGL Background Thread 3 ] DEBUG Engine               - isFileSystemWriteAllowed: true
11:11:25.609 [FXGL Background Thread 3 ] DEBUG Engine               - isFullScreenAllowed: false
11:11:25.609 [FXGL Background Thread 3 ] DEBUG Engine               - isFullScreenFromStart: false
11:11:25.609 [FXGL Background Thread 3 ] DEBUG Engine               - isGameMenuEnabled: true
11:11:25.609 [FXGL Background Thread 3 ] DEBUG Engine               - isIOS: false
11:11:25.609 [FXGL Background Thread 3 ] DEBUG Engine               - isIntroEnabled: false
11:11:25.609 [FXGL Background Thread 3 ] DEBUG Engine               - isLinux: false
11:11:25.609 [FXGL Background Thread 3 ] DEBUG Engine               - isMac: false
11:11:25.609 [FXGL Background Thread 3 ] DEBUG Engine               - isMainMenuEnabled: true
11:11:25.609 [FXGL Background Thread 3 ] DEBUG Engine               - isManualResizeEnabled: false
11:11:25.609 [FXGL Background Thread 3 ] DEBUG Engine               - isMobile: false
11:11:25.609 [FXGL Background Thread 3 ] DEBUG Engine               - isNative: false
11:11:25.609 [FXGL Background Thread 3 ] DEBUG Engine               - isPauseMusicWhenMinimized: true
11:11:25.609 [FXGL Background Thread 3 ] DEBUG Engine               - isPreserveResizeRatio: false
11:11:25.609 [FXGL Background Thread 3 ] DEBUG Engine               - isProfilingEnabled: false
11:11:25.609 [FXGL Background Thread 3 ] DEBUG Engine               - isScaleAffectedOnResize: true
11:11:25.609 [FXGL Background Thread 3 ] DEBUG Engine               - isSingleStep: false
11:11:25.609 [FXGL Background Thread 3 ] DEBUG Engine               - isUserProfileEnabled: false
11:11:25.609 [FXGL Background Thread 3 ] DEBUG Engine               - isWindows: true
11:11:25.609 [FXGL Background Thread 3 ] DEBUG Engine               - language: ObjectProperty [value: ENGLISH]
11:11:25.609 [FXGL Background Thread 3 ] DEBUG Engine               - menuKey: ESCAPE
11:11:25.609 [FXGL Background Thread 3 ] DEBUG Engine               - mouseSensitivity: 0.2
11:11:25.609 [FXGL Background Thread 3 ] DEBUG Engine               - notificationViewClass: class com.almasb.fxgl.notification.view.XboxNotificationView
11:11:25.609 [FXGL Background Thread 3 ] DEBUG Engine               - pixelsPerMeter: 50.0
11:11:25.609 [FXGL Background Thread 3 ] DEBUG Engine               - platform: WINDOWS
11:11:25.609 [FXGL Background Thread 3 ] DEBUG Engine               - prefHeightProperty: ReadOnlyDoubleProperty [value: 624.0]
11:11:25.609 [FXGL Background Thread 3 ] DEBUG Engine               - prefWidthProperty: ReadOnlyDoubleProperty [value: 1488.0]
11:11:25.609 [FXGL Background Thread 3 ] DEBUG Engine               - profileDir: profiles/
11:11:25.610 [FXGL Background Thread 3 ] DEBUG Engine               - profileName: StringProperty [value: DEFAULT]
11:11:25.610 [FXGL Background Thread 3 ] DEBUG Engine               - randomSeed: -1
11:11:25.610 [FXGL Background Thread 3 ] DEBUG Engine               - runtimeInfo: RuntimeInfo(platform=WINDOWS, version=17.1, build=24.03.2022 17.34)
11:11:25.610 [FXGL Background Thread 3 ] DEBUG Engine               - saveFileExt: sav
11:11:25.610 [FXGL Background Thread 3 ] DEBUG Engine               - scaledHeightProp$fxgl: DoubleProperty [bound, value: 624.0]
11:11:25.610 [FXGL Background Thread 3 ] DEBUG Engine               - scaledWidthProp$fxgl: DoubleProperty [bound, value: 1488.0]
11:11:25.610 [FXGL Background Thread 3 ] DEBUG Engine               - sceneFactory: com.example.demo.BombermanApp$1@507f0235
11:11:25.610 [FXGL Background Thread 3 ] DEBUG Engine               - secondsIn24h: 60
11:11:25.610 [FXGL Background Thread 3 ] DEBUG Engine               - soundMenuBack: menu/back.wav
11:11:25.610 [FXGL Background Thread 3 ] DEBUG Engine               - soundMenuPress: menu/press.wav
11:11:25.610 [FXGL Background Thread 3 ] DEBUG Engine               - soundMenuSelect: menu/select.wav
11:11:25.610 [FXGL Background Thread 3 ] DEBUG Engine               - soundNotification: core/notification.wav
11:11:25.610 [FXGL Background Thread 3 ] DEBUG Engine               - stageStyle: DECORATED
11:11:25.610 [FXGL Background Thread 3 ] DEBUG Engine               - supportedLanguages: [ENGLISH, FRENCH, GERMAN, HUNGARIAN, RUSSIAN]
11:11:25.610 [FXGL Background Thread 3 ] DEBUG Engine               - ticksPerSecond: -1
11:11:25.610 [FXGL Background Thread 3 ] DEBUG Engine               - title: BOMBERMAN
11:11:25.610 [FXGL Background Thread 3 ] DEBUG Engine               - urlGithub: https://github.com/AlmasB/FXGL
11:11:25.610 [FXGL Background Thread 3 ] DEBUG Engine               - urlLeaderboard: http://fxgl-top.herokuapp.com/
11:11:25.610 [FXGL Background Thread 3 ] DEBUG Engine               - urlPOM: https://raw.githubusercontent.com/AlmasB/FXGL/release/README.md
11:11:25.610 [FXGL Background Thread 3 ] DEBUG Engine               - userAppClass: class com.example.demo.BombermanApp
11:11:25.610 [FXGL Background Thread 3 ] DEBUG Engine               - version: 1.0
11:11:25.610 [FXGL Background Thread 3 ] DEBUG Engine               - versionCheckDays: 7
11:11:25.610 [FXGL Background Thread 3 ] DEBUG Engine               - width: 1488
11:11:25.610 [FXGL Background Thread 3 ] DEBUG Engine               - Logging services
11:11:25.611 [FXGL Background Thread 3 ] DEBUG Engine               - class com.almasb.fxgl.app.services.FXGLAssetLoaderService
11:11:25.611 [FXGL Background Thread 3 ] DEBUG Engine               - class com.almasb.fxgl.app.FXGLApplication$GameApplicationService
11:11:25.611 [FXGL Background Thread 3 ] DEBUG Engine               - class com.almasb.fxgl.app.services.FXGLDialogService
11:11:25.611 [FXGL Background Thread 3 ] DEBUG Engine               - class com.almasb.fxgl.app.services.IOTaskExecutorService
11:11:25.611 [FXGL Background Thread 3 ] DEBUG Engine               - class com.almasb.fxgl.io.FileSystemService
11:11:25.611 [FXGL Background Thread 3 ] DEBUG Engine               - class com.almasb.fxgl.localization.LocalizationService
11:11:25.611 [FXGL Background Thread 3 ] DEBUG Engine               - class com.almasb.fxgl.app.services.SystemBundleService
11:11:25.611 [FXGL Background Thread 3 ] DEBUG Engine               - class com.almasb.fxgl.profile.SaveLoadService
11:11:25.611 [FXGL Background Thread 3 ] DEBUG Engine               - class com.almasb.fxgl.ui.FXGLUIFactoryServiceProvider
11:11:25.611 [FXGL Background Thread 3 ] DEBUG Engine               - class com.almasb.fxgl.ui.FXGLDialogFactoryServiceProvider
11:11:25.611 [FXGL Background Thread 3 ] DEBUG Engine               - class com.almasb.fxgl.audio.AudioPlayer
11:11:25.611 [FXGL Background Thread 3 ] DEBUG Engine               - class com.almasb.fxgl.notification.impl.NotificationServiceProvider
11:11:25.611 [FXGL Background Thread 3 ] DEBUG Engine               - class com.almasb.fxgl.achievement.AchievementService
11:11:25.611 [FXGL Background Thread 3 ] DEBUG Engine               - class com.almasb.fxgl.cutscene.CutsceneService
11:11:25.611 [FXGL Background Thread 3 ] DEBUG Engine               - class com.almasb.fxgl.minigames.MiniGameService
11:11:25.611 [FXGL Background Thread 3 ] DEBUG Engine               - class com.almasb.fxgl.net.NetService
11:11:25.611 [FXGL Background Thread 3 ] DEBUG Engine               - class com.almasb.fxgl.app.services.UpdaterService
11:11:25.611 [FXGL Background Thread 3 ] DEBUG Engine               - class com.almasb.fxgl.dev.DevService
11:11:28.368 [JavaFX Application Thread] DEBUG FXGLAssetLoaderServi - Loading from file system: file:/C:/java_new/bombermanGame/target/classes/assets/textures/bomb.png
11:11:30.441 [JavaFX Application Thread] DEBUG FXGLAssetLoaderServi - Loading from file system: file:/C:/java_new/bombermanGame/target/classes/assets/textures/top_right_flame.png
11:11:30.443 [JavaFX Application Thread] DEBUG FXGLAssetLoaderServi - Loading from file system: file:/C:/java_new/bombermanGame/target/classes/assets/textures/top_left_flame.png
11:11:30.445 [JavaFX Application Thread] DEBUG FXGLAssetLoaderServi - Loading from file system: file:/C:/java_new/bombermanGame/target/classes/assets/textures/top_down_flame.png
11:11:30.447 [JavaFX Application Thread] DEBUG FXGLAssetLoaderServi - Loading from file system: file:/C:/java_new/bombermanGame/target/classes/assets/textures/top_up_flame.png
11:11:30.449 [JavaFX Application Thread] DEBUG FXGLAssetLoaderServi - Loading from file system: file:/C:/java_new/bombermanGame/target/classes/assets/textures/central_flame.png
11:11:30.454 [JavaFX Application Thread] DEBUG FXGLAssetLoaderServi - Loading from file system: file:/C:/java_new/bombermanGame/target/classes/assets/textures/brick_break.png
11:12:26.613 [JavaFX Application Thread] DEBUG FXGLApplication      - Exiting FXGL
11:12:26.613 [JavaFX Application Thread] DEBUG LoopRunner           - Stopping loop
11:12:26.613 [JavaFX Application Thread] DEBUG SystemBundleService  - Saving FXGL system data
11:12:26.615 [JavaFX Application Thread] DEBUG FileSystemAccess     - Writing to: C:\java_new\bombermanGame\system\fxgl.bundle
11:12:26.624 [JavaFX Application Thread] DEBUG Async                - Shutting down background threads
11:12:26.624 [JavaFX Application Thread] DEBUG PrimaryStageWindow   - Closing main window
11:12:26.642 [JavaFX Application Thread] DEBUG Logger               - Closing Logger
